
创建文件成功

---------------------少女祈禱中。。。--------------------
新温度循环
调节热浴温度为1.8K
开始检查温度稳定性
稳定检测中(1/3)，变动=1.5178766690935187e-05，绝对误差=2.2439541994204994e-06
，热浴温度表
[1.7994798553963123, 1.79950305047444, 1.7995262462647172, 1.799549442767173, 1.799572639981842, 1.799549442767173, 1.799572639981842, 1.799572639981842, 1.799572639981842, 1.799549442767173, 1.799549442767173, 1.7995262462647172, 1.799549442767173, 1.799549442767173, 1.799549442767173, 1.79950305047444, 1.7995262462647172, 1.79950305047444, 1.799549442767173, 1.7995262462647172, 1.7995262462647172, 1.7995262462647172, 1.7994798553963123, 1.79950305047444, 1.799549442767173, 1.7995958379087609, 1.7995958379087609, 1.799572639981842, 1.799572639981842, 1.799572639981842, 1.799549442767173, 1.7995262462647172, 1.79950305047444, 1.7995262462647172, 1.799549442767173, 1.799549442767173, 1.799572639981842, 1.799549442767173, 1.7995958379087609, 1.799572639981842, 1.799572639981842, 1.799572639981842, 1.799549442767173, 1.799572639981842, 1.7995958379087609, 1.799549442767173, 1.79950305047444, 1.79950305047444, 1.799572639981842, 1.799572639981842, 1.7995958379087609, 1.7995958379087609, 1.7995958379087609, 1.799572639981842, 1.799572639981842, 1.799572639981842, 1.799549442767173, 1.79950305047444, 1.799572639981842, 1.799572639981842, 1.79950305047444, 1.7995262462647172, 1.799549442767173, 1.799572639981842]
输出功率表
[10.1, 10.1, 10.1, 10.1, 10.1, 10.1, 10.1, 10.1, 10.1, 10.2, 10.1, 10.2, 10.2, 10.1, 10.2, 10.2, 10.1, 10.1, 10.1, 10.2, 10.1, 10.1, 10.2, 10.1, 10.1, 10.1, 10.2, 10.2, 10.1, 10.1, 10.2, 10.2, 10.2, 10.1, 10.2, 10.1, 10.1, 10.1, 10.1, 10.1, 10.1, 10.1, 10.1, 10.1, 10.1, 10.1, 10.1, 10.1, 10.1, 10.1, 10.1, 10.1, 10.2, 10.2, 10.1, 10.1, 10.2, 10.1, 10.1, 10.2, 10.2, 10.2, 10.2, 10.1]
稳定检测中(2/3)，变动=1.3047090194951468e-05，绝对误差=4.9454597413122315e-06
，热浴温度表
[1.7995958379087609, 1.799572639981842, 1.7995958379087609, 1.799549442767173, 1.799572639981842, 1.7995262462647172, 1.7995262462647172, 1.799549442767173, 1.799549442767173, 1.799572639981842, 1.7995958379087609, 1.799572639981842, 1.7995958379087609, 1.7995262462647172, 1.7995958379087609, 1.799549442767173, 1.7995262462647172, 1.79950305047444, 1.79950305047444, 1.799549442767173, 1.799549442767173, 1.7995262462647172, 1.7995262462647172, 1.7995262462647172, 1.799572639981842, 1.7995958379087609, 1.799549442767173, 1.799572639981842, 1.79950305047444, 1.7995262462647172, 1.799572639981842, 1.799572639981842, 1.799549442767173, 1.7996190365479585, 1.799572639981842, 1.799549442767173, 1.799549442767173, 1.799549442767173, 1.7995262462647172, 1.799572639981842, 1.799572639981842, 1.799572639981842, 1.799572639981842, 1.799549442767173, 1.7995262462647172, 1.799549442767173, 1.799549442767173, 1.799549442767173, 1.7995262462647172, 1.7995262462647172, 1.799572639981842, 1.7995958379087609, 1.799549442767173, 1.799572639981842, 1.799572639981842, 1.799549442767173, 1.799549442767173, 1.799572639981842, 1.79950305047444, 1.799572639981842, 1.7995262462647172, 1.799572639981842, 1.799572639981842, 1.799549442767173]
输出功率表
[10.1, 10.2, 10.1, 10.1, 10.2, 10.2, 10.2, 10.2, 10.1, 10.1, 10.2, 10.1, 10.2, 10.1, 10.1, 10.1, 10.2, 10.1, 10.1, 10.1, 10.2, 10.1, 10.1, 10.1, 10.1, 10.2, 10.0, 10.1, 10.1, 10.1, 10.1, 10.1, 10.1, 10.1, 10.2, 10.1, 10.1, 10.1, 10.1, 10.2, 10.1, 10.1, 10.1, 10.1, 10.1, 10.1, 10.1, 10.1, 10.1, 10.1, 10.1, 10.1, 10.1, 10.1, 10.1, 10.1, 10.1, 10.1, 10.1, 10.1, 10.2, 10.1, 10.1, 10.1]
稳定检测中(3/3)，变动=1.3027270619802596e-05，绝对误差=1.1429073041485475e-05
，热浴温度表
[1.799572639981842, 1.799572639981842, 1.7996190365479585, 1.7996190365479585, 1.799572639981842, 1.7995958379087609, 1.799572639981842, 1.799572639981842, 1.799572639981842, 1.799572639981842, 1.7995262462647172, 1.799549442767173, 1.799549442767173, 1.799572639981842, 1.799572639981842, 1.799572639981842, 1.799572639981842, 1.7996190365479585, 1.7996190365479585, 1.799572639981842, 1.799549442767173, 1.799549442767173, 1.7995958379087609, 1.7995262462647172, 1.799572639981842, 1.799549442767173, 1.799549442767173, 1.799572639981842, 1.799572639981842, 1.7995262462647172, 1.799572639981842, 1.799549442767173, 1.79950305047444, 1.7995262462647172, 1.799572639981842, 1.7996422358994701, 1.7995958379087609, 1.799572639981842, 1.799549442767173, 1.7995958379087609, 1.7995958379087609, 1.7995958379087609, 1.799572639981842, 1.799549442767173, 1.799549442767173, 1.799572639981842, 1.799549442767173, 1.799549442767173, 1.799572639981842, 1.799549442767173, 1.799572639981842, 1.799572639981842, 1.7995262462647172, 1.799549442767173, 1.799549442767173, 1.799572639981842, 1.799549442767173, 1.799549442767173, 1.799572639981842, 1.7995958379087609, 1.799549442767173, 1.799549442767173, 1.799572639981842, 1.7996190365479585]
输出功率表
[10.1, 10.1, 10.1, 10.1, 10.1, 10.2, 10.1, 10.1, 10.1, 10.1, 10.1, 10.1, 10.1, 10.1, 10.1, 10.1, 10.1, 10.1, 10.1, 10.1, 10.1, 10.1, 10.1, 10.1, 10.1, 10.1, 10.1, 10.1, 10.1, 10.1, 10.1, 10.1, 10.1, 10.0, 10.1, 10.1, 10.1, 10.1, 10.1, 10.1, 10.1, 10.1, 10.1, 10.0, 10.1, 10.1, 10.1, 10.1, 10.1, 10.1, 10.1, 10.1, 10.1, 10.1, 10.0, 10.1, 10.1, 10.1, 10.0, 10.1, 10.0, 10.1, 10.1, 10.1]
温度1.8K下的第1次测量开始
新设定点数=200个，设定电流=2.000000e-06A
开始取REL
REL=0.007526545097688242K，开始升温。。。
设定电流=2e-06,期望温差=1,设定温度=1.8,晶中温度=1.8441357519556532,温度差=0.00011895028398711815
单次测量结束，时间=187s	设定温度=1.8	温度差=0.00011895028398711815K	相对热导0.0008089412209425297V/W	时间常数=2s	时间偏离=1s
结束小循环
等待30秒降温缓和
温度1.8K下的第2次测量开始
新设定点数=200个，设定电流=3.890035e-05A
开始取REL
