
创建文件成功

---------------------少女祈禱中。。。--------------------
新温度循环
调节热浴温度为0.7K
开始检查温度稳定性
稳定检测中(1/3)，拟合系数表[ 3.61218452e-06 -3.40598677e-03  2.42894194e+01]，热浴温度表
[0.8096900777621371, 0.8095675067487174, 0.8094539524455766, 0.8093494038687349, 0.809241909095101, 0.809125503207302, 0.8089912491420302, 0.8088749479494473, 0.8087616755484784, 0.8086663240016014, 0.8085620706399055, 0.808442971751041, 0.8083239238288897, 0.8081751855491437, 0.8080413890908724, 0.8079195416917446, 0.8078036876234589, 0.8076760070542489, 0.8075602544763534, 0.8073970956127616, 0.8072903526137453, 0.8071984679109286, 0.8071184640769173, 0.8070355214936763, 0.8069585255760661, 0.8068726707179931, 0.8067838833042911, 0.8066803339036589, 0.8065738662788383, 0.8064851744832479, 0.8063728722702687, 0.8062547085630086, 0.8061100266735349, 0.8060008271422692, 0.8059152684130849, 0.8058090943475502, 0.8057235948454565, 0.8056410686570004, 0.805567405351862, 0.805461364635702, 0.8053759724991074, 0.8052758911433927, 0.8051993827742602, 0.8050846599024779, 0.804984683923337, 0.8048700501110012, 0.8047231532219253, 0.804599820173742, 0.804494149951687, 0.8043797194949354, 0.8042712010959105, 0.8041656565638912, 0.8040308528275966, 0.8039459017034892, 0.8038463371415221, 0.8037585158985621, 0.8036619448272936, 0.8035800322566521, 0.8034776757632572, 0.8033461303952253, 0.8032380179005083, 0.8031182671090105, 0.8030160820055924, 0.802899345448048]
输出功率表
[0.0, 0.0, 0.0, 0.0, 0.0, 0.0, 0.0, 0.0, 0.0, 0.0, 0.0, 0.0, 0.0, 0.0, 0.0, 0.0, 0.0, 0.0, 0.0, 0.0, 0.0, 0.0, 0.0, 0.0, 0.0, 0.0, 0.0, 0.0, 0.0, 0.0, 0.0, 0.0, 0.0, 0.0, 0.0, 0.0, 0.0, 0.0, 0.0, 0.0, 0.0, 0.0, 0.0, 0.0, 0.0, 0.0, 0.0, 0.0, 0.0, 0.0, 0.0, 0.0, 0.0, 0.0, 0.0, 0.0, 0.0, 0.0, 0.0, 0.0, 0.0, 0.0, 0.0, 0.0]
稳定检测中(2/3)，拟合系数表[ 9.92079561e-04 -9.14811013e-02  2.45241458e+01]，热浴温度表
[0.8027826583731407, 0.8026397840966129, 0.8025552607843653, 0.8024445453945759, 0.8023571699775642, 0.8022902009536118, 0.802199964156224, 0.8021330334086371, 0.8020195793748502, 0.8019410617021667, 0.8018480327640367, 0.801772469940076, 0.8016504508101572, 0.8015488095987243, 0.8014588159358933, 0.8013079250425517, 0.8012006108599945, 0.801099136058311, 0.7514156661120956, 0.7514084766681274, 0.7514228557641381, 0.7514180626396564, 0.7514228557641381, 0.7514156661120956, 0.7513988910664945, 0.7513869095845868, 0.7513749286805659, 0.7513533645094725, 0.7513054508310646, 0.7513054508310646, 0.7512982645764653, 0.7512862879475268, 0.7512910785297946, 0.7513006599715616, 0.7513078462954735, 0.7513126372936028, 0.7513126372936028, 0.7513078462954735, 0.7512958692044721, 0.7512743118961283, 0.7512455717288892, 0.7512240187860636, 0.7512096511967127, 0.7511928900597754, 0.7511928900597754, 0.7511976788405949, 0.751200073265638, 0.7512096511967127, 0.7512096511967127, 0.7512144403007952, 0.7512048621849947, 0.7511928900597754, 0.7511737358600213, 0.751140219565608, 0.7511306443124617, 0.7511210694285989, 0.7511162821251416, 0.7511114949139969, 0.7511210694285989, 0.7511186757653309, 0.7511234631149459, 0.7511330380911275, 0.7511378257176998, 0.7511282505568768]
输出功率表
[0.0, 0.0, 0.0, 0.0, 0.0, 0.0, 0.0, 0.0, 0.0, 0.0, 0.0, 0.0, 0.0, 0.0, 0.0, 0.0, 0.0, 0.0, 0.0, 0.0, 0.0, 0.0, 0.0, 0.0, 0.0, 0.0, 0.0, 0.0, 0.0, 0.0, 0.0, 0.0, 0.0, 0.0, 0.0, 0.0, 0.0, 0.0, 0.0, 0.0, 0.0, 0.0, 0.0, 0.0, 0.0, 0.0, 0.0, 0.0, 0.0, 0.0, 0.0, 0.0, 0.0, 0.0, 0.0, 0.0, 0.0, 0.0, 0.0, 0.0, 0.0, 0.0, 0.0, 0.0]
稳定检测中(3/3)，拟合系数表[ 1.17229485e-06 -1.97589930e-04  2.25345726e+01]，热浴温度表
[0.7511114949139969, 0.7510947404019143, 0.7510755937726116, 0.7510588416832872, 0.7510540555796891, 0.7510564486199532, 0.751073200547779, 0.7510851669026725, 0.7511067077951623, 0.7511186757653309, 0.7511258568243708, 0.7511210694285989, 0.7511186757653309, 0.7510899536061441, 0.7510827735855474, 0.7510755937726116, 0.7510899536061441, 0.7510923469924918, 0.7511067077951623, 0.7511210694285989, 0.7511330380911275, 0.7511450073306678, 0.751140219565608, 0.7511114949139969, 0.7511019207686349, 0.7510755937726116, 0.7510612347696916, 0.7510157700727011, 0.7510061996185805, 0.7509846674459605, 0.7509822750976403, 0.7509750981910375, 0.7509607450004084, 0.7509679214919635, 0.7509727059349544, 0.750958352882671, 0.750958352882671, 0.7509392167707724, 0.7509152987057182, 0.7508937744179951, 0.7508722519971197, 0.750855513626946, 0.7508483403853684, 0.7508483403853684, 0.7508626870759035, 0.7508698607322498, 0.750891382945712, 0.75090094897313, 0.7509105153693241, 0.750891382945712, 0.7508818172870492, 0.7508674694904239, 0.7508602959032084, 0.7508770345959939, 0.7508722519971197, 0.7508961659133256, 0.7509176904084907, 0.7509320411092064, 0.750958352882671, 0.7509750981910375, 0.7509846674459605, 0.7509727059349544, 0.750963137141203, 0.7509440006604173]
输出功率表
[0.0, 0.0, 0.0, 0.0, 0.0, 0.0, 0.0, 0.0, 0.0, 0.0, 0.0, 0.0, 0.0, 0.0, 0.0, 0.0, 0.0, 0.0, 0.0, 0.0, 0.0, 0.0, 0.0, 0.0, 0.0, 0.0, 0.0, 0.0, 0.0, 0.0, 0.0, 0.0, 0.0, 0.0, 0.0, 0.0, 0.0, 0.0, 0.0, 0.0, 0.0, 0.0, 0.0, 0.0, 0.0, 0.0, 0.0, 0.0, 0.0, 0.0, 0.0, 0.0, 0.0, 0.0, 0.0, 0.0, 0.0, 0.0, 0.0, 0.0, 0.0, 0.0, 0.0, 0.0]
温度0.7K下的第1次测量开始,新设定点数=50个，设定电流=5.000000e-07A
开始取REL
REL=nanK，开始升温。。。
设定电流=5e-07,期望温差=1,设定温度=0.7,晶中温度=nan,温度差=nan
单次测量结束，时间=636s	
设定温度=0.7	温度差=nanK	相对热导nanV/W	时间常数=2s	时间偏离=1s
结束小循环
等待10秒降温缓和
温度0.7K下的第2次测量开始,新设定点数=50个，设定电流=nanA
开始取REL
REL=nanK，开始升温。。。
设定电流=nan,期望温差=1,设定温度=0.7,晶中温度=nan,温度差=nan
单次测量结束，时间=682s	
设定温度=0.7	温度差=nanK	相对热导nanV/W	时间常数=2s	时间偏离=1s
结束小循环
等待10秒降温缓和
温度0.7K下的第3次测量开始,新设定点数=50个，设定电流=nanA
开始取REL
REL=nanK，开始升温。。。
设定电流=nan,期望温差=1,设定温度=0.7,晶中温度=nan,温度差=nan
单次测量结束，时间=729s	
设定温度=0.7	温度差=nanK	相对热导nanV/W	时间常数=2s	时间偏离=1s
结束小循环
等待10秒降温缓和
[nan, nan, nan, nan, nan, nan, nan, nan, nan, nan, nan, nan, nan, nan, nan, nan, nan, nan, nan, nan, nan, nan, nan, nan, nan, nan, nan, nan, nan, nan, nan, nan, nan, nan, nan, nan, nan, nan, nan, nan, nan, nan, nan, nan, nan, nan, nan, nan, nan, nan, nan, nan, nan, nan, nan, nan, nan, nan, nan, nan, nan, nan, nan, nan, nan, nan, nan, nan, nan, nan, nan, nan, nan, nan, nan, nan, nan, nan, nan, nan, nan, nan, nan, nan, nan, nan, nan, nan, nan, nan, nan, nan, nan, nan, nan, nan, nan, nan, nan, nan, nan, nan, nan, nan, nan, nan, nan, nan, nan, nan, nan, nan, nan, nan, nan, nan, nan, nan, nan, nan, nan, nan, nan, nan, nan, nan, nan, nan, nan, nan, nan, nan, nan, nan, nan, nan, nan, nan, nan, nan, nan, nan, nan, nan, nan, nan, nan, nan, nan, nan, nan, nan, nan, nan, nan, nan, nan, nan, nan, nan, nan, nan, nan, nan, nan, nan, nan, nan, nan, nan, nan, nan, nan, nan, nan, nan, nan, nan, nan, nan, nan, nan, nan, nan, nan, nan, nan, nan, nan, nan, nan, nan, nan, nan, nan, nan, nan, nan, nan, nan, nan, nan, nan, nan, nan, nan, nan, nan, nan, nan, nan, nan, nan, nan, nan, nan, nan, nan, nan, nan, nan, nan, nan, nan, nan, nan, nan, nan, nan, nan, nan, nan, nan, nan, nan, nan, nan, nan, nan, nan, nan, nan, nan, nan, nan, nan, nan, nan, nan, nan, nan, nan, nan, nan, nan, nan, nan, nan, nan, nan, nan, nan, nan, nan, nan, nan, nan, nan, nan, nan, nan, nan, nan, nan, nan, nan, nan, nan, nan, nan, nan, nan, nan, nan, nan, nan, nan, nan, nan, nan, nan, nan, nan, nan, nan, nan, nan, nan, nan, nan] [nan, nan, nan, nan, nan, nan, nan, nan, nan, nan, nan, nan, nan, nan, nan, nan, nan, nan, nan, nan, nan, nan, nan, nan, nan, nan, nan, nan, nan, nan, nan, nan, nan, nan, nan, nan, nan, nan, nan, nan, nan, nan, nan, nan, nan, nan, nan, nan, nan, nan, nan, nan, nan, nan, nan, nan, nan, nan, nan, nan, nan, nan, nan, nan, nan, nan, nan, nan, nan, nan, nan, nan, nan, nan, nan, nan, nan, nan, nan, nan, nan, nan, nan, nan, nan, nan, nan, nan, nan, nan, nan, nan, nan, nan, nan, nan, nan, nan, nan, nan, nan, nan, nan, nan, nan, nan, nan, nan, nan, nan, nan, nan, nan, nan, nan, nan, nan, nan, nan, nan, nan, nan, nan, nan, nan, nan, nan, nan, nan, nan, nan, nan, nan, nan, nan, nan, nan, nan, nan, nan, nan, nan, nan, nan, nan, nan, nan, nan, nan, nan, nan, nan, nan, nan, nan, nan, nan, nan, nan, nan, nan, nan, nan, nan, nan, nan, nan, nan, nan, nan, nan, nan, nan, nan, nan, nan, nan, nan, nan, nan, nan, nan, nan, nan, nan, nan, nan, nan, nan, nan, nan, nan, nan, nan, nan, nan, nan, nan, nan, nan, nan, nan, nan, nan, nan, nan, nan, nan, nan, nan, nan, nan, nan, nan, nan, nan, nan, nan, nan, nan, nan, nan, nan, nan, nan, nan, nan, nan, nan, nan, nan, nan, nan, nan, nan, nan, nan, nan, nan, nan, nan, nan, nan, nan, nan, nan, nan, nan, nan, nan, nan, nan, nan, nan, nan, nan, nan, nan, nan, nan, nan, nan, nan, nan, nan, nan, nan, nan, nan, nan, nan, nan, nan, nan, nan, nan, nan, nan, nan, nan, nan, nan, nan, nan, nan, nan, nan, nan, nan, nan, nan, nan, nan, nan, nan, nan, nan, nan, nan, nan]
---------------------少女祈禱中。。。--------------------
新温度循环
调节热浴温度为0.735K
开始检查温度稳定性
稳定检测中(1/3)，拟合系数表[-4.33056474e-07 -1.78649066e-04  2.24763145e+01]，热浴温度表
[0.749206360907319, 0.749206360907319, 0.7491897347277373, 0.7491636101326075, 0.7491493615167825, 0.7491446121606418, 0.7491446121606418, 0.7491612353062809, 0.7491731096660197, 0.7491778595695924, 0.7491826095644121, 0.7491778595695924, 0.7491897347277373, 0.7491422375167832, 0.7491137435693305, 0.7491279901325648, 0.7490994978270096, 0.7490852529055317, 0.7490900011214906, 0.7490923752636696, 0.7491018720603912, 0.7491161179395265, 0.7491137435693305, 0.7491184923325259, 0.7490947494286488, 0.7490496441925673, 0.7490448967517005, 0.7490259078999559, 0.7490092938512203, 0.748980815222685, 0.7489879345721996, 0.7489926809191383, 0.7489950541267884, 0.7489998006104478, 0.7490092938512203, 0.7489998006104478, 0.7490235343960518, 0.7489855614329097, 0.7489594584044942, 0.7489475943028859, 0.7489286129248778, 0.7489096330046511, 0.7489096330046511, 0.7489025159103664, 0.7489167503039127, 0.7489143778480497, 0.7489286129248778, 0.7489143778480497, 0.7489048882523535, 0.7488811658572873, 0.7488621895807875, 0.7488455865342146, 0.748824241399221, 0.748814755264424, 0.7488194982862967, 0.7488171267639788, 0.748824241399221, 0.7488313562393348, 0.7488313562393348, 0.7488360995798999, 0.7488266129898283, 0.7488171267639788, 0.7488052694938226, 0.7487934127926913]
输出功率表
[0.0, 0.0, 0.0, 0.0, 0.0, 0.0, 0.0, 0.0, 0.0, 0.0, 0.0, 0.0, 0.0, 0.0, 0.0, 0.0, 0.0, 0.0, 0.0, 0.0, 0.0, 0.0, 0.0, 0.0, 0.0, 0.0, 0.0, 0.0, 0.0, 0.0, 0.0, 0.0, 0.0, 0.0, 0.0, 0.0, 0.0, 0.0, 0.0, 0.0, 0.0, 0.0, 0.0, 0.0, 0.0, 0.0, 0.0, 0.0, 0.0, 0.0, 0.0, 0.0, 0.0, 0.0, 0.0, 0.0, 0.0, 0.0, 0.0, 0.0, 0.0, 0.0, 0.0, 0.0]
稳定检测中(2/3)，拟合系数表[ 2.16853729e-06 -2.57175579e-04  2.24661672e+01]，热浴温度表
[0.74877444325435, 0.74877444325435, 0.7487815566605426, 0.7487957840873969, 0.7488028981080755, 0.7488194982862967, 0.7488313562393348, 0.7488503301479693, 0.7488384712843298, 0.748814755264424, 0.7488076409023303, 0.7487910415207439, 0.7487839278414556, 0.7488005267450898, 0.7488028981080755, 0.7488194982862967, 0.7488218698313774, 0.7488289846031991, 0.7488289846031991, 0.748814755264424, 0.7488100123336002, 0.7487934127926913, 0.7487531042645992, 0.748741250066693, 0.7487246551452087, 0.7487128023123681, 0.748708061338473, 0.7487128023123681, 0.748710431814046, 0.7486962093018118, 0.7487009500482356, 0.7486914686463727, 0.7486748770687983, 0.7486440670955439, 0.748618000119744, 0.7485990440470766, 0.7485824586769694, 0.7485611362662725, 0.7485611362662725, 0.7485824586769694, 0.748591935894926, 0.748591935894926, 0.7486014134765919, 0.7486037829288401, 0.7485943052562439, 0.748591935894926, 0.7485777202043761, 0.7485800894293082, 0.7486085219015369, 0.7485943052562439, 0.7486132609651712, 0.7486369576474767, 0.7486582866056389, 0.7486630266242611, 0.7486630266242611, 0.748648806841283, 0.7486440670955439, 0.7486582866056389, 0.7486298484040509, 0.7486227393652584, 0.7486227393652584, 0.7486535466779803, 0.7486464369570437, 0.7486511767482621]
输出功率表
[0.0, 0.0, 0.0, 0.0, 0.0, 0.0, 0.0, 0.0, 0.0, 0.0, 0.0, 0.0, 0.0, 0.0, 0.0, 0.0, 0.0, 0.0, 0.0, 0.0, 0.0, 0.0, 0.0, 0.0, 0.0, 0.0, 0.0, 0.0, 0.0, 0.0, 0.0, 0.0, 0.0, 0.0, 0.0, 0.0, 0.0, 0.0, 0.0, 0.0, 0.0, 0.0, 0.0, 0.0, 0.0, 0.0, 0.0, 0.0, 0.0, 0.0, 0.0, 0.0, 0.0, 0.0, 0.0, 0.0, 0.0, 0.0, 0.0, 0.0, 0.0, 0.0, 0.0, 0.0]
稳定检测中(3/3)，拟合系数表[ 1.80791325e-06 -1.75984496e-04  2.24576708e+01]，热浴温度表
[0.7486511767482621, 0.7486511767482621, 0.7486464369570437, 0.7486298484040509, 0.7486156305310903, 0.7485895665563398, 0.7485658744206595, 0.7485398156965125, 0.7485327092489822, 0.7485184969674544, 0.748511391133439, 0.748511391133439, 0.748511391133439, 0.7485184969674544, 0.7485090225675428, 0.7484853381581534, 0.7484734968053767, 0.7484474478281893, 0.7484308726372325, 0.7484119309244367, 0.7484048281568163, 0.7484119309244367, 0.7484214015991656, 0.7484427119457882, 0.7484450798756334, 0.7484663922663015, 0.7484734968053767, 0.7484663922663015, 0.748449815803457, 0.7484332404535223, 0.7484285048436516, 0.7484450798756334, 0.748449815803457, 0.74847112860297, 0.748482969842165, 0.7485066540243667, 0.7485184969674544, 0.7485161283333949, 0.7485090225675428, 0.7484948116492837, 0.7484924432424237, 0.7484687604232783, 0.7484971800788621, 0.7485137597220562, 0.7485184969674544, 0.748482969842165, 0.7485066540243667, 0.7485042855039112, 0.7485090225675428, 0.7485042855039112, 0.7484900748582828, 0.7484853381581534, 0.7484569198655382, 0.7484308726372325, 0.7484214015991656, 0.7484190338964214, 0.7484166662163851, 0.7484119309244367, 0.7484214015991656, 0.7484308726372325, 0.7484356082925225, 0.7484190338964214, 0.7484048281568163, 0.748383521080062]
输出功率表
[0.0, 0.0, 0.0, 0.0, 0.0, 0.0, 0.0, 0.0, 0.0, 0.0, 0.0, 0.0, 0.0, 0.0, 0.0, 0.0, 0.0, 0.0, 0.0, 0.0, 0.0, 0.0, 0.0, 0.0, 0.0, 0.0, 0.0, 0.0, 0.0, 0.0, 0.0, 0.0, 0.0, 0.0, 0.0, 0.0, 0.0, 0.0, 0.0, 0.0, 0.0, 0.0, 0.0, 0.0, 0.0, 0.0, 0.0, 0.0, 0.0, 0.0, 0.0, 0.0, 0.0, 0.0, 0.0, 0.0, 0.0, 0.0, 0.0, 0.0, 0.0, 0.0, 0.0, 0.0]
温度0.735K下的第1次测量开始,新设定点数=50个，设定电流=nanA
开始取REL
REL=nanK，开始升温。。。
设定电流=nan,期望温差=1,设定温度=0.735,晶中温度=nan,温度差=nan
单次测量结束，时间=838s	
设定温度=0.735	温度差=nanK	相对热导nanV/W	时间常数=2s	时间偏离=1s
结束小循环
等待10秒降温缓和
温度0.735K下的第2次测量开始,新设定点数=50个，设定电流=nanA
开始取REL
REL=nanK，开始升温。。。
设定电流=nan,期望温差=1,设定温度=0.735,晶中温度=nan,温度差=nan
单次测量结束，时间=886s	
设定温度=0.735	温度差=nanK	相对热导nanV/W	时间常数=2s	时间偏离=1s
结束小循环
等待10秒降温缓和
温度0.735K下的第3次测量开始,新设定点数=50个，设定电流=nanA
开始取REL
REL=nanK，开始升温。。。
设定电流=nan,期望温差=1,设定温度=0.735,晶中温度=nan,温度差=nan
单次测量结束，时间=933s	
设定温度=0.735	温度差=nanK	相对热导nanV/W	时间常数=2s	时间偏离=1s
结束小循环
等待10秒降温缓和
[nan, nan, nan, nan, nan, nan, nan, nan, nan, nan, nan, nan, nan, nan, nan, nan, nan, nan, nan, nan, nan, nan, nan, nan, nan, nan, nan, nan, nan, nan, nan, nan, nan, nan, nan, nan, nan, nan, nan, nan, nan, nan, nan, nan, nan, nan, nan, nan, nan, nan, nan, nan, nan, nan, nan, nan, nan, nan, nan, nan, nan, nan, nan, nan, nan, nan, nan, nan, nan, nan, nan, nan, nan, nan, nan, nan, nan, nan, nan, nan, nan, nan, nan, nan, nan, nan, nan, nan, nan, nan, nan, nan, nan, nan, nan, nan, nan, nan, nan, nan, nan, nan, nan, nan, nan, nan, nan, nan, nan, nan, nan, nan, nan, nan, nan, nan, nan, nan, nan, nan, nan, nan, nan, nan, nan, nan, nan, nan, nan, nan, nan, nan, nan, nan, nan, nan, nan, nan, nan, nan, nan, nan, nan, nan, nan, nan, nan, nan, nan, nan, nan, nan, nan, nan, nan, nan, nan, nan, nan, nan, nan, nan, nan, nan, nan, nan, nan, nan, nan, nan, nan, nan, nan, nan, nan, nan, nan, nan, nan, nan, nan, nan, nan, nan, nan, nan, nan, nan, nan, nan, nan, nan, nan, nan, nan, nan, nan, nan, nan, nan, nan, nan, nan, nan, nan, nan, nan, nan, nan, nan, nan, nan, nan, nan, nan, nan, nan, nan, nan, nan, nan, nan, nan, nan, nan, nan, nan, nan, nan, nan, nan, nan, nan, nan, nan, nan, nan, nan, nan, nan, nan, nan, nan, nan, nan, nan, nan, nan, nan, nan, nan, nan, nan, nan, nan, nan, nan, nan, nan, nan, nan, nan, nan, nan, nan, nan, nan, nan, nan, nan, nan, nan, nan, nan, nan, nan, nan, nan, nan, nan, nan, nan, nan, nan, nan, nan, nan, nan, nan, nan, nan, nan, nan, nan, nan, nan, nan, nan, nan, nan] [nan, nan, nan, nan, nan, nan, nan, nan, nan, nan, nan, nan, nan, nan, nan, nan, nan, nan, nan, nan, nan, nan, nan, nan, nan, nan, nan, nan, nan, nan, nan, nan, nan, nan, nan, nan, nan, nan, nan, nan, nan, nan, nan, nan, nan, nan, nan, nan, nan, nan, nan, nan, nan, nan, nan, nan, nan, nan, nan, nan, nan, nan, nan, nan, nan, nan, nan, nan, nan, nan, nan, nan, nan, nan, nan, nan, nan, nan, nan, nan, nan, nan, nan, nan, nan, nan, nan, nan, nan, nan, nan, nan, nan, nan, nan, nan, nan, nan, nan, nan, nan, nan, nan, nan, nan, nan, nan, nan, nan, nan, nan, nan, nan, nan, nan, nan, nan, nan, nan, nan, nan, nan, nan, nan, nan, nan, nan, nan, nan, nan, nan, nan, nan, nan, nan, nan, nan, nan, nan, nan, nan, nan, nan, nan, nan, nan, nan, nan, nan, nan, nan, nan, nan, nan, nan, nan, nan, nan, nan, nan, nan, nan, nan, nan, nan, nan, nan, nan, nan, nan, nan, nan, nan, nan, nan, nan, nan, nan, nan, nan, nan, nan, nan, nan, nan, nan, nan, nan, nan, nan, nan, nan, nan, nan, nan, nan, nan, nan, nan, nan, nan, nan, nan, nan, nan, nan, nan, nan, nan, nan, nan, nan, nan, nan, nan, nan, nan, nan, nan, nan, nan, nan, nan, nan, nan, nan, nan, nan, nan, nan, nan, nan, nan, nan, nan, nan, nan, nan, nan, nan, nan, nan, nan, nan, nan, nan, nan, nan, nan, nan, nan, nan, nan, nan, nan, nan, nan, nan, nan, nan, nan, nan, nan, nan, nan, nan, nan, nan, nan, nan, nan, nan, nan, nan, nan, nan, nan, nan, nan, nan, nan, nan, nan, nan, nan, nan, nan, nan, nan, nan, nan, nan, nan, nan, nan, nan, nan, nan, nan, nan]
---------------------少女祈禱中。。。--------------------
新温度循环
调节热浴温度为0.7717499999999999K
开始检查温度稳定性
稳定检测中(1/3)，拟合系数表[-2.24427091e-04  2.21065783e-02  2.25642303e+01]，热浴温度表
[0.748352747437938, 0.7503276393036367, 0.7520996133892587, 0.7535118378047807, 0.7546988765632572, 0.7557037751343552, 0.7568865785621945, 0.7576962406919474, 0.7584173122706237, 0.7591132665740837, 0.7599549197297172, 0.7605532049011876, 0.7610956130388983, 0.761604241250752, 0.7620688809371672, 0.7626621561705257, 0.7630709944143218, 0.7634427793613104, 0.7638176254760508, 0.7642787625935812, 0.7646270575546263, 0.7649530679352686, 0.7652541755924707, 0.7655860577354853, 0.76586507042116, 0.7662104526158884, 0.7664494452108921, 0.7666632018413588, 0.7668771368745863, 0.7671193024627787, 0.7673029908772608, 0.767484256891059, 0.7676630952297226, 0.7678292709728147, 0.7680109089125662, 0.7682285317347075, 0.7683745702755591, 0.7685309490350283, 0.7686822910941056, 0.7688131839438886, 0.7689030508933947, 0.7689980872127224, 0.7690905886552999, 0.7692242605182316, 0.7693168432183431, 0.7694120323316211, 0.7694995344124167, 0.769628267917003, 0.769708114976863, 0.769769949037105, 0.7698189115159001, 0.7698395300769701, 0.7698730387536763, 0.7699349123618899, 0.7699684334289415, 0.7700122752417131, 0.7700509653802291, 0.770107721410055, 0.770138684505335, 0.770172232050136, 0.7701825552487468, 0.7701851361129, 0.7702032028844267, 0.7702161084953357]
输出功率表
[4.1, 3.6, 3.2, 2.9, 2.7, 2.5, 2.4, 2.2, 2.1, 2.0, 1.9, 1.8, 1.8, 1.7, 1.6, 1.6, 1.5, 1.5, 1.4, 1.4, 1.3, 1.3, 1.3, 1.2, 1.2, 1.2, 1.1, 1.1, 1.1, 1.0, 1.0, 1.0, 1.0, 1.0, 0.9, 0.9, 0.9, 0.9, 0.8, 0.8, 0.8, 0.8, 0.8, 0.8, 0.8, 0.7, 0.7, 0.7, 0.7, 0.7, 0.7, 0.7, 0.7, 0.7, 0.7, 0.6, 0.6, 0.6, 0.6, 0.6, 0.6, 0.6, 0.6, 0.6]
稳定检测中(2/3)，拟合系数表[-4.35264149e-06  5.55739119e-05  2.31071390e+01]，热浴温度表
[0.7701928788601682, 0.7701954598275287, 0.7701980408206907, 0.7701928788601682, 0.7701980408206907, 0.7702109461735575, 0.770262574036725, 0.770270319106658, 0.7702677373908672, 0.7702729008482627, 0.7702883918399985, 0.770270319106658, 0.7702522476381882, 0.7702445031103021, 0.770236758814705, 0.7702419216526272, 0.7702393402207617, 0.770236758814705, 0.770262574036725, 0.7702599923983732, 0.7702729008482627, 0.7702780644089143, 0.7702522476381882, 0.7702290147513865, 0.7702109461735575, 0.7701877170028549, 0.770174812811089, 0.7701799744103935, 0.770172232050136, 0.7701851361129, 0.7701567480261875, 0.7701593286323513, 0.7701644899220709, 0.7701490063624773, 0.7701309433833187, 0.7701025612552481, 0.7700767620284851, 0.7700638633820669, 0.7700380680229226, 0.7700690227632825, 0.7700561245036177, 0.7700587041039856, 0.7700741822476326, 0.7700664430597829, 0.7700225920448689, 0.7700354886288011, 0.7700096961053642, 0.7699787484795285, 0.7699632760582638, 0.7699297556611338, 0.7699168643600965, 0.7699013956489753, 0.7698962396180123, 0.7699013956489753, 0.7699065517829754, 0.7699039737030949, 0.7699168643600965, 0.7699091298886145, 0.7698859278651842, 0.7698756165244661, 0.7698446849747305, 0.7698369526667154, 0.7698189115159001, 0.7698240660016782]
输出功率表
[0.6, 0.6, 0.6, 0.6, 0.6, 0.6, 0.6, 0.6, 0.6, 0.6, 0.6, 0.6, 0.6, 0.6, 0.6, 0.6, 0.6, 0.6, 0.5, 0.5, 0.5, 0.5, 0.5, 0.5, 0.5, 0.5, 0.5, 0.5, 0.5, 0.5, 0.5, 0.5, 0.5, 0.5, 0.5, 0.5, 0.5, 0.5, 0.5, 0.5, 0.5, 0.5, 0.5, 0.5, 0.5, 0.5, 0.5, 0.5, 0.5, 0.5, 0.5, 0.5, 0.5, 0.5, 0.5, 0.5, 0.5, 0.5, 0.5, 0.5, 0.5, 0.5, 0.5, 0.5]
稳定检测中(3/3)，拟合系数表[ 4.27804106e-07 -9.85122071e-05  2.30945817e+01]，热浴温度表
[0.7698163343116317, 0.7698189115159001, 0.7698292205904473, 0.7698266432831886, 0.7698343752822103, 0.7698189115159001, 0.769808602853305, 0.7697802561550968, 0.7697802561550968, 0.7697570657187567, 0.7697467595273622, 0.7697493360366057, 0.7697493360366057, 0.7697673723219571, 0.769769949037105, 0.7697751025446198, 0.7697905636849496, 0.7697931406317692, 0.7697802561550968, 0.769769949037105, 0.7697519125715856, 0.7697390301540492, 0.7697338773671838, 0.7697287246832564, 0.7697467595273622, 0.7697467595273622, 0.769769949037105, 0.7697828329989477, 0.7697828329989477, 0.7697725257779927, 0.7697570657187567, 0.7697467595273622, 0.7697364537477488, 0.769708114976863, 0.7697106911001012, 0.7697132672490702, 0.7697158434237703, 0.7697132672490702, 0.7697416065860845, 0.7697338773671838, 0.7697467595273622, 0.7697416065860845, 0.7697287246832564, 0.7696926587777659, 0.76967720350489, 0.7696694762157594, 0.7696617491581531, 0.7696565979150356, 0.7696540223320609, 0.7696643248182974, 0.7696797793193856, 0.7696849310255556, 0.7697003867615319, 0.769708114976863, 0.7696900828346344, 0.7696746277161214, 0.7696694762157594, 0.7696488712432805, 0.7696540223320609, 0.7696488712432805, 0.7696694762157594, 0.7696849310255556, 0.769705538879356, 0.7697313010123529]
输出功率表
[0.5, 0.5, 0.5, 0.5, 0.5, 0.5, 0.5, 0.5, 0.5, 0.5, 0.5, 0.5, 0.5, 0.5, 0.5, 0.5, 0.5, 0.5, 0.5, 0.5, 0.5, 0.5, 0.5, 0.5, 0.5, 0.5, 0.5, 0.5, 0.5, 0.5, 0.5, 0.5, 0.5, 0.5, 0.5, 0.5, 0.5, 0.5, 0.5, 0.5, 0.5, 0.5, 0.5, 0.5, 0.5, 0.6, 0.6, 0.6, 0.6, 0.5, 0.5, 0.5, 0.5, 0.5, 0.6, 0.6, 0.6, 0.6, 0.6, 0.6, 0.6, 0.5, 0.5, 0.5]
温度0.7717499999999999K下的第1次测量开始,新设定点数=50个，设定电流=nanA
开始取REL
REL=nanK，开始升温。。。
设定电流=nan,期望温差=1,设定温度=0.7717499999999999,晶中温度=nan,温度差=nan
单次测量结束，时间=1043s	
设定温度=0.7717499999999999	温度差=nanK	相对热导nanV/W	时间常数=2s	时间偏离=1s
结束小循环
等待10秒降温缓和
温度0.7717499999999999K下的第2次测量开始,新设定点数=50个，设定电流=nanA
开始取REL
REL=nanK，开始升温。。。
设定电流=nan,期望温差=1,设定温度=0.7717499999999999,晶中温度=nan,温度差=nan
单次测量结束，时间=1091s	
设定温度=0.7717499999999999	温度差=nanK	相对热导nanV/W	时间常数=2s	时间偏离=1s
结束小循环
等待10秒降温缓和
温度0.7717499999999999K下的第3次测量开始,新设定点数=50个，设定电流=nanA
开始取REL
REL=nanK，开始升温。。。
设定电流=nan,期望温差=1,设定温度=0.7717499999999999,晶中温度=nan,温度差=nan
单次测量结束，时间=1139s	
设定温度=0.7717499999999999	温度差=nanK	相对热导nanV/W	时间常数=2s	时间偏离=1s
结束小循环
等待10秒降温缓和
[nan, nan, nan, nan, nan, nan, nan, nan, nan, nan, nan, nan, nan, nan, nan, nan, nan, nan, nan, nan, nan, nan, nan, nan, nan, nan, nan, nan, nan, nan, nan, nan, nan, nan, nan, nan, nan, nan, nan, nan, nan, nan, nan, nan, nan, nan, nan, nan, nan, nan, nan, nan, nan, nan, nan, nan, nan, nan, nan, nan, nan, nan, nan, nan, nan, nan, nan, nan, nan, nan, nan, nan, nan, nan, nan, nan, nan, nan, nan, nan, nan, nan, nan, nan, nan, nan, nan, nan, nan, nan, nan, nan, nan, nan, nan, nan, nan, nan, nan, nan, nan, nan, nan, nan, nan, nan, nan, nan, nan, nan, nan, nan, nan, nan, nan, nan, nan, nan, nan, nan, nan, nan, nan, nan, nan, nan, nan, nan, nan, nan, nan, nan, nan, nan, nan, nan, nan, nan, nan, nan, nan, nan, nan, nan, nan, nan, nan, nan, nan, nan, nan, nan, nan, nan, nan, nan, nan, nan, nan, nan, nan, nan, nan, nan, nan, nan, nan, nan, nan, nan, nan, nan, nan, nan, nan, nan, nan, nan, nan, nan, nan, nan, nan, nan, nan, nan, nan, nan, nan, nan, nan, nan, nan, nan, nan, nan, nan, nan, nan, nan, nan, nan, nan, nan, nan, nan, nan, nan, nan, nan, nan, nan, nan, nan, nan, nan, nan, nan, nan, nan, nan, nan, nan, nan, nan, nan, nan, nan, nan, nan, nan, nan, nan, nan, nan, nan, nan, nan, nan, nan, nan, nan, nan, nan, nan, nan, nan, nan, nan, nan, nan, nan, nan, nan, nan, nan, nan, nan, nan, nan, nan, nan, nan, nan, nan, nan, nan, nan, nan, nan, nan, nan, nan, nan, nan, nan, nan, nan, nan, nan, nan, nan, nan, nan, nan, nan, nan, nan, nan, nan, nan, nan, nan, nan, nan, nan, nan, nan, nan, nan] [nan, nan, nan, nan, nan, nan, nan, nan, nan, nan, nan, nan, nan, nan, nan, nan, nan, nan, nan, nan, nan, nan, nan, nan, nan, nan, nan, nan, nan, nan, nan, nan, nan, nan, nan, nan, nan, nan, nan, nan, nan, nan, nan, nan, nan, nan, nan, nan, nan, nan, nan, nan, nan, nan, nan, nan, nan, nan, nan, nan, nan, nan, nan, nan, nan, nan, nan, nan, nan, nan, nan, nan, nan, nan, nan, nan, nan, nan, nan, nan, nan, nan, nan, nan, nan, nan, nan, nan, nan, nan, nan, nan, nan, nan, nan, nan, nan, nan, nan, nan, nan, nan, nan, nan, nan, nan, nan, nan, nan, nan, nan, nan, nan, nan, nan, nan, nan, nan, nan, nan, nan, nan, nan, nan, nan, nan, nan, nan, nan, nan, nan, nan, nan, nan, nan, nan, nan, nan, nan, nan, nan, nan, nan, nan, nan, nan, nan, nan, nan, nan, nan, nan, nan, nan, nan, nan, nan, nan, nan, nan, nan, nan, nan, nan, nan, nan, nan, nan, nan, nan, nan, nan, nan, nan, nan, nan, nan, nan, nan, nan, nan, nan, nan, nan, nan, nan, nan, nan, nan, nan, nan, nan, nan, nan, nan, nan, nan, nan, nan, nan, nan, nan, nan, nan, nan, nan, nan, nan, nan, nan, nan, nan, nan, nan, nan, nan, nan, nan, nan, nan, nan, nan, nan, nan, nan, nan, nan, nan, nan, nan, nan, nan, nan, nan, nan, nan, nan, nan, nan, nan, nan, nan, nan, nan, nan, nan, nan, nan, nan, nan, nan, nan, nan, nan, nan, nan, nan, nan, nan, nan, nan, nan, nan, nan, nan, nan, nan, nan, nan, nan, nan, nan, nan, nan, nan, nan, nan, nan, nan, nan, nan, nan, nan, nan, nan, nan, nan, nan, nan, nan, nan, nan, nan, nan, nan, nan, nan, nan, nan, nan]
---------------------少女祈禱中。。。--------------------
新温度循环
调节热浴温度为0.8103374999999999K
开始检查温度稳定性
稳定检测中(1/3)，拟合系数表[-4.30676110e-04  3.64863450e-02  2.35963303e+01]，热浴温度表
[0.770430435914969, 0.7787061321818531, 0.7849612263159462, 0.7889004278491061, 0.7923532915544481, 0.7948376748806213, 0.7963290610518037, 0.7976339728148416, 0.7987956505131945, 0.7998266468665891, 0.8007920411807593, 0.801638832767448, 0.8026747668570049, 0.80336951164905, 0.8042008335897145, 0.8047349020990915, 0.8052611763513366, 0.8057147515766397, 0.806133643045246, 0.8065147352619878, 0.8068667506727173, 0.8073051755761054, 0.8075839946624651, 0.8078393298847999, 0.8081692376724384, 0.8083923701584983, 0.8086067458696555, 0.8088123443464118, 0.8089793185788104, 0.8091374400343379, 0.809256836445065, 0.8094031668097339, 0.8095017591456942, 0.8096422387604068, 0.8097319436222882, 0.8098336440279043, 0.8099323887200204, 0.8100012314535875, 0.8100521261329816, 0.8101030300969978, 0.8101449579818052, 0.8101689196015726, 0.8101749103279706, 0.8101838966586743, 0.8102108573868927, 0.8102138531841233, 0.8102438129249913, 0.8102408168061963, 0.8102498052590604, 0.8102408168061963, 0.8102168490135081, 0.8102018701881215, 0.8101509481938821, 0.8101120141134613, 0.810097040913367, 0.810061108510723, 0.8100371561459409, 0.810007218581109, 0.8099952444545386, 0.8099802775189571, 0.8099623182560317, 0.8099204178046231, 0.809899469938677, 0.8098575789254263]
输出功率表
[16.2, 11.5, 9.1, 7.4, 6.4, 5.8, 5.4, 5.0, 4.7, 4.4, 4.2, 3.9, 3.7, 3.5, 3.3, 3.2, 3.0, 2.9, 2.8, 2.7, 2.7, 2.5, 2.5, 2.4, 2.3, 2.3, 2.2, 2.2, 2.1, 2.1, 2.0, 2.0, 2.0, 1.9, 1.9, 1.9, 1.8, 1.8, 1.8, 1.8, 1.8, 1.8, 1.7, 1.7, 1.7, 1.7, 1.7, 1.7, 1.7, 1.6, 1.6, 1.6, 1.6, 1.6, 1.6, 1.6, 1.6, 1.6, 1.6, 1.6, 1.6, 1.6, 1.6, 1.6]
