
创建文件成功

---------------------少女祈禱中。。。--------------------
新温度循环
调节热浴温度为0.7K
开始检查温度稳定性
稳定检测中(1/3)，拟合系数表[ 5.40082586e-05 -1.48814060e-02  2.66452333e+01]，热浴温度表
[0.8870476048641317, 0.8863819396468936, 0.8855595189259123, 0.8849970175433912, 0.8846392293661507, 0.884450879036857, 0.8846392293661507, 0.884846928361353, 0.8851317732440728, 0.8851163697053259, 0.8849277368182452, 0.8846969099326184, 0.8844124538947862, 0.8842050383268668, 0.8838826606526851, 0.883219745096128, 0.8824856412883069, 0.8815818202205572, 0.8806236179139577, 0.8796872384744189, 0.8787951484835917, 0.878026049784317, 0.8770860832636119, 0.8764447616792261, 0.8759281576752473, 0.8755095095832106, 0.875389998483947, 0.8754198719854555, 0.8757860536831534, 0.8758010089654913, 0.875617855901465, 0.8752294772010284, 0.8747335013359964, 0.8742941196655095, 0.8737996233199181, 0.8735396760303717, 0.8731835283525058, 0.8727204026188463, 0.872106432798043, 0.8713756860620566, 0.8706356183551482, 0.8697139217846672, 0.869054625331934, 0.8684441961358147, 0.8678021692432669, 0.8672160252598647, 0.8666890814211108, 0.8665583931945755, 0.8669687948336675, 0.8675253416869076, 0.8681157205405271, 0.8683127640730459, 0.8682945140316599, 0.8681230162127483, 0.8679807816179639, 0.867933384611018, 0.8677475125958022, 0.8674234150269562, 0.8668670515508696, 0.8661521611341177, 0.8651208527474605, 0.8643451271310175, 0.8635893259699562, 0.8628425518680574]
输出功率表
[0.0, 0.0, 0.0, 0.0, 0.0, 0.0, 0.0, 0.0, 0.0, 0.0, 0.0, 0.0, 0.0, 0.0, 0.0, 0.0, 0.0, 0.0, 0.0, 0.0, 0.0, 0.0, 0.0, 0.0, 0.0, 0.0, 0.0, 0.0, 0.0, 0.0, 0.0, 0.0, 0.0, 0.0, 0.0, 0.0, 0.0, 0.0, 0.0, 0.0, 0.0, 0.0, 0.0, 0.0, 0.0, 0.0, 0.0, 0.0, 0.0, 0.0, 0.0, 0.0, 0.0, 0.0, 0.0, 0.0, 0.0, 0.0, 0.0, 0.0, 0.0, 0.0, 0.0, 0.0]
稳定检测中(2/3)，拟合系数表[ 4.55640540e-05 -9.14169980e-03  2.58643034e+01]，热浴温度表
[0.8620689752260928, 0.8613044829474561, 0.8605810483188367, 0.8598025101343234, 0.8595079658600789, 0.8593306667365196, 0.8593803001009239, 0.8593980282606183, 0.8594441262998687, 0.8594015740162423, 0.8593803001009239, 0.8596179431019609, 0.8599125936195418, 0.860211084048161, 0.8602039737407412, 0.8599907414785943, 0.8593554824088128, 0.8587781553257194, 0.8582372408281008, 0.8577184427014188, 0.8571794076480174, 0.8566061919404032, 0.8559849667808421, 0.8552390747139137, 0.854920966475967, 0.8548056911104523, 0.8550258003853332, 0.8552705541418245, 0.8554840010113913, 0.8554629995651521, 0.8552320797299569, 0.8550083255449431, 0.8547602916596689, 0.854596212010432, 0.8543310799555318, 0.8540104414645004, 0.8535370766632919, 0.8527798461670031, 0.8522149000910288, 0.851692489020519, 0.8512676181361752, 0.8508364529985771, 0.8503783717096536, 0.8498969348271675, 0.8492722199727714, 0.8489363736851884, 0.8488130961040457, 0.8488815773828641, 0.8492345041754475, 0.8495809821962693, 0.8500928552024432, 0.8504368845181913, 0.8508950551272515, 0.851464434906838, 0.8519587707900745, 0.852228751126291, 0.8521144991326298, 0.8515473436738269, 0.8509467723809118, 0.8502992254701296, 0.8497286142743321, 0.8491727976556436, 0.84865222673397, 0.8480744950950594]
输出功率表
[0.0, 0.0, 0.0, 0.0, 0.0, 0.0, 0.0, 0.0, 0.0, 0.0, 0.0, 0.0, 0.0, 0.0, 0.0, 0.0, 0.0, 0.0, 0.0, 0.0, 0.0, 0.0, 0.0, 0.0, 0.0, 0.0, 0.0, 0.0, 0.0, 0.0, 0.0, 0.0, 0.0, 0.0, 0.0, 0.0, 0.0, 0.0, 0.0, 0.0, 0.0, 0.0, 0.0, 0.0, 0.0, 0.0, 0.0, 0.0, 0.0, 0.0, 0.0, 0.0, 0.0, 0.0, 0.0, 0.0, 0.0, 0.0, 0.0, 0.0, 0.0, 0.0, 0.0, 0.0]
稳定检测中(3/3)，拟合系数表[ 3.56536809e-06 -4.17060496e-03  2.54159259e+01]，热浴温度表
[0.8472219046862672, 0.8465823566064812, 0.8460323546204879, 0.8456086632195591, 0.8453479690967051, 0.8451280802582717, 0.8449928447956689, 0.8448069963962318, 0.8447732182560075, 0.8449962249328888, 0.8455443148760429, 0.8464328729423305, 0.8472593675269144, 0.847763870512222, 0.847763870512222, 0.8474637930731682, 0.8471095443627126, 0.8467523154085217, 0.8464736337827413, 0.8461239511629939, 0.8456933532884767, 0.8449793246309751, 0.8444255266324722, 0.8439468510597854, 0.8436169470748295, 0.8433748021946927, 0.8432269220438521, 0.8429951675280202, 0.8426830892600886, 0.8425053851837212, 0.8424316525391339, 0.842642845035036, 0.8429548808879656, 0.8432874095545688, 0.8433848876185013, 0.8432168419917977, 0.8428743240365824, 0.8424752196096036, 0.8421536446170208, 0.8418123536919003, 0.8415048601508499, 0.841077574577992, 0.840391207484391, 0.8398824615028352, 0.8394774231571649, 0.8392353302519713, 0.8391557815301455, 0.8390994475243562, 0.8390099980269553, 0.8388311805727878, 0.8388046983400335, 0.8391723524076798, 0.8399688531717908, 0.8409908576693613, 0.8417555101400889, 0.8421369054891578, 0.8419394552712963, 0.8415015195863907, 0.8410175370829678, 0.8404943937517204, 0.8400187060403839, 0.8394608350999414, 0.8388311805727878, 0.8379024188903665]
输出功率表
[0.0, 0.0, 0.0, 0.0, 0.0, 0.0, 0.0, 0.0, 0.0, 0.0, 0.0, 0.0, 0.0, 0.0, 0.0, 0.0, 0.0, 0.0, 0.0, 0.0, 0.0, 0.0, 0.0, 0.0, 0.0, 0.0, 0.0, 0.0, 0.0, 0.0, 0.0, 0.0, 0.0, 0.0, 0.0, 0.0, 0.0, 0.0, 0.0, 0.0, 0.0, 0.0, 0.0, 0.0, 0.0, 0.0, 0.0, 0.0, 0.0, 0.0, 0.0, 0.0, 0.0, 0.0, 0.0, 0.0, 0.0, 0.0, 0.0, 0.0, 0.0, 0.0, 0.0, 0.0]
温度0.7K下的第1次测量开始,新设定点数=50个，设定电流=5.000000e-07A
开始取REL
REL=-0.0006699681446866723K，开始升温。。。
