
创建文件成功

---------------------少女祈禱中。。。--------------------
新温度循环
调节热浴温度为1.8K
开始检查温度稳定性
稳定检测中(0/3)，变动=0.032733399662287395，绝对误差=0.015081147386314064
，热浴温度表
[1.6720181226037067, 1.8647640426001448, 1.9657973609193362, 1.9824564503885762, 1.9821357618111128, 1.9749667243972198, 1.9653115126746532, 1.9568969857994318, 1.9487906493360339, 1.9409292631304385, 1.9333619711179126, 1.9259999784113653, 1.918784691107072, 1.9110173443687826, 1.904198563493118, 1.8975158359515336, 1.8911491507292844, 1.8848844931703068, 1.878771447192164, 1.8729091057447442, 1.8670645533025343, 1.8606600815969505, 1.8551049198443446, 1.8498365431734245, 1.8445789085972935, 1.8395520987926883, 1.8345576829378627, 1.8297160000052273, 1.8245209456082725, 1.8199562733465375, 1.8155371033701937, 1.8112140372021175, 1.80700908459492, 1.80296709366019, 1.7989929232030544, 1.794693755828904, 1.7910609506945963, 1.787559767029746, 1.7842112160010126, 1.7815567122991902, 1.779047028918471, 1.7769508051172904, 1.7751074046349096, 1.7735373770217417, 1.7727536054846507, 1.7723284756735034, 1.77185887844303, 1.7719035891898824, 1.7722837393255206, 1.7729102936366592, 1.7736494119236728, 1.7746584868458932, 1.7756689332033777, 1.7768157672269316, 1.7779643705468027, 1.7792502025335044, 1.7804930230802536, 1.7817379167948149, 1.7830983532714748, 1.784302135084211, 1.7854395566760282, 1.7865787089046128, 1.7876739269347774, 1.7886564201808146]
输出功率表
[0.0, 0.0, 0.0, 0.0, 0.0, 0.0, 0.0, 0.0, 0.0, 0.0, 0.0, 0.0, 0.0, 0.0, 0.0, 0.0, 0.0, 0.0, 0.0, 0.0, 0.0, 0.0, 0.0, 0.0, 0.0, 0.0, 0.0, 0.0, 0.0, 0.0, 0.0, 0.0, 0.0, 0.0, 0.1, 0.4, 0.9, 1.5, 2.1, 3.0, 3.9, 4.9, 6.0, 6.9, 7.8, 8.7, 9.5, 10.2, 10.7, 11.3, 11.8, 12.2, 12.5, 12.7, 12.8, 13.0, 13.0, 13.1, 13.1, 13.1, 13.1, 13.0, 13.0, 12.9]
稳定检测中(0/3)，变动=0.0012152201285178074，绝对误差=0.0006688100223673309
，热浴温度表
[1.7895944158720904, 1.7906252742325595, 1.7914968799151214, 1.7922316484463505, 1.7929441407740347, 1.7936112772930222, 1.7942790056816955, 1.7948320566504044, 1.7953855139869295, 1.7959162923423775, 1.7964012427002147, 1.7968171628366616, 1.7971870622816721, 1.797395210456059, 1.7977653934988413, 1.7979505531400852, 1.7982746918521688, 1.7984831402587331, 1.7986221378427842, 1.7988306822062081, 1.7989929232030544, 1.7990392841758625, 1.799108830971299, 1.799294320404619, 1.799387082204611, 1.7994334673763663, 1.7994798553963123, 1.7994798553963123, 1.7994798553963123, 1.7995262462647172, 1.799572639981842, 1.799549442767173, 1.7996190365479585, 1.7995958379087609, 1.7996190365479585, 1.799572639981842, 1.799572639981842, 1.7995958379087609, 1.7995262462647172, 1.799572639981842, 1.7995262462647172, 1.799572639981842, 1.799572639981842, 1.7995262462647172, 1.799549442767173, 1.799572639981842, 1.799549442767173, 1.79950305047444, 1.79950305047444, 1.799456661030297, 1.799456661030297, 1.7994334673763663, 1.7994102744344789, 1.79950305047444, 1.7994798553963123, 1.7994334673763663, 1.799456661030297, 1.799456661030297, 1.7994334673763663, 1.799456661030297, 1.799456661030297, 1.799340699880784, 1.799340699880784, 1.7994334673763663]
输出功率表
[12.8, 12.8, 12.6, 12.7, 12.6, 12.4, 12.4, 12.3, 12.2, 12.1, 12.1, 12.0, 12.0, 11.9, 11.8, 11.8, 11.6, 11.7, 11.6, 11.6, 11.6, 11.5, 11.5, 11.5, 11.5, 11.5, 11.5, 11.4, 11.4, 11.4, 11.4, 11.4, 11.4, 11.4, 11.4, 11.4, 11.4, 11.5, 11.4, 11.4, 11.4, 11.4, 11.4, 11.4, 11.4, 11.4, 11.4, 11.4, 11.4, 11.4, 11.5, 11.5, 11.5, 11.5, 11.5, 11.4, 11.5, 11.5, 11.4, 11.5, 11.5, 11.5, 11.5, 11.5]
稳定检测中(1/3)，变动=1.663733299472902e-05，绝对误差=7.519920466355608e-05
，热浴温度表
[1.7994334673763663, 1.7993638906867238, 1.7994334673763663, 1.7993638906867238, 1.7993175097867606, 1.799340699880784, 1.799387082204611, 1.7993638906867238, 1.799387082204611, 1.7994102744344789, 1.7994102744344789, 1.7994102744344789, 1.799340699880784, 1.7994102744344789, 1.799387082204611, 1.799387082204611, 1.799387082204611, 1.7993638906867238, 1.7994102744344789, 1.7994102744344789, 1.799340699880784, 1.7994334673763663, 1.7994102744344789, 1.7994102744344789, 1.799387082204611, 1.7993638906867238, 1.7994102744344789, 1.7994102744344789, 1.7994334673763663, 1.7994334673763663, 1.7994334673763663, 1.7993638906867238, 1.7993638906867238, 1.7994102744344789, 1.7994334673763663, 1.7994102744344789, 1.7994102744344789, 1.7994334673763663, 1.7993638906867238, 1.799387082204611, 1.7993638906867238, 1.7993638906867238, 1.7993638906867238, 1.7993638906867238, 1.7994102744344789, 1.7993638906867238, 1.799340699880784, 1.7993638906867238, 1.7994102744344789, 1.7994798553963123, 1.799456661030297, 1.7994102744344789, 1.7993638906867238, 1.799387082204611, 1.7993638906867238, 1.7994334673763663, 1.799456661030297, 1.799387082204611, 1.7993638906867238, 1.7994102744344789, 1.7993638906867238, 1.799387082204611, 1.799456661030297, 1.799387082204611]
输出功率表
[11.6, 11.5, 11.6, 11.6, 11.6, 11.6, 11.7, 11.6, 11.6, 11.6, 11.6, 11.7, 11.6, 11.7, 11.6, 11.7, 11.7, 11.7, 11.6, 11.6, 11.6, 11.7, 11.7, 11.7, 11.7, 11.7, 11.7, 11.7, 11.7, 11.7, 11.8, 11.7, 11.7, 11.7, 11.8, 11.8, 11.7, 11.8, 11.7, 11.8, 11.8, 11.8, 11.8, 11.7, 11.9, 11.9, 11.8, 11.8, 11.8, 11.8, 11.9, 11.9, 11.8, 11.8, 11.8, 11.9, 11.9, 11.9, 11.8, 11.9, 11.8, 11.9, 11.9, 11.9]
稳定检测中(2/3)，变动=1.4188171086998803e-05，绝对误差=6.691458766891938e-05
，热浴温度表
[1.7994102744344789, 1.7994102744344789, 1.7993638906867238, 1.799387082204611, 1.7994102744344789, 1.7994102744344789, 1.7994102744344789, 1.7994102744344789, 1.7994102744344789, 1.799387082204611, 1.799387082204611, 1.7993638906867238, 1.799387082204611, 1.7994102744344789, 1.7994102744344789, 1.7994334673763663, 1.799456661030297, 1.799387082204611, 1.7994102744344789, 1.799340699880784, 1.7994102744344789, 1.799456661030297, 1.799387082204611, 1.799456661030297, 1.799456661030297, 1.7994334673763663, 1.7994334673763663, 1.799387082204611, 1.7994102744344789, 1.7994102744344789, 1.7994102744344789, 1.799387082204611, 1.799387082204611, 1.799387082204611, 1.799387082204611, 1.799387082204611, 1.7994102744344789, 1.7994334673763663, 1.799387082204611, 1.799387082204611, 1.7993638906867238, 1.799387082204611, 1.799456661030297, 1.7994334673763663, 1.799387082204611, 1.7994102744344789, 1.7994334673763663, 1.7994102744344789, 1.7994102744344789, 1.7994102744344789, 1.7994334673763663, 1.7994334673763663, 1.7994334673763663, 1.799387082204611, 1.7994102744344789, 1.7994798553963123, 1.7994798553963123, 1.7994334673763663, 1.799456661030297, 1.7994334673763663, 1.7994334673763663, 1.7994102744344789, 1.7993638906867238, 1.799387082204611]
输出功率表
[11.9, 12.0, 11.9, 12.0, 11.9, 11.9, 11.9, 11.9, 12.0, 12.0, 11.9, 12.0, 11.9, 12.0, 12.0, 12.0, 12.0, 12.0, 12.1, 12.0, 12.0, 12.0, 11.9, 12.0, 12.0, 12.1, 12.1, 12.0, 12.0, 12.1, 12.1, 12.0, 12.1, 12.1, 12.2, 12.1, 12.0, 12.2, 12.1, 12.1, 12.1, 12.1, 12.2, 12.1, 12.0, 12.1, 12.1, 12.1, 12.1, 12.1, 12.2, 12.2, 12.2, 12.1, 12.1, 12.1, 12.2, 12.1, 12.2, 12.2, 12.2, 12.3, 12.2, 12.2]
稳定检测中(3/3)，变动=1.7758663875441394e-05，绝对误差=6.169167695488366e-05
，热浴温度表
[1.7994102744344789, 1.7994334673763663, 1.799456661030297, 1.7994102744344789, 1.7993638906867238, 1.799340699880784, 1.7993638906867238, 1.799387082204611, 1.799387082204611, 1.799456661030297, 1.79950305047444, 1.799456661030297, 1.799387082204611, 1.799387082204611, 1.799387082204611, 1.7994334673763663, 1.7994334673763663, 1.7994334673763663, 1.7994798553963123, 1.799456661030297, 1.79950305047444, 1.7994334673763663, 1.7994102744344789, 1.799456661030297, 1.799387082204611, 1.7993638906867238, 1.799387082204611, 1.7994102744344789, 1.7994334673763663, 1.7994102744344789, 1.799387082204611, 1.799387082204611, 1.7994102744344789, 1.7994334673763663, 1.799456661030297, 1.7994102744344789, 1.7994102744344789, 1.7994102744344789, 1.7994102744344789, 1.7994102744344789, 1.7994334673763663, 1.799456661030297, 1.7994334673763663, 1.7994798553963123, 1.7994798553963123, 1.7994334673763663, 1.7994102744344789, 1.7994102744344789, 1.7993638906867238, 1.7994102744344789, 1.7994102744344789, 1.7994102744344789, 1.7994334673763663, 1.7994102744344789, 1.799340699880784, 1.799456661030297, 1.7994334673763663, 1.7994798553963123, 1.7994334673763663, 1.799456661030297, 1.799387082204611, 1.7994334673763663, 1.799456661030297, 1.7994102744344789]
输出功率表
[12.2, 12.2, 12.2, 12.2, 12.2, 12.3, 12.2, 12.3, 12.2, 12.2, 12.2, 12.3, 12.3, 12.3, 12.2, 12.3, 12.2, 12.2, 12.3, 12.3, 12.2, 12.3, 12.3, 12.3, 12.3, 12.3, 12.2, 12.3, 12.3, 12.4, 12.4, 12.4, 12.3, 12.3, 12.3, 12.4, 12.5, 12.4, 12.4, 12.3, 12.4, 12.4, 12.4, 12.4, 12.4, 12.4, 12.4, 12.4, 12.5, 12.4, 12.5, 12.5, 12.5, 12.5, 12.3, 12.5, 12.4, 12.4, 12.4, 12.6, 12.4, 12.5, 12.5, 12.5]
温度1.8K下的第1次测量开始
新设定点数=200个，设定电流=1.000000e-05A
开始取REL
REL=-0.00022583172715595623K，开始升温。。。
设定电流=1e-05,期望温差=0.5,设定温度=1.8,晶中温度=1.9587595214372904,温度差=-0.001521805069482074
单次测量结束，时间=330s	设定温度=1.8	温度差=-0.001521805069482074K	相对热导-0.001231396179168842V/W	时间常数=2s	时间偏离=1s
结束小循环
等待30秒降温缓和
温度1.8K下的第2次测量开始
新设定点数=200个，设定电流=1.781517e-05A
开始取REL
