
创建文件成功

---------------------少女祈禱中。。。--------------------
新温度循环
调节热浴温度为1.8K
开始检查温度稳定性
稳定检测中(0/3)，变动=0.00014402407033911252，绝对误差=0.12722388423036257
，热浴温度表
[2.1085339973989012, 2.1085003334501584, 2.1085339973989012, 2.1084330092882104, 2.1084666707466195, 2.108399349074869, 2.108399349074869, 2.1082983759045497, 2.1082983759045497, 2.1082983759045497, 2.108264720670786, 2.108264720670786, 2.1082983759045497, 2.10819741393736, 2.10819741393736, 2.10819741393736, 2.108231066681747, 2.108231066681747, 2.108163762437563, 2.108096463171451, 2.1081301121822826, 2.1080628154050056, 2.1081301121822826, 2.1080628154050056, 2.107995523604979, 2.1079618795712642, 2.1079618795712642, 2.107894595236094, 2.107860954934502, 2.1079282367816585, 2.1077600414928708, 2.107793678062957, 2.1078273158768104, 2.1078273158768104, 2.107860954934502, 2.1078273158768104, 2.1078273158768104, 2.1077600414928708, 2.107793678062957, 2.1077600414928708, 2.1077264061664795, 2.1076255076488204, 2.1076927720837206, 2.107659139244524, 2.1076255076488204, 2.107659139244524, 2.107659139244524, 2.1075918772965423, 2.107558248187622, 2.107558248187622, 2.107524620321988, 2.1074573683203215, 2.107390121290987, 2.107356499640774, 2.107356499640774, 2.107390121290987, 2.107390121290987, 2.107356499640774, 2.1074573683203215, 2.107423744184144, 2.107356499640774, 2.1073228792334424, 2.107255642147142, 2.107255642147142]
输出功率表
[0.0, 0.0, 0.0, 0.0, 0.0, 0.0, 0.0, 0.0, 0.0, 0.0, 0.0, 0.0, 0.0, 0.0, 0.0, 0.0, 0.0, 0.0, 0.0, 0.0, 0.0, 0.0, 0.0, 0.0, 0.0, 0.0, 0.0, 0.0, 0.0, 0.0, 0.0, 0.0, 0.0, 0.0, 0.0, 0.0, 0.0, 0.0, 0.0, 0.0, 0.0, 0.0, 0.0, 0.0, 0.0, 0.0, 0.0, 0.0, 0.0, 0.0, 0.0, 0.0, 0.0, 0.0, 0.0, 0.0, 0.0, 0.0, 0.0, 0.0, 0.0, 0.0, 0.0, 0.0]
稳定检测中(0/3)，变动=0.00011142797342751542，绝对误差=0.12685557897483934
，热浴温度表
[2.107255642147142, 2.1072892600689217, 2.107255642147142, 2.1072892600689217, 2.107188410031541, 2.1072220254680407, 2.1072892600689217, 2.107255642147142, 2.107188410031541, 2.107121182886097, 2.1071547958375842, 2.107020351485769, 2.107087571177011, 2.1070539607102554, 2.107020351485769, 2.107020351485769, 2.1069531367633174, 2.1069531367633174, 2.1069867435034806, 2.1069867435034806, 2.1069531367633174, 2.1069867435034806, 2.10691953126522, 2.1069531367633174, 2.10691953126522, 2.1068859270091114, 2.10691953126522, 2.1068859270091114, 2.10685232399493, 2.10685232399493, 2.106785121692063, 2.1068187222226022, 2.1067515224032465, 2.106785121692063, 2.1067515224032465, 2.106785121692063, 2.1068187222226022, 2.106717924356082, 2.1066171376638123, 2.1066843275504987, 2.1065835445825756, 2.1066507319864325, 2.1066171376638123, 2.1066507319864325, 2.1066171376638123, 2.1066507319864325, 2.1065835445825756, 2.10651636214396, 2.1065499527426463, 2.1066171376638123, 2.1065835445825756, 2.1065835445825756, 2.1065499527426463, 2.1064155977946846, 2.106449184670048, 2.1063484277668, 2.106449184670048, 2.1064155977946846, 2.106449184670048, 2.1063820121602914, 2.1063820121602914, 2.1063148446141424, 2.1063148446141424, 2.1063148446141424]
输出功率表
[0.0, 0.0, 0.0, 0.0, 0.0, 0.0, 0.0, 0.0, 0.0, 0.0, 0.0, 0.0, 0.0, 0.0, 0.0, 0.0, 0.0, 0.0, 0.0, 0.0, 0.0, 0.0, 0.0, 0.0, 0.0, 0.0, 0.0, 0.0, 0.0, 0.0, 0.0, 0.0, 0.0, 0.0, 0.0, 0.0, 0.0, 0.0, 0.0, 0.0, 0.0, 0.0, 0.0, 0.0, 0.0, 0.0, 0.0, 0.0, 0.0, 0.0, 0.0, 0.0, 0.0, 0.0, 0.0, 0.0, 0.0, 0.0, 0.0, 0.0, 0.0, 0.0, 0.0, 0.0]
稳定检测中(1/3)，变动=8.192116822710757e-05，绝对误差=0.1265749825992381
，热浴温度表
[2.1063148446141424, 2.1063484277668, 2.1064155977946846, 2.106281262702252, 2.1063484277668, 2.1063148446141424, 2.106281262702252, 2.1062141026005, 2.1062141026005, 2.106281262702252, 2.1062141026005, 2.1062141026005, 2.106180524410501, 2.1061469474609944, 2.106113371751918, 2.1061469474609944, 2.1061469474609944, 2.106180524410501, 2.106113371751918, 2.106113371751918, 2.106113371751918, 2.106113371751918, 2.1060797972831944, 2.1060797972831944, 2.1060797972831944, 2.1060797972831944, 2.1060126520665574, 2.1060462240547637, 2.1060126520665574, 2.1060462240547637, 2.1060126520665574, 2.1059790813185004, 2.105945511810532, 2.1059790813185004, 2.1059119435425786, 2.1058783765145797, 2.1059790813185004, 2.1059119435425786, 2.1058112461781517, 2.1058783765145797, 2.1058112461781517, 2.105844810726458, 2.105777682869591, 2.105844810726458, 2.105777682869591, 2.1058783765145797, 2.1058112461781517, 2.105777682869591, 2.1058112461781517, 2.105844810726458, 2.105744120800708, 2.105844810726458, 2.1058112461781517, 2.1058112461781517, 2.1058112461781517, 2.105777682869591, 2.1057105599714365, 2.1057105599714365, 2.1057105599714365, 2.105677000381706, 2.105677000381706, 2.105643442031446, 2.105643442031446, 2.1056098849205926]
输出功率表
[0.0, 0.0, 0.0, 0.0, 0.0, 0.0, 0.0, 0.0, 0.0, 0.0, 0.0, 0.0, 0.0, 0.0, 0.0, 0.0, 0.0, 0.0, 0.0, 0.0, 0.0, 0.0, 0.0, 0.0, 0.0, 0.0, 0.0, 0.0, 0.0, 0.0, 0.0, 0.0, 0.0, 0.0, 0.0, 0.0, 0.0, 0.0, 0.0, 0.0, 0.0, 0.0, 0.0, 0.0, 0.0, 0.0, 0.0, 0.0, 0.0, 0.0, 0.0, 0.0, 0.0, 0.0, 0.0, 0.0, 0.0, 0.0, 0.0, 0.0, 0.0, 0.0, 0.0, 0.0]
稳定检测中(2/3)，变动=6.312361309466226e-05，绝对误差=0.12636192386217993
，热浴温度表
[2.1056098849205926, 2.1055427744168362, 2.1056098849205926, 2.1055092210237913, 2.1055092210237913, 2.1055427744168362, 2.105643442031446, 2.1055763290490797, 2.1055427744168362, 2.1055092210237913, 2.1055092210237913, 2.1055092210237913, 2.1055092210237913, 2.1055763290490797, 2.1055427744168362, 2.105677000381706, 2.1055763290490797, 2.1054421179550404, 2.1055092210237913, 2.1055092210237913, 2.105408568279197, 2.1054756688698864, 2.1054756688698864, 2.105408568279197, 2.1054421179550404, 2.1054421179550404, 2.1053414726442266, 2.105408568279197, 2.1054421179550404, 2.105274381964434, 2.1051737552345093, 2.105274381964434, 2.105375019842278, 2.1055092210237913, 2.105375019842278, 2.105375019842278, 2.1051737552345093, 2.105274381964434, 2.105274381964434, 2.105307926684965, 2.105307926684965, 2.105274381964434, 2.105240838482559, 2.1052072962392754, 2.1053414726442266, 2.105307926684965, 2.1051737552345093, 2.1051737552345093, 2.105140215468199, 2.1052072962392754, 2.105140215468199, 2.1051737552345093, 2.105240838482559, 2.105307926684965, 2.105274381964434, 2.1051737552345093, 2.105106676940281, 2.1051737552345093, 2.1051737552345093, 2.1050396035993244, 2.1050396035993244, 2.105274381964434, 2.105307926684965, 2.1052072962392754]
输出功率表
[0.0, 0.0, 0.0, 0.0, 0.0, 0.0, 0.0, 0.0, 0.0, 0.0, 0.0, 0.0, 0.0, 0.0, 0.0, 0.0, 0.0, 0.0, 0.0, 0.0, 0.0, 0.0, 0.0, 0.0, 0.0, 0.0, 0.0, 0.0, 0.0, 0.0, 0.0, 0.0, 0.0, 0.0, 0.0, 0.0, 0.0, 0.0, 0.0, 0.0, 0.0, 0.0, 0.0, 0.0, 0.0, 0.0, 0.0, 0.0, 0.0, 0.0, 0.0, 0.0, 0.0, 0.0, 0.0, 0.0, 0.0, 0.0, 0.0, 0.0, 0.0, 0.0, 0.0, 0.0]
稳定检测中(0/3)，变动=0.00018007547330965544，绝对误差=0.1264148733707977
，热浴温度表
[2.104972535211101, 2.1050396035993244, 2.1050731396506768, 2.1050731396506768, 2.1050731396506768, 2.1050396035993244, 2.104939002874087, 2.105006068786154, 2.104972535211101, 2.105006068786154, 2.104972535211101, 2.105006068786154, 2.105106676940281, 2.1050731396506768, 2.105006068786154, 2.1050396035993244, 2.105006068786154, 2.105106676940281, 2.105106676940281, 2.105006068786154, 2.105140215468199, 2.105106676940281, 2.105106676940281, 2.1051737552345093, 2.1051737552345093, 2.105274381964434, 2.105307926684965, 2.105240838482559, 2.105274381964434, 2.105307926684965, 2.105408568279197, 2.1054756688698864, 2.1054421179550404, 2.105643442031446, 2.105643442031446, 2.105643442031446, 2.1056098849205926, 2.105677000381706, 2.105677000381706, 2.105744120800708, 2.1057105599714365, 2.105643442031446, 2.105744120800708, 2.105844810726458, 2.105844810726458, 2.105744120800708, 2.1059119435425786, 2.105945511810532, 2.105643442031446, 2.105677000381706, 2.105744120800708, 2.1059790813185004, 2.1060462240547637, 2.1061469474609944, 2.106281262702252, 2.1063820121602914, 2.1061469474609944, 2.1062476820310603, 2.1062141026005, 2.1062476820310603, 2.1063148446141424, 2.1062141026005, 2.1063484277668, 2.1063484277668]
输出功率表
[0.0, 0.0, 0.0, 0.0, 0.0, 0.0, 0.0, 0.0, 0.0, 0.0, 0.0, 0.0, 0.0, 0.0, 0.0, 0.0, 0.0, 0.0, 0.0, 0.0, 0.0, 0.0, 0.0, 0.0, 0.0, 0.0, 0.0, 0.0, 0.0, 0.0, 0.0, 0.0, 0.0, 0.0, 0.0, 0.0, 0.0, 0.0, 0.0, 0.0, 0.0, 0.0, 0.0, 0.0, 0.0, 0.0, 0.0, 0.0, 0.0, 0.0, 0.0, 0.0, 0.0, 0.0, 0.0, 0.0, 0.0, 0.0, 0.0, 0.0, 0.0, 0.0, 0.0, 0.0]
稳定检测中(1/3)，变动=3.798137905182992e-05，绝对误差=0.12673473162693924
，热浴温度表
[2.1063484277668, 2.1064155977946846, 2.106482772786449, 2.106482772786449, 2.106449184670048, 2.106482772786449, 2.106482772786449, 2.1064155977946846, 2.1064155977946846, 2.106482772786449, 2.106482772786449, 2.1065499527426463, 2.10651636214396, 2.10651636214396, 2.10651636214396, 2.106449184670048, 2.1065499527426463, 2.10651636214396, 2.1066171376638123, 2.10651636214396, 2.106482772786449, 2.10651636214396, 2.1065499527426463, 2.1065835445825756, 2.106482772786449, 2.1065499527426463, 2.1065499527426463, 2.1063820121602914, 2.1063820121602914, 2.106482772786449, 2.10651636214396, 2.106482772786449, 2.1065835445825756, 2.106482772786449, 2.1065499527426463, 2.10651636214396, 2.10651636214396, 2.106482772786449, 2.1065499527426463, 2.106482772786449, 2.1065499527426463, 2.106482772786449, 2.1065499527426463, 2.10651636214396, 2.106482772786449, 2.1064155977946846, 2.1063820121602914, 2.1062476820310603, 2.1063820121602914, 2.1063820121602914, 2.10651636214396, 2.1063820121602914, 2.1063148446141424, 2.1063820121602914, 2.106281262702252, 2.1063148446141424, 2.1063484277668, 2.1063148446141424, 2.106281262702252, 2.1062476820310603, 2.1062476820310603, 2.1063148446141424, 2.106281262702252, 2.1062476820310603]
输出功率表
[0.0, 0.0, 0.0, 0.0, 0.0, 0.0, 0.0, 0.0, 0.0, 0.0, 0.0, 0.0, 0.0, 0.0, 0.0, 0.0, 0.0, 0.0, 0.0, 0.0, 0.0, 0.0, 0.0, 0.0, 0.0, 0.0, 0.0, 0.0, 0.0, 0.0, 0.0, 0.0, 0.0, 0.0, 0.0, 0.0, 0.0, 0.0, 0.0, 0.0, 0.0, 0.0, 0.0, 0.0, 0.0, 0.0, 0.0, 0.0, 0.0, 0.0, 0.0, 0.0, 0.0, 0.0, 0.0, 0.0, 0.0, 0.0, 0.0, 0.0, 0.0, 0.0, 0.0, 0.0]
稳定检测中(0/3)，变动=0.0001111389273645967，绝对误差=0.12649916034369996
，热浴温度表
[2.106281262702252, 2.106180524410501, 2.1061469474609944, 2.106180524410501, 2.106180524410501, 2.1060462240547637, 2.106113371751918, 2.1060462240547637, 2.106180524410501, 2.1061469474609944, 2.1060797972831944, 2.1061469474609944, 2.1060797972831944, 2.1060462240547637, 2.106113371751918, 2.1060462240547637, 2.1060462240547637, 2.105945511810532, 2.105844810726458, 2.105945511810532, 2.105945511810532, 2.105945511810532, 2.105945511810532, 2.105945511810532, 2.1058783765145797, 2.105844810726458, 2.1058112461781517, 2.105844810726458, 2.1058112461781517, 2.1058112461781517, 2.105744120800708, 2.105744120800708, 2.1057105599714365, 2.105744120800708, 2.105677000381706, 2.105777682869591, 2.105777682869591, 2.1057105599714365, 2.105643442031446, 2.1057105599714365, 2.105643442031446, 2.1055427744168362, 2.1055763290490797, 2.105677000381706, 2.1055763290490797, 2.1055427744168362, 2.1055427744168362, 2.1055092210237913, 2.1054756688698864, 2.1054756688698864, 2.1054421179550404, 2.1054756688698864, 2.1055427744168362, 2.105375019842278, 2.1053414726442266, 2.1054421179550404, 2.1054421179550404, 2.1054421179550404, 2.105307926684965, 2.1054421179550404, 2.105375019842278, 2.105307926684965, 2.1052072962392754, 2.105240838482559]
输出功率表
[0.0, 0.0, 0.0, 0.0, 0.0, 0.0, 0.0, 0.0, 0.0, 0.0, 0.0, 0.0, 0.0, 0.0, 0.0, 0.0, 0.0, 0.0, 0.0, 0.0, 0.0, 0.0, 0.0, 0.0, 0.0, 0.0, 0.0, 0.0, 0.0, 0.0, 0.0, 0.0, 0.0, 0.0, 0.0, 0.0, 0.0, 0.0, 0.0, 0.0, 0.0, 0.0, 0.0, 0.0, 0.0, 0.0, 0.0, 0.0, 0.0, 0.0, 0.0, 0.0, 0.0, 0.0, 0.0, 0.0, 0.0, 0.0, 0.0, 0.0, 0.0, 0.0, 0.0, 0.0]
稳定检测中(0/3)，变动=0.00010004777663052283，绝对误差=0.12617533987943066
，热浴温度表
[2.105307926684965, 2.105274381964434, 2.105307926684965, 2.105274381964434, 2.1052072962392754, 2.1052072962392754, 2.1051737552345093, 2.105140215468199, 2.1051737552345093, 2.105106676940281, 2.105006068786154, 2.1050396035993244, 2.1050396035993244, 2.1050731396506768, 2.1050731396506768, 2.104972535211101, 2.104972535211101, 2.104972535211101, 2.1050396035993244, 2.104972535211101, 2.105106676940281, 2.1050396035993244, 2.104939002874087, 2.1049054717750613, 2.104939002874087, 2.1049054717750613, 2.104737834847219, 2.1047043111746424, 2.104871941913941, 2.1049054717750613, 2.1048384132906652, 2.1048384132906652, 2.1048384132906652, 2.1047713597573745, 2.1047713597573745, 2.1047043111746424, 2.104737834847219, 2.104670788739563, 2.104670788739563, 2.104670788739563, 2.104670788739563, 2.104670788739563, 2.1047043111746424, 2.1047043111746424, 2.1044361663384357, 2.1046372675419227, 2.104670788739563, 2.1046037475816504, 2.104536711372937, 2.1045031951243613, 2.104570228858677, 2.104536711372937, 2.104536711372937, 2.1046037475816504, 2.104570228858677, 2.104570228858677, 2.1047713597573745, 2.1046372675419227, 2.1044361663384357, 2.1044361663384357, 2.1044696801128824, 2.1044361663384357, 2.1044361663384357, 2.1044026538009444]
输出功率表
[0.0, 0.0, 0.0, 0.0, 0.0, 0.0, 0.0, 0.0, 0.0, 0.0, 0.0, 0.0, 0.0, 0.0, 0.0, 0.0, 0.0, 0.0, 0.0, 0.0, 0.0, 0.0, 0.0, 0.0, 0.0, 0.0, 0.0, 0.0, 0.0, 0.0, 0.0, 0.0, 0.0, 0.0, 0.0, 0.0, 0.0, 0.0, 0.0, 0.0, 0.0, 0.0, 0.0, 0.0, 0.0, 0.0, 0.0, 0.0, 0.0, 0.0, 0.0, 0.0, 0.0, 0.0, 0.0, 0.0, 0.0, 0.0, 0.0, 0.0, 0.0, 0.0, 0.0, 0.0]
稳定检测中(1/3)，变动=8.617837413891604e-05，绝对误差=0.12590050671565164
，热浴温度表
[2.1043691425003512, 2.1044696801128824, 2.1044361663384357, 2.1044361663384357, 2.1043691425003512, 2.104335632436583, 2.1043691425003512, 2.1043021236095703, 2.1042686160192496, 2.1043021236095703, 2.104201604548406, 2.104235109665552, 2.1042686160192496, 2.104335632436583, 2.1042686160192496, 2.104235109665552, 2.1041345980235078, 2.1041681006677484, 2.104201604548406, 2.1041345980235078, 2.1040340975086287, 2.1041345980235078, 2.103967103346225, 2.104067596444016, 2.1040005998093845, 2.1040005998093845, 2.104067596444016, 2.104067596444016, 2.104067596444016, 2.1040340975086287, 2.104067596444016, 2.1040340975086287, 2.103933608119074, 2.103967103346225, 2.103933608119074, 2.103967103346225, 2.103933608119074, 2.1040005998093845, 2.1040005998093845, 2.103900114127872, 2.103900114127872, 2.103933608119074, 2.103900114127872, 2.103900114127872, 2.1038666213725423, 2.103933608119074, 2.103933608119074, 2.103900114127872, 2.1038666213725423, 2.1037996395692473, 2.1037661505211402, 2.1037996395692473, 2.1037661505211402, 2.1038331298530255, 2.1038331298530255, 2.1038331298530255, 2.1036991761316823, 2.1037326627086443, 2.103665690790193, 2.1036991761316823, 2.1036991761316823, 2.1036991761316823, 2.1036991761316823, 2.103632206684108]
输出功率表
[0.0, 0.0, 0.0, 0.0, 0.0, 0.0, 0.0, 0.0, 0.0, 0.0, 0.0, 0.0, 0.0, 0.0, 0.0, 0.0, 0.0, 0.0, 0.0, 0.0, 0.0, 0.0, 0.0, 0.0, 0.0, 0.0, 0.0, 0.0, 0.0, 0.0, 0.0, 0.0, 0.0, 0.0, 0.0, 0.0, 0.0, 0.0, 0.0, 0.0, 0.0, 0.0, 0.0, 0.0, 0.0, 0.0, 0.0, 0.0, 0.0, 0.0, 0.0, 0.0, 0.0, 0.0, 0.0, 0.0, 0.0, 0.0, 0.0, 0.0, 0.0, 0.0, 0.0, 0.0]
稳定检测中(2/3)，变动=8.465693550738743e-05，绝对误差=0.12565863191948168
，热浴温度表
[2.1037326627086443, 2.1037996395692473, 2.103665690790193, 2.1035987238133553, 2.103632206684108, 2.103665690790193, 2.103632206684108, 2.103632206684108, 2.1035652421778703, 2.1035652421778703, 2.1035652421778703, 2.1035317617775875, 2.1035317617775875, 2.1035317617775875, 2.1035317617775875, 2.1034648046823436, 2.103364378301789, 2.1034313279872547, 2.1034648046823436, 2.1034313279872547, 2.1034648046823436, 2.1034648046823436, 2.103397852527089, 2.103397852527089, 2.1034648046823436, 2.1034313279872547, 2.103397852527089, 2.103364378301789, 2.103364378301789, 2.103029703951251, 2.103263963034371, 2.1032304937478368, 2.1033309053112803, 2.103364378301789, 2.103263963034371, 2.1032974335554973, 2.103263963034371, 2.103263963034371, 2.103163558878271, 2.1031300932951047, 2.1032304937478368, 2.1031970256958283, 2.1031970256958283, 2.1032304937478368, 2.1031300932951047, 2.103163558878271, 2.103163558878271, 2.1031970256958283, 2.102996243304956, 2.103029703951251, 2.1030966289462536, 2.102996243304956, 2.102996243304956, 2.1030631658316605, 2.1030966289462536, 2.1032974335554973, 2.1031970256958283, 2.103163558878271, 2.1031300932951047, 2.1030631658316605, 2.103029703951251, 2.102996243304956, 2.1029627838927127, 2.103029703951251]
输出功率表
[0.0, 0.0, 0.0, 0.0, 0.0, 0.0, 0.0, 0.0, 0.0, 0.0, 0.0, 0.0, 0.0, 0.0, 0.0, 0.0, 0.0, 0.0, 0.0, 0.0, 0.0, 0.0, 0.0, 0.0, 0.0, 0.0, 0.0, 0.0, 0.0, 0.0, 0.0, 0.0, 0.0, 0.0, 0.0, 0.0, 0.0, 0.0, 0.0, 0.0, 0.0, 0.0, 0.0, 0.0, 0.0, 0.0, 0.0, 0.0, 0.0, 0.0, 0.0, 0.0, 0.0, 0.0, 0.0, 0.0, 0.0, 0.0, 0.0, 0.0, 0.0, 0.0, 0.0, 0.0]
稳定检测中(3/3)，变动=7.243643218945806e-05，绝对误差=0.12543962987023166
，热浴温度表
[2.1029627838927127, 2.1029627838927127, 2.102996243304956, 2.102996243304956, 2.102862413059605, 2.103029703951251, 2.10292932571445, 2.1028958687701036, 2.10292932571445, 2.1028958687701036, 2.102862413059605, 2.102862413059605, 2.1028958687701036, 2.1027955053398735, 2.102828958582883, 2.102828958582883, 2.102828958582883, 2.102862413059605, 2.1028958687701036, 2.1028958687701036, 2.102862413059605, 2.102762053330505, 2.102762053330505, 2.102762053330505, 2.1027286025547154, 2.102762053330505, 2.102762053330505, 2.102762053330505, 2.1027286025547154, 2.1026951530124327, 2.102661704703598, 2.1025948117859716, 2.1026282576281305, 2.1025948117859716, 2.102661704703598, 2.1026951530124327, 2.1026282576281305, 2.1025948117859716, 2.1026282576281305, 2.1025948117859716, 2.1025948117859716, 2.1026282576281305, 2.102527923801296, 2.102494481658651, 2.102527923801296, 2.1024276010723972, 2.1024276010723972, 2.102494481658651, 2.102527923801296, 2.102527923801296, 2.102527923801296, 2.1025948117859716, 2.1025948117859716, 2.102561367177048, 2.102494481658651, 2.102494481658651, 2.1024276010723972, 2.1023607254177485, 2.102494481658651, 2.1023941626286553, 2.1023941626286553, 2.1023941626286553, 2.1023941626286553, 2.102461040749042]
输出功率表
[0.0, 0.0, 0.0, 0.0, 0.0, 0.0, 0.0, 0.0, 0.0, 0.0, 0.0, 0.0, 0.0, 0.0, 0.0, 0.0, 0.0, 0.0, 0.0, 0.0, 0.0, 0.0, 0.0, 0.0, 0.0, 0.0, 0.0, 0.0, 0.0, 0.0, 0.0, 0.0, 0.0, 0.0, 0.0, 0.0, 0.0, 0.0, 0.0, 0.0, 0.0, 0.0, 0.0, 0.0, 0.0, 0.0, 0.0, 0.0, 0.0, 0.0, 0.0, 0.0, 0.0, 0.0, 0.0, 0.0, 0.0, 0.0, 0.0, 0.0, 0.0, 0.0, 0.0, 0.0]
温度1.8K下的第1次测量开始
新设定点数=200个，设定电流=1.000000e-05A
开始取REL
REL=0.00037675956619187545K，开始升温。。。
设定电流=1e-05,期望温差=1,设定温度=1.8,晶中温度=2.105859799750477,温度差=-6.150771330659666e-05
单次测量结束，时间=644s	设定温度=1.8	温度差=-6.150771330659666e-05K	相对热导-8.345648901646705e-09V/W	时间常数=2s	时间偏离=1s
结束小循环
等待30秒降温缓和
