
创建文件成功

---------------------少女祈禱中。。。--------------------
新温度循环
调节热浴温度为1.8K
开始检查温度稳定性
稳定检测中(0/3)，变动=0.02190039726636204，绝对误差=0.007312892751709182
，热浴温度表
[1.616120896114026, 1.623816536752958, 1.6594691652792162, 1.692086974633003, 1.716526595307914, 1.7347406119750286, 1.7484052592980557, 1.7589614875627113, 1.7675569261442, 1.7749951497771472, 1.7806287288274891, 1.7848023876255594, 1.7883592515854358, 1.7917264179456334, 1.7942099028608343, 1.7966553888571624, 1.7987379887120143, 1.8000831589617068, 1.8011052325159487, 1.802035590472824, 1.8030136989201486, 1.8036897976930086, 1.804086412197066, 1.804296468660187, 1.8044832344083366, 1.8044832344083366, 1.8044832344083366, 1.8043431557824816, 1.8038297555755636, 1.803736447447607, 1.8034799093414058, 1.8035032273975586, 1.8034565920030945, 1.8032700791347962, 1.8029903959316023, 1.8027341103812693, 1.8025477753671533, 1.8023149210827467, 1.8020588640861281, 1.802175242890347, 1.802128689220985, 1.8020588640861281, 1.801709835027128, 1.801430727664301, 1.8010587446421624, 1.8008960595848391, 1.8008263481301487, 1.8006172523205495, 1.800384991447391, 1.8002224512858855, 1.800059946069952, 1.8001295868841745, 1.8003153270983951, 1.8002688877656594, 1.8003153270983951, 1.8005940230219535, 1.800384991447391, 1.8003617692843623, 1.8002456691691682, 1.7999903116722145, 1.799897475788215, 1.799735040429302, 1.7994334673763663, 1.799340699880784]
输出功率表
[100.0, 100.0, 71.0, 55.4, 45.6, 39.1, 34.6, 30.9, 28.0, 25.5, 23.9, 22.2, 20.8, 20.1, 18.5, 17.9, 17.2, 16.5, 15.9, 15.4, 15.0, 14.7, 14.3, 14.1, 14.1, 13.8, 13.7, 13.9, 13.6, 13.7, 13.2, 13.6, 13.1, 13.4, 13.3, 13.3, 13.2, 13.2, 13.0, 13.1, 12.6, 12.9, 13.1, 13.4, 13.2, 13.4, 13.0, 13.4, 13.3, 13.5, 13.5, 13.6, 13.3, 13.1, 13.0, 13.2, 13.3, 13.0, 13.3, 13.3, 13.5, 13.3, 13.5, 13.4]
稳定检测中(0/3)，变动=0.00013266586447856362，绝对误差=2.5131301956895652e-05
，热浴温度表
[1.7994102744344789, 1.7993175097867606, 1.799387082204611, 1.7995262462647172, 1.7997582433428723, 1.799549442767173, 1.799572639981842, 1.799735040429302, 1.7994334673763663, 1.7998278563587926, 1.7999903116722145, 1.80003673389114, 1.7999206836900667, 1.7998278563587926, 1.7999206836900667, 1.799572639981842, 1.7996190365479585, 1.7992479437758542, 1.7990161033337333, 1.7992015699942223, 1.7992479437758542, 1.7992479437758542, 1.7994102744344789, 1.79950305047444, 1.799711838228206, 1.7996422358994701, 1.7997582433428723, 1.79985106212261, 1.799735040429302, 1.7996886367395601, 1.799711838228206, 1.7995958379087609, 1.799387082204611, 1.799294320404619, 1.7993175097867606, 1.7992711317343286, 1.7991551990594594, 1.7991551990594594, 1.799294320404619, 1.799294320404619, 1.7993175097867606, 1.799340699880784, 1.799456661030297, 1.799572639981842, 1.7998742685990752, 1.799735040429302, 1.7998742685990752, 1.799897475788215, 1.79950305047444, 1.799456661030297, 1.7995262462647172, 1.799224756529163, 1.799108830971299, 1.7990161033337333, 1.7989697437837984, 1.7990392841758625, 1.7992015699942223, 1.7992015699942223, 1.7992479437758542, 1.7994102744344789, 1.799549442767173, 1.799735040429302, 1.799711838228206, 1.799549442767173]
输出功率表
[13.6, 13.4, 13.3, 13.2, 13.5, 13.2, 13.3, 13.6, 13.5, 13.3, 13.2, 13.2, 13.4, 13.1, 13.3, 13.5, 13.5, 13.6, 13.6, 13.6, 13.6, 13.7, 13.3, 13.4, 13.3, 13.3, 13.2, 13.5, 13.4, 13.5, 13.4, 13.6, 13.3, 13.7, 13.8, 13.5, 13.8, 13.5, 13.6, 13.7, 13.5, 13.6, 13.6, 13.1, 13.3, 13.4, 13.3, 13.7, 13.6, 13.4, 13.7, 13.9, 13.5, 13.6, 13.7, 13.7, 13.7, 13.8, 13.7, 13.7, 13.5, 13.5, 13.7, 13.6]
稳定检测中(0/3)，变动=0.00011786757920095794，绝对误差=5.500361686890262e-06
，热浴温度表
[1.7995262462647172, 1.7996190365479585, 1.7995262462647172, 1.7994334673763663, 1.7994334673763663, 1.799340699880784, 1.7991783841709987, 1.7991551990594594, 1.799224756529163, 1.7993638906867238, 1.799549442767173, 1.7995958379087609, 1.7995262462647172, 1.7996190365479585, 1.79985106212261, 1.799711838228206, 1.799897475788215, 1.799967101632031, 1.7998742685990752, 1.7997582433428723, 1.7997582433428723, 1.799735040429302, 1.7996422358994701, 1.7993638906867238, 1.7990624657294791, 1.799224756529163, 1.799108830971299, 1.7992015699942223, 1.799224756529163, 1.7992015699942223, 1.799572639981842, 1.7995958379087609, 1.799735040429302, 1.799804651307585, 1.7998278563587926, 1.7998742685990752, 1.7996190365479585, 1.7996886367395601, 1.79950305047444, 1.799294320404619, 1.799340699880784, 1.7992015699942223, 1.799224756529163, 1.7994102744344789, 1.799456661030297, 1.7993175097867606, 1.7994102744344789, 1.7994334673763663, 1.7997814469689577, 1.7999903116722145, 1.7999903116722145, 1.79985106212261, 1.7997582433428723, 1.7997814469689577, 1.799711838228206, 1.7995262462647172, 1.7995958379087609, 1.7995262462647172, 1.7994334673763663, 1.7994798553963123, 1.7994798553963123, 1.799456661030297, 1.7992711317343286, 1.799572639981842]
输出功率表
[13.4, 13.5, 13.5, 13.7, 13.7, 13.9, 13.9, 14.0, 13.9, 13.8, 13.4, 13.7, 13.5, 13.5, 13.5, 13.5, 13.5, 13.4, 13.4, 13.6, 13.2, 13.7, 13.8, 13.8, 13.9, 13.8, 13.7, 13.8, 14.0, 13.6, 13.6, 13.7, 13.5, 13.2, 13.4, 13.6, 13.3, 13.6, 13.8, 13.9, 13.7, 13.6, 13.7, 13.5, 13.9, 13.7, 13.6, 13.5, 13.5, 13.5, 13.6, 13.4, 13.5, 13.6, 13.6, 13.1, 13.7, 13.6, 13.7, 13.4, 13.6, 14.0, 13.5, 13.7]
稳定检测中(0/3)，变动=0.00013689485452510615，绝对误差=2.8358507769468093e-05
，热浴温度表
[1.7996190365479585, 1.79985106212261, 1.7999206836900667, 1.799804651307585, 1.799897475788215, 1.799967101632031, 1.7999438923046593, 1.7999903116722145, 1.79985106212261, 1.7997582433428723, 1.799665435963324, 1.7994798553963123, 1.799224756529163, 1.7993175097867606, 1.799340699880784, 1.7994102744344789, 1.7994102744344789, 1.7996886367395601, 1.7996886367395601, 1.799711838228206, 1.7999438923046593, 1.799735040429302, 1.800013522425241, 1.79985106212261, 1.7998278563587926, 1.7997814469689577, 1.7996190365479585, 1.7994798553963123, 1.799387082204611, 1.7992015699942223, 1.799387082204611, 1.7993638906867238, 1.799387082204611, 1.799456661030297, 1.799665435963324, 1.7998278563587926, 1.7999438923046593, 1.799967101632031, 1.8001063725664366, 1.7998278563587926, 1.799711838228206, 1.799711838228206, 1.799572639981842, 1.799340699880784, 1.7994334673763663, 1.7992711317343286, 1.799108830971299, 1.7992479437758542, 1.7991783841709987, 1.799340699880784, 1.79950305047444, 1.799572639981842, 1.7997814469689577, 1.7998742685990752, 1.7999903116722145, 1.7998742685990752, 1.799804651307585, 1.7996190365479585, 1.7994102744344789, 1.799294320404619, 1.7991783841709987, 1.799224756529163, 1.7992015699942223, 1.7989929232030544]
输出功率表
[13.3, 13.4, 13.6, 13.5, 13.5, 13.3, 13.3, 13.5, 13.3, 13.2, 13.5, 13.8, 13.8, 13.6, 13.6, 13.6, 13.4, 13.3, 13.4, 12.9, 13.4, 13.3, 13.6, 13.2, 13.4, 13.7, 13.6, 13.5, 13.7, 13.8, 13.5, 13.8, 13.4, 13.4, 13.6, 13.3, 13.3, 13.1, 13.3, 13.3, 13.4, 13.3, 13.4, 13.5, 13.7, 13.9, 13.6, 13.5, 13.7, 13.6, 13.5, 13.3, 13.2, 13.2, 13.2, 13.2, 13.5, 13.5, 13.3, 13.8, 13.9, 13.7, 13.7, 13.6]
稳定检测中(0/3)，变动=0.0001375968780905551，绝对误差=2.5131301956895652e-05
，热浴温度表
[1.799108830971299, 1.7990624657294791, 1.7991783841709987, 1.7994102744344789, 1.799711838228206, 1.799665435963324, 1.7997814469689577, 1.7997814469689577, 1.7998742685990752, 1.7997582433428723, 1.7998278563587926, 1.7995958379087609, 1.7996190365479585, 1.7992711317343286, 1.7992015699942223, 1.7991551990594594, 1.7991320146595688, 1.7991320146595688, 1.799340699880784, 1.799456661030297, 1.799665435963324, 1.7996190365479585, 1.799665435963324, 1.799665435963324, 1.799804651307585, 1.7996422358994701, 1.7995958379087609, 1.7995262462647172, 1.799456661030297, 1.799224756529163, 1.7991320146595688, 1.7990392841758625, 1.7992015699942223, 1.7991320146595688, 1.7992015699942223, 1.7992015699942223, 1.7993175097867606, 1.799572639981842, 1.7997582433428723, 1.7998742685990752, 1.7999206836900667, 1.7999206836900667, 1.799804651307585, 1.7996886367395601, 1.7996886367395601, 1.799711838228206, 1.799456661030297, 1.799340699880784, 1.7990624657294791, 1.799085647994612, 1.7989929232030544, 1.7991320146595688, 1.7993175097867606, 1.7994102744344789, 1.7994334673763663, 1.7993175097867606, 1.7996190365479585, 1.7997582433428723, 1.799804651307585, 1.799804651307585, 1.799735040429302, 1.7999206836900667, 1.7998278563587926, 1.799549442767173]
输出功率表
[14.1, 13.7, 13.7, 13.5, 13.4, 13.5, 13.6, 13.5, 13.4, 13.4, 13.9, 13.7, 13.6, 13.7, 13.7, 13.8, 13.7, 13.6, 13.8, 13.7, 13.6, 13.4, 13.6, 13.4, 13.5, 13.4, 13.6, 13.4, 13.7, 13.8, 13.9, 13.5, 13.7, 13.6, 13.6, 13.7, 13.5, 13.6, 13.7, 13.4, 13.3, 13.6, 13.8, 13.6, 13.8, 13.8, 13.7, 13.8, 13.8, 14.1, 13.6, 13.7, 13.6, 13.7, 13.8, 13.3, 13.6, 13.5, 13.6, 13.5, 13.5, 13.5, 13.7, 13.7]
