
创建文件成功

---------------------少女祈禱中。。。--------------------
新温度循环
调节热浴温度为1.8K
开始检查温度稳定性
稳定检测中(0/3)，变动=0.0025799781748951168，绝对误差=0.014819641649874092
，热浴温度表
[1.839258853202113, 1.8389657185458477, 1.83867269476051, 1.8383553773676888, 1.8380869795492816, 1.8377699020281892, 1.8374773303088983, 1.8371848691390282, 1.8368194480406943, 1.8364785439953044, 1.8362107961754564, 1.8359188133245092, 1.835651259198769, 1.835262254781945, 1.8349463327875195, 1.8348005661843612, 1.8344848328506322, 1.834096415038852, 1.8338537530601953, 1.8335869129263405, 1.8332231885753467, 1.8329565662639835, 1.8326173619364796, 1.832375164390083, 1.8320120105747002, 1.8317700029813568, 1.831528071306195, 1.8311653160613135, 1.8308994039896422, 1.8306094226800518, 1.830319550444157, 1.830005645203337, 1.8296918678210816, 1.8294264636897861, 1.8291852665565478, 1.8288718232016594, 1.8286067015483474, 1.8282934936539497, 1.8280044917793672, 1.8277396687252816, 1.827474936808443, 1.8271381370131894, 1.8268736120501858, 1.8265851431264672, 1.8263208083450315, 1.8259845136961927, 1.8256723718269712, 1.8254803475399048, 1.825144420505171, 1.8248326197742504, 1.8245449160524538, 1.8243052452864292, 1.82404169385116, 1.8238021801511164, 1.8235627411896915, 1.8232755130413174, 1.8230362383807683, 1.8227492072911486, 1.8225100967610386, 1.822271060779393, 1.8220082072611161, 1.8217693277168774, 1.8214588955913003, 1.8212440546975026]
输出功率表
[0.0, 0.0, 0.0, 0.0, 0.0, 0.0, 0.0, 0.0, 0.0, 0.0, 0.0, 0.0, 0.0, 0.0, 0.0, 0.0, 0.0, 0.0, 0.0, 0.0, 0.0, 0.0, 0.0, 0.0, 0.0, 0.0, 0.0, 0.0, 0.0, 0.0, 0.0, 0.0, 0.0, 0.0, 0.0, 0.0, 0.0, 0.0, 0.0, 0.0, 0.0, 0.0, 0.0, 0.0, 0.0, 0.0, 0.0, 0.0, 0.0, 0.0, 0.0, 0.0, 0.0, 0.0, 0.0, 0.0, 0.0, 0.0, 0.0, 0.0, 0.0, 0.0, 0.0, 0.0]
稳定检测中(0/3)，变动=0.00234439475710256，绝对误差=0.006524939034532575
，热浴温度表
[1.8209576938647014, 1.8207668461028985, 1.8204568198911346, 1.8201469191566813, 1.8198847934073275, 1.8195989403878174, 1.819408431008801, 1.819170360966882, 1.8189085694568792, 1.8185992949582144, 1.8183614765727396, 1.8180999617481073, 1.8177910140567, 1.8176009544448621, 1.817339699626092, 1.8171022727268011, 1.8168174578024985, 1.8165090280851928, 1.8162955727566241, 1.8160347639101202, 1.815750346735156, 1.815513413339814, 1.8152291903142979, 1.815039767087185, 1.81477938690696, 1.8145190955616264, 1.8142115929853735, 1.8139987791922396, 1.8137151198263444, 1.8134551914193369, 1.8131717342055367, 1.8129119910046991, 1.8126759376262962, 1.8123927700762503, 1.8121568774977153, 1.8118739028080624, 1.8116381708636913, 1.8113318284073214, 1.8110727118122725, 1.810813683400623, 1.8105782795109713, 1.8103194193233718, 1.8100606471871568, 1.8098489899913461, 1.8096373916838724, 1.809355352168469, 1.8090029498436024, 1.8087681056915716, 1.8085098609129386, 1.8082047756472606, 1.8080170917428953, 1.8077591020674382, 1.8075949724340674, 1.8072668195484607, 1.8069388084270648, 1.8067748559989818, 1.806540699660804, 1.8063066155466458, 1.8060492063995774, 1.8057684959908724, 1.805464510229636, 1.8051840160938106, 1.8048802644915503, 1.8046934009007787]
输出功率表
[0.0, 0.0, 0.0, 0.0, 0.0, 0.0, 0.0, 0.0, 0.0, 0.0, 0.0, 0.0, 0.0, 0.0, 0.0, 0.0, 0.0, 0.0, 0.0, 0.0, 0.0, 0.0, 0.0, 0.0, 0.0, 0.0, 0.0, 0.0, 0.0, 0.0, 0.0, 0.0, 0.0, 0.0, 0.0, 0.0, 0.0, 0.0, 0.0, 0.0, 0.0, 0.0, 0.0, 0.0, 0.0, 0.0, 0.0, 0.0, 0.0, 0.0, 0.0, 0.0, 0.0, 0.0, 0.0, 0.0, 0.0, 0.0, 0.0, 0.0, 0.0, 0.0, 0.0, 0.0]
稳定检测中(0/3)，变动=0.001659034773805998，绝对误差=0.0008915941793758795
，热浴温度表
[1.8045065833632612, 1.8041797634365648, 1.803993072456925, 1.8036897976930086, 1.8034332753825881, 1.8032001486494884, 1.8029437921058813, 1.8027574054831448, 1.8024779115600713, 1.802175242890347, 1.8019890453934886, 1.801709835027128, 1.801430727664301, 1.8012214647036435, 1.801012259625859, 1.8008031124067048, 1.8005475665658512, 1.8002224512858855, 1.799967101632031, 1.7997582433428723, 1.799549442767173, 1.7993175097867606, 1.7990624657294791, 1.7987843340368683, 1.7985526358521957, 1.7983673284830355, 1.7981126050971017, 1.797857967641051, 1.7976496917884002, 1.797325821350165, 1.7971870622816721, 1.797025208953771, 1.7967709381585542, 1.7964936495740635, 1.7962626536206412, 1.7960317284203517, 1.7959855518677843, 1.7957547115279342, 1.7955470156552227, 1.7953624451454315, 1.795131795568944, 1.795085674125794, 1.7949473267359253, 1.7948320566504044, 1.794693755828904, 1.794578524540466, 1.7945554803983286, 1.7944633108805226, 1.794371152642342, 1.7942790056816955, 1.7943020413647042, 1.7942329364297938, 1.7941638378367324, 1.7941638378367324, 1.794186869996491, 1.7942790056816955, 1.7942099028608343, 1.7942559707034011, 1.7943250777524593, 1.7944172303516113, 1.7944402702635958, 1.7945093942293433, 1.794578524540466, 1.7946476611978475]
输出功率表
[0.0, 0.0, 0.0, 0.0, 0.0, 0.0, 0.0, 0.0, 0.0, 0.0, 0.0, 0.0, 0.0, 0.0, 0.0, 0.0, 0.0, 0.0, 0.0, 0.0, 0.0, 0.0, 0.0, 0.0, 0.0, 0.0, 0.0, 0.0, 0.0, 0.0, 0.0, 0.0, 0.0, 0.1, 0.1, 0.1, 0.1, 0.2, 0.2, 0.2, 0.3, 0.3, 0.3, 0.4, 0.4, 0.4, 0.5, 0.6, 0.6, 0.6, 0.7, 0.8, 0.8, 0.8, 0.9, 0.9, 1.0, 1.0, 1.1, 1.2, 1.2, 1.2, 1.3, 1.3]
稳定检测中(0/3)，变动=0.0006063668354855193，绝对误差=0.0010380157797377104
，热浴温度表
[1.7947398532811767, 1.794855109256378, 1.7949242713076252, 1.7950626144630255, 1.7951779198357938, 1.795270176841641, 1.7954316537888086, 1.7954777964160928, 1.7955470156552227, 1.795777792380736, 1.7958932072480307, 1.7960779078017342, 1.796170275051986, 1.7962857500315494, 1.7964705467938937, 1.7965167530620927, 1.7966553888571624, 1.7967478268819, 1.7969096206929733, 1.7969558538717076, 1.7970945704133747, 1.7971176923172958, 1.7972333124687678, 1.797325821350165, 1.7974183415762635, 1.7974877391920616, 1.7975571431913298, 1.7976728307113445, 1.7977191106858854, 1.7977885359698074, 1.7978811129510248, 1.7979737012895936, 1.79799685014907, 1.7980431499980531, 1.7980894526872988, 1.7982052218382862, 1.7982283777992387, 1.7983210087466792, 1.798344168259611, 1.798344168259611, 1.7983210087466792, 1.7984136510615016, 1.7984368134166067, 1.7984599764823423, 1.7984368134166067, 1.7984831402587331, 1.7984831402587331, 1.7985063047458172, 1.7984599764823423, 1.798529469943628, 1.798529469943628, 1.7985526358521957, 1.7985758024715564, 1.7986453065947152, 1.7985989698017406, 1.798529469943628, 1.7985526358521957, 1.7985758024715564, 1.7985989698017406, 1.7985758024715564, 1.7986221378427842, 1.7985758024715564, 1.7986221378427842, 1.7985758024715564]
输出功率表
[1.3, 1.4, 1.4, 1.5, 1.5, 1.5, 1.6, 1.7, 1.6, 1.7, 1.7, 1.7, 1.7, 1.7, 1.8, 1.8, 1.8, 1.8, 1.9, 1.9, 1.9, 1.9, 1.9, 1.9, 1.9, 2.0, 2.0, 1.9, 2.0, 2.1, 2.0, 2.1, 2.0, 2.1, 2.1, 2.1, 2.1, 2.1, 2.1, 2.2, 2.2, 2.1, 2.2, 2.2, 2.2, 2.3, 2.3, 2.3, 2.3, 2.3, 2.3, 2.3, 2.3, 2.3, 2.4, 2.4, 2.4, 2.4, 2.4, 2.4, 2.5, 2.5, 2.5, 2.5]
稳定检测中(0/3)，变动=3.444219362753706e-05，绝对误差=0.00048780915107106805
，热浴温度表
[1.7985526358521957, 1.7985526358521957, 1.7985758024715564, 1.7985989698017406, 1.7985989698017406, 1.7985526358521957, 1.7985989698017406, 1.7985989698017406, 1.7985989698017406, 1.7985526358521957, 1.7985063047458172, 1.7985063047458172, 1.7984831402587331, 1.7985526358521957, 1.7985526358521957, 1.7985758024715564, 1.7985063047458172, 1.7985063047458172, 1.7984831402587331, 1.7985063047458172, 1.7984831402587331, 1.7984368134166067, 1.7985063047458172, 1.798529469943628, 1.7984599764823423, 1.7984599764823423, 1.7985063047458172, 1.798529469943628, 1.7984368134166067, 1.7984831402587331, 1.7984831402587331, 1.7985063047458172, 1.798529469943628, 1.798529469943628, 1.798529469943628, 1.7985063047458172, 1.798529469943628, 1.7985526358521957, 1.7985526358521957, 1.7985063047458172, 1.7985758024715564, 1.7985989698017406, 1.7985989698017406, 1.7985526358521957, 1.7985063047458172, 1.7985758024715564, 1.7985758024715564, 1.7985989698017406, 1.7985989698017406, 1.7986453065947152, 1.7985526358521957, 1.7986221378427842, 1.7986453065947152, 1.7986684760575713, 1.7986453065947152, 1.7986453065947152, 1.7986684760575713, 1.7986916462313869, 1.7986916462313869, 1.79871481711619, 1.7986453065947152, 1.7986684760575713, 1.79871481711619, 1.7986916462313869]
输出功率表
[2.5, 2.5, 2.6, 2.6, 2.6, 2.6, 2.6, 2.6, 2.7, 2.7, 2.7, 2.7, 2.7, 2.7, 2.7, 2.8, 2.8, 2.8, 2.8, 2.9, 2.9, 2.9, 2.9, 2.9, 2.9, 3.0, 3.0, 3.0, 3.0, 3.1, 3.1, 3.1, 3.1, 3.1, 3.1, 3.1, 3.2, 3.2, 3.2, 3.2, 3.2, 3.3, 3.2, 3.3, 3.3, 3.3, 3.3, 3.3, 3.4, 3.4, 3.4, 3.4, 3.4, 3.4, 3.5, 3.5, 3.5, 3.5, 3.5, 3.6, 3.6, 3.5, 3.5, 3.6]
稳定检测中(0/3)，变动=3.372732927660157e-05，绝对误差=0.0003575965839595393
，热浴温度表
[1.7986453065947152, 1.7986684760575713, 1.79871481711619, 1.7987379887120143, 1.7987379887120143, 1.79871481711619, 1.79871481711619, 1.7987379887120143, 1.79871481711619, 1.79871481711619, 1.7988075077659598, 1.7987379887120143, 1.79871481711619, 1.7987843340368683, 1.7987843340368683, 1.7987611610188958, 1.7987611610188958, 1.7988306822062081, 1.7988075077659598, 1.7988306822062081, 1.7988075077659598, 1.7988306822062081, 1.7988306822062081, 1.7988306822062081, 1.7988306822062081, 1.7988538573576422, 1.7987843340368683, 1.7988306822062081, 1.7987843340368683, 1.7988538573576422, 1.7988306822062081, 1.7988075077659598, 1.7988075077659598, 1.7988538573576422, 1.7988770332202981, 1.7988538573576422, 1.7988538573576422, 1.7988306822062081, 1.7988770332202981, 1.7988538573576422, 1.7988538573576422, 1.7988770332202981, 1.7988770332202981, 1.7988306822062081, 1.7988538573576422, 1.7988770332202981, 1.7988306822062081, 1.7988538573576422, 1.7989002097942088, 1.798923387079408, 1.798923387079408, 1.7988770332202981, 1.7988770332202981, 1.7988770332202981, 1.7988770332202981, 1.7989002097942088, 1.7989002097942088, 1.798923387079408, 1.798923387079408, 1.798923387079408, 1.7989002097942088, 1.7988770332202981, 1.798923387079408, 1.7988770332202981]
输出功率表
[3.6, 3.6, 3.6, 3.6, 3.7, 3.7, 3.7, 3.7, 3.7, 3.7, 3.8, 3.8, 3.7, 3.8, 3.8, 3.8, 3.8, 3.9, 3.9, 3.9, 3.9, 3.9, 3.9, 3.9, 3.9, 4.0, 4.0, 4.0, 4.0, 4.0, 4.1, 4.0, 4.1, 4.1, 4.1, 4.1, 4.1, 4.1, 4.1, 4.1, 4.1, 4.2, 4.2, 4.2, 4.2, 4.2, 4.2, 4.3, 4.3, 4.3, 4.3, 4.3, 4.3, 4.4, 4.4, 4.3, 4.4, 4.4, 4.4, 4.4, 4.5, 4.5, 4.5, 4.5]
稳定检测中(0/3)，变动=1.980224311508948e-05，绝对误差=0.0002788927225104252
，热浴温度表
[1.7989002097942088, 1.7989002097942088, 1.7989697437837984, 1.7989929232030544, 1.7989929232030544, 1.7989697437837984, 1.7989697437837984, 1.7989697437837984, 1.7989465650759255, 1.7989465650759255, 1.7989465650759255, 1.798923387079408, 1.798923387079408, 1.7989002097942088, 1.7989465650759255, 1.798923387079408, 1.798923387079408, 1.7989465650759255, 1.7990161033337333, 1.7990161033337333, 1.7989929232030544, 1.7989465650759255, 1.7989697437837984, 1.7989465650759255, 1.7989465650759255, 1.7989697437837984, 1.7989697437837984, 1.7989697437837984, 1.7990161033337333, 1.7989697437837984, 1.798923387079408, 1.7989929232030544, 1.7989697437837984, 1.7989465650759255, 1.7989929232030544, 1.7989929232030544, 1.7989929232030544, 1.7990161033337333, 1.7990392841758625, 1.7990161033337333, 1.7990392841758625, 1.7990392841758625, 1.7990392841758625, 1.7990392841758625, 1.7990161033337333, 1.7990161033337333, 1.7989929232030544, 1.7990161033337333, 1.7989465650759255, 1.7990392841758625, 1.7990161033337333, 1.7990624657294791, 1.7990161033337333, 1.7989929232030544, 1.7989929232030544, 1.7990161033337333, 1.7990161033337333, 1.7990392841758625, 1.7990161033337333, 1.7990161033337333, 1.7990161033337333, 1.7990161033337333, 1.7990161033337333, 1.7989697437837984]
输出功率表
[4.5, 4.5, 4.5, 4.5, 4.6, 4.5, 4.6, 4.6, 4.5, 4.6, 4.6, 4.6, 4.7, 4.6, 4.7, 4.7, 4.7, 4.7, 4.7, 4.8, 4.7, 4.8, 4.8, 4.8, 4.8, 4.8, 4.8, 4.8, 4.8, 4.9, 4.9, 4.9, 4.9, 4.9, 4.9, 4.9, 4.9, 4.9, 5.0, 5.0, 5.0, 5.0, 5.0, 5.0, 5.0, 5.1, 5.1, 5.1, 5.1, 5.1, 5.1, 5.1, 5.1, 5.1, 5.2, 5.1, 5.1, 5.2, 5.2, 5.2, 5.2, 5.2, 5.3, 5.3]
稳定检测中(0/3)，变动=2.8447325244686103e-05，绝对误差=0.0002198198013311855
，热浴温度表
[1.7989929232030544, 1.7990161033337333, 1.799108830971299, 1.7990392841758625, 1.7990392841758625, 1.799108830971299, 1.799108830971299, 1.7990624657294791, 1.7990392841758625, 1.7990624657294791, 1.799085647994612, 1.7990392841758625, 1.7989929232030544, 1.7990161033337333, 1.7990624657294791, 1.799108830971299, 1.799085647994612, 1.7990624657294791, 1.7990392841758625, 1.7990161033337333, 1.799085647994612, 1.7990392841758625, 1.7991320146595688, 1.799085647994612, 1.799108830971299, 1.799085647994612, 1.799085647994612, 1.799085647994612, 1.7990624657294791, 1.7990624657294791, 1.7990624657294791, 1.7990392841758625, 1.799108830971299, 1.7990624657294791, 1.7991320146595688, 1.7991551990594594, 1.799108830971299, 1.799108830971299, 1.7990624657294791, 1.7990392841758625, 1.7990392841758625, 1.799108830971299, 1.799085647994612, 1.7991320146595688, 1.7991551990594594, 1.7991783841709987, 1.7991783841709987, 1.7991783841709987, 1.7991320146595688, 1.7992015699942223, 1.7991783841709987, 1.7991551990594594, 1.7991551990594594, 1.7991320146595688, 1.7991551990594594, 1.7991551990594594, 1.7991783841709987, 1.7992015699942223, 1.7991783841709987, 1.7992015699942223, 1.7991551990594594, 1.7991551990594594, 1.7992015699942223, 1.7992015699942223]
输出功率表
[5.2, 5.3, 5.3, 5.3, 5.3, 5.3, 5.3, 5.3, 5.3, 5.3, 5.4, 5.4, 5.4, 5.4, 5.4, 5.4, 5.4, 5.5, 5.4, 5.5, 5.5, 5.5, 5.5, 5.6, 5.5, 5.6, 5.6, 5.6, 5.6, 5.6, 5.6, 5.6, 5.7, 5.6, 5.6, 5.7, 5.6, 5.7, 5.7, 5.7, 5.7, 5.7, 5.7, 5.8, 5.7, 5.8, 5.8, 5.8, 5.7, 5.7, 5.8, 5.8, 5.8, 5.8, 5.8, 5.9, 5.8, 5.9, 5.8, 5.9, 5.9, 5.9, 5.9, 5.9]
稳定检测中(0/3)，变动=1.7575541957202894e-05，绝对误差=0.0001933450470221666
，热浴温度表
[1.7992015699942223, 1.7991783841709987, 1.799224756529163, 1.7991320146595688, 1.7991551990594594, 1.799108830971299, 1.7992015699942223, 1.7992015699942223, 1.7991783841709987, 1.7992015699942223, 1.799108830971299, 1.799085647994612, 1.799085647994612, 1.7991320146595688, 1.7991320146595688, 1.7991551990594594, 1.7991783841709987, 1.799108830971299, 1.7991320146595688, 1.7991551990594594, 1.7991320146595688, 1.7991783841709987, 1.7991551990594594, 1.799108830971299, 1.7991320146595688, 1.7991783841709987, 1.7991551990594594, 1.7991320146595688, 1.799085647994612, 1.799108830971299, 1.7991320146595688, 1.799108830971299, 1.7991551990594594, 1.7991320146595688, 1.7991783841709987, 1.7991783841709987, 1.7991320146595688, 1.7991783841709987, 1.7991783841709987, 1.7991551990594594, 1.7992015699942223, 1.7991783841709987, 1.7991320146595688, 1.799108830971299, 1.7991783841709987, 1.7992015699942223, 1.7991783841709987, 1.7991320146595688, 1.7991320146595688, 1.799108830971299, 1.7991551990594594, 1.7991551990594594, 1.7992015699942223, 1.7991551990594594, 1.7992015699942223, 1.799224756529163, 1.7992015699942223, 1.7991783841709987, 1.7992015699942223, 1.7991551990594594, 1.7991320146595688, 1.7991783841709987, 1.7991551990594594, 1.7992015699942223]
输出功率表
[6.0, 5.9, 5.9, 6.0, 6.0, 6.0, 5.9, 6.0, 5.9, 6.0, 6.0, 6.0, 6.1, 6.1, 6.0, 6.1, 6.1, 6.1, 6.1, 6.1, 6.1, 6.2, 6.2, 6.1, 6.1, 6.2, 6.2, 6.2, 6.3, 6.2, 6.3, 6.2, 6.2, 6.3, 6.3, 6.3, 6.3, 6.3, 6.3, 6.3, 6.4, 6.3, 6.4, 6.4, 6.4, 6.4, 6.4, 6.4, 6.4, 6.4, 6.4, 6.5, 6.5, 6.4, 6.4, 6.5, 6.5, 6.5, 6.5, 6.5, 6.5, 6.6, 6.5, 6.5]
稳定检测中(0/3)，变动=1.816142856821251e-05，绝对误差=0.00015606427054610492
，热浴温度表
[1.7991551990594594, 1.7991551990594594, 1.7991551990594594, 1.7992015699942223, 1.7991783841709987, 1.7992479437758542, 1.7992479437758542, 1.7992711317343286, 1.7992015699942223, 1.799224756529163, 1.7992015699942223, 1.799224756529163, 1.7992015699942223, 1.7991783841709987, 1.7991783841709987, 1.799224756529163, 1.7991783841709987, 1.7992015699942223, 1.799224756529163, 1.7992711317343286, 1.799224756529163, 1.799224756529163, 1.7991783841709987, 1.7992015699942223, 1.7992479437758542, 1.7992711317343286, 1.799224756529163, 1.799224756529163, 1.799224756529163, 1.799224756529163, 1.799294320404619, 1.7992711317343286, 1.799224756529163, 1.799224756529163, 1.7992479437758542, 1.799224756529163, 1.7992015699942223, 1.799224756529163, 1.799294320404619, 1.799294320404619, 1.7992711317343286, 1.7992711317343286, 1.7992479437758542, 1.7991783841709987, 1.7992479437758542, 1.799294320404619, 1.7992479437758542, 1.7992479437758542, 1.7991783841709987, 1.7992479437758542, 1.7992479437758542, 1.7992479437758542, 1.799224756529163, 1.7992711317343286, 1.7992479437758542, 1.7992479437758542, 1.7992479437758542, 1.799224756529163, 1.7992015699942223, 1.7992479437758542, 1.7992479437758542, 1.7992479437758542, 1.7993175097867606, 1.7992711317343286]
输出功率表
[6.6, 6.6, 6.6, 6.6, 6.6, 6.6, 6.6, 6.6, 6.6, 6.6, 6.6, 6.6, 6.6, 6.6, 6.7, 6.8, 6.7, 6.7, 6.7, 6.7, 6.7, 6.7, 6.8, 6.7, 6.7, 6.7, 6.8, 6.8, 6.8, 6.8, 6.9, 6.8, 6.8, 6.8, 6.9, 6.8, 6.9, 6.8, 6.8, 6.9, 6.9, 6.9, 6.9, 6.9, 6.9, 6.9, 6.9, 7.0, 7.0, 7.0, 6.9, 7.0, 7.0, 7.0, 7.0, 7.0, 7.1, 7.0, 7.0, 7.1, 7.0, 7.0, 7.0, 7.1]
稳定检测中(0/3)，变动=1.4716859507733293e-05，绝对误差=0.00012706811106494203
，热浴温度表
[1.7992479437758542, 1.7992479437758542, 1.7992711317343286, 1.7992479437758542, 1.7992711317343286, 1.7992711317343286, 1.799340699880784, 1.7992711317343286, 1.7993175097867606, 1.7993175097867606, 1.799294320404619, 1.799294320404619, 1.7992479437758542, 1.7992711317343286, 1.7992711317343286, 1.7992711317343286, 1.799340699880784, 1.7993175097867606, 1.7992711317343286, 1.799294320404619, 1.7992711317343286, 1.7993175097867606, 1.7992711317343286, 1.799224756529163, 1.799224756529163, 1.7992711317343286, 1.7992479437758542, 1.799294320404619, 1.7992711317343286, 1.799294320404619, 1.7993175097867606, 1.799340699880784, 1.799294320404619, 1.7992711317343286, 1.7992711317343286, 1.799294320404619, 1.7993175097867606, 1.799340699880784, 1.799294320404619, 1.799294320404619, 1.7992711317343286, 1.799340699880784, 1.799294320404619, 1.7993175097867606, 1.7992711317343286, 1.7993175097867606, 1.799294320404619, 1.7993175097867606, 1.799294320404619, 1.7992479437758542, 1.799294320404619, 1.799294320404619, 1.7993175097867606, 1.799340699880784, 1.7993175097867606, 1.799294320404619, 1.7992711317343286, 1.799294320404619, 1.799294320404619, 1.7993175097867606, 1.7993175097867606, 1.799224756529163, 1.7992711317343286, 1.7993175097867606]
输出功率表
[7.1, 7.1, 7.1, 7.1, 7.1, 7.1, 7.0, 7.1, 7.2, 7.1, 7.1, 7.2, 7.2, 7.2, 7.2, 7.2, 7.2, 7.2, 7.2, 7.2, 7.2, 7.3, 7.2, 7.3, 7.2, 7.3, 7.3, 7.3, 7.3, 7.3, 7.2, 7.3, 7.3, 7.3, 7.3, 7.3, 7.3, 7.4, 7.3, 7.4, 7.3, 7.4, 7.4, 7.4, 7.3, 7.3, 7.4, 7.5, 7.4, 7.4, 7.4, 7.4, 7.4, 7.5, 7.4, 7.5, 7.5, 7.4, 7.4, 7.5, 7.5, 7.5, 7.6, 7.4]
稳定检测中(0/3)，变动=1.556531875855275e-05，绝对误差=0.00010581626746995885
，热浴温度表
[1.799340699880784, 1.799340699880784, 1.7993175097867606, 1.7992479437758542, 1.7993175097867606, 1.7993175097867606, 1.7993175097867606, 1.7993175097867606, 1.7992711317343286, 1.7993175097867606, 1.7993175097867606, 1.799294320404619, 1.799294320404619, 1.799340699880784, 1.799340699880784, 1.799340699880784, 1.799340699880784, 1.799340699880784, 1.799340699880784, 1.799340699880784, 1.799340699880784, 1.799340699880784, 1.7993175097867606, 1.7993175097867606, 1.799340699880784, 1.799340699880784, 1.799340699880784, 1.7993638906867238, 1.7992711317343286, 1.799294320404619, 1.799340699880784, 1.799387082204611, 1.7993638906867238, 1.7992711317343286, 1.7993175097867606, 1.7993638906867238, 1.7993638906867238, 1.799340699880784, 1.7993638906867238, 1.799294320404619, 1.7993638906867238, 1.7993175097867606, 1.799340699880784, 1.7994102744344789, 1.7993175097867606, 1.799340699880784, 1.7993638906867238, 1.799387082204611, 1.799340699880784, 1.799340699880784, 1.799340699880784, 1.799340699880784, 1.7993175097867606, 1.799387082204611, 1.799387082204611, 1.799387082204611, 1.799340699880784, 1.7993175097867606, 1.7993175097867606, 1.799294320404619, 1.7993175097867606, 1.7992711317343286, 1.799340699880784, 1.7993175097867606]
输出功率表
[7.6, 7.5, 7.5, 7.6, 7.6, 7.6, 7.5, 7.6, 7.5, 7.6, 7.6, 7.6, 7.5, 7.6, 7.6, 7.6, 7.5, 7.6, 7.6, 7.6, 7.7, 7.7, 7.6, 7.7, 7.7, 7.6, 7.7, 7.8, 7.6, 7.7, 7.7, 7.7, 7.8, 7.7, 7.7, 7.7, 7.8, 7.7, 7.7, 7.8, 7.7, 7.8, 7.7, 7.8, 7.8, 7.8, 7.8, 7.8, 7.8, 7.8, 7.8, 7.9, 7.8, 7.8, 7.9, 7.8, 7.9, 7.9, 7.9, 7.8, 7.9, 7.9, 7.9, 7.9]
稳定检测中(1/3)，变动=1.621058789845418e-05，绝对误差=8.924703348055442e-05
，热浴温度表
[1.799340699880784, 1.799340699880784, 1.799340699880784, 1.7993638906867238, 1.7993638906867238, 1.799387082204611, 1.7993638906867238, 1.799387082204611, 1.799340699880784, 1.799294320404619, 1.7993175097867606, 1.7993638906867238, 1.7993638906867238, 1.7993175097867606, 1.799294320404619, 1.7993638906867238, 1.799340699880784, 1.799387082204611, 1.7994334673763663, 1.7994102744344789, 1.799387082204611, 1.799387082204611, 1.7993638906867238, 1.799340699880784, 1.7993175097867606, 1.7993638906867238, 1.799387082204611, 1.799387082204611, 1.7994102744344789, 1.7993638906867238, 1.799340699880784, 1.799294320404619, 1.799387082204611, 1.7994102744344789, 1.7993638906867238, 1.7993638906867238, 1.799340699880784, 1.7994102744344789, 1.799387082204611, 1.7994102744344789, 1.7994102744344789, 1.799294320404619, 1.7993638906867238, 1.7993175097867606, 1.799340699880784, 1.799387082204611, 1.7993638906867238, 1.7993638906867238, 1.799340699880784, 1.799340699880784, 1.7994102744344789, 1.7994102744344789, 1.7993638906867238, 1.799340699880784, 1.7993638906867238, 1.799387082204611, 1.7994102744344789, 1.7993638906867238, 1.7993638906867238, 1.799387082204611, 1.799387082204611, 1.799387082204611, 1.7993638906867238, 1.7994102744344789]
输出功率表
[7.8, 8.0, 7.9, 7.9, 7.9, 7.9, 7.9, 8.0, 7.9, 8.0, 7.9, 7.9, 8.0, 8.0, 8.0, 8.0, 8.0, 8.0, 8.0, 7.9, 8.0, 8.0, 8.0, 8.0, 8.0, 8.0, 8.0, 8.0, 8.0, 8.1, 8.1, 8.0, 8.1, 8.1, 8.1, 8.1, 8.0, 8.1, 8.1, 8.1, 8.1, 8.1, 8.1, 8.1, 8.1, 8.1, 8.2, 8.2, 8.2, 8.2, 8.1, 8.2, 8.2, 8.2, 8.1, 8.2, 8.2, 8.2, 8.3, 8.2, 8.2, 8.2, 8.2, 8.2]
稳定检测中(2/3)，变动=1.7022755072012413e-05，绝对误差=7.375840170806394e-05
，热浴温度表
[1.7994102744344789, 1.7994102744344789, 1.799456661030297, 1.7994102744344789, 1.7993638906867238, 1.7993638906867238, 1.7994102744344789, 1.7994102744344789, 1.7993175097867606, 1.799340699880784, 1.7993638906867238, 1.7994102744344789, 1.7994334673763663, 1.7994102744344789, 1.799387082204611, 1.799387082204611, 1.799387082204611, 1.799387082204611, 1.799340699880784, 1.7993638906867238, 1.7993638906867238, 1.799340699880784, 1.7993638906867238, 1.799340699880784, 1.799387082204611, 1.7993638906867238, 1.7994334673763663, 1.799387082204611, 1.799387082204611, 1.799387082204611, 1.7993638906867238, 1.7993638906867238, 1.7994334673763663, 1.7994334673763663, 1.7994102744344789, 1.7994102744344789, 1.799387082204611, 1.799387082204611, 1.7994334673763663, 1.7994102744344789, 1.7994102744344789, 1.7994102744344789, 1.7994102744344789, 1.799456661030297, 1.7994334673763663, 1.7994334673763663, 1.799456661030297, 1.7994334673763663, 1.799340699880784, 1.7994334673763663, 1.799456661030297, 1.7994334673763663, 1.7993638906867238, 1.7993175097867606, 1.799387082204611, 1.7994334673763663, 1.7994102744344789, 1.799387082204611, 1.7994102744344789, 1.799387082204611, 1.799387082204611, 1.799387082204611, 1.7994334673763663, 1.7994334673763663]
输出功率表
[8.2, 8.2, 8.2, 8.3, 8.2, 8.3, 8.3, 8.3, 8.3, 8.3, 8.2, 8.2, 8.3, 8.3, 8.3, 8.3, 8.3, 8.3, 8.3, 8.3, 8.4, 8.3, 8.3, 8.4, 8.4, 8.3, 8.4, 8.3, 8.4, 8.4, 8.4, 8.3, 8.4, 8.4, 8.5, 8.4, 8.4, 8.3, 8.4, 8.4, 8.4, 8.4, 8.4, 8.4, 8.4, 8.4, 8.4, 8.5, 8.4, 8.4, 8.5, 8.5, 8.5, 8.5, 8.5, 8.5, 8.4, 8.5, 8.5, 8.5, 8.5, 8.5, 8.5, 8.5]
稳定检测中(3/3)，变动=1.6298832994219685e-05，绝对误差=6.115137584655773e-05
，热浴温度表
[1.7994102744344789, 1.7994334673763663, 1.7994102744344789, 1.7994102744344789, 1.7993638906867238, 1.799387082204611, 1.7993638906867238, 1.7993638906867238, 1.799387082204611, 1.7994334673763663, 1.799456661030297, 1.7994334673763663, 1.7994102744344789, 1.7994102744344789, 1.7994102744344789, 1.7994102744344789, 1.799456661030297, 1.799340699880784, 1.7994334673763663, 1.7994102744344789, 1.7994334673763663, 1.799387082204611, 1.7994334673763663, 1.7994102744344789, 1.7994102744344789, 1.7994334673763663, 1.7994334673763663, 1.7994334673763663, 1.7994102744344789, 1.7994102744344789, 1.799387082204611, 1.7994102744344789, 1.7993638906867238, 1.7993638906867238, 1.7994334673763663, 1.7994798553963123, 1.7994798553963123, 1.7994334673763663, 1.7994334673763663, 1.7994334673763663, 1.7994102744344789, 1.799387082204611, 1.799456661030297, 1.7994102744344789, 1.7994798553963123, 1.79950305047444, 1.7994334673763663, 1.799456661030297, 1.799456661030297, 1.799456661030297, 1.7994334673763663, 1.7994798553963123, 1.799387082204611, 1.7994334673763663, 1.7994334673763663, 1.799456661030297, 1.7994102744344789, 1.799456661030297, 1.7994102744344789, 1.799387082204611, 1.7994102744344789, 1.7994102744344789, 1.799456661030297, 1.799456661030297]
输出功率表
[8.5, 8.5, 8.5, 8.5, 8.6, 8.6, 8.6, 8.5, 8.5, 8.5, 8.5, 8.6, 8.6, 8.6, 8.6, 8.6, 8.6, 8.5, 8.5, 8.6, 8.6, 8.6, 8.6, 8.6, 8.6, 8.7, 8.6, 8.6, 8.6, 8.6, 8.6, 8.6, 8.7, 8.6, 8.6, 8.7, 8.6, 8.7, 8.6, 8.7, 8.6, 8.6, 8.7, 8.7, 8.6, 8.7, 8.7, 8.7, 8.7, 8.6, 8.6, 8.7, 8.7, 8.7, 8.7, 8.8, 8.7, 8.7, 8.7, 8.7, 8.8, 8.7, 8.7, 8.8]
温度1.8K下的第1次测量开始
新设定点数=200个，设定电流=4.000000e-05A
开始取REL
REL=0.008787235731186671K，开始升温。。。
设定电流=4e-05,期望温差=1,设定温度=1.8,晶中温度=4.232304129136356,温度差=-0.020367661853661234
单次测量结束，时间=852s	设定温度=1.8	温度差=-0.020367661853661234K	相对热导-0.0011491124014214146V/W	时间常数=2s	时间偏离=1s
结束小循环
等待30秒降温缓和
