
创建文件成功

---------------------少女祈禱中。。。--------------------
新温度循环
调节热浴温度为1.8K
开始检查温度稳定性
稳定检测中(1/3)，变动=6.152463315293594e-05，绝对误差=8.798633089441691e-05
，热浴温度表
[1.7989465650759255, 1.798923387079408, 1.7990161033337333, 1.7990392841758625, 1.799108830971299, 1.7991551990594594, 1.7991783841709987, 1.7992479437758542, 1.7993175097867606, 1.799340699880784, 1.799387082204611, 1.799340699880784, 1.799387082204611, 1.7994102744344789, 1.7994334673763663, 1.7994334673763663, 1.7994798553963123, 1.799456661030297, 1.799456661030297, 1.799456661030297, 1.7994798553963123, 1.799456661030297, 1.7994334673763663, 1.7994334673763663, 1.7994102744344789, 1.7994334673763663, 1.7994798553963123, 1.79950305047444, 1.799456661030297, 1.799456661030297, 1.7994798553963123, 1.7994798553963123, 1.7994334673763663, 1.799387082204611, 1.7994102744344789, 1.799456661030297, 1.799456661030297, 1.7994102744344789, 1.799387082204611, 1.7994334673763663, 1.7994102744344789, 1.7994102744344789, 1.7994334673763663, 1.7993638906867238, 1.7994102744344789, 1.799387082204611, 1.799387082204611, 1.799340699880784, 1.7994334673763663, 1.799387082204611, 1.7993638906867238, 1.7993175097867606, 1.7993638906867238, 1.799387082204611, 1.7993638906867238, 1.7993638906867238, 1.799340699880784, 1.7994102744344789, 1.7994102744344789, 1.799387082204611, 1.799387082204611, 1.7993638906867238, 1.799387082204611, 1.7993638906867238]
输出功率表
[8.5, 8.5, 8.6, 8.5, 8.5, 8.5, 8.5, 8.5, 8.5, 8.5, 8.5, 8.5, 8.5, 8.5, 8.5, 8.5, 8.5, 8.5, 8.5, 8.5, 8.5, 8.5, 8.5, 8.5, 8.5, 8.5, 8.5, 8.5, 8.5, 8.5, 8.5, 8.5, 8.6, 8.6, 8.5, 8.5, 8.5, 8.5, 8.5, 8.6, 8.6, 8.6, 8.5, 8.6, 8.6, 8.6, 8.6, 8.6, 8.6, 8.6, 8.7, 8.6, 8.6, 8.6, 8.7, 8.7, 8.6, 8.6, 8.7, 8.7, 8.7, 8.6, 8.7, 8.7]
稳定检测中(2/3)，变动=1.5377967591463704e-05，绝对误差=8.978733458901139e-05
，热浴温度表
[1.7993638906867238, 1.7993638906867238, 1.7993175097867606, 1.799340699880784, 1.799340699880784, 1.799387082204611, 1.7993638906867238, 1.799340699880784, 1.799340699880784, 1.799340699880784, 1.799340699880784, 1.799294320404619, 1.799340699880784, 1.799340699880784, 1.7994102744344789, 1.7993638906867238, 1.7993638906867238, 1.799340699880784, 1.799340699880784, 1.7993638906867238, 1.7993638906867238, 1.799340699880784, 1.799340699880784, 1.799340699880784, 1.799340699880784, 1.7994102744344789, 1.799387082204611, 1.799387082204611, 1.799387082204611, 1.7994102744344789, 1.7993175097867606, 1.799387082204611, 1.799387082204611, 1.7993175097867606, 1.799340699880784, 1.7993638906867238, 1.7994102744344789, 1.7994102744344789, 1.7993638906867238, 1.7993175097867606, 1.799340699880784, 1.7993175097867606, 1.799340699880784, 1.799340699880784, 1.799387082204611, 1.7994102744344789, 1.799387082204611, 1.7994334673763663, 1.7993638906867238, 1.7993638906867238, 1.7993638906867238, 1.799340699880784, 1.799340699880784, 1.799340699880784, 1.7993638906867238, 1.799387082204611, 1.799387082204611, 1.7994334673763663, 1.7994102744344789, 1.799387082204611, 1.7994102744344789, 1.799387082204611, 1.799387082204611, 1.799387082204611]
输出功率表
[8.7, 8.7, 8.7, 8.7, 8.7, 8.7, 8.7, 8.7, 8.7, 8.7, 8.8, 8.7, 8.7, 8.7, 8.8, 8.7, 8.7, 8.8, 8.7, 8.7, 8.8, 8.7, 8.8, 8.8, 8.7, 8.8, 8.8, 8.7, 8.8, 8.8, 8.8, 8.8, 8.9, 8.8, 8.8, 8.8, 8.8, 8.8, 8.8, 8.9, 8.9, 8.8, 8.9, 8.8, 8.8, 8.9, 8.8, 8.9, 8.9, 8.9, 8.9, 8.9, 8.9, 8.9, 8.9, 8.9, 8.9, 9.0, 8.9, 9.0, 9.0, 8.9, 8.9, 8.9]
稳定检测中(3/3)，变动=1.8498116338503946e-05，绝对误差=7.808081057480243e-05
，热浴温度表
[1.799387082204611, 1.799387082204611, 1.799340699880784, 1.7993175097867606, 1.7993638906867238, 1.7993638906867238, 1.7993638906867238, 1.7994102744344789, 1.7994102744344789, 1.799387082204611, 1.7993638906867238, 1.799340699880784, 1.799340699880784, 1.7993638906867238, 1.7993638906867238, 1.7993638906867238, 1.799387082204611, 1.7994334673763663, 1.799387082204611, 1.799387082204611, 1.7994334673763663, 1.7993638906867238, 1.7993638906867238, 1.79950305047444, 1.7994334673763663, 1.7994102744344789, 1.7994102744344789, 1.7994102744344789, 1.799387082204611, 1.799340699880784, 1.799340699880784, 1.799340699880784, 1.7994102744344789, 1.7993638906867238, 1.799387082204611, 1.7994334673763663, 1.799456661030297, 1.7993638906867238, 1.799387082204611, 1.799340699880784, 1.799387082204611, 1.7994334673763663, 1.7994102744344789, 1.7994102744344789, 1.7993638906867238, 1.7994102744344789, 1.799387082204611, 1.7993638906867238, 1.7994102744344789, 1.799387082204611, 1.799387082204611, 1.7994334673763663, 1.7994334673763663, 1.7994334673763663, 1.7993638906867238, 1.7993175097867606, 1.7993175097867606, 1.7993638906867238, 1.799387082204611, 1.7993638906867238, 1.7994102744344789, 1.799456661030297, 1.7994334673763663, 1.7994334673763663]
输出功率表
[9.0, 8.9, 9.0, 8.9, 9.0, 8.9, 8.9, 9.0, 9.0, 8.9, 9.0, 9.0, 8.9, 9.0, 9.0, 9.0, 9.0, 9.0, 9.0, 8.9, 9.0, 9.0, 8.9, 9.0, 9.0, 9.0, 9.0, 9.0, 9.1, 9.0, 9.1, 9.0, 9.1, 9.1, 9.0, 9.1, 9.0, 9.0, 9.1, 9.1, 9.1, 9.1, 9.1, 9.1, 9.0, 9.1, 9.1, 9.1, 9.2, 9.1, 9.1, 9.1, 9.1, 9.1, 9.2, 9.1, 9.1, 9.1, 9.2, 9.1, 9.1, 9.1, 9.1, 9.2]
温度1.8K下的第1次测量开始
新设定点数=200个，设定电流=2.000000e-06A
开始取REL
REL=329.9882741069796K，开始升温。。。
设定电流=2e-06,期望温差=1,设定温度=1.8,晶中温度=10727.966299540634,温度差=0.000653839504593634
单次测量结束，时间=187s	设定温度=1.8	温度差=0.000653839504593634K	相对热导0.0001471895046167527V/W	时间常数=2s	时间偏离=1s
结束小循环
等待30秒降温缓和
温度1.8K下的第2次测量开始
新设定点数=200个，设定电流=1.659207e-05A
开始取REL
REL=329.98828716399294K，开始升温。。。
