
创建文件成功

---------------------少女祈禱中。。。--------------------
新温度循环
调节热浴温度为1.8K
开始检查温度稳定性
稳定检测中(1/3)，变动=2.201446808312292e-05，绝对误差=5.8269769935442415e-05
，热浴温度表
[1.7994334673763663, 1.7994798553963123, 1.7994798553963123, 1.799456661030297, 1.7994334673763663, 1.7994798553963123, 1.7994102744344789, 1.7994334673763663, 1.7994798553963123, 1.79950305047444, 1.799456661030297, 1.7994334673763663, 1.7994798553963123, 1.7995262462647172, 1.799456661030297, 1.79950305047444, 1.7994798553963123, 1.7994334673763663, 1.799456661030297, 1.7994798553963123, 1.7994334673763663, 1.799387082204611, 1.7994102744344789, 1.7994102744344789, 1.7993638906867238, 1.7994102744344789, 1.799387082204611, 1.799456661030297, 1.7994334673763663, 1.7994102744344789, 1.7993638906867238, 1.7993638906867238, 1.799340699880784, 1.7993638906867238, 1.799340699880784, 1.799340699880784, 1.7994102744344789, 1.7994102744344789, 1.7994798553963123, 1.7993638906867238, 1.799387082204611, 1.7993638906867238, 1.799387082204611, 1.7994334673763663, 1.7994334673763663, 1.7994102744344789, 1.799456661030297, 1.7994798553963123, 1.799456661030297, 1.799456661030297, 1.799387082204611, 1.799456661030297, 1.799456661030297, 1.799387082204611, 1.799387082204611, 1.7994334673763663, 1.799456661030297, 1.7994334673763663, 1.799387082204611, 1.799387082204611, 1.799387082204611, 1.7994798553963123, 1.799456661030297, 1.799456661030297]
输出功率表
[0.5, 0.5, 0.5, 0.5, 0.5, 0.5, 0.5, 0.5, 0.5, 0.5, 0.6, 0.5, 0.5, 0.5, 0.6, 0.5, 0.5, 0.5, 0.6, 0.6, 0.6, 0.6, 0.5, 0.6, 0.6, 0.6, 0.5, 0.6, 0.6, 0.6, 0.6, 0.6, 0.6, 0.6, 0.6, 0.6, 0.6, 0.6, 0.6, 0.6, 0.6, 0.6, 0.6, 0.6, 0.6, 0.6, 0.6, 0.6, 0.6, 0.6, 0.6, 0.6, 0.6, 0.6, 0.6, 0.6, 0.6, 0.6, 0.6, 0.6, 0.6, 0.6, 0.6, 0.6]
稳定检测中(2/3)，变动=1.996341463000247e-05，绝对误差=4.692344666007372e-05
，热浴温度表
[1.799340699880784, 1.799387082204611, 1.799387082204611, 1.7994102744344789, 1.799387082204611, 1.7994798553963123, 1.799549442767173, 1.799456661030297, 1.79950305047444, 1.7994798553963123, 1.799456661030297, 1.799456661030297, 1.7994334673763663, 1.7994102744344789, 1.7994334673763663, 1.7994334673763663, 1.799387082204611, 1.7994334673763663, 1.7994334673763663, 1.799456661030297, 1.7994334673763663, 1.79950305047444, 1.79950305047444, 1.7994334673763663, 1.799456661030297, 1.799387082204611, 1.7994102744344789, 1.799456661030297, 1.7994798553963123, 1.7994334673763663, 1.7994798553963123, 1.7994102744344789, 1.7994102744344789, 1.7994334673763663, 1.799387082204611, 1.7994334673763663, 1.7994334673763663, 1.7994798553963123, 1.7994334673763663, 1.799456661030297, 1.799456661030297, 1.79950305047444, 1.79950305047444, 1.79950305047444, 1.7994334673763663, 1.7994334673763663, 1.7994334673763663, 1.7994798553963123, 1.7994102744344789, 1.799456661030297, 1.7994798553963123, 1.79950305047444, 1.79950305047444, 1.799549442767173, 1.7994798553963123, 1.799456661030297, 1.7994334673763663, 1.7994798553963123, 1.79950305047444, 1.799456661030297, 1.799456661030297, 1.799456661030297, 1.799456661030297, 1.799456661030297]
输出功率表
[0.6, 0.6, 0.6, 0.6, 0.6, 0.6, 0.6, 0.6, 0.6, 0.6, 0.6, 0.6, 0.6, 0.6, 0.6, 0.6, 0.6, 0.6, 0.6, 0.6, 0.6, 0.6, 0.6, 0.6, 0.6, 0.6, 0.6, 0.6, 0.6, 0.6, 0.6, 0.6, 0.6, 0.6, 0.6, 0.6, 0.6, 0.6, 0.6, 0.6, 0.6, 0.6, 0.6, 0.6, 0.6, 0.6, 0.6, 0.7, 0.7, 0.6, 0.7, 0.6, 0.6, 0.7, 0.6, 0.7, 0.6, 0.6, 0.7, 0.6, 0.7, 0.6, 0.7, 0.7]
稳定检测中(3/3)，变动=2.1417379193370156e-05，绝对误差=4.3861740379472756e-05
，热浴温度表
[1.7994798553963123, 1.7994798553963123, 1.799456661030297, 1.7994102744344789, 1.799387082204611, 1.7994334673763663, 1.79950305047444, 1.7994334673763663, 1.7995262462647172, 1.7994334673763663, 1.7994334673763663, 1.799456661030297, 1.79950305047444, 1.799387082204611, 1.7994102744344789, 1.799387082204611, 1.7994334673763663, 1.7994102744344789, 1.7994334673763663, 1.7994334673763663, 1.79950305047444, 1.799456661030297, 1.7994334673763663, 1.7994334673763663, 1.79950305047444, 1.7994798553963123, 1.7994334673763663, 1.7994102744344789, 1.7994102744344789, 1.7993638906867238, 1.7994102744344789, 1.79950305047444, 1.7995262462647172, 1.7995262462647172, 1.79950305047444, 1.7995262462647172, 1.7995262462647172, 1.79950305047444, 1.7994798553963123, 1.799456661030297, 1.799456661030297, 1.7994798553963123, 1.7994334673763663, 1.799387082204611, 1.7994334673763663, 1.7994102744344789, 1.7994798553963123, 1.7994102744344789, 1.7994798553963123, 1.7994334673763663, 1.7994798553963123, 1.7994798553963123, 1.7994798553963123, 1.7994798553963123, 1.7994798553963123, 1.7995262462647172, 1.799456661030297, 1.7994334673763663, 1.799456661030297, 1.7994798553963123, 1.799549442767173, 1.79950305047444, 1.7994102744344789, 1.7994102744344789]
输出功率表
[0.6, 0.6, 0.7, 0.7, 0.7, 0.6, 0.7, 0.6, 0.7, 0.7, 0.7, 0.6, 0.7, 0.7, 0.7, 0.7, 0.7, 0.7, 0.7, 0.7, 0.7, 0.7, 0.7, 0.7, 0.7, 0.7, 0.7, 0.7, 0.7, 0.7, 0.7, 0.7, 0.7, 0.7, 0.7, 0.7, 0.7, 0.7, 0.7, 0.7, 0.7, 0.7, 0.7, 0.7, 0.7, 0.7, 0.7, 0.7, 0.7, 0.7, 0.7, 0.7, 0.7, 0.7, 0.7, 0.7, 0.7, 0.7, 0.7, 0.7, 0.7, 0.7, 0.7, 0.7]
温度1.8K下的第1次测量开始
新设定点数=200个，设定电流=3.000000e-05A
开始取REL
REL=-0.0004832052003946874K，开始升温。。。
设定电流=3.0000000000000004e-05,期望温差=0.5,设定温度=1.8,晶中温度=2.7388002389918187,温度差=-0.006128700767805251
单次测量结束，时间=227s	设定温度=1.8	温度差=-0.006128700767805251K	相对热导-0.0021396538990589367V/W	时间常数=2s	时间偏离=1s
结束小循环
等待30秒降温缓和
