
创建文件成功

---------------------少女祈禱中。。。--------------------
新温度循环
调节热浴温度为1.8K
温度1.8K下的第1次测量开始
新设定点数=200个，设定电流=1.000000e-05A
开始取REL
REL=-0.0007863433270125508K，开始升温。。。
设定电流=1e-05,期望温差=0.5,设定温度=1.8,晶中温度=1.9818337170213882,温度差=0.0018710302135469536
单次测量结束，时间=70s	设定温度=1.8	温度差=0.0018710302135469536K	相对热导0.0010044663738685462V/W	时间常数=2s	时间偏离=1s
结束小循环
等待30秒降温缓和
温度1.8K下的第2次测量开始
新设定点数=200个，设定电流=7.356261e-06A
开始取REL
REL=-0.0008973614270544328K，开始升温。。。
设定电流=7.3562607637857055e-06,期望温差=0.5,设定温度=1.8,晶中温度=1.9073259539175544,温度差=0.001054972643340868
单次测量结束，时间=152s	设定温度=1.8	温度差=0.001054972643340868K	相对热导0.0010372139581114573V/W	时间常数=2s	时间偏离=1s
结束小循环
等待30秒降温缓和
温度1.8K下的第3次测量开始
新设定点数=200个，设定电流=7.206660e-06A
开始取REL
