
创建文件成功

---------------------少女祈禱中。。。--------------------
新温度循环
开始检查温度稳定性
稳定检测中(1/3)，拟合系数表[ 3.04563152e-07 -8.04318046e-04  2.37943825e+01]，热浴温度表
[0.7931629302664094, 0.7931207016039136, 0.7930784795412984, 0.7930615925638774, 0.7930531494710383, 0.7930503351654034, 0.7930193797385374, 0.7929912415196415, 0.7929406001119653, 0.792904031666873, 0.7928618434596874, 0.7928393457774213, 0.7927887328453007, 0.7928252856778712, 0.7928112263104573, 0.7927690526004771, 0.7927240745703614, 0.7926791040331811, 0.7926594317788712, 0.7926200915711608, 0.7925386193785258, 0.7925526645536086, 0.7925386193785258, 0.7924627880631687, 0.7924571717764033, 0.7924768292915708, 0.7924431315709476, 0.792431899932624, 0.7924262842887982, 0.7923645199204505, 0.7923168025924956, 0.7922522572881696, 0.7922578693101795, 0.7922662875621558, 0.7922859311719844, 0.7922775123068715, 0.7922550632845773, 0.7922185876082671, 0.7921400413660246, 0.7921344317955435, 0.7920923637365043, 0.792067126051353, 0.7920503022403309, 0.7920306757876499, 0.7919942304517238, 0.7919718050015756, 0.791943775812277, 0.7919409730536502, 0.7919325649526309, 0.7919129470702299, 0.7918653095857265, 0.7918344898175216, 0.7917728608536645, 0.7917392509954301, 0.7917280486409723, 0.7917028450463424, 0.7916580444769082, 0.7916300479039956, 0.7915824604069995, 0.7915544716885852, 0.7915488742939062, 0.7915264858784189, 0.7915208890653358, 0.7915068975414704]
输出功率表
[0.0, 0.0, 0.0, 0.0, 0.0, 0.0, 0.0, 0.0, 0.0, 0.0, 0.0, 0.0, 0.0, 0.0, 0.0, 0.0, 0.0, 0.0, 0.0, 0.0, 0.0, 0.0, 0.0, 0.0, 0.0, 0.0, 0.0, 0.0, 0.0, 0.0, 0.0, 0.0, 0.0, 0.0, 0.0, 0.0, 0.0, 0.0, 0.0, 0.0, 0.0, 0.0, 0.0, 0.0, 0.0, 0.0, 0.0, 0.0, 0.0, 0.0, 0.0, 0.0, 0.0, 0.0, 0.0, 0.0, 0.0, 0.0, 0.0, 0.0, 0.0, 0.0, 0.0, 0.0]
稳定检测中(2/3)，拟合系数表[-2.15348859e-06 -5.65635185e-04  2.37437658e+01]，热浴温度表
[0.7914761187474799, 0.7914145717113102, 0.7913754127390328, 0.7913474455310929, 0.7913502421211571, 0.7913642255072344, 0.7913754127390328, 0.7913921944583574, 0.7913614287719161, 0.7913166849575587, 0.7912607656454517, 0.7912244243209597, 0.7911824981196858, 0.7911741136631065, 0.7911433728902423, 0.7911489618605015, 0.7911321952979236, 0.7911210181698487, 0.7911182239603646, 0.7911098415059885, 0.7910735205540852, 0.7910511716356234, 0.7910176517381399, 0.7909701723642804, 0.7909338702608563, 0.7909338702608563, 0.790945039617082, 0.7909422472345478, 0.7909478320286004, 0.7909227013683693, 0.7908584892345744, 0.7908138289635949, 0.7907691761075477, 0.7907189505053922, 0.7907077905343376, 0.7906938412218393, 0.7906771030020394, 0.7906575763958318, 0.79062131646064, 0.7905766955606776, 0.7905515995588404, 0.7905683299664057, 0.790554387887791, 0.7905432347455231, 0.7905265058997587, 0.7904679631374703, 0.7904150068621226, 0.7903787796327316, 0.7903258409275743, 0.7903007683387717, 0.7902896257169498, 0.7902896257169498, 0.7902868401336988, 0.7902756980894982, 0.7902589858895629, 0.7902394896368427, 0.7902199947989172, 0.7901754404812589, 0.790111406594307, 0.7900780036692893, 0.7900473879706146, 0.7900362558545962, 0.790022341358495, 0.7900446048983464]
输出功率表
[0.0, 0.0, 0.0, 0.0, 0.0, 0.0, 0.0, 0.0, 0.0, 0.0, 0.0, 0.0, 0.0, 0.0, 0.0, 0.0, 0.0, 0.0, 0.0, 0.0, 0.0, 0.0, 0.0, 0.0, 0.0, 0.0, 0.0, 0.0, 0.0, 0.0, 0.0, 0.0, 0.0, 0.0, 0.0, 0.0, 0.0, 0.0, 0.0, 0.0, 0.0, 0.0, 0.0, 0.0, 0.0, 0.0, 0.0, 0.0, 0.0, 0.0, 0.0, 0.0, 0.0, 0.0, 0.0, 0.0, 0.0, 0.0, 0.0, 0.0, 0.0, 0.0, 0.0, 0.0]
稳定检测中(3/3)，拟合系数表[ 2.41449937e-06 -8.03361515e-04  2.37001286e+01]，热浴温度表
[0.7900362558545962, 0.790022341358495, 0.7899694728481147, 0.7899193964915293, 0.7898860174420328, 0.789819271791357, 0.7898137104028592, 0.78981092975182, 0.7898053685361565, 0.7897998074357117, 0.789755322779579, 0.7897386429342016, 0.7897025068251456, 0.7896774923689699, 0.7896552592541546, 0.7896358067896889, 0.7896052414801749, 0.7895830143509331, 0.7895524550545739, 0.7895191216098427, 0.78949412424408, 0.7894663521249686, 0.7894330293771087, 0.7894163695554872, 0.7893913817631749, 0.789369172346492, 0.7893386374013658, 0.7893081059326464, 0.789277577939753, 0.7892581528446436, 0.7892526030759374, 0.7892193068758089, 0.7891721443362343, 0.7891416318194633, 0.7891582745798991, 0.7891832406579775, 0.7891943374390175, 0.7891860148101767, 0.7891444055411178, 0.789097256175822, 0.7890445696391043, 0.7890085269225752, 0.7889918934573694, 0.7890140716404004, 0.7890168440423315, 0.7890168440423315, 0.7889918934573694, 0.7889724890527071, 0.7889309129163885, 0.7888893432299668, 0.7888644045134501, 0.7888671753673232, 0.7888477799919653, 0.7888394681180444, 0.7888256155678743, 0.7887979126161974, 0.7887840622145814, 0.7887729824088656, 0.7887397457411675, 0.7887120516680814, 0.7886677471063455, 0.7886151449568384, 0.7885763920888024, 0.788559785433472]
输出功率表
[0.0, 0.0, 0.0, 0.0, 0.0, 0.0, 0.0, 0.0, 0.0, 0.0, 0.0, 0.0, 0.0, 0.0, 0.0, 0.0, 0.0, 0.0, 0.0, 0.0, 0.0, 0.0, 0.0, 0.0, 0.0, 0.0, 0.0, 0.0, 0.0, 0.0, 0.0, 0.0, 0.0, 0.0, 0.0, 0.0, 0.0, 0.0, 0.0, 0.0, 0.0, 0.0, 0.0, 0.0, 0.0, 0.0, 0.0, 0.0, 0.0, 0.0, 0.0, 0.0, 0.0, 0.0, 0.0, 0.0, 0.0, 0.0, 0.0, 0.0, 0.0, 0.0, 0.0, 0.0]
高侧平均电阻47825.66Ω，低侧平均电阻49810.48Ω
---------------------少女祈禱中。。。--------------------
新温度循环
开始检查温度稳定性
稳定检测中(1/3)，拟合系数表[-4.74422718e-05  2.49145082e-03  2.36266300e+01]，热浴温度表
[0.7869263108366181, 0.7868905524349867, 0.7868657994246936, 0.7868878019871347, 0.7869015545098481, 0.7869153077412328, 0.7868988039486138, 0.7868437986760891, 0.7891138961813162, 0.7895107888957711, 0.7895719014767901, 0.7895107888957711, 0.7894413596759781, 0.789399710768612, 0.7893108813770741, 0.7892331797900287, 0.7891804665344835, 0.7891028027295448, 0.7890667521817616, 0.7890223889322339, 0.7889503143105936, 0.7889004278491061, 0.788828386020608, 0.788786832237617, 0.7887397457411675, 0.7886705159267503, 0.7886234498725229, 0.7885708564225895, 0.788501670249459, 0.7884380347566912, 0.7883882436160968, 0.7883329309870583, 0.7882969839070644, 0.7882831593925984, 0.7882306327497585, 0.7881532438543886, 0.7880896911458378, 0.7880372024673661, 0.7879819623516692, 0.7879764389675216, 0.7879653925414112, 0.7879653925414112, 0.7879350172219267, 0.7878742769312148, 0.7878301108384835, 0.7877583564940079, 0.7876921388035002, 0.7876562777354607, 0.7876342117770468, 0.7876176635036471, 0.7876121476401929, 0.787576297302277, 0.7875376946236048, 0.7874660187260224, 0.78742467599103, 0.7873750731523056, 0.7873392546068981, 0.7873034408637128, 0.7872511063369393, 0.787215304410559, 0.7871602338941839, 0.7871492211536144, 0.7871244441478545, 0.787099669441019]
输出功率表
[0.0, 0.0, 0.0, 0.0, 0.0, 0.0, 0.0, 0.0, 0.0, 0.0, 0.0, 0.0, 0.0, 0.0, 0.0, 0.0, 0.0, 0.0, 0.0, 0.0, 0.0, 0.0, 0.0, 0.0, 0.0, 0.0, 0.0, 0.0, 0.0, 0.0, 0.0, 0.0, 0.0, 0.0, 0.0, 0.0, 0.0, 0.0, 0.0, 0.0, 0.0, 0.0, 0.0, 0.0, 0.0, 0.0, 0.0, 0.0, 0.0, 0.0, 0.0, 0.0, 0.0, 0.0, 0.0, 0.0, 0.0, 0.0, 0.0, 0.0, 0.0, 0.0, 0.0, 0.0]
稳定检测中(2/3)，拟合系数表[ 9.36329675e-07 -9.91127987e-04  2.36114783e+01]，热浴温度表
[0.7870886591980476, 0.7870336147929174, 0.7869950904610064, 0.786945567345063, 0.7869263108366181, 0.7868850515676281, 0.7868465486704789, 0.786830049129204, 0.7867778073110964, 0.7867008380072117, 0.786645873524929, 0.7866266386312938, 0.786623890902564, 0.7866266386312938, 0.7866211432021373, 0.7866156478861929, 0.7865469659877004, 0.7864947795709454, 0.7864508410341121, 0.7863849468008823, 0.7863629856747981, 0.7863574956759098, 0.7863547507188587, 0.7863355368107866, 0.7862998575120984, 0.7862806475597751, 0.7862422318076651, 0.7862147953740222, 0.7861846185586323, 0.7861379883817324, 0.786083139794003, 0.7860474942650949, 0.786011853504197, 0.7860173363878752, 0.7860036293902346, 0.785978958571439, 0.7859186617418665, 0.7858802981370479, 0.7858474194444109, 0.7857789352013123, 0.7857405917163176, 0.7857186836320692, 0.785710468565156, 0.7856967773501701, 0.7856666591550531, 0.7856201195538558, 0.7855489570733293, 0.7855270647522108, 0.7855079104481574, 0.7854997018826466, 0.7854750777049532, 0.785447720179251, 0.7854258361833071, 0.7853766037712392, 0.7853246461051866, 0.7852699647841546, 0.7852699647841546, 0.7852398948474345, 0.7852426283376017, 0.785248095402199, 0.7852152946997906, 0.7851934298115487, 0.7851387754527934, 0.7851032561410929]
输出功率表
[0.0, 0.0, 0.0, 0.0, 0.0, 0.0, 0.0, 0.0, 0.0, 0.0, 0.0, 0.0, 0.0, 0.0, 0.0, 0.0, 0.0, 0.0, 0.0, 0.0, 0.0, 0.0, 0.0, 0.0, 0.0, 0.0, 0.0, 0.0, 0.0, 0.0, 0.0, 0.0, 0.0, 0.0, 0.0, 0.0, 0.0, 0.0, 0.0, 0.0, 0.0, 0.0, 0.0, 0.0, 0.0, 0.0, 0.0, 0.0, 0.0, 0.0, 0.0, 0.0, 0.0, 0.0, 0.0, 0.0, 0.0, 0.0, 0.0, 0.0, 0.0, 0.0, 0.0, 0.0]
稳定检测中(3/3)，拟合系数表[ 5.17938653e-07 -6.09481086e-04  2.35514449e+01]，热浴温度表
[0.7850677415724937, 0.7850295004173425, 0.7849858029729654, 0.7849530346017386, 0.7849230004754799, 0.7849120798161802, 0.7849066196547476, 0.7849284609733538, 0.7849284609733538, 0.7849066196547476, 0.7848574832477538, 0.784811084979342, 0.7847865244686756, 0.7847374102550081, 0.7847537806511282, 0.7847701520556543, 0.7847592376739201, 0.7847646948087615, 0.7847155846286522, 0.7846746664099811, 0.7846446637202189, 0.7846037564202255, 0.7846037564202255, 0.7846037564202255, 0.7846010294908113, 0.7845846685020512, 0.7845492231490883, 0.7845165085586732, 0.7844865237228978, 0.7844783466278004, 0.7844865237228978, 0.7844592677181147, 0.7844265642037748, 0.7844129389278237, 0.784374791873437, 0.7843666182174631, 0.7843475473317914, 0.7843175815639656, 0.7842685539641341, 0.7842522134423558, 0.7842277045451549, 0.7842004750904373, 0.7841977522985611, 0.7841950295346101, 0.7842031979102385, 0.7841868614103009, 0.7841324136700016, 0.7840970286267094, 0.7840507629944791, 0.7840344358731511, 0.7840181097562039, 0.7840344358731511, 0.7840480417378386, 0.7840861418700357, 0.7840616483000636, 0.7840398781353248, 0.7839963431624843, 0.7839364942339647, 0.783903855052532, 0.7838820978286217, 0.7838929762175573, 0.7838820978286217, 0.7838685004696543, 0.7838657810814844]
输出功率表
[0.0, 0.0, 0.0, 0.0, 0.0, 0.0, 0.0, 0.0, 0.0, 0.0, 0.0, 0.0, 0.0, 0.0, 0.0, 0.0, 0.0, 0.0, 0.0, 0.0, 0.0, 0.0, 0.0, 0.0, 0.0, 0.0, 0.0, 0.0, 0.0, 0.0, 0.0, 0.0, 0.0, 0.0, 0.0, 0.0, 0.0, 0.0, 0.0, 0.0, 0.0, 0.0, 0.0, 0.0, 0.0, 0.0, 0.0, 0.0, 0.0, 0.0, 0.0, 0.0, 0.0, 0.0, 0.0, 0.0, 0.0, 0.0, 0.0, 0.0, 0.0, 0.0, 0.0, 0.0]
高侧平均电阻48096.09Ω，低侧平均电阻50117.09Ω
---------------------少女祈禱中。。。--------------------
新温度循环
开始检查温度稳定性
稳定检测中(1/3)，拟合系数表[ 2.36289329e-06 -5.16764541e-04  2.34853717e+01]，热浴温度表
[0.7828154664592021, 0.7828019237115632, 0.7827883816566378, 0.7827829650286141, 0.782769423943397, 0.7827504675876271, 0.7827233894338936, 0.7826936066636986, 0.7826692414349128, 0.7826502922519551, 0.7826611201903824, 0.7826908993052948, 0.7827152665278716, 0.782707143871105, 0.7826854846715595, 0.7826313444255651, 0.7825745090843659, 0.7825393314177754, 0.7825528607361327, 0.7825555666828122, 0.7825718029439848, 0.7825853339226301, 0.7825772152524212, 0.7825663907462397, 0.7825420372261088, 0.7824852210608017, 0.7824689901113072, 0.7824392359564358, 0.7824148941366511, 0.7823986675010054, 0.7823932588436302, 0.7823797376839798, 0.7823743294136253, 0.7823770335349813, 0.7823824418606219, 0.7823689212538413, 0.7823391783513108, 0.782314845736597, 0.7822715932813393, 0.7822607812726552, 0.7822364558691328, 0.7822418613210015, 0.7822121327029239, 0.7821688970418399, 0.7821364749347243, 0.7821283700291028, 0.7821553873473952, 0.7821959185015869, 0.7822310505277484, 0.7822499697059703, 0.7822202401764217, 0.7822067278586796, 0.7821337732719124, 0.7821094595487903, 0.7820932516421314, 0.7820986541672836, 0.7821175638747346, 0.7821391766251425, 0.7821472818620356, 0.7821607911423443, 0.7821391766251425, 0.7821175638747346, 0.7821121609631692, 0.7820986541672836]
输出功率表
[0.0, 0.0, 0.0, 0.0, 0.0, 0.0, 0.0, 0.0, 0.0, 0.0, 0.0, 0.0, 0.0, 0.0, 0.0, 0.0, 0.0, 0.0, 0.0, 0.0, 0.0, 0.0, 0.0, 0.0, 0.0, 0.0, 0.0, 0.0, 0.0, 0.0, 0.0, 0.0, 0.0, 0.0, 0.0, 0.0, 0.0, 0.0, 0.0, 0.0, 0.0, 0.0, 0.0, 0.0, 0.0, 0.0, 0.0, 0.0, 0.0, 0.0, 0.0, 0.0, 0.0, 0.0, 0.0, 0.0, 0.0, 0.0, 0.0, 0.0, 0.0, 0.0, 0.0, 0.0]
稳定检测中(2/3)，拟合系数表[-4.87809511e-07 -2.95958000e-04  2.34638476e+01]，热浴温度表
[0.782095952890908, 0.7820716426454528, 0.7820716426454528, 0.7820581379194038, 0.7820824469230127, 0.7820905504209547, 0.7820986541672836, 0.7820878492273757, 0.7820473346352529, 0.7820203283562568, 0.7819960250639316, 0.7819690240262673, 0.7819933248360433, 0.7819987253194041, 0.7820149274315247, 0.7820338311508808, 0.78202572939134, 0.7820068262513284, 0.7819798241103504, 0.7819582243834627, 0.7819609242527954, 0.7819582243834627, 0.7819636241497067, 0.7819312272068706, 0.7819015334974115, 0.781871843123865, 0.7818421560856762, 0.7818232660704398, 0.7818394574293931, 0.7818583486021563, 0.781863746328148, 0.7818340601995066, 0.781809774029146, 0.7817746979456324, 0.7817342313270157, 0.7817180464149032, 0.7816802854755955, 0.78165061995232, 0.78165061995232, 0.7816614070298676, 0.7817018624942761, 0.7817099543306599, 0.7817261387470182, 0.7817315337728065, 0.781696468074382, 0.78165061995232, 0.7815939950214279, 0.7815805146841096, 0.7815400777999578, 0.7815508603637022, 0.7815805146841096, 0.7815939950214279, 0.7815886028039374, 0.781567035034793, 0.781553556073426, 0.7815373822278069, 0.781515818641053, 0.7815239047797481, 0.7815266002143362, 0.7815104280194739, 0.7815023422934243, 0.7814753916612179, 0.7814726967492757, 0.7814726967492757]
输出功率表
[0.0, 0.0, 0.0, 0.0, 0.0, 0.0, 0.0, 0.0, 0.0, 0.0, 0.0, 0.0, 0.0, 0.0, 0.0, 0.0, 0.0, 0.0, 0.0, 0.0, 0.0, 0.0, 0.0, 0.0, 0.0, 0.0, 0.0, 0.0, 0.0, 0.0, 0.0, 0.0, 0.0, 0.0, 0.0, 0.0, 0.0, 0.0, 0.0, 0.0, 0.0, 0.0, 0.0, 0.0, 0.0, 0.0, 0.0, 0.0, 0.0, 0.0, 0.0, 0.0, 0.0, 0.0, 0.0, 0.0, 0.0, 0.0, 0.0, 0.0, 0.0, 0.0, 0.0, 0.0]
稳定检测中(3/3)，拟合系数表[ 4.05735911e-04 -5.63479698e-04  2.33637510e+01]，热浴温度表
[0.7814403599511214, 0.7814484437794016, 0.781437665396692, 0.7814349708697605, 0.7814053328882735, 0.7813945562652822, 0.7813730043388648, 0.7813541478463844, 0.781348760524478, 0.7813325992183704, 0.7813029727266714, 0.7812922002813124, 0.7812948933514378, 0.7813056659067029, 0.7813137456116679, 0.781316438901613, 0.781311052349201, 0.7813002795741163, 0.7812706567094037, 0.7812329596891872, 0.7812545001843249, 0.7812895072386628, 0.7813245189363289, 0.7813433733125084, 0.7813514541716889, 0.7813272123361948, 0.7812922002813124, 0.7812598855828007, 0.7812356521549423, 0.7812437297170102, 0.7812464222926352, 0.7812571928698278, 0.7813029727266714, 0.7812060365422363, 0.7836347349205462, 0.7885487149020763, 0.7935855802200245, 0.7993452233909031, 0.8041304840217937, 0.8093165538435126, 0.8111200574388889, 0.8137441332048135, 0.8142208466469166, 0.8147531692174236, 0.815265147670678, 0.8155092743376406, 0.8157077830469902, 0.8158483506201438, 0.8159736981784986, 0.8163531373082411, 0.8168496256290281, 0.8178575391557933, 0.8185109100891624, 0.8188412503316423, 0.8188968594161697, 0.8185911442918091, 0.8184029383577169, 0.8183720968447241, 0.8188628747913614, 0.8195092796403445, 0.8199772166855721, 0.8205173858737936, 0.820868735507011, 0.8210803763144262]
输出功率表
[0.0, 0.0, 0.0, 0.0, 0.0, 0.0, 0.0, 0.0, 0.0, 0.0, 0.0, 0.0, 0.0, 0.0, 0.0, 0.0, 0.0, 0.0, 0.0, 0.0, 0.0, 0.0, 0.0, 0.0, 0.0, 0.0, 0.0, 0.0, 0.0, 0.0, 0.0, 0.0, 0.0, 0.0, 0.0, 0.0, 0.0, 0.0, 0.0, 0.0, 0.0, 0.0, 0.0, 0.0, 0.0, 0.0, 0.0, 0.0, 0.0, 0.0, 0.0, 0.0, 0.0, 0.0, 0.0, 0.0, 0.0, 0.0, 0.0, 0.0, 0.0, 0.0, 0.0, 0.0]
高侧平均电阻45521.4Ω，低侧平均电阻47272.19Ω
---------------------少女祈禱中。。。--------------------
新温度循环
开始检查温度稳定性
