
创建文件成功

---------------------少女祈禱中。。。--------------------
新温度循环
93.89742374420166	1.8	493.14039999999994	684.4562999999999	2973.2820000000006	0.0
---------------------少女祈禱中。。。--------------------
新温度循环
186.46387314796448	1.8900000000000001	495.9581	688.2599999999999	3001.1307999999995	0.0
---------------------少女祈禱中。。。--------------------
新温度循环
279.1263236999512	1.9845000000000002	497.60619999999994	690.5011999999999	3017.5657	0.0
---------------------少女祈禱中。。。--------------------
新温度循环
371.75904726982117	2.0837250000000003	499.2063	692.6953	3033.5616999999997	0.0
---------------------少女祈禱中。。。--------------------
新温度循环
464.34341168403625	2.1879112500000004	503.0764	697.9947	3072.3892999999994	0.0
---------------------少女祈禱中。。。--------------------
新温度循环
556.9205067157745	2.2973068125000005	510.66470000000004	708.2964	3148.8822999999998	0.0
---------------------少女祈禱中。。。--------------------
新温度循环
649.5038371086121	2.4121721531250007	515.9091	715.3454	3202.1626	0.0
---------------------少女祈禱中。。。--------------------
新温度循环
742.0647251605988	2.5327807607812507	517.7735	717.8299	3221.1549	0.0
---------------------少女祈禱中。。。--------------------
新温度循环
834.6476936340332	2.659419798820313	766.6892	679.2626000000001	904.4614	0.0
---------------------少女祈禱中。。。--------------------
新温度循环
