
创建文件成功

新设定点数=200个，设定电流=1.000000e-05A
开始取REL
REL=0.3644436394366214K，开始升温。。。
[2.52667053e-04 1.74205111e-02 4.27496108e-02 6.54450842e-02
 8.52410013e-02 1.03408014e-01 1.20142043e-01 1.35247169e-01
 1.49098434e-01 1.61558693e-01 1.73990965e-01 1.84673986e-01
 1.95314967e-01 2.04749722e-01 2.13392418e-01 2.22261817e-01
 2.29905339e-01 2.37249393e-01 2.44263184e-01 2.50871151e-01
 2.57039708e-01 2.62715674e-01 2.68218296e-01 2.73407274e-01
 2.78347158e-01 2.82898008e-01 2.87572006e-01 2.91669452e-01
 2.95523401e-01 2.99469708e-01 3.03110949e-01 3.06713008e-01
 3.10175047e-01 3.13108189e-01 3.15663495e-01 3.18610631e-01
 3.21230308e-01 3.24199836e-01 3.26105820e-01 3.28689112e-01
 3.30704249e-01 3.32876117e-01 3.34919142e-01 3.36668391e-01
 3.38532393e-01 3.40390795e-01 3.41818185e-01 3.43533848e-01
 3.45425837e-01 3.46371834e-01 3.48174260e-01 3.49151042e-01
 3.50883407e-01 3.51577508e-01 3.53203611e-01 3.54281150e-01
 3.55574195e-01 3.55940837e-01 3.57415807e-01 3.57947579e-01
 3.58983133e-01 3.59702425e-01 3.60942274e-01 3.61597192e-01
 3.62663536e-01 3.63046971e-01 3.63813841e-01 3.64208473e-01
 3.65090096e-01 3.65442743e-01 3.66506288e-01 3.66732990e-01
 3.67440861e-01 3.67723539e-01 3.68104175e-01 3.68747898e-01
 3.68719911e-01 3.69511972e-01 3.69570746e-01 3.70457966e-01
 3.70516740e-01 3.71138074e-01 3.71188467e-01 3.71658665e-01
 3.72067291e-01 3.71966534e-01 3.72417142e-01 3.72954511e-01
 3.73074858e-01 3.73119639e-01 3.73346341e-01 3.73620623e-01
 3.73623496e-01 3.73931365e-01 3.73886583e-01 3.74437948e-01
 3.74516314e-01 3.74678644e-01 3.74894151e-01 3.75101262e-01
 3.74899751e-01 3.75386741e-01 3.75632902e-01 3.75585322e-01
 3.75602116e-01 3.75425790e-01 3.76139485e-01 3.76016337e-01
 3.76133888e-01 3.76525719e-01 3.76710439e-01 3.76517323e-01
 3.76680013e-01 3.76548468e-01 3.76934702e-01 3.76786367e-01
 3.76783569e-01 3.77060649e-01 3.77211785e-01 3.77119424e-01
 3.77418896e-01 3.77371316e-01 3.77511417e-01 3.77838876e-01
 3.78121556e-01 3.77771705e-01 3.77763309e-01 3.77522612e-01
 3.78018001e-01 3.77861268e-01 3.77920042e-01 3.77973219e-01
 3.78037610e-01 3.78241920e-01 3.77964840e-01 3.78219531e-01
 3.78692528e-01 3.78015218e-01 3.78566583e-01 3.78608563e-01
 3.78672937e-01 3.78457430e-01 3.78560969e-01 3.78258701e-01
 3.78527385e-01 3.78451816e-01 3.78468611e-01 3.78504993e-01
 3.78625344e-01 3.78477007e-01 3.79075949e-01 3.78471409e-01
 3.78429253e-01 3.78406861e-01 3.78885456e-01 3.78966622e-01
 3.78868664e-01 3.79017000e-01 3.78412458e-01 3.79070178e-01
 3.78350885e-01 3.78809889e-01 3.78880081e-01 3.78720550e-01
 3.78899672e-01 3.79048009e-01 3.78866088e-01 3.78885678e-01
 3.78060032e-01 3.78964046e-01 3.78868886e-01 3.78846495e-01
 3.79128964e-01 3.78888266e-01 3.79089780e-01 3.78977828e-01
 3.78891065e-01 3.79042200e-01 3.79067391e-01 3.78924651e-01
 3.79017012e-01 3.78958237e-01 3.78958609e-01 3.79176915e-01
 3.79104147e-01 3.79092952e-01 3.79042574e-01 3.79008987e-01
 3.78936219e-01 3.79476387e-01 3.78846657e-01 3.79386825e-01
 3.79003374e-01 3.79439988e-01 3.79246870e-01 3.79333634e-01
 3.79568732e-01 3.79090137e-01 3.79319638e-01 3.79095735e-01]
设定电流=1e-05,期望温差=1,设定温度=180,晶中温度=8.11468003980151,温度差=0.34258151033170214
单次测量结束，时间=118s	设定温度=180	温度差=0.34258151033170214K	相对热导2.919013343807601e-06V/W	时间常数=0.04657091875489883s	时间偏离=-6.770590426267886s
结束小循环
等待30秒降温缓和
新设定点数=200个，设定电流=1.708512e-05A
开始取REL
REL=0.36863896268765173K，开始升温。。。
[-0.00138476  0.04349678  0.10958483  0.16346731  0.20988811  0.25146146
  0.28857074  0.32133348  0.35279757  0.38084154  0.4072566   0.43166772
  0.4545647   0.47563686  0.49517271  0.5150218   0.53237715  0.54966534
  0.56518468  0.58093353  0.5938304   0.60838695  0.62161408  0.63394279
  0.64538757  0.65678429  0.66762125  0.67796842  0.6873276   0.6969023
  0.70536867  0.71443959  0.72249454  0.73041794  0.73786018  0.74470045
  0.75231599  0.75845376  0.76515129  0.77070691  0.77743523  0.78245908
  0.78763686  0.79334362  0.79815761  0.80264129  0.80783587  0.81189972
  0.81649256  0.82003024  0.82443276  0.82791727  0.83163128  0.83518016
  0.8369685   0.84168168  0.8435065   0.84774948  0.85023761  0.85338067
  0.8558632   0.85866481  0.86071913  0.86347035  0.86525012  0.8676375
  0.86953788  0.87146905  0.87356536  0.87524464  0.87762642  0.87880471
  0.8807107   0.88196456  0.88417244  0.88544309  0.88687608  0.88792003
  0.88980362  0.8907916   0.89271717  0.8928823   0.89504298  0.89558035
  0.89635344  0.89794595  0.8985477   0.89981555  0.90058522  0.90194824
  0.90148924  0.90303138  0.90407813  0.9050829   0.90520333  0.90637043
  0.90699176  0.90787339  0.90746756  0.90954987  0.90946311  0.91025237
  0.91019079  0.91169095  0.91189274  0.91257005  0.91229577  0.9129115
  0.91387149  0.91429131  0.91436968  0.91471393  0.91514495  0.91490425
  0.91589768  0.91596765  0.9167821   0.91662257  0.91691644  0.91666455
  0.91808914  0.9177113   0.91845018  0.91834663  0.91870717  0.91891428
  0.91917737  0.91904582  0.91951882  0.91934809  0.91966156  0.91964477
  0.92042283  0.92021852  0.92056818  0.92046742  0.92107756  0.92102998
  0.92116992  0.92093482  0.92146379  0.92177726  0.92152537  0.92195078
  0.92210676  0.92222711  0.92184367  0.9227057   0.92215714  0.92257136
  0.92122514  0.92262734  0.92255737  0.92261054  0.92276197  0.92271439
  0.92279835  0.92309502  0.92329934  0.92330214  0.92297188  0.92332452
  0.92331893  0.9236072   0.92308362  0.9236014   0.92370496  0.92399323
  0.92387288  0.92389527  0.92365738  0.92395685  0.92410518  0.92422273
  0.92438478  0.9243456   0.92368788  0.92432041  0.92391738  0.92442396
  0.9241133   0.92402933  0.92376065  0.92414408  0.92439686  0.92441085
  0.92447802  0.92437447  0.92485026  0.9243129   0.92469073  0.92439686
  0.92449762  0.92448362  0.92482494  0.92450028  0.92486133  0.92451428
  0.92447789  0.92478016]
设定电流=1.7085120262402606e-05,期望温差=1,设定温度=180,晶中温度=8.597230811763799,温度差=0.8251322822939922
单次测量结束，时间=257s	设定温度=180	温度差=0.8251322822939922K	相对热导3.5376307610851237e-06V/W	时间常数=0.04657091875489883s	时间偏离=-6.770590426267886s
结束小循环
等待30秒降温缓和
新设定点数=200个，设定电流=1.880859e-05A
开始取REL
REL=0.37824225876863465K，开始升温。。。
[-0.01175211  0.04362774  0.11973829  0.18241461  0.23549664  0.28281314
  0.32511444  0.36365113  0.39842622  0.43124776  0.46111095  0.48909616
  0.5156092   0.53989999  0.56302927  0.58488511  0.60568289  0.62526609
  0.64358144  0.66137341  0.67812143  0.694069    0.70909575  0.72338363
  0.7369802   0.75025211  0.76294163  0.77487851  0.78618846  0.79718215
  0.80744814  0.81759939  0.82719927  0.83617502  0.84496325  0.85354437
  0.86159093  0.86956751  0.87696754  0.88442354  0.89095034  0.89767026
  0.90391158  0.91018369  0.915994    0.92137049  0.92701236  0.93222932
  0.93684174  0.94220984  0.9469678   0.95135071  0.95541737  0.95961556
  0.96379697  0.96767331  0.97133108  0.97486876  0.97831129  0.98170623
  0.98489406  0.98796714  0.9906232   0.99392858  0.99683093  0.99901399
  1.00160024  1.00397922  1.00679481  1.00871199  1.01086706  1.01280103
  1.0154459   1.01677532  1.0191683   1.02111066  1.02254944  1.02484725
  1.02624945  1.02738856  1.02928615  1.03076111  1.03222488  1.03371944
  1.03511045  1.03635871  1.0374367   1.0386066   1.03984087  1.04061054
  1.04213868  1.04281039  1.04368922  1.04485912  1.04557001  1.04660277
  1.04764431  1.04906051  1.04911928  1.05016603  1.05089652  1.05169978
  1.05221475  1.05315515  1.05381567  1.0541963   1.0548683   1.0553245
  1.05645802  1.05678548  1.05721929  1.05729206  1.05810371  1.05857391
  1.05896574  1.05936037  1.05963167  1.0602558   1.0602502   1.06077358
  1.06158243  1.06163841  1.06226254  1.06195467  1.06244726  1.0632953
  1.06326692  1.06337887  1.06390225  1.06395543  1.06427729  1.06473629
  1.06492101  1.06538561  1.06528766  1.06553955  1.06589243  1.06579167
  1.0662031   1.06634584  1.06635983  1.06693918  1.06708752  1.06718828
  1.06707072  1.06728343  1.06743501  1.06734825  1.06790241  1.0679304
  1.06783524  1.06831384  1.06843699  1.06826066  1.06843699  1.0683978
  1.06832526  1.06855477  1.06866672  1.06864153  1.06914251  1.06876747
  1.06918729  1.06907254  1.06905575  1.06923487  1.06920697  1.06925175
  1.06920977  1.0691482   1.06923216  1.06966038  1.0693721   1.06952324
  1.06961     1.06971076  1.06978066  1.06982544  1.07001296  1.06983944
  1.06976947  1.07009693  1.07019768  1.06997938  1.07017529  1.07013891
  1.07035092  1.07042649  1.07047967  1.07004865  1.0701718   1.07028095
  1.0704097   1.07054124  1.07099185  1.07065599  1.07036205  1.07080706
  1.07101977  1.07091901]
设定电流=1.8808590487022478e-05,期望温差=1,设定温度=180,晶中温度=8.724220944409593,温度差=0.9516672351954142
单次测量结束，时间=396s	设定温度=180	温度差=0.9516672351954142K	相对热导3.7172980536192484e-06V/W	时间常数=0.04657091875489883s	时间偏离=-6.770590426267886s
结束小循环
等待30秒降温缓和
新设定点数=200个，设定电流=1.928030e-05A
开始取REL
