
创建文件成功

新设定点数=200个，设定电流=1.000000e-05A
开始取REL
REL=0.365331807363872K，开始升温。。。
[3.31251688 3.47633957 3.73418936 3.96679451 4.16399689 4.34974335
 4.51193377 4.66134712 4.8013887  4.93264954 5.04958538 5.15926022
 5.26260281 5.36147057 5.44944598 5.53573363 5.61506989 5.69089659
 5.75418853 5.82513518 5.88519076 5.94583733 5.99916693 6.05759026
 6.10244897 6.15386489 6.19625919 6.24334308 6.27753733 6.31508061
 6.35493166 6.38890074 6.416819   6.45061924 6.47932606 6.5069629
 6.53150394 6.55959106 6.5822465  6.60982703 6.63039986 6.65342116
 6.66794314 6.68899441 6.70514685 6.72397477 6.73821534 6.75521395
 6.77260655 6.78763514 6.79602186 6.81527194 6.8246437  6.84138901
 6.84957891 6.86404462 6.86995473 6.88143724 6.89044313 6.89947716
 6.90880531 6.91997869 6.92026013 6.9310395  6.93669801 6.94719593
 6.9539506  6.96154964 6.96675638 6.97351106 6.97573449 6.9830802
 6.98502218 6.99304337 6.9979393  7.00016271 7.0055946  7.00646709
 7.01606438 7.01609252 7.01868182 7.02414186 7.02743476 7.03241636
 7.03424563 7.03714453 7.03534326 7.04353334 7.04485612 7.04643221
 7.04930297 7.04848677 7.05059761 7.05526961 7.05407139 7.05865878
 7.05967194 7.0601785  7.0608821  7.06282398 7.06237371 7.06735508
 7.06803051 7.06682035 7.06642704 7.06873479 7.07273117 7.06997312
 7.07408204 7.07396947 7.07264674 7.07479434 7.07428778 7.07667988
 7.07814548 7.08138183 7.07913046 7.07839875 7.08107226 7.07761077
 7.08000285 7.08090341 7.07972144 7.08343622 7.08616698 7.08141093
 7.08577298 7.08233963 7.0834288  7.085821   7.08416052 7.0877066
 7.08545513 7.08635573 7.08888883 7.08705952 7.0888044  7.08877626
 7.08787566 7.0868625  7.09240676 7.08447032 7.08784752 7.08644037
 7.08967608 7.08368989 7.08478743 7.08672926 7.08940277 7.0871514
 7.08686996 7.08709512 7.0910913  7.08720768 7.08726599 7.08853241
 7.08442363 7.08616845 7.08839168 7.08903897 7.08422662 7.08687202
 7.08922784 7.0880458  7.08720067 7.09080303 7.09235092 7.08933957
 7.08950844 7.09150663 7.09297007 7.08950844 7.09263236 7.09133775
 7.08804314 7.09133593 7.09080119 7.08990061 7.09226465 7.09144042
 7.08980804 7.09265063 7.08955475 7.09357941 7.08626014 7.09262081
 7.08952493 7.09591374 7.08915904 7.08606314 7.09000336 7.08434633
 7.08535953 7.08896202 7.08704647 7.08527335 7.08912917 7.08549852
 7.08901658 7.08901658]
设定电流=1e-05,期望温差=1,设定温度=180,晶中温度=14.843963683200215,温度差=7.076869123139471
单次测量结束，时间=118s	设定温度=180	温度差=7.076869123139471K	相对热导1.413054251251118e-07V/W	时间常数=9.138340141400663s	时间偏离=-6.090500827651623s
结束小循环
等待45.69秒降温缓和
新设定点数=200个，设定电流=3.759061e-06A
开始取REL
REL=0.36379177748869856K，开始升温。。。
[3.28520346 3.30805867 3.34580354 3.38340769 3.41842233 3.44944127
 3.48130347 3.50491866 3.53219293 3.55392227 3.58099953 3.59783133
 3.61190475 3.63222674 3.65539158 3.66889673 3.68634849 3.69451139
 3.7130046  3.72454526 3.73439706 3.74711993 3.75607101 3.76640129
 3.77650641 3.78227658 3.79198764 3.80015053 3.8056394  3.81689858
 3.81909411 3.8277074  3.83350588 3.837334   3.84245694 3.84831194
 3.84867787 3.85585561 3.85791039 3.86356814 3.86793109 3.86902886
 3.86880366 3.87558732 3.87755769 3.87947199 3.88042902 3.88406011
 3.88512974 3.88901415 3.8910408  3.89517856 3.89382744 3.89537558
 3.89962592 3.89827549 3.89889474 3.90246594 3.90198744 3.90367627
 3.90305702 3.90651909 3.90654723 3.90711017 3.90809531 3.91017722
 3.90961428 3.91240081 3.91189417 3.91113421 3.91026165 3.91583471
 3.91096532 3.91493403 3.91225607 3.91217155 3.9157742  3.91405732
 3.91273446 3.91729407 3.91912353 3.91875765 3.9173785  3.92312467
 3.91800194 3.92149132 3.9200277  3.92120986 3.92168836 3.92374308
 3.92250461 3.92456382 3.92366308 3.9240853  3.92583047 3.92580188
 3.92349373 3.92470411 3.92509819 3.9268715  3.923353   3.92408486
 3.92647742 3.924113   3.92400039 3.92498674 3.92673193 3.92670376
 3.9241186  3.92561051 3.92293635 3.92746836 3.92490679 3.92535718
 3.92158518 3.9253285  3.91958608 3.92982767 3.92053884 3.92284696
 3.9204544  3.92515511 3.92205883 3.92557733 3.917527   3.92213822
 3.91884503 3.91715622 3.91915465 3.91794435 3.91904207 3.91707179
 3.91448228 3.91346899 3.91549556 3.91476208 3.91580351 3.91501539
 3.91335473 3.91571907 3.91495909 3.90958306 3.91720665 3.91518015
 3.91554605 3.91501124 3.9178258  3.91624964 3.91791023 3.91675627
 3.9181917  3.91557415 3.91999302 3.92111884 3.91774137 3.92021857
 3.92086591 3.92241393 3.92227321 3.9206689  3.92142883 3.92171029
 3.92401823 3.91822022 3.9215414  3.92016321 3.91971288 3.91822115
 3.92385478 3.92073048 3.92692279 3.92157489 3.92588135 3.92087121
 3.92289778 3.92194158 3.92621989 3.92219491 3.92669839 3.92267341
 3.92461552 3.92382743 3.92607916 3.91856397 3.93517058 3.92354618
 3.92537571 3.92616383 3.92852816 3.92402468 3.92698008 3.92698008
 3.92793708 3.92112554 3.93038586 3.92675415 3.92855553 3.92469942
 3.92858368 3.92793631]
设定电流=3.7590613871698317e-06,期望温差=1,设定温度=180,晶中温度=11.688261444388315,温度差=3.9220761048649426
单次测量结束，时间=268s	设定温度=180	温度差=3.9220761048649426K	相对热导3.602822111224119e-08V/W	时间常数=8.109012252075s	时间偏离=-14.654437450645306s
结束小循环
等待40.55秒降温缓和
新设定点数=200个，设定电流=1.898110e-06A
开始取REL
REL=0.36382796204846396K，开始升温。。。
