
创建文件成功

新设定点数=200个，设定电流=1.000000e-05A
开始取REL
REL=0.36667685343412204K，开始升温。。。
[-0.00210082  0.01461078  0.04111543  0.06386689  0.0839091   0.10262188
  0.11924396  0.13449183  0.14813039  0.16151706  0.1733252   0.18426004
  0.19488148  0.20440301  0.2132892   0.22162962  0.22992247  0.23723014
  0.24460218  0.25077354  0.25722757  0.26288943  0.26861578  0.27373758
  0.27878942  0.28356417  0.28801146  0.29226844  0.29601044  0.29968806
  0.30363716  0.30687837  0.3103125   0.31297976  0.31610602  0.31862214
  0.32142654  0.32378873  0.32602777  0.32819964  0.33107681  0.33284004
  0.33512666  0.3366688   0.33846842  0.34041919  0.34163387  0.34300248
  0.3450512   0.34614274  0.34804312  0.3491767   0.35029622  0.351273
  0.35263322  0.35354003  0.35459238  0.35530328  0.35647597  0.35731281
  0.35835117  0.35899752  0.35924661  0.36036334  0.36124216  0.36126735
  0.36247643  0.36340843  0.36378067  0.36437402  0.36532841  0.36530027
  0.36583764  0.3663918   0.36697115  0.36706911  0.36783598  0.36807388
  0.36842373  0.36902827  0.36923538  0.36931637  0.36962984  0.37011403
  0.37068218  0.37056184  0.37072417  0.37154142  0.371575    0.37187727
  0.37194164  0.37217952  0.37198081  0.37243421  0.37251258  0.37286522
  0.37311152  0.37320668  0.37342778  0.37388119  0.3733942   0.37378631
  0.37398222  0.37396263  0.37411097  0.37453359  0.37422572  0.37434047
  0.37432088  0.37467073  0.37469312  0.37504282  0.37530871  0.37497005
  0.37494486  0.37537028  0.3750792   0.37512118  0.37536188  0.37548223
  0.37553541  0.37561947  0.37546274  0.37576221  0.37566985  0.37572302
  0.37594133  0.37594693  0.37592734  0.37617083  0.37592454  0.37594958
  0.3759244   0.37650375  0.37635541  0.37641418  0.3763694   0.37645337
  0.37626865  0.37602515  0.37634422  0.37636091  0.37609503  0.37611742
  0.37584593  0.37691227  0.37635532  0.37654843  0.37631053  0.37682551
  0.37648686  0.37637484  0.37651758  0.37643082  0.37657076  0.37662393
  0.37656236  0.37656796  0.3767135   0.37678626  0.37681146  0.37679471
  0.37674434  0.37668556  0.37643927  0.37660439  0.37644486  0.37680031
  0.37688987  0.37676113  0.37704941  0.37665508  0.37693216  0.37694616
  0.37698254  0.37702172  0.37685939  0.37709169  0.37669706  0.37712808
  0.3770889   0.37676436  0.37694908  0.37711981  0.37665521  0.37670279
  0.37696028  0.37705264  0.37664121  0.37669999  0.37677276  0.37697453
  0.37678981  0.3770389   0.37703051  0.37670305  0.3765715   0.37673663
  0.3768178   0.37703331]
设定电流=1e-05,期望温差=1,设定温度=180,晶中温度=180.37515428428273,温度差=0.3751542842827278
单次测量结束，时间=119s	设定温度=180	温度差=0.3751542842827278K	相对热导2.665569985191398e-06V/W	时间常数=9.085328463268658s	时间偏离=-0.2854728716490511s
结束小循环
等待45.43秒降温缓和
新设定点数=200个，设定电流=1.632657e-05A
开始取REL
REL=0.3638835898556976K，开始升温。。。
[-7.74225570e-05  4.08914091e-02  1.02529382e-01  1.53842630e-01
  1.98214809e-01  2.36647934e-01  2.71688911e-01  3.03567248e-01
  3.32490047e-01  3.59366926e-01  3.84486158e-01  4.06798194e-01
  4.28354553e-01  4.48427636e-01  4.67470675e-01  4.85287840e-01
  5.01921111e-01  5.18266107e-01  5.32797479e-01  5.46847456e-01
  5.60458023e-01  5.73335306e-01  5.85521283e-01  5.96598820e-01
  6.07950752e-01  6.18275526e-01  6.28172084e-01  6.36870756e-01
  6.46848477e-01  6.55113335e-01  6.63322215e-01  6.71125270e-01
  6.78673634e-01  6.85815924e-01  6.92857702e-01  6.99373308e-01
  7.05488685e-01  7.11766392e-01  7.17671859e-01  7.23081940e-01
  7.28091791e-01  7.33305954e-01  7.38615275e-01  7.43165705e-01
  7.47380697e-01  7.51671254e-01  7.56157729e-01  7.59519085e-01
  7.63417811e-01  7.66843542e-01  7.70728274e-01  7.74335925e-01
  7.77652501e-01  7.80717276e-01  7.83759570e-01  7.87073349e-01
  7.89768592e-01  7.92351882e-01  7.94632903e-01  7.97442897e-01
  7.99844268e-01  8.02209251e-01  8.04814933e-01  8.06617601e-01
  8.08722298e-01  8.10871777e-01  8.12741374e-01  8.13832906e-01
  8.16469375e-01  8.17751225e-01  8.19895106e-01  8.21409255e-01
  8.22632330e-01  8.24188157e-01  8.25523184e-01  8.27182871e-01
  8.28369563e-01  8.30065635e-01  8.30726150e-01  8.32212312e-01
  8.33200289e-01  8.34658462e-01  8.35055891e-01  8.36313004e-01
  8.37678819e-01  8.38350529e-01  8.39425269e-01  8.40236920e-01
  8.41208105e-01  8.41697894e-01  8.42853799e-01  8.43461137e-01
  8.44339961e-01  8.45118076e-01  8.45966112e-01  8.46380335e-01
  8.47105225e-01  8.47883292e-01  8.48513022e-01  8.48720133e-01
  8.49747291e-01  8.50133525e-01  8.50648504e-01  8.51183237e-01
  8.51502300e-01  8.52546253e-01  8.52493076e-01  8.53089219e-01
  8.53497845e-01  8.54446638e-01  8.54734915e-01  8.54648152e-01
  8.55238698e-01  8.55292297e-01  8.55712120e-01  8.56302666e-01
  8.56532167e-01  8.56509777e-01  8.57562126e-01  8.57419387e-01
  8.57671279e-01  8.57744049e-01  8.58035123e-01  8.58664292e-01
  8.59000147e-01  8.59042129e-01  8.59534719e-01  8.60035703e-01
  8.59926550e-01  8.60088881e-01  8.60374357e-01  8.59988124e-01
  8.60911729e-01  8.60724055e-01  8.61171862e-01  8.60967549e-01
  8.61465736e-01  8.61507719e-01  8.61171862e-01  8.61790397e-01
  8.61709233e-01  8.62268991e-01  8.61653255e-01  8.62296649e-01
  8.61686509e-01  8.62456180e-01  8.62106329e-01  8.63032733e-01
  8.62184697e-01  8.62542941e-01  8.61902017e-01  8.62764048e-01
  8.62520552e-01  8.62557049e-01  8.62761361e-01  8.63337914e-01
  8.63007656e-01  8.63195175e-01  8.62895705e-01  8.63007656e-01
  8.62792149e-01  8.63270743e-01  8.63102816e-01  8.62767341e-01
  8.63206752e-01  8.62921273e-01  8.62924072e-01  8.63467041e-01
  8.63022030e-01  8.63257131e-01  8.63237538e-01  8.62932470e-01
  8.63293516e-01  8.63221031e-01  8.63120274e-01  8.63777993e-01
  8.63044707e-01  8.63271409e-01  8.63181847e-01  8.63495313e-01
  8.63246221e-01  8.63551291e-01  8.63576479e-01  8.63484318e-01
  8.63571081e-01  8.63285602e-01  8.63697026e-01  8.63464727e-01
  8.63299596e-01  8.63531898e-01  8.63439537e-01  8.63551488e-01
  8.63520703e-01  8.63422406e-01  8.63332846e-01  8.63590336e-01
  8.63330047e-01  8.63282467e-01  8.63576340e-01  8.63178912e-01]
设定电流=1.6326573385715074e-05,期望温差=1,设定温度=180,晶中温度=180.85816459659634,温度差=0.8581645965963306
单次测量结束，时间=269s	设定温度=180	温度差=0.8581645965963306K	相对热导3.1061290523561966e-06V/W	时间常数=10.529711198947371s	时间偏离=-0.7308980790196491s
结束小循环
等待52.65秒降温缓和
新设定点数=200个，设定电流=1.762421e-05A
开始取REL
REL=0.36659480002938494K，开始升温。。。
