
创建文件成功

---------------------少女祈禱中。。。--------------------
新温度循环
调节热浴温度为144K
开始检查温度稳定性
稳定检测中(1/3)，拟合系数表[-2.11417260e-06  2.71756231e-04  1.43279184e+02]，热浴温度表
[143.28025417446432, 143.28025417446432, 143.28025417446432, 143.28025417446432, 143.28025417446432, 143.28025417446432, 143.28025417446432, 143.28025417446432, 143.28025417446432, 143.28025417446432, 143.28025417446432, 143.28025417446432, 143.28025417446432, 143.28025417446432, 143.28025417446432, 143.2834683443339, 143.2834683443339, 143.28668262968156, 143.28668262968156, 143.28668262968156, 143.28668262968156, 143.28668262968156, 143.28668262968156, 143.2834683443339, 143.2834683443339, 143.2834683443339, 143.2834683443339, 143.2834683443339, 143.2834683443339, 143.28668262968156, 143.2834683443339, 143.28668262968156, 143.28668262968156, 143.28668262968156, 143.2834683443339, 143.2834683443339, 143.28668262968156, 143.28668262968156, 143.28668262968156, 143.28668262968156, 143.28668262968156, 143.28668262968156, 143.28668262968156, 143.28668262968156, 143.28668262968156, 143.28668262968156, 143.28668262968156, 143.28668262968156, 143.28668262968156, 143.28668262968156, 143.28668262968156, 143.28668262968156, 143.28989703051343, 143.28989703051343, 143.28989703051343, 143.28989703051343, 143.28989703051343, 143.28668262968156, 143.28668262968156, 143.28668262968156, 143.28668262968156, 143.28668262968156, 143.28989703051343, 143.28668262968156]
输出功率表
[7.0, 7.0, 7.0, 7.1, 7.0, 7.0, 7.0, 7.0, 7.1, 7.1, 7.1, 7.0, 7.0, 7.1, 7.1, 7.0, 7.0, 7.0, 6.9, 7.0, 7.0, 7.0, 7.0, 7.0, 7.0, 7.1, 7.1, 7.1, 7.0, 7.1, 7.1, 7.0, 7.0, 7.0, 7.1, 7.0, 7.0, 6.9, 7.0, 7.1, 7.1, 7.0, 7.1, 7.0, 7.0, 7.0, 7.0, 7.1, 7.0, 7.0, 7.1, 7.0, 7.0, 7.0, 7.0, 7.0, 7.0, 7.1, 7.0, 7.1, 7.0, 7.1, 7.0, 7.0]
稳定检测中(2/3)，拟合系数表[-9.20437173e-07  1.02877953e-04  1.43287884e+02]，热浴温度表
[143.28668262968156, 143.28989703051343, 143.28989703051343, 143.28989703051343, 143.28989703051343, 143.28989703051343, 143.28989703051343, 143.28668262968156, 143.28668262968156, 143.28989703051343, 143.28989703051343, 143.28989703051343, 143.28668262968156, 143.28668262968156, 143.28668262968156, 143.28668262968156, 143.28668262968156, 143.28989703051343, 143.28989703051343, 143.28989703051343, 143.28989703051343, 143.28989703051343, 143.28668262968156, 143.28989703051343, 143.28989703051343, 143.28989703051343, 143.28989703051343, 143.28668262968156, 143.28989703051343, 143.28989703051343, 143.28989703051343, 143.28989703051343, 143.29311154683495, 143.28989703051343, 143.28989703051343, 143.28989703051343, 143.29311154683495, 143.29311154683495, 143.28989703051343, 143.29311154683495, 143.29311154683495, 143.28989703051343, 143.28989703051343, 143.28989703051343, 143.28989703051343, 143.28989703051343, 143.28989703051343, 143.28989703051343, 143.28989703051343, 143.29311154683495, 143.29311154683495, 143.29311154683495, 143.29311154683495, 143.29311154683495, 143.28989703051343, 143.28989703051343, 143.28989703051343, 143.28989703051343, 143.28989703051343, 143.28989703051343, 143.28989703051343, 143.28989703051343, 143.28989703051343, 143.28989703051343]
输出功率表
[7.1, 6.9, 7.0, 7.0, 6.9, 7.0, 7.0, 7.0, 7.1, 7.0, 7.0, 7.0, 7.1, 7.0, 7.0, 7.0, 7.0, 6.9, 7.0, 6.9, 7.0, 7.0, 7.0, 7.0, 7.0, 7.0, 7.0, 7.0, 6.9, 6.9, 7.0, 6.9, 6.9, 6.9, 7.0, 6.9, 6.9, 6.9, 7.0, 6.9, 6.9, 6.9, 7.0, 6.9, 7.0, 6.9, 6.9, 6.9, 6.9, 6.9, 7.0, 6.9, 6.9, 6.9, 6.9, 6.9, 7.0, 7.0, 6.9, 6.9, 6.9, 6.8, 6.9, 6.9]
稳定检测中(3/3)，拟合系数表[-9.94900277e-07  1.11102521e-04  1.43289231e+02]，热浴温度表
[143.28989703051343, 143.28989703051343, 143.28989703051343, 143.28989703051343, 143.28989703051343, 143.28989703051343, 143.28989703051343, 143.28989703051343, 143.29311154683495, 143.28989703051343, 143.28989703051343, 143.28989703051343, 143.28989703051343, 143.28989703051343, 143.28989703051343, 143.28989703051343, 143.28989703051343, 143.28989703051343, 143.28989703051343, 143.28989703051343, 143.28989703051343, 143.28989703051343, 143.28989703051343, 143.29311154683495, 143.29311154683495, 143.28989703051343, 143.28989703051343, 143.29311154683495, 143.28989703051343, 143.28989703051343, 143.28989703051343, 143.29311154683495, 143.29311154683495, 143.29311154683495, 143.28989703051343, 143.29311154683495, 143.29311154683495, 143.29311154683495, 143.29311154683495, 143.29311154683495, 143.29311154683495, 143.29311154683495, 143.29311154683495, 143.29311154683495, 143.29311154683495, 143.29311154683495, 143.29311154683495, 143.28989703051343, 143.28989703051343, 143.29311154683495, 143.29311154683495, 143.29311154683495, 143.29311154683495, 143.29311154683495, 143.29311154683495, 143.29311154683495, 143.28989703051343, 143.28989703051343, 143.28989703051343, 143.28989703051343, 143.29311154683495, 143.29311154683495, 143.29311154683495, 143.29311154683495]
输出功率表
[6.9, 6.9, 6.9, 6.9, 6.8, 6.9, 6.9, 6.9, 6.9, 6.9, 6.9, 6.9, 6.9, 6.8, 6.8, 6.9, 6.9, 6.9, 6.9, 6.9, 6.9, 6.9, 6.9, 6.9, 6.8, 6.9, 6.9, 6.9, 6.9, 6.9, 6.9, 6.8, 6.8, 6.8, 6.8, 6.8, 6.8, 6.8, 6.8, 6.8, 6.8, 6.7, 6.8, 6.8, 6.8, 6.8, 6.8, 6.9, 6.8, 6.8, 6.8, 6.8, 6.8, 6.8, 6.8, 6.8, 6.8, 6.8, 6.8, 6.7, 6.8, 6.8, 6.8, 6.8]
温度144K下的第1次测量开始
新设定点数=200个，设定电流=4.000000e-05A
开始取REL
REL=0.23621839549064416K，开始升温。。。
[-0.00464313 -0.00438042 -0.00268064  0.00130188  0.00754132  0.01599971
  0.02631163  0.03830839  0.05164976  0.06620255  0.08169658  0.09781529
  0.11306343  0.12666657  0.13838972  0.14827521  0.15651759  0.16335028
  0.16902261  0.17367495  0.17753079  0.18065798  0.18318009  0.18519142
  0.18683298  0.18816858  0.18931369  0.19021322  0.1909428   0.19156344
  0.19205242  0.1924032   0.19270979  0.19296344  0.1931648   0.19336305
  0.1934841   0.19361356  0.19371563  0.19377475  0.19383324  0.1938466
  0.19388424  0.19394866  0.19396578  0.19403891  0.19409369  0.19416838
  0.19418861  0.19423435  0.19425738  0.19440491  0.19447929  0.19452629
  0.1945985   0.19459912  0.19458636  0.19462091  0.19463243  0.19461438
  0.19457734  0.19455866  0.19452162  0.19449984  0.19448428  0.19447836
  0.19448148  0.19442297  0.19439775  0.19440709  0.19443044  0.19438251
  0.19440056  0.19435481  0.1943324   0.19427825  0.19428012  0.19428759
  0.19430191  0.19430005  0.19430845  0.19433709  0.19437413  0.19444357
  0.19452077  0.1946067   0.19463909  0.19472471  0.19481468  0.19493547
  0.19503478  0.19509425  0.19516056  0.19524553  0.19533828  0.19544659
  0.1955714   0.19564174  0.19574227  0.19575315  0.19583065  0.19594301
  0.19598253  0.19606907  0.19613227  0.19615158  0.19618738  0.19618677
  0.1961846   0.19625309  0.1963194   0.19633684  0.19638229  0.19640067
  0.19638015  0.19642592  0.19642905  0.1964798   0.19648636  0.19648233
  0.19642507  0.19640174  0.19637873  0.19635351  0.19632269  0.1962816
  0.19626696  0.1961437   0.19613778  0.19611069  0.19609699  0.19606025
  0.19603628  0.19597029  0.19595878  0.19592455  0.19585296  0.19585234
  0.1957792   0.19570761  0.19562793  0.19551899  0.19541877  0.19536087
  0.19526624  0.19516725  0.19509535  0.19504429  0.19492414  0.19480056
  0.19472772  0.19472647  0.19468631  0.19462248  0.19457765  0.19458791
  0.19454836  0.19452812  0.19454771  0.19454023  0.19447702  0.19439328
  0.19434907  0.19428527  0.19420901  0.19404965  0.19396842  0.19387443
  0.19374526  0.19364877  0.1935663   0.19352272  0.19342997  0.19336275
  0.19329086  0.19324045  0.19319034  0.19312872  0.19312593  0.19311629
  0.19309171  0.19304814  0.19306682  0.19309359  0.19312379  0.19321063
  0.19321125  0.19325452  0.1933202   0.19335506  0.1934198   0.19350322
  0.19353093  0.19355178  0.1936545   0.19364765  0.19374819  0.1938148
  0.19390787  0.19400467]
设定电流=4e-05,期望温差=0.2,设定温度=144,晶中温度=144.19606665403762,温度差=0.1960666540376285
单次测量结束，时间=222s	设定温度=144	温度差=0.1960666540376285K	相对热导8.160490155010925e-05V/W	时间常数=5.167509022934488s	时间偏离=1.2217853451479699s
结束小循环
等待30秒降温缓和
温度144K下的第2次测量开始
新设定点数=200个，设定电流=4.039923e-05A
开始取REL
REL=0.23242789044320117K，开始升温。。。
[-8.81722773e-05  2.46122615e-04  2.17404935e-03  6.37943792e-03
  1.29622016e-02  2.17150340e-02  3.23914286e-02  4.46639469e-02
  5.84438779e-02  7.33141387e-02  8.91206601e-02  1.05406515e-01
  1.20730276e-01  1.34338082e-01  1.45951982e-01  1.55812578e-01
  1.63996440e-01  1.70765330e-01  1.76290131e-01  1.80877740e-01
  1.84599431e-01  1.87665307e-01  1.90190532e-01  1.92270970e-01
  1.93976968e-01  1.95353662e-01  1.96440575e-01  1.97336067e-01
  1.98100831e-01  1.98700629e-01  1.99267123e-01  1.99682345e-01
  2.00030335e-01  2.00274058e-01  2.00501591e-01  2.00687403e-01
  2.00945116e-01  2.01186642e-01  2.01414160e-01  2.01580364e-01
  2.01681202e-01  2.01805696e-01  2.01927077e-01  2.02025737e-01
  2.02105411e-01  2.02148357e-01  2.02179164e-01  2.02181961e-01
  2.02130596e-01  2.02097596e-01  2.02086385e-01  2.02118129e-01
  2.02134617e-01  2.02117494e-01  2.02118732e-01  2.02167282e-01
  2.02168830e-01  2.02181587e-01  2.02203678e-01  2.02252540e-01
  2.02284593e-01  2.02222025e-01  2.02231354e-01  2.02232593e-01
  2.02237257e-01  2.02208301e-01  2.02194597e-01  2.02208595e-01
  2.02217300e-01  2.02213558e-01  2.02216038e-01  2.02268943e-01
  2.02224113e-01  2.02209475e-01  2.02205730e-01  2.02220358e-01
  2.02184253e-01  2.02188609e-01  2.02160907e-01  2.02156239e-01
  2.02143165e-01  2.02148145e-01  2.02147833e-01  2.02229383e-01
  2.02246189e-01  2.02260189e-01  2.02352627e-01  2.02376899e-01
  2.02429498e-01  2.02459683e-01  2.02495160e-01  2.02469944e-01
  2.02546507e-01  2.02548993e-01  2.02548363e-01  2.02567032e-01
  2.02603129e-01  2.02633936e-01  2.02649181e-01  2.02660378e-01
  2.02637337e-01  2.02642932e-01  2.02599970e-01  2.02567592e-01
  2.02552957e-01  2.02506271e-01  2.02429082e-01  2.02373681e-01
  2.02312677e-01  2.02310811e-01  2.02275331e-01  2.02297123e-01
  2.02257596e-01  2.02221491e-01  2.02190369e-01  2.02168265e-01
  2.02099472e-01  2.02085464e-01  2.02049354e-01  2.01964999e-01
  2.01934179e-01  2.01811851e-01  2.01789125e-01  2.01757061e-01
  2.01704455e-01  2.01694191e-01  2.01664321e-01  2.01581226e-01
  2.01561937e-01  2.01541092e-01  2.01453950e-01  2.01428437e-01
  2.01340982e-01  2.01220223e-01  2.01117519e-01  2.00903377e-01
  2.00748999e-01  2.00612362e-01  2.00366472e-01  2.00108757e-01
  1.99898974e-01  1.99644993e-01  1.99416536e-01  1.99203951e-01
  1.98986075e-01  1.98827956e-01  1.98659874e-01  1.98398728e-01
  1.98262085e-01  1.98082177e-01  1.97906938e-01  1.97797374e-01
  1.97680961e-01  1.97539960e-01  1.97450939e-01  1.97347920e-01
  1.97234630e-01  1.97217829e-01  1.97144690e-01  1.97212552e-01
  1.97269519e-01  1.97285711e-01  1.97324314e-01  1.97422990e-01
  1.97506723e-01  1.97604162e-01  1.97735219e-01  1.97794063e-01
  1.97895549e-01  1.97926069e-01  1.97998606e-01  1.98106942e-01
  1.98184460e-01  1.98215602e-01  1.98266665e-01  1.98294367e-01
  1.98350396e-01  1.98441595e-01  1.98529991e-01  1.98588820e-01
  1.98724529e-01  1.98778377e-01  1.98868645e-01  1.99013379e-01
  1.99056646e-01  1.99168398e-01  1.99254317e-01  1.99323740e-01
  1.99347408e-01  1.99435817e-01  1.99426490e-01  1.99444556e-01
  1.99460752e-01  1.99379216e-01  1.99410043e-01  1.99389474e-01
  1.99293583e-01  1.99253406e-01  1.99254936e-01  1.99219428e-01]
设定电流=4.0399233049677874e-05,期望温差=0.2,设定温度=144,晶中温度=144.2020418063421,温度差=0.20204180634208668
单次测量结束，时间=362s	设定温度=144	温度差=0.20204180634208668K	相对热导8.078021378599247e-05V/W	时间常数=5.049188103378253s	时间偏离=1.0874508408963097s
结束小循环
等待30秒降温缓和
温度144K下的第3次测量开始
新设定点数=200个，设定电流=4.019458e-05A
开始取REL
REL=0.2318294122123407K，开始升温。。。
[1.51466427e-04 3.68089740e-04 2.24277476e-03 6.40830520e-03
 1.28332442e-02 2.14279497e-02 3.19210077e-02 4.40428893e-02
 5.75118870e-02 7.21521421e-02 8.77741000e-02 1.03887844e-01
 1.18987514e-01 1.32353175e-01 1.43836983e-01 1.53533246e-01
 1.61637435e-01 1.68349982e-01 1.73871038e-01 1.78447431e-01
 1.82195261e-01 1.85280115e-01 1.87785719e-01 1.89803276e-01
 1.91539456e-01 1.92967492e-01 1.94137185e-01 1.95100825e-01
 1.95939027e-01 1.96550635e-01 1.97086609e-01 1.97519553e-01
 1.97911414e-01 1.98272460e-01 1.98558494e-01 1.98751773e-01
 1.98974935e-01 1.99147059e-01 1.99304553e-01 1.99479789e-01
 1.99600866e-01 1.99726301e-01 1.99872902e-01 2.00017634e-01
 2.00035064e-01 2.00152719e-01 2.00188199e-01 2.00274397e-01
 2.00350323e-01 2.00414109e-01 2.00437744e-01 2.00492503e-01
 2.00536680e-01 2.00550978e-01 2.00670168e-01 2.00711233e-01
 2.00814858e-01 2.00832926e-01 2.00843833e-01 2.00884931e-01
 2.00960269e-01 2.00988608e-01 2.01010098e-01 2.01068003e-01
 2.01140541e-01 2.01171368e-01 2.01213401e-01 2.01269754e-01
 2.01325796e-01 2.01447822e-01 2.01556155e-01 2.01705264e-01
 2.01784026e-01 2.01861232e-01 2.01903890e-01 2.02014713e-01
 2.02069820e-01 2.02186239e-01 2.02312307e-01 2.02322895e-01
 2.02373951e-01 2.02410688e-01 2.02542668e-01 2.02659396e-01
 2.02761187e-01 2.02886318e-01 2.03010517e-01 2.03144369e-01
 2.03259546e-01 2.03378457e-01 2.03481494e-01 2.03545002e-01
 2.03561199e-01 2.03599807e-01 2.03648996e-01 2.03672974e-01
 2.03675787e-01 2.03643104e-01 2.03649949e-01 2.03648702e-01
 2.03688541e-01 2.03685114e-01 2.03747052e-01 2.03728688e-01
 2.03728373e-01 2.03712496e-01 2.03629078e-01 2.03607885e-01
 2.03552765e-01 2.03542155e-01 2.03472717e-01 2.03414172e-01
 2.03348471e-01 2.03326031e-01 2.03225779e-01 2.03223885e-01
 2.03325639e-01 2.03367337e-01 2.03420864e-01 2.03465677e-01
 2.03478741e-01 2.03611949e-01 2.03677927e-01 2.03714334e-01
 2.03871820e-01 2.03914766e-01 2.03904484e-01 2.03911940e-01
 2.03917840e-01 2.03922493e-01 2.03936796e-01 2.03841847e-01
 2.03820044e-01 2.03795439e-01 2.03736598e-01 2.03692074e-01
 2.03696415e-01 2.03647861e-01 2.03636655e-01 2.03557598e-01
 2.03555418e-01 2.03556976e-01 2.03540168e-01 2.03543593e-01
 2.03571295e-01 2.03569429e-01 2.03571607e-01 2.03629824e-01
 2.03637308e-01 2.03723539e-01 2.03759967e-01 2.03813827e-01
 2.03840920e-01 2.03943023e-01 2.04018048e-01 2.04131981e-01
 2.04209497e-01 2.04259618e-01 2.04329348e-01 2.04360483e-01
 2.04433012e-01 2.04515816e-01 2.04611067e-01 2.04635977e-01
 2.04689520e-01 2.04744000e-01 2.04787584e-01 2.04820277e-01
 2.04829627e-01 2.04875394e-01 2.04899063e-01 2.04904056e-01
 2.04865784e-01 2.04859572e-01 2.04819743e-01 2.04735094e-01
 2.04724525e-01 2.04717991e-01 2.04712703e-01 2.04684382e-01
 2.04685006e-01 2.04683452e-01 2.04692170e-01 2.04689370e-01
 2.04664474e-01 2.04639887e-01 2.04647670e-01 2.04629613e-01
 2.04616221e-01 2.04595673e-01 2.04502912e-01 2.04459019e-01
 2.04439090e-01 2.04381815e-01 2.04314888e-01 2.04293403e-01
 2.04240797e-01 2.04180092e-01 2.04167947e-01 2.04147396e-01]
设定电流=4.019458017842517e-05,期望温差=0.2,设定温度=144,晶中温度=144.20442012841437,温度差=0.20442012841438326
单次测量结束，时间=502s	设定温度=144	温度差=0.20442012841438326K	相对热导7.90335222001638e-05V/W	时间常数=5.353433355633391s	时间偏离=1.0822198879636686s
结束小循环
等待30秒降温缓和
[0.24032215471052787, 0.24025056348447194, 0.24020574048063775, 0.24019515546844727, 0.24014161721746752, 0.24013507858845723, 0.24009834809290675, 0.24015810728058895, 0.24020323713751332, 0.24025334709879567, 0.2403087484048285, 0.24039060901537992, 0.2403971455797774, 0.24046126471372184, 0.2405387674426239, 0.24058545608227733, 0.24066949563365345, 0.2406598469234068, 0.24068225752205574, 0.24069657535434436, 0.24067696643538183, 0.2407108947350926, 0.24071743258987313, 0.2406573616456451, 0.2406218797247376, 0.24056460994404283, 0.2405390884899277, 0.24052259326527406, 0.2404995617342996, 0.24036727914784345, 0.24029351285211198, 0.24011422186908166, 0.24001647974005696, 0.23993305570139753, 0.23981788333615844, 0.23974068410535057, 0.23961212788707723, 0.2394767238640139, 0.23929743288098354, 0.2392080947587118, 0.23907237949525587, 0.23898679354882799, 0.23889155863407688, 0.2387658206123931, 0.2386724531399975, 0.23853488746724233, 0.23840852696477338, 0.23832605342227134, 0.23825042768455937, 0.23814460982223062, 0.23802852076887007, 0.23795101442689548, 0.23784736234348428, 0.23775211452490264, 0.23761609189220326, 0.23751741991314998, 0.23748131060800168, 0.237368632295129, 0.23727276173768558, 0.23719401043414062, 0.23717004002045622, 0.23710717049346108, 0.23698329475260055, 0.2369531070152862, 0.2369437736746579, 0.23690455944980546, 0.23680184908794696, 0.23669882748569587, 0.23664591816741656, 0.23653480405688174, 0.23645325907402526, 0.23633186525593045, 0.2362599609829457, 0.23610681909634787, 0.23596799504203864, 0.23578279358846857, 0.23565766488566278, 0.23555712520617741, 0.23535169209478307, 0.23523341093869068, 0.23506252731740926, 0.23488417341055262, 0.2347142235104489, 0.23451719414773092, 0.2343114495378674, 0.23416017509362505, 0.2339783972843734, 0.2338152949309831, 0.23366900033302207, 0.23346512342359063, 0.2332637366953765, 0.2329904511137864, 0.23281583389817703, 0.23263001151228144, 0.23246504326499534, 0.23227953186141573, 0.2320560475814815, 0.23186275491001077, 0.2316666610750068, 0.23150387151046872, 0.2313395257439678, 0.231306843954287, 0.23116428888641594, 0.23105317090473193, 0.23093520486018132, 0.23087015277928896, 0.23080198777831756, 0.23072946541185002, 0.23069709486256182, 0.23072386334286019, 0.23068059886367837, 0.23067344446387475, 0.23065010478942702, 0.23071951939734778, 0.23080045067402385, 0.2308493223837277, 0.23094332627304548, 0.2310323500580053, 0.2310874468336374, 0.2310790474722635, 0.2312415278610218, 0.23128355589516142, 0.23140868950142285, 0.23142955215656044, 0.23147407037191728, 0.2315076946573806, 0.23154910046881166, 0.23154163869976463, 0.2315752629852279, 0.23183797181307905, 0.23353775056916215, 0.23752027604700135, 0.24375972019746783, 0.252218110144207, 0.2625300297944285, 0.27452678298420385, 0.28786815918908615, 0.3024209470048971, 0.31791497377012556, 0.3340336904563063, 0.3492818244075645, 0.36288496255721303, 0.3746081132473202, 0.38449360878434974, 0.3927359821559638, 0.39956867656042927, 0.40524100690757536, 0.40989334880829514, 0.41374918886521234, 0.41687637541929706, 0.4193984832940816, 0.42140981626390545, 0.423051379646592, 0.4243869777226205, 0.4255320842907116, 0.42643161289829745, 0.4271611954769287, 0.427781836175858, 0.4282708165110396, 0.42862159940192296, 0.4289281840924468, 0.4291818346893367, 0.42938319638411954, 0.4295814430942106, 0.42970249909002184, 0.42983195806027974, 0.42993402735983705, 0.4299931449690649, 0.43005163803289465, 0.43006499865903397, 0.43010263913271396, 0.430167060216293, 0.4301841732763528, 0.43025730960707737, 0.43031208378694596, 0.4303867789003996, 0.43040700178361907, 0.4304527484436432, 0.43047577403885556, 0.43062330095263307, 0.43069768379338763, 0.43074468470574, 0.4308168971221981, 0.43081751908682997, 0.43080475719842765, 0.4308393084950768, 0.43085082387344914, 0.43083277141452614, 0.43079573225934925, 0.43077705783579434, 0.43074001868061745, 0.4307182344339028, 0.4307026724142737, 0.43069675987912104, 0.43069987486381295, 0.4306413611538543, 0.4306161496497487, 0.43062548944229234, 0.43064883505250207, 0.4306009050643509, 0.43061896010403994, 0.43057320828248363, 0.43055079949037095, 0.43049664469436816, 0.4304985131690301, 0.43050598706767784, 0.43052030773880917, 0.4305184418449133, 0.430526849980892, 0.4305554887423885, 0.43059253047833157, 0.43066196082892555, 0.43073916960856795, 0.430825096216122, 0.4308574874115391, 0.43094310174639416, 0.43103307499520493, 0.43115386259134103, 0.43125317305192934, 0.4313126416453478, 0.431378959592016, 0.43146392615457796, 0.43155667372695455, 0.4316649858997263, 0.43178979432945813, 0.43186013052895594, 0.4319606616919131, 0.4319715473633552, 0.43204904518880166, 0.4321614014220641, 0.43220092585500264, 0.4322874666848903, 0.4323506619045683, 0.43236997119658566, 0.432405774164797, 0.43240516252322947, 0.43240299467969906, 0.43247148305066374, 0.4325377906742675, 0.43255523149162295, 0.4326006865250769, 0.4326190693220616, 0.4325985419084415, 0.43264431437612666, 0.43264744484541523, 0.4326981981916882, 0.4327047507568355, 0.4327007221809414, 0.43264346788484337, 0.4326201403399963, 0.4325971250678483, 0.4325719084022106, 0.432541086312587, 0.4324999927738549, 0.43248535724925846, 0.43236209211765897, 0.432356171840208, 0.4323290841191422, 0.4323153828318767, 0.43227864562633445, 0.43225467288996045, 0.43218869044288627, 0.432177175064514, 0.43214294120209606, 0.43207135333103613, 0.4320707339471703, 0.43199759245491354, 0.4319260071646196, 0.43184632859181227, 0.4317373892928763, 0.431637167821852, 0.43157926833422694, 0.43148463680259186, 0.43138564893776704, 0.43131374105170966, 0.4312626883365683, 0.4311425356088946, 0.4310189582045961, 0.43094611608120786, 0.4309448644096456, 0.4309047025274784, 0.4308408801816364, 0.4307960445320483, 0.43080630307732615, 0.4307667579982587, 0.4307465118881443, 0.43076610506443347, 0.4307586208427213, 0.43069542046151116, 0.4306116771820842, 0.43056746349712804, 0.43050366179741484, 0.43042740790123224, 0.43026804817485126, 0.430186815980847, 0.43009282189844045, 0.4299636545547528, 0.42986717003305236, 0.4297846913290182, 0.42974112025482275, 0.4296483701016801, 0.42958114630610816, 0.4295092564854136, 0.4294588412195008, 0.42940873564552084, 0.42934711727393476, 0.42934432488500623, 0.4293346831428281, 0.4293101013456528, 0.42926653543298965, 0.4292852201796089, 0.4293119878856775, 0.42934218284913683, 0.42942902562865914, 0.4294296501740572, 0.4294729167178518, 0.42953859205375927, 0.42957345562310745, 0.4296381993024499, 0.4297216174053473, 0.4297493219295129, 0.4297701771004288, 0.4298728915915131, 0.42986604739979556, 0.42996658372428503, 0.4300331958782894, 0.43012626346566335, 0.430223065421595, 0.43033636363448674, 0.4301639297470044, 0.4284221423125275, 0.4244847371427781, 0.4181792958348706, 0.4098304555382518, 0.39951852711342545, 0.3875142948634703, 0.37410692330768325, 0.35954572477512753, 0.3440320816067148, 0.3279746736001873, 0.3128519700432929, 0.29942219485692545, 0.28782104730379104, 0.278029233576469, 0.2698506619045682, 0.2631222304508516, 0.2575448255846003, 0.25297339973403654, 0.24920501513051552, 0.24616216827090528, 0.24368674155155245, 0.24162030561225786, 0.2399516547665821, 0.2385460154726219, 0.23743575802158884, 0.23647895008447364, 0.23571263055837663, 0.23506645601765494, 0.2345313999747704, 0.23405361500296376, 0.2336113132424477, 0.23328854559996928, 0.23302865187178837, 0.23278089703507138, 0.23256987037121535, 0.23239401567825735, 0.23221971744533887, 0.23213194817078395, 0.23207468200316178, 0.2319928265541425, 0.23192560017780448, 0.23191813427953165, 0.2318574434352846, 0.23185464640097714, 0.23178555180805377, 0.23178586717767213, 0.23177559985778948, 0.2317584849911934, 0.23171024453687947, 0.23168316920349094, 0.2317152328996889, 0.23167196635589427, 0.23168908354517984, 0.2316613797952441, 0.2316918808375639, 0.23167538225791434, 0.23169872451312815, 0.23175070243291918, 0.23176190553859247, 0.23181326097759833, 0.2318338018112023, 0.23186959600480891, 0.231917840330272, 0.23195021062148358, 0.23198444861312728, 0.23201308401962786, 0.23207222227498456, 0.23205043415712076, 0.23206039410776003, 0.23210583726968986, 0.23212077706661038, 0.2321354020100658, 0.23214380188759298, 0.2321724334229444, 0.2321879920875776, 0.23223561031918297, 0.2322044806022393, 0.23222657557319334, 0.23230033928815863, 0.23230905014800177, 0.2323722311734661, 0.23238779654809114, 0.2324422690364018, 0.23250950289696157, 0.23256833300884502, 0.23257705083675664, 0.2326349472274623, 0.23263059218465568, 0.2326265486403182, 0.23260912098486988, 0.23257426283513055, 0.23258391309383686, 0.23251201424046092, 0.23249832017934055, 0.23245567947132698, 0.23240121111224207, 0.23236821911447517, 0.2323844056795023, 0.23240868501088982, 0.2323828520583055, 0.23239530373862166, 0.23237756716547028, 0.23237850604818025, 0.2323722861437842, 0.23237166882453122, 0.23241556094603041, 0.23244793665685082, 0.23242490899702553, 0.23237075549140576, 0.2324224291388727, 0.23242150057922717, 0.23243052577638218, 0.23252545770919225, 0.23251487372930818, 0.23251456145660918, 0.23256934131416326, 0.23254537348124496, 0.23257338511657732, 0.23260450967198876, 0.2326294089033953, 0.23265088449048346, 0.23271406164479863, 0.2326763920084616, 0.2326689142386647, 0.23267668802233415, 0.23262096541092092, 0.23266920251023895, 0.2326909826277278, 0.23270560395811068, 0.23267166946456125, 0.2327251976505531, 0.2327463643199382, 0.23279243125303625, 0.23284565723131695, 0.2329427701695646, 0.23301249266288196, 0.23305046708769628, 0.23312081206179883, 0.2331737265416103, 0.23321387964917273, 0.2332067218943732, 0.23317403855623273, 0.23310960714958928, 0.23315131387834848, 0.23308096838809272, 0.23305077523116957, 0.23299941643716773, 0.23294587896041785, 0.23286277209791303, 0.2328733532389544, 0.23283568979645602, 0.2327728215598439, 0.23274886017884092, 0.23267758819355253, 0.23264677926583602, 0.23259262627636954, 0.232573645257801, 0.23251762456790231, 0.2324936634449759, 0.23237881548203654, 0.2323296425969279, 0.2322888757831851, 0.2322692743484443, 0.23216438891691027, 0.23206386085087238, 0.2320374118694182, 0.23196271804634766, 0.23193938172689593, 0.2318818068996472, 0.23187465585483957, 0.23178720065951994, 0.23181459162060344, 0.2317940489804632, 0.23177879794315007, 0.231837625732344, 0.23186812909735333, 0.23191046037151059, 0.23194034125573473, 0.23198640767267958, 0.23203154011037008, 0.23214452656671603, 0.23215293599307776, 0.2322046101566979, 0.23231417813025768, 0.23231325008676534, 0.23231387824523594, 0.23233971816588875, 0.2326740130582636, 0.2346019397967141, 0.2388073283640854, 0.24539009208792859, 0.2541429244787317, 0.2648193190163441, 0.2770918373877857, 0.29087176833887235, 0.30574202909741527, 0.3215485505075541, 0.3378344053491642, 0.35315816607044087, 0.3667659728259781, 0.3783798719444504, 0.38824046825007336, 0.39642433049249487, 0.40319322061648105, 0.4087180214690836, 0.41330563001352527, 0.41702732184816715, 0.4200931971418326, 0.42261842258207505, 0.42469886072596336, 0.42640485809605944, 0.42778155229158615, 0.4288684651647159, 0.4297639574541094, 0.43052872103632006, 0.431128519468164, 0.43169501311338876, 0.4321102351532139, 0.43245822565516884, 0.4327019480448425, 0.4329294812887231, 0.4331152938677075, 0.43337300659045075, 0.43361453274816697, 0.4338420505074509, 0.43400825442554936, 0.43410909269967335, 0.4342335862759401, 0.43435496744828095, 0.43445362755581013, 0.43453330096708537, 0.43457624749588264, 0.4346070541009096, 0.43460985165137034, 0.43455848666352986, 0.43452548640731137, 0.43451427555933975, 0.4345460189824638, 0.43456250749712555, 0.4345453841140013, 0.434546622881733, 0.43459517225375, 0.4345967207134146, 0.43460947744028466, 0.43463156879816617, 0.4346804304428822, 0.4347124835579392, 0.4346499154644254, 0.4346592449339045, 0.4346604837016362, 0.43466514714599275, 0.43463619095026496, 0.43462248708223333, 0.4346364851576012, 0.43464519008168234, 0.43464144797082627, 0.4346439280870556, 0.43469683379226237, 0.4346520033042065, 0.4346373651988439, 0.43463362050722176, 0.4346482482895198, 0.43461214337167386, 0.4346164997048636, 0.43458879776146414, 0.43458412915557537, 0.434571054994474, 0.4345760358730618, 0.4345757236003628, 0.4346572732285983, 0.43467407917749123, 0.43468807983362523, 0.4347805177140689, 0.4348047898193113, 0.4348573884133512, 0.43488757305374626, 0.43492305084542804, 0.4348978341797902, 0.4349743977679057, 0.4349768830456674, 0.43497625333873713, 0.4349949226007599, 0.4350310197763075, 0.43506182638133445, 0.43507707096673226, 0.4350882689108733, 0.43506522783106427, 0.4350708229319857, 0.4350278609185917, 0.4349954826270052, 0.43498084710240875, 0.4349341610435214, 0.43485697291000786, 0.43480157160397503, 0.43474056745472256, 0.43473870156082667, 0.4347032211883788, 0.4347250131773917, 0.4346854861636871, 0.4346493812458411, 0.434618259787349, 0.4345961555256371, 0.43452736262427166, 0.4345133542258393, 0.4344772441464611, 0.43439288922546665, 0.4343620697166092, 0.4342397414031068, 0.43421701517676287, 0.43418495173864147, 0.4341323454023033, 0.43412208169549316, 0.43409221190856323, 0.4340091164014293, 0.4339898277555408, 0.4339689829076893, 0.4338818407592986, 0.43385632730555834, 0.4337688728844686, 0.4336481136767597, 0.4335454095087398, 0.4333312678601919, 0.43317688901239865, 0.4330402529315955, 0.4327943626983912, 0.4325366473948818, 0.4323268646602897, 0.4320728837253379, 0.4318444265671909, 0.4316318411206058, 0.43141396510350005, 0.4312558467256169, 0.43108776400979204, 0.43082661886812557, 0.43068997504502404, 0.430510067258894, 0.4303348280786527, 0.43022526423431867, 0.430108851036735, 0.42996785088044387, 0.4298788299343267, 0.4297758109128417, 0.42966252044224834, 0.42964571965488757, 0.42957258074339694, 0.42964044198819745, 0.4296974098192576, 0.429713601545817, 0.42975220464525515, 0.42985088023738094, 0.42993461319374343, 0.43003205259890376, 0.4301631090633821, 0.4302219531114026, 0.4303234391578196, 0.4303539592978086, 0.43042649689079626, 0.43053483229046297, 0.4306123507620383, 0.43064349286665926, 0.43069455590486516, 0.43072225784826457, 0.4307782862804616, 0.4308694853931735, 0.4309578817938926, 0.43101671035731637, 0.4311524199430869, 0.43120626762792286, 0.43129653508407, 0.431441269608919, 0.4314845361527136, 0.4315962884867069, 0.4316822073519626, 0.43175162996025834, 0.43177529816623156, 0.43186370747078107, 0.4318543805820681, 0.43187244594482155, 0.43188864283291317, 0.4318071061085082, 0.4318379333596641, 0.4318173646537861, 0.4317214737082904, 0.4316812963415266, 0.4316828267358284, 0.43164731797495337, 0.4316030939669328, 0.4313764743142543, 0.4294802770627909, 0.4254174260140811, 0.41898124825669253, 0.4103510502582521, 0.3997932445040522, 0.38753100016248504, 0.37382639403178225, 0.35897201014633356, 0.34314743885803783, 0.3267115615018242, 0.3112850862894633, 0.2975313036605793, 0.28562295719458747, 0.27555381692210407, 0.26715269804644265, 0.26019580943457893, 0.2544995055768291, 0.24975253420908708, 0.24589202012667227, 0.24275330916153387, 0.24015711755678668, 0.2380144259147732, 0.2363289696363577, 0.2349700148528251, 0.23388527679129428, 0.2330028550499296, 0.23222657170204417, 0.2316669225066135, 0.23121403418544725, 0.23083678089275098, 0.23056193110882306, 0.2303630275937577, 0.23020707757555814, 0.23008010310883215, 0.2299568640429704, 0.22987720043860638, 0.22984266927193286, 0.2298159193731505, 0.22976769285497356, 0.2297054597449006, 0.22967248478018995, 0.2296781054306958, 0.22961151469705007, 0.22963516380535406, 0.22968184599309224, 0.22968370698353244, 0.22968276706851604, 0.22967217792709976, 0.22969146941183102, 0.22974468790589, 0.22977798598251725, 0.22977704580942426, 0.22984302593380893, 0.22983898419600776, 0.22983338625624367, 0.22992241029928007, 0.23001205682310172, 0.2301163324196045, 0.2301773432788489, 0.23026418863913728, 0.2303373386479222, 0.2304612231633875, 0.23057670393017646, 0.2307186360011091, 0.230821038477571, 0.2309184608496749, 0.2310445188863561, 0.23114380895889214, 0.23129694620011096, 0.2313781832975708, 0.2314186455809129, 0.23148494262337557, 0.23155030542850732, 0.23157208270715346, 0.2316635811887339, 0.23170341118437962, 0.2317214533202382, 0.231745720522025, 0.23169217375451712, 0.2316930968945538, 0.2316837483274055, 0.23164825453497384, 0.231658203904472, 0.23162988102874707, 0.23159782326831108, 0.23153868630333746, 0.23149013176978822, 0.23139084272955862, 0.23134166571522424, 0.23128190601138882, 0.23126198714241678, 0.23120502886019123, 0.23111632250946262, 0.2310895540291643, 0.23105469278250562, 0.23100582520202756, 0.23097501033854903, 0.23101765182079245, 0.23105126707357435, 0.23111631889639012, 0.2312000464331438, 0.23129217771857385, 0.23136158716496238, 0.23138866895026616, 0.231417929418318, 0.23154399055191852, 0.23163021110873222, 0.2316790807538232, 0.23176716849491577, 0.23179674020336025, 0.2318213320655234, 0.2318216456286055, 0.23182569433447517, 0.23184842159312552, 0.23189200273230873, 0.2318649286893032, 0.2318736493560576, 0.2318823697647353, 0.23185685218176935, 0.23183973860555634, 0.23181141960098053, 0.23183134543802106, 0.23185313871741706, 0.23183165925917976, 0.23180146455379688, 0.23177033612723633, 0.23175352553296433, 0.2317292449111938, 0.23172550692956345, 0.2317264378118985, 0.23171149491805862, 0.23165048586535048, 0.23162371506236268, 0.23167040937970151, 0.23169593831803834, 0.2316887852086178, 0.23170061879545117, 0.2316953333864627, 0.23169409436065444, 0.2317152656754185, 0.23173114564543207, 0.2317849987498769, 0.23180336890110775, 0.23181209834246683, 0.23181273527554222, 0.23187842480566317, 0.23188248538305692, 0.2319366582444225, 0.23198242735711175, 0.2320232163654431, 0.23207770046720125, 0.23214588017853946, 0.23221219193136897, 0.23230837089036227, 0.2323892982958892, 0.23243318628816256, 0.23255239832658997, 0.23261340531468522, 0.23271331915838944, 0.23276094229345043, 0.23283720083501203, 0.23289634012267516, 0.23293898315337827, 0.2329448941400712, 0.23299033446315834, 0.2331123440520464, 0.2330874406914141, 0.23310362286913885, 0.23307436188493377, 0.2330765377288391, 0.23304540930227854, 0.23299062505742207, 0.23295109262410854, 0.23294860424942754, 0.23292993034202583, 0.23282285977582848, 0.23271672293080886, 0.23264326787547, 0.2325657666950276, 0.23247083502029411, 0.2324092078741032, 0.23235816341741333, 0.23229622503082986, 0.23218789685730823, 0.2320882839309321, 0.23200049865562733, 0.23198087863937059, 0.23219750195260763, 0.2340721869701042, 0.2382377174114792, 0.24466265644862223, 0.25325736194501397, 0.26375041989064574, 0.2758723015251502, 0.2893412991948216, 0.30398155433555285, 0.3196035122575035, 0.33571725580739475, 0.35081692602677844, 0.36418258724073366, 0.3756663951012517, 0.3853626585442043, 0.39346684737535054, 0.4001793942136746, 0.405700450374655, 0.4102768429095928, 0.41402467274337296, 0.41710952699099396, 0.4196151308665201, 0.42163268864419556, 0.4233688680739206, 0.4247969040303928, 0.4259665975571913, 0.42693023755642334, 0.4277684394189932, 0.4283800474365457, 0.42891602094178144, 0.42934896510246773, 0.4297408260474865, 0.43010187264517996, 0.4303879066951886, 0.4305811854305223, 0.43080434685661656, 0.4309764710521659, 0.4311339648846511, 0.4313092014841263, 0.4314302781260665, 0.4315557136819625, 0.43170231410070725, 0.4318470460447902, 0.43186447653908117, 0.4319821310851626, 0.4320176114576105, 0.4321038090456059, 0.43217973518449276, 0.4322435213996093, 0.43226715605562316, 0.43232191475089515, 0.4323660923051258, 0.4323803897493622, 0.4324995798512777, 0.4325406450015825, 0.43264427050310283, 0.43266233844662244, 0.43267324476419333, 0.4327143434644576, 0.432789681188672, 0.43281802058130003, 0.4328395106206784, 0.43289741526983566, 0.4329699528628232, 0.433000780113979, 0.43304281305157427, 0.43309916666030074, 0.4331552079963283, 0.4332772343601961, 0.4333855671790967, 0.43353467610249813, 0.4336134385033374, 0.43369064470221363, 0.4337333021852069, 0.43384412544340145, 0.433899232542098, 0.43401565090121386, 0.4341417187448062, 0.4341523076281459, 0.4342033629240534, 0.4342401001295958, 0.43437208050834075, 0.4344888085593895, 0.4345905991362073, 0.4347157301617025, 0.434839929530633, 0.43497378096480604, 0.43508895797542413, 0.4352078693546, 0.4353109064414477, 0.43537441393382464, 0.43539061082191616, 0.4354292190828866, 0.4354784084848983, 0.4355023863828045, 0.43550519941786175, 0.43547251659587455, 0.43547936078759203, 0.43547811427756206, 0.4355179535639657, 0.4355145263065748, 0.4355764646931583, 0.43555809996153627, 0.43555778510807114, 0.43554190823497685, 0.4354584901320795, 0.4354372968808035, 0.43538217687827646, 0.43537156734880794, 0.4353021292559156, 0.4352435845767637, 0.43517788343319525, 0.4351554436718893, 0.4350551912316717, 0.4350532969493487, 0.4351550513954409, 0.4351967488334421, 0.4352502765032808, 0.4352950889259739, 0.43530815276401086, 0.4354413615874231, 0.435507338872965, 0.4355437457404455, 0.43570123183063236, 0.4357441783594297, 0.43573389658725686, 0.43574135242054185, 0.43574725205186393, 0.43575190517315604, 0.43576620777892455, 0.4356712588130582, 0.43564945650098075, 0.4356248514769105, 0.43556601000965617, 0.43552148663276713, 0.43552582748136015, 0.43547727294781097, 0.43546606726137155, 0.43538701065319607, 0.43538482990583505, 0.4353863886885641, 0.43536958015890503, 0.4353730048355298, 0.43540070677892934, 0.4353988408850335, 0.4354010190516283, 0.4354592359734846, 0.4354667201951968, 0.43555295133315153, 0.4355893788467609, 0.43564323943542754, 0.43567033231802554, 0.4357724351675423, 0.43584746061905766, 0.43596139370041187, 0.4360389095912211, 0.4360890306497977, 0.43615876036926016, 0.43618989473158276, 0.43626242458227205, 0.43634522846283585, 0.4364404793783368, 0.4364653889328078, 0.43651893208724313, 0.43657341205977546, 0.4366169960378014, 0.43664968918285313, 0.43665903929846106, 0.436704806604614, 0.43672847481058724, 0.43673346859300555, 0.43669519583162913, 0.43668898392760813, 0.43664915496426876, 0.43656450583593803, 0.4365539375987272, 0.4365474030989427, 0.43654211510918806, 0.43651379378192284, 0.43651441832732085, 0.43651286470612405, 0.43652158253403567, 0.4365187824028089, 0.4364938857521684, 0.4364692987934609, 0.43647708238404154, 0.43645902476358633, 0.43644563316825374, 0.43642508510850475, 0.43633232463229765, 0.43628843096233877, 0.43626850228645553, 0.43621122734422857, 0.43614430033675905, 0.43612281545891285, 0.4360702091225746, 0.43600950434219066, 0.43599735925688804, 0.43597680861637284, 0.43599391909566654, 0.4357536213826176, 0.43387549465543984, 0.4298574818370843, 0.4234950881827133, 0.41494642948944394, 0.4044710998585121, 0.39232121433097356, 0.37873768226144483, 0.36399628173542276, 0.3483071025986663, 0.33205019362971955, 0.31671304647464255, 0.3030348957773092, 0.2913297949653589, 0.28138235846097975, 0.27301143454877785, 0.26609719309684293, 0.2604071225634729, 0.2557305000409826, 0.2518332632053156, 0.24863759757102424, 0.2459956562093336, 0.2437985000793844, 0.24195555332347965, 0.24048766982215217, 0.23926723533675798, 0.238217371683793, 0.2372988581864895, 0.2365702108774956, 0.2359492581639439, 0.23543288738383197, 0.23505564828534933, 0.234779878458304, 0.23456293616237606, 0.2343677817262352, 0.23424950753821133, 0.23423363350395984, 0.23425666658339397, 0.23425168647903605, 0.23429339501433152, 0.23435907009216228, 0.2344421754062074, 0.234507228003253, 0.23455827426647916, 0.23462363810391734, 0.2346600550363857, 0.2346986630392795, 0.23476061510392332, 0.2347970441659924, 0.23491377737857344, 0.23498195476722214, 0.23504546303382892, 0.2350236873036424, 0.23506167282575102, 0.23505701609138638, 0.23506231956573762, 0.23507165342251912, 0.23501219979754404, 0.23501406362682703]
---------------------少女祈禱中。。。--------------------
新温度循环
调节热浴温度为146K
开始检查温度稳定性
稳定检测中(0/3)，拟合系数表[3.10755886e-05 2.69045505e-02 1.43163987e+02]，热浴温度表
[143.28989703051343, 143.28989703051343, 143.28989703051343, 143.29311154683495, 143.29632617865153, 143.30597076712647, 143.31561639525398, 143.32847885024867, 143.3477759995046, 143.3638601358362, 143.38638278269372, 143.41212988985163, 143.43466468262412, 143.46042567574736, 143.49263733761424, 143.52163773694346, 143.5506475228147, 143.5861166807439, 143.61514733988503, 143.6474146519853, 143.68292210468863, 143.7152138034502, 143.74751712340498, 143.7830642043785, 143.81539194669296, 143.84773132720724, 143.88655395397825, 143.91568193305227, 143.9448193528577, 143.98368393843788, 144.01284340219755, 144.04201232004567, 144.08091892379971, 144.10686600566243, 144.1360654139655, 144.17176644196016, 144.2009869024385, 144.23021684286456, 144.26270567779198, 144.2919556446332, 144.31796358400229, 144.3504840596797, 144.37976251592576, 144.41230528141966, 144.43834794597825, 144.46439812663357, 144.4969714262711, 144.51977972922518, 144.5458534159088, 144.57845611051374, 144.60128499816474, 144.6273822185084, 144.65675060014073, 144.67959927185908, 144.70571911053153, 144.73511294794287, 144.75798142603827, 144.78412390854217, 144.81027394466005, 144.83316142481718, 144.86259668908477, 144.88876940306588, 144.91167673333663, 144.9411375287584]
输出功率表
[6.4, 77.4, 81.4, 84.3, 87.2, 90.4, 93.2, 95.8, 98.5, 100.0, 100.0, 100.0, 100.0, 100.0, 100.0, 100.0, 100.0, 100.0, 100.0, 100.0, 100.0, 100.0, 100.0, 100.0, 100.0, 100.0, 100.0, 100.0, 100.0, 100.0, 100.0, 100.0, 100.0, 100.0, 100.0, 100.0, 100.0, 100.0, 100.0, 100.0, 100.0, 100.0, 100.0, 100.0, 100.0, 100.0, 100.0, 100.0, 100.0, 100.0, 100.0, 100.0, 100.0, 100.0, 100.0, 100.0, 100.0, 100.0, 100.0, 100.0, 100.0, 100.0, 100.0, 100.0]
稳定检测中(0/3)，拟合系数表[-1.99328810e-04  3.12431566e-02  1.44931340e+02]，热浴温度表
[144.96405810485766, 144.9935359370205, 145.01646976888995, 145.0394094032856, 145.06891174816357, 145.0918646526279, 145.1148233658765, 145.14435024990445, 145.16404017760496, 145.18701715943862, 145.21656754045014, 145.2395578203557, 145.26255392130096, 145.28884230977556, 145.31185089080236, 145.33157716945584, 145.36117461710717, 145.38420151810868, 145.40723425214858, 145.4335645217116, 145.45660976155241, 145.47966084043648, 145.50601208289117, 145.52907568044802, 145.54884913046612, 145.5752204126317, 145.59830155108386, 145.6246871593748, 145.64448138227567, 145.66427990652932, 145.68738362286632, 145.71049319737836, 145.73030606818446, 145.75342652724635, 145.77324873049804, 145.78977052490205, 145.8129060657895, 145.82943504503163, 145.84596701914487, 145.8658093422938, 145.88234790758216, 145.89558091769655, 145.9121248782811, 145.92536220553882, 145.9352914605108, 145.94853214679912, 145.9617747530268, 145.9750192795502, 145.98495393485388, 145.99488967067649, 146.00482648717005, 146.01476438448603, 146.02470336277395, 146.03132994891462, 146.041270729161, 146.04789851674667, 146.05121259078263, 146.05784109937022, 146.0611555339324, 146.0677847636221, 146.0710995587609, 146.07772950965327, 146.08104466541832, 146.0843599414035]
输出功率表
[100.0, 100.0, 100.0, 100.0, 100.0, 100.0, 100.0, 100.0, 100.0, 100.0, 100.0, 100.0, 100.0, 100.0, 98.9, 97.5, 95.7, 94.2, 92.8, 90.9, 89.5, 87.9, 86.2, 84.2, 82.5, 80.9, 79.4, 77.4, 75.8, 74.3, 72.5, 70.8, 69.3, 67.1, 65.7, 64.1, 62.3, 60.8, 59.3, 57.6, 56.3, 54.7, 53.3, 51.9, 50.9, 49.4, 47.8, 46.7, 45.3, 44.0, 42.9, 41.7, 40.5, 39.4, 38.1, 37.2, 36.2, 35.1, 34.2, 33.3, 32.1, 31.4, 30.5, 29.6]
稳定检测中(0/3)，拟合系数表[-5.39685507e-05  6.53992950e-04  1.46097106e+02]，热浴温度表
[146.08767533761448, 146.08767533761448, 146.09099085405725, 146.09430649073653, 146.09762224765862, 146.09762224765862, 146.10093812482887, 146.10093812482887, 146.10425412225234, 146.10425412225234, 146.10425412225234, 146.10093812482887, 146.10093812482887, 146.10093812482887, 146.09762224765862, 146.09762224765862, 146.09430649073653, 146.09430649073653, 146.09430649073653, 146.09099085405725, 146.09099085405725, 146.08767533761448, 146.08767533761448, 146.0843599414035, 146.0843599414035, 146.08104466541832, 146.08104466541832, 146.07772950965327, 146.07441447410193, 146.0710995587609, 146.0677847636221, 146.0677847636221, 146.06447008868076, 146.0611555339324, 146.05784109937022, 146.05452678498864, 146.05121259078263, 146.04789851674667, 146.041270729161, 146.0379570155997, 146.03132994891462, 146.02801659577892, 146.02470336277395, 146.02139024989356, 146.01807725713272, 146.01145163194667, 146.00813899950998, 146.00482648717005, 146.0015140949215, 145.9982018227594, 145.99157763866856, 145.98826572672968, 145.9816422630361, 145.97833071126993, 145.97170796787208, 145.96839677622907, 145.9617747530268, 145.9584639214553, 145.95515320989836, 145.95184261834794, 145.94853214679912, 145.94191156368538, 145.9352914605108, 145.93198158888734]
输出功率表
[28.7, 27.8, 26.9, 26.0, 25.5, 24.6, 23.7, 23.0, 22.2, 21.6, 20.9, 20.5, 19.7, 19.1, 18.5, 17.9, 17.4, 16.8, 16.3, 15.6, 15.1, 14.5, 14.1, 13.6, 13.0, 12.7, 12.1, 11.8, 11.3, 10.9, 10.5, 10.1, 9.7, 9.3, 9.0, 8.6, 8.3, 7.9, 7.6, 7.4, 7.1, 6.8, 6.5, 6.2, 6.0, 5.7, 5.5, 5.2, 5.0, 4.8, 4.5, 4.4, 4.1, 3.9, 3.7, 3.6, 3.4, 3.2, 3.0, 2.9, 2.7, 2.6, 2.5, 2.3]
稳定检测中(0/3)，拟合系数表[ 5.45801815e-06 -4.57599543e-03  1.45925482e+02]，热浴温度表
[145.92536220553882, 145.9220526938028, 145.91874330201838, 145.9121248782811, 145.90881584631768, 145.90219814217144, 145.8988894699778, 145.892272485322, 145.88896417284852, 145.88565598027046, 145.87903995477797, 145.8757321218533, 145.8691168156165, 145.8658093422938, 145.86250198882715, 145.85588764144143, 145.85258064751062, 145.84596701914487, 145.84266038469895, 145.83935387007028, 145.83604747525337, 145.82943504503163, 145.82943504503163, 145.82282309398937, 145.81951729814642, 145.81621162208137, 145.8129060657895, 145.80629531249943, 145.80299011549104, 145.799685038232, 145.79638008071825, 145.78977052490205, 145.78646592658805, 145.77985708912152, 145.77655284995666, 145.77324873049804, 145.76994473073935, 145.7633370902983, 145.7600334496054, 145.75342652724635, 145.75012324556906, 145.74682008355242, 145.7435170411908, 145.73691131541054, 145.73360863198104, 145.73030606818446, 145.72700362401457, 145.72370129946648, 145.71709700921255, 145.7137950434956, 145.71049319737836, 145.70719147085475, 145.7005883765657, 145.69728700878932, 145.69398576058464, 145.6906846319454, 145.68408273334217, 145.6807819633666, 145.67748131293456, 145.67418078204042, 145.67088037067842, 145.6675800788435, 145.66427990652932, 145.66097985373096]
输出功率表
[2.2, 2.1, 1.9, 1.8, 1.7, 1.6, 1.5, 1.4, 1.3, 1.2, 1.1, 1.1, 1.0, 0.9, 0.8, 0.8, 0.7, 0.6, 0.6, 0.5, 0.5, 0.4, 0.4, 0.3, 0.3, 0.2, 0.2, 0.2, 0.1, 0.1, 0.1, 0.1, 0.1, 0.0, 0.0, 0.0, 0.0, 0.0, 0.0, 0.0, 0.0, 0.0, 0.0, 0.0, 0.0, 0.0, 0.0, 0.0, 0.0, 0.0, 0.0, 0.0, 0.0, 0.0, 0.0, 0.0, 0.0, 0.0, 0.0, 0.0, 0.0, 0.0, 0.0, 0.0]
稳定检测中(0/3)，拟合系数表[ 4.03896522e-06 -3.85810152e-03  1.45656366e+02]，热浴温度表
[145.65438010665804, 145.65108041237266, 145.64778083758034, 145.64448138227567, 145.6411820464528, 145.6378828301065, 145.6345837332313, 145.62798589787116, 145.6246871593748, 145.6246871593748, 145.61809004072225, 145.614791660555, 145.61149339981944, 145.6081952585097, 145.6048972366215, 145.60159933414783, 145.59500388742308, 145.59170634316115, 145.58840891829232, 145.58181442670974, 145.58181442670974, 145.57851735998577, 145.5752204126317, 145.57192358464246, 145.56533028673618, 145.56203381680854, 145.5587374662228, 145.55544123497498, 145.55214512305744, 145.54884913046612, 145.5422575032386, 145.53896186859146, 145.53566635324765, 145.5323709572017, 145.52907568044802, 145.5257805229814, 145.5224854847958, 145.51919056588588, 145.51589576624605, 145.509306524754, 145.509306524754, 145.50601208289117, 145.4994235569026, 145.49612947276577, 145.49283550786018, 145.49283550786018, 145.48954166218016, 145.48624793572, 145.47966084043648, 145.4763674716025, 145.47307422196604, 145.46978109152167, 145.46648808026373, 145.4631951881861, 145.45990241528457, 145.45660976155241, 145.45331722698438, 145.4500248115748, 145.44673251531862, 145.4434403382096, 145.44014828024294, 145.43685634141178, 145.4335645217116, 145.42698123968137]
输出功率表
[0.0, 0.0, 0.0, 0.0, 0.0, 0.0, 0.0, 0.0, 0.0, 0.0, 0.0, 0.0, 0.0, 0.0, 0.0, 0.0, 0.0, 0.0, 0.0, 0.0, 0.0, 0.0, 0.0, 0.0, 0.0, 0.0, 0.0, 0.0, 0.0, 0.0, 0.0, 0.0, 0.0, 0.0, 0.0, 0.0, 0.0, 0.0, 0.0, 0.0, 0.0, 0.0, 0.0, 0.0, 0.0, 0.0, 0.0, 0.0, 0.0, 0.0, 0.0, 0.0, 0.0, 0.0, 0.0, 0.0, 0.0, 0.0, 0.0, 0.0, 0.0, 0.0, 0.0, 0.0]
稳定检测中(0/3)，拟合系数表[ 1.82216841e-07 -3.12896010e-03  1.45425085e+02]，热浴温度表
[145.42368977733966, 145.42368977733966, 145.4203984341068, 145.41710720997727, 145.4138161049442, 145.41052511900295, 145.40723425214858, 145.4039435043741, 145.40065287567478, 145.39736236604446, 145.3940719754787, 145.38749155151612, 145.38420151810868, 145.3809116037428, 145.3809116037428, 145.37762180841239, 145.37433213211295, 145.37104257483796, 145.36775313658254, 145.36446381734066, 145.36117461710717, 145.35788553587648, 145.35788553587648, 145.35459657364265, 145.35130773040055, 145.34801900614414, 145.34473040086795, 145.3414419145667, 145.3381535472346, 145.33486529886625, 145.33157716945584, 145.32828915899827, 145.32500126748735, 145.32171349491773, 145.31842584128415, 145.3151383065807, 145.31185089080236, 145.31185089080236, 145.30527641599662, 145.30527641599662, 145.30198935695876, 145.29870241682332, 145.2954155955846, 145.28884230977556, 145.28555584519393, 145.28555584519393, 145.2822694994872, 145.2789832726492, 145.2756971646749, 145.2724111755583, 145.26912530529466, 145.26583955387736, 145.26255392130096, 145.25926840756046, 145.25598301265026, 145.25269773656493, 145.24941257929797, 145.24941257929797, 145.24284262119872, 145.24284262119872, 145.2395578203557, 145.2362731383093, 145.2297041305845, 145.22641980489468]
输出功率表
[0.0, 0.0, 0.0, 0.0, 0.0, 0.0, 0.0, 0.0, 0.0, 0.0, 0.0, 0.0, 0.0, 0.0, 0.0, 0.0, 0.0, 0.0, 0.0, 0.0, 0.0, 0.0, 0.0, 0.0, 0.0, 0.0, 0.0, 0.0, 0.0, 0.0, 0.0, 0.0, 0.0, 0.0, 0.0, 0.0, 0.0, 0.0, 0.0, 0.0, 0.0, 0.0, 0.0, 0.0, 0.0, 0.0, 0.0, 0.0, 0.0, 0.0, 0.0, 0.0, 0.0, 0.0, 0.0, 0.1, 0.1, 0.1, 0.1, 0.1, 0.1, 0.1, 0.2, 0.2]
稳定检测中(0/3)，拟合系数表[ 8.87024692e-06 -3.06363401e-03  1.45225347e+02]，热浴温度表
[145.22313559797936, 145.22313559797936, 145.2198515098336, 145.21328368982523, 145.21328368982523, 145.20999995795233, 145.20671634482616, 145.20343285044117, 145.20014947479189, 145.1968662178724, 145.1968662178724, 145.19358307967718, 145.19030006020108, 145.18701715943862, 145.18373437738336, 145.18045171403057, 145.1771691693741, 145.1771691693741, 145.1738867434091, 145.1738867434091, 145.17060443612922, 145.16732224752965, 145.16404017760496, 145.16075822634818, 145.15747639375525, 145.15747639375525, 145.15419467981982, 145.1476316078998, 145.1476316078998, 145.14435024990445, 145.14106901054444, 145.13778788981432, 145.13778788981432, 145.13450688770882, 145.1312260042225, 145.12794523934875, 145.12466459308297, 145.12138406541908, 145.12138406541908, 145.1181036563526, 145.1181036563526, 145.1148233658765, 145.11154319398582, 145.1082631406754, 145.1082631406754, 145.10498320593936, 145.10170338977213, 145.0984236921678, 145.0984236921678, 145.0951441131216, 145.0918646526279, 145.0885853106804, 145.0885853106804, 145.0885853106804, 145.08530608727398, 145.08202698240316, 145.08202698240316, 145.08202698240316, 145.0787479960621, 145.0754691282454, 145.0754691282454, 145.07219037894774, 145.07219037894774, 145.06891174816357]
输出功率表
[0.2, 0.2, 0.2, 0.3, 0.3, 0.3, 0.3, 0.3, 0.3, 0.4, 0.4, 0.4, 0.5, 0.5, 0.5, 0.6, 0.6, 0.6, 0.7, 0.7, 0.7, 0.8, 0.8, 0.9, 0.9, 1.0, 1.0, 1.1, 1.1, 1.2, 1.3, 1.3, 1.4, 1.4, 1.5, 1.6, 1.6, 1.7, 1.8, 1.8, 1.9, 2.0, 2.1, 2.2, 2.3, 2.4, 2.5, 2.5, 2.6, 2.7, 2.8, 2.9, 3.0, 3.1, 3.2, 3.3, 3.4, 3.5, 3.7, 3.8, 3.9, 4.0, 4.1, 4.2]
稳定检测中(0/3)，拟合系数表[ 3.46390959e-05 -2.06532684e-03  1.45072719e+02]，热浴温度表
[145.06891174816357, 145.06891174816357, 145.06891174816357, 145.065633235887, 145.065633235887, 145.06235484211243, 145.06235484211243, 145.05907656683448, 145.05907656683448, 145.05907656683448, 145.05907656683448, 145.05579841004786, 145.05579841004786, 145.0525203717465, 145.0525203717465, 145.04924245192507, 145.04924245192507, 145.04596465057853, 145.04596465057853, 145.04596465057853, 145.04596465057853, 145.04268696770055, 145.04268696770055, 145.04268696770055, 145.04268696770055, 145.04268696770055, 145.04268696770055, 145.04596465057853, 145.04596465057853, 145.04268696770055, 145.04268696770055, 145.04268696770055, 145.0394094032856, 145.0394094032856, 145.04268696770055, 145.04268696770055, 145.04268696770055, 145.04268696770055, 145.04268696770055, 145.04268696770055, 145.04268696770055, 145.04268696770055, 145.04268696770055, 145.04596465057853, 145.04924245192507, 145.0525203717465, 145.0525203717465, 145.0525203717465, 145.05579841004786, 145.05579841004786, 145.05579841004786, 145.05907656683448, 145.05907656683448, 145.06235484211243, 145.06235484211243, 145.065633235887, 145.06891174816357, 145.06891174816357, 145.06891174816357, 145.07219037894774, 145.07219037894774, 145.07219037894774, 145.0787479960621, 145.0787479960621]
输出功率表
[4.3, 4.4, 4.6, 4.7, 4.8, 4.9, 5.1, 5.2, 5.4, 5.5, 5.6, 5.7, 5.9, 6.1, 6.2, 6.3, 6.5, 6.6, 6.8, 6.9, 7.1, 7.3, 7.4, 7.5, 7.7, 7.9, 8.0, 8.1, 8.3, 8.5, 8.6, 8.8, 9.0, 9.2, 9.3, 9.5, 9.6, 9.7, 10.0, 10.2, 10.2, 10.5, 10.6, 10.7, 10.8, 11.0, 11.1, 11.3, 11.4, 11.6, 11.8, 11.8, 12.0, 12.2, 12.3, 12.4, 12.5, 12.7, 12.8, 13.0, 13.2, 13.2, 13.3, 13.5]
稳定检测中(0/3)，拟合系数表[8.73742568e-06 2.15776622e-03 1.45078331e+02]，热浴温度表
[145.0787479960621, 145.08202698240316, 145.08202698240316, 145.08530608727398, 145.0885853106804, 145.0885853106804, 145.0885853106804, 145.0918646526279, 145.0951441131216, 145.0984236921678, 145.10170338977213, 145.10498320593936, 145.10498320593936, 145.1082631406754, 145.1082631406754, 145.11154319398582, 145.1148233658765, 145.1181036563526, 145.12138406541908, 145.12466459308297, 145.12466459308297, 145.1312260042225, 145.1312260042225, 145.13450688770882, 145.13450688770882, 145.13778788981432, 145.13778788981432, 145.14106901054444, 145.14435024990445, 145.1476316078998, 145.1509130845362, 145.15419467981982, 145.15747639375525, 145.16075822634818, 145.16075822634818, 145.16404017760496, 145.16732224752965, 145.17060443612922, 145.1738867434091, 145.1738867434091, 145.1771691693741, 145.18373437738336, 145.18373437738336, 145.18701715943862, 145.18701715943862, 145.19030006020108, 145.19358307967718, 145.20014947479189, 145.20343285044117, 145.20343285044117, 145.20999995795233, 145.21328368982523, 145.21656754045014, 145.2198515098336, 145.2198515098336, 145.22313559797936, 145.22641980489468, 145.2297041305845, 145.23298857505418, 145.2362731383093, 145.2395578203557, 145.24284262119872, 145.2461275408448, 145.2461275408448]
输出功率表
[13.7, 13.8, 13.9, 14.0, 14.2, 14.3, 14.4, 14.5, 14.6, 14.7, 14.8, 14.8, 15.1, 15.2, 15.3, 15.4, 15.4, 15.4, 15.6, 15.7, 15.7, 15.8, 15.9, 16.1, 16.2, 16.2, 16.3, 16.3, 16.4, 16.6, 16.6, 16.6, 16.6, 16.7, 16.8, 16.9, 17.0, 17.1, 17.1, 17.1, 17.1, 17.1, 17.3, 17.3, 17.3, 17.4, 17.4, 17.3, 17.4, 17.5, 17.4, 17.4, 17.4, 17.5, 17.5, 17.4, 17.4, 17.4, 17.4, 17.4, 17.4, 17.3, 17.5, 17.5]
稳定检测中(0/3)，拟合系数表[-1.06931775e-05  2.94968004e-03  1.45247999e+02]，热浴温度表
[145.24941257929797, 145.25269773656493, 145.25269773656493, 145.25598301265026, 145.25926840756046, 145.26255392130096, 145.26583955387736, 145.26912530529466, 145.2724111755583, 145.2724111755583, 145.2756971646749, 145.2789832726492, 145.2822694994872, 145.2822694994872, 145.28555584519393, 145.28884230977556, 145.2921288932368, 145.2954155955846, 145.29870241682332, 145.30198935695876, 145.30198935695876, 145.30527641599662, 145.30856359394252, 145.31185089080236, 145.31185089080236, 145.3151383065807, 145.31842584128415, 145.31842584128415, 145.32171349491773, 145.32500126748735, 145.32828915899827, 145.32828915899827, 145.33157716945584, 145.33157716945584, 145.33486529886625, 145.3381535472346, 145.3381535472346, 145.3414419145667, 145.34473040086795, 145.34473040086795, 145.34801900614414, 145.35130773040055, 145.35459657364265, 145.35459657364265, 145.35788553587648, 145.35788553587648, 145.36117461710717, 145.36446381734066, 145.36446381734066, 145.36775313658254, 145.37104257483796, 145.37433213211295, 145.37433213211295, 145.37433213211295, 145.37762180841239, 145.37762180841239, 145.3809116037428, 145.3809116037428, 145.38420151810868, 145.38420151810868, 145.38749155151612, 145.38749155151612, 145.38749155151612, 145.38749155151612]
输出功率表
[17.3, 17.5, 17.5, 17.4, 17.4, 17.4, 17.3, 17.2, 17.3, 17.2, 17.2, 17.2, 17.1, 17.2, 17.1, 17.1, 17.0, 16.8, 16.8, 16.9, 16.9, 16.7, 16.8, 16.7, 16.6, 16.6, 16.5, 16.4, 16.5, 16.2, 16.2, 16.2, 16.2, 16.1, 16.1, 16.0, 16.0, 15.9, 15.8, 15.7, 15.6, 15.5, 15.5, 15.4, 15.3, 15.3, 15.2, 15.1, 15.0, 14.9, 14.8, 14.7, 14.7, 14.6, 14.6, 14.5, 14.4, 14.4, 14.3, 14.2, 14.1, 14.0, 14.0, 14.1]
