
创建文件成功

新设定点数=200个，设定电流=2.000000e-04A
开始取REL
REL=0.04955545309539908K，开始升温。。。
[ 2.89230636e-03  3.07238037e-03  4.36040932e-03  8.14446355e-03
  1.29639406e-02  1.88288493e-02  2.41810474e-02  2.94201462e-02
  3.40996834e-02  3.74436391e-02  4.02248500e-02  4.22357255e-02
  4.35362917e-02  4.38989496e-02  4.43591375e-02  4.42816037e-02
  4.38500680e-02  4.32798128e-02  4.16265728e-02  4.03485009e-02
  3.87102676e-02  3.76522941e-02  3.61016000e-02  3.40907001e-02
  3.25224660e-02  3.05544154e-02  2.89436884e-02  2.71953994e-02
  2.56647085e-02  2.42865866e-02  2.26208348e-02  2.09725908e-02
  1.98921032e-02  1.86765546e-02  1.74776554e-02  1.60394711e-02
  1.48739165e-02  1.39584809e-02  1.31130785e-02  1.19000013e-02
  1.13897586e-02  1.04818265e-02  9.35879211e-03  9.05340550e-03
  7.86034104e-03  7.12749522e-03  6.44217201e-03  6.06949622e-03
  5.77435711e-03  5.50172847e-03  5.15406441e-03  4.14108653e-03
  4.08988769e-03  3.67218045e-03  2.84428346e-03  2.96934564e-03
  2.70421387e-03  2.43658095e-03  2.63918154e-03  1.74873946e-03
  1.68620827e-03  1.39148164e-03  1.00878854e-03  1.16386682e-03
  1.04630541e-03  8.68715712e-04  7.58660241e-04  9.01232143e-04
  3.25941813e-04  2.68412821e-04  3.84294485e-04 -8.41011654e-06
 -3.53590174e-04 -8.41011654e-06 -5.91369309e-06  2.41018739e-05
  1.81683912e-04  4.91148464e-05 -1.60994537e-04  6.24402622e-05
 -4.27823334e-04 -4.62842281e-04 -1.42670119e-04 -6.50443189e-04
 -3.97789020e-04 -3.82780989e-04 -3.15244538e-04 -6.57928850e-04
 -6.77334508e-04 -6.19802698e-04 -7.04849676e-04 -7.62381279e-04
 -9.47483244e-04 -1.14259048e-03 -7.09860711e-04 -1.01753009e-03
 -8.62444770e-04 -1.16871492e-03 -1.01112377e-03 -1.57645108e-03
 -1.17371780e-03 -1.12869185e-03 -1.29128588e-03 -1.24375838e-03
 -9.66092636e-04 -1.18121726e-03 -1.14349524e-03 -1.31109305e-03
 -1.46618350e-03 -1.19102314e-03 -1.16350706e-03 -1.09096464e-03
 -1.41615446e-03 -1.06845147e-03 -1.16599369e-03 -9.77580722e-04
 -1.44536157e-03 -1.39032850e-03 -1.06263192e-03 -1.34029843e-03
 -1.47788109e-03 -1.57543965e-03 -1.40283608e-03 -1.48038269e-03
 -1.61508399e-03 -1.44748202e-03 -1.54003836e-03 -1.28238146e-03
 -1.26737238e-03 -1.10227202e-03 -1.53003210e-03 -1.32740893e-03
 -1.68012336e-03 -1.58387452e-03 -1.09604754e-03 -1.51131045e-03
 -1.34120285e-03 -1.54383105e-03 -1.00348890e-03 -1.07103177e-03
 -1.26115199e-03 -8.98422281e-04 -1.24554241e-03 -1.04040998e-03
 -1.12296935e-03 -9.42853204e-04 -9.05328989e-04 -1.05792735e-03
 -8.55296633e-04 -9.65367774e-04 -1.05792735e-03 -1.14488230e-03
 -1.30748932e-03 -1.32500090e-03 -1.29247182e-03 -1.28496680e-03
 -1.49010178e-03 -1.25744867e-03 -9.54749480e-04 -1.20991744e-03
 -1.20681460e-03 -1.33940361e-03 -1.21932305e-03 -1.00668041e-03
 -1.39944368e-03 -1.64210635e-03 -1.03419867e-03 -1.55955095e-03
 -1.11675408e-03 -1.19870804e-03 -1.33880370e-03 -1.15617882e-03
 -1.02108656e-03 -1.12615841e-03 -9.51048899e-04 -1.19871820e-03
 -1.13117197e-03 -1.00358493e-03 -6.32520270e-04 -9.60249643e-04
 -8.55176054e-04 -6.72548353e-04 -7.40095497e-04 -9.42737343e-04
 -7.37587220e-04 -1.01778318e-03 -1.20041088e-03 -6.96748054e-04
 -9.56934395e-04 -7.66798207e-04 -8.64368085e-04 -7.19264212e-04
 -5.94174609e-04 -8.44353815e-04 -5.56642356e-04 -6.26692508e-04
 -8.21022801e-04 -9.31103530e-04 -7.10942073e-04 -7.13444002e-04]
低温侧相对热浴温升 = 2.4743881461203343K
设定电流=0.0002,期望温差=0.5,晶中温度=272.20913590580307,温度差=0.003906469245576196
单次测量结束，时间=122s	温度差=0.003906469245576196K	相对热导0.10345715578122588W/K	时间常数=23.265537214467354s	时间偏离=54.20048737025226s
结束小循环
等待116.3秒降温缓和
新设定点数=200个，设定电流=5.000000e-04A
开始取REL
REL=0.05300595091546812K，开始升温。。。
[-0.00096448 -0.00104099  0.00645895  0.02651298  0.05600701  0.08960146
  0.12329605  0.15407427  0.17991096  0.20119162  0.21800637  0.22990461
  0.23813294  0.24191544  0.24325471  0.24183534  0.23803281  0.2323578
  0.22553878  0.2175701   0.2085204   0.19815142  0.1886511   0.17844484
  0.16826361  0.15719869  0.1474155   0.1371842   0.12704434  0.11778917
  0.10851146  0.09954919  0.09111015  0.08326941  0.07458501  0.06729503
  0.06038807  0.05378948  0.04741823  0.04138244  0.03653828  0.03097564
  0.02627668  0.02131236  0.01717167  0.01307104  0.00914116  0.00579905
  0.00257709 -0.00078506 -0.00341369 -0.00615748 -0.00862841 -0.01088402
 -0.01269653 -0.0151391  -0.01721201 -0.01880174 -0.02015614 -0.02180095
 -0.02346328 -0.02519321 -0.02617959 -0.02743385 -0.02862772 -0.02983192
 -0.03046282 -0.03131152 -0.03206258 -0.03281865 -0.03382257 -0.03445597
 -0.0349667  -0.03591525 -0.03638592 -0.03728722 -0.03689916 -0.03792313
 -0.03827613 -0.03861912 -0.03881941 -0.03939524 -0.03965037 -0.03957526
 -0.04009351 -0.04067936 -0.04062428 -0.04124268 -0.04126271 -0.04132029
 -0.0414655  -0.04181095 -0.04188606 -0.04242684 -0.04227663 -0.04233171
 -0.04272728 -0.04265718 -0.04267721 -0.04306778 -0.04293988 -0.04311764
 -0.04326536 -0.0432303  -0.04342058 -0.04366094 -0.04353325 -0.04368347
 -0.04384621 -0.04355817 -0.04386613 -0.04379101 -0.04366582 -0.04409396
 -0.04393622 -0.04394624 -0.04424919 -0.04383357 -0.04420401 -0.0438009
 -0.04400121 -0.04448944 -0.04414893 -0.04425409 -0.04429666 -0.04430667
 -0.04460211 -0.04434662 -0.04445428 -0.04432659 -0.04457697 -0.04439419
 -0.04434412 -0.044597   -0.04456696 -0.0445319  -0.04466947 -0.04433896
 -0.04462941 -0.04450422 -0.04505256 -0.04426635 -0.0442313  -0.04475961
 -0.04464193 -0.04485966 -0.04441147 -0.04440896 -0.04486968 -0.04479957
 -0.0450149  -0.04469441 -0.04492977 -0.04454918 -0.04499724 -0.04476187
 -0.04496969 -0.04466171 -0.04480193 -0.0446517  -0.04526265 -0.04461414
 -0.04472431 -0.04508978 -0.04482937 -0.04455394 -0.04469917 -0.04410073
 -0.04389791 -0.04437866 -0.04458899 -0.04455644 -0.04485681 -0.04452629
 -0.04419827 -0.04546027 -0.04517982 -0.04489938 -0.04457136 -0.04496198
 -0.04507966 -0.04548014 -0.04513959 -0.04469888 -0.04510954 -0.04509201
 -0.04483159 -0.04503692 -0.04516463 -0.04510453 -0.0450268  -0.04492163
 -0.04517956 -0.04504684 -0.044834   -0.04481897 -0.04454853 -0.0445285
 -0.04449094 -0.04452081]
低温侧相对热浴温升 = 15.010273013011266K
设定电流=0.0005,期望温差=0.5,晶中温度=282.841444991008,温度差=0.06232853539351554
单次测量结束，时间=324s	温度差=0.06232853539351554K	相对热导0.04052931471442692W/K	时间常数=23.261715527787455s	时间偏离=33.26831644716364s
结束小循环
等待116.3秒降温缓和
新设定点数=200个，设定电流=5.000000e-04A
开始取REL
REL=0.047669837572906465K，开始升温。。。
[-0.00031088  0.0008066   0.00896222  0.03020944  0.06086852  0.09502722
  0.1288602   0.15899493  0.18504805  0.20618771  0.22239644  0.23433057
  0.24184984  0.24609319  0.24660434  0.24532145  0.24139761  0.23556196
  0.22832065  0.22008209  0.21079614  0.2012346   0.19040477  0.17973063
  0.16944236  0.15885091  0.14816424  0.13774318  0.1281139   0.1182967
  0.10901572  0.1000367   0.09101622  0.08343652  0.07539576  0.06872311
  0.06116095  0.0548441   0.04896576  0.0429947   0.03755417  0.03279827
  0.02726058  0.02311107  0.01895405  0.01511274  0.01088806  0.0078912
  0.00447086  0.00123952 -0.00169478 -0.00394749 -0.00663621 -0.00870349
 -0.01082089 -0.01305856 -0.01516594 -0.01685986 -0.01845843 -0.01970131
 -0.02102436 -0.02241509 -0.0233272  -0.02504869 -0.02599839 -0.02698067
 -0.02839645 -0.0285412  -0.02963377 -0.03054591 -0.03096941 -0.03187403
 -0.03228249 -0.03278116 -0.03359056 -0.03396895 -0.03440981 -0.03498617
 -0.03536457 -0.03545227 -0.03599856 -0.0365674  -0.03695582 -0.03718386
 -0.03718386 -0.03761976 -0.03810591 -0.03821367 -0.03837405 -0.03837154
 -0.038775   -0.03891032 -0.03870734 -0.03966211 -0.03927612 -0.03951669
 -0.03949915 -0.0395192  -0.0397723  -0.03990011 -0.03965452 -0.03988257
 -0.03980739 -0.03999273 -0.04015813 -0.03996266 -0.04033605 -0.04037114
 -0.04019572 -0.04039369 -0.04055909 -0.04027341 -0.03995003 -0.04049133
 -0.04041866 -0.04020314 -0.04040362 -0.04054647 -0.04054897 -0.04075447
 -0.04045374 -0.04034325 -0.04075927 -0.04085199 -0.04073922 -0.04078182
 -0.04068408 -0.04057382 -0.04088457 -0.04071416 -0.04052376 -0.04062902
 -0.04068164 -0.04065157 -0.04034082 -0.04078439 -0.04081948 -0.04090719
 -0.04060145 -0.04083681 -0.04043833 -0.04073155 -0.04081927 -0.04099971
 -0.04050099 -0.04122777 -0.04058369 -0.04052354 -0.0405184  -0.0404758
 -0.04021515 -0.04050086 -0.04050838 -0.04034548 -0.04029285 -0.04071138
 -0.04058858 -0.04062113 -0.04043066 -0.04054594 -0.04054093 -0.04043567
 -0.04068378 -0.04079656 -0.0407314  -0.04079406 -0.04084409 -0.04099447
 -0.04085412 -0.04061101 -0.04072379 -0.0407664  -0.04057593 -0.04069372
 -0.04058846 -0.04056825 -0.04069607 -0.04022238 -0.04057828 -0.04040033
 -0.0401121  -0.04056575 -0.04029757 -0.0403101  -0.04051054 -0.04034513
 -0.04032758 -0.04026743 -0.04008948 -0.0398614  -0.03985639 -0.03971103
 -0.03969849 -0.03990144 -0.03947285 -0.03981121 -0.03955055 -0.03918462
 -0.03933751 -0.03924979]
低温侧相对热浴温升 = 15.086858703191874K
设定电流=0.0005,期望温差=0.5,晶中温度=281.12326668948634,温度差=0.05762848728195717
单次测量结束，时间=526s	温度差=0.05762848728195717K	相对热导0.043837856200518104W/K	时间常数=22.795317362904047s	时间偏离=34.2728201121343s
结束小循环
等待114秒降温缓和
新设定点数=200个，设定电流=5.000000e-04A
开始取REL
REL=0.048928101406213786K，开始升温。。。
[ 0.00079908  0.00186994  0.01036316  0.03167806  0.06247547  0.09667865
  0.13056333  0.16085163  0.18745076  0.20856755  0.22436753  0.23649091
  0.24440602  0.24839369  0.24935173  0.24832598  0.2442982   0.23925721
  0.23150512  0.22342198  0.21402436  0.20433345  0.19400801  0.18350199
  0.17295585  0.16233949  0.15182344  0.14123216  0.13135566  0.12159583
  0.11240631  0.10340239  0.09494272  0.08707998  0.07921723  0.07186862
  0.06499906  0.05826493  0.05221504  0.04621831  0.04096144  0.03581744
  0.03061827  0.0263621   0.02195546  0.01778208  0.01418303  0.01089355
  0.00760795  0.00444776  0.00152584 -0.00120046 -0.00365838 -0.00611131
 -0.00799488 -0.01043024 -0.01238856 -0.01411917 -0.01548108 -0.01688312
 -0.01874665 -0.0201512  -0.02139021 -0.02274711 -0.02352212 -0.02452744
 -0.0254981  -0.02656408 -0.02754226 -0.02805894 -0.02893178 -0.02942339
 -0.03009808 -0.03092578 -0.03105613 -0.03159288 -0.03215722 -0.03272658
 -0.03286202 -0.03316801 -0.03354173 -0.03366463 -0.03418884 -0.03443682
 -0.03458481 -0.03482058 -0.03503378 -0.0348557  -0.035252   -0.03533979
 -0.03503127 -0.03559312 -0.03561283 -0.03536199 -0.03600411 -0.03596147
 -0.03618973 -0.03604174 -0.03617719 -0.03631264 -0.03626999 -0.03646798
 -0.03646798 -0.03651564 -0.03669122 -0.03691446 -0.03697717 -0.0365357
 -0.03652567 -0.03673637 -0.03678163 -0.03690704 -0.03680671 -0.03666625
 -0.03647812 -0.03658598 -0.03681424 -0.03686942 -0.03673146 -0.03673359
 -0.03655298 -0.03663074 -0.03655549 -0.03650031 -0.03631218 -0.03653292
 -0.03650784 -0.03645015 -0.0367234  -0.03645499 -0.03674346 -0.0367234
 -0.03664313 -0.03668326 -0.03661051 -0.0364575  -0.03665567 -0.03676336
 -0.03624411 -0.03637204 -0.03636452 -0.03670567 -0.0364473  -0.0362993
 -0.03635198 -0.03580012 -0.03596801 -0.03587269 -0.03581248 -0.03588774
 -0.03624896 -0.03571214 -0.03557919 -0.03584761 -0.03573222 -0.03560398
 -0.03552371 -0.03533557 -0.03515997 -0.03559395 -0.03563659 -0.0354334
 -0.03529794 -0.03545597 -0.03554365 -0.03539063 -0.03578197 -0.03557375
 -0.03582963 -0.03546589 -0.03580705 -0.03540819 -0.03555369 -0.03548315
 -0.03551577 -0.03591464 -0.0357867  -0.03581429 -0.03569137 -0.03557848
 -0.03565374 -0.03543047 -0.03563588 -0.03540256 -0.03557065 -0.03542012
 -0.0350087  -0.03527713 -0.03521441 -0.03517929 -0.03502375 -0.03488822
 -0.03492083 -0.03470508 -0.03461728 -0.03502118 -0.03450689 -0.03466243
 -0.03442912 -0.03465742]
低温侧相对热浴温升 = 15.159102899540656K
设定电流=0.0005,期望温差=0.5,晶中温度=279.4490486698684,温度差=0.05291356273961441
单次测量结束，时间=727s	温度差=0.05291356273961441K	相对热导0.04774736911450723W/K	时间常数=22.58458658598536s	时间偏离=35.667485793932705s
结束小循环
等待112.9秒降温缓和
新设定点数=200个，设定电流=5.000000e-04A
开始取REL
REL=0.05845794674574166K，开始升温。。。
[-6.91890123e-05  7.16507447e-04  9.75076127e-03  3.11719923e-02
  6.21293459e-02  9.68421490e-02  1.30593497e-01  1.61186853e-01
  1.87236510e-01  2.08662150e-01  2.25154998e-01  2.37222141e-01
  2.44879759e-01  2.48687909e-01  2.49930514e-01  2.48361568e-01
  2.44641279e-01  2.38922781e-01  2.31193469e-01  2.23321122e-01
  2.13646367e-01  2.04125837e-01  1.93855998e-01  1.83181991e-01
  1.72442715e-01  1.61841510e-01  1.51252854e-01  1.41035732e-01
  1.31488915e-01  1.21111128e-01  1.11809329e-01  1.02864870e-01
  9.43747881e-02  8.57692292e-02  7.81151017e-02  7.09856421e-02
  6.38059749e-02  5.69325734e-02  5.09703943e-02  4.54209128e-02
  3.94285994e-02  3.45408600e-02  2.94974761e-02  2.49611920e-02
  2.06282498e-02  1.66317007e-02  1.27933065e-02  9.46703289e-03
  5.86073924e-03  3.07164019e-03  3.52833717e-04 -2.46890088e-03
 -5.33582330e-03 -7.49480174e-03 -9.81444840e-03 -1.16671532e-02
 -1.39817788e-02 -1.59466741e-02 -1.76035808e-02 -1.89291179e-02
 -2.05157455e-02 -2.18387719e-02 -2.32371130e-02 -2.42513498e-02
 -2.51124466e-02 -2.62421658e-02 -2.73915414e-02 -2.77957353e-02
 -2.91539373e-02 -2.98367991e-02 -3.03087770e-02 -3.14385112e-02
 -3.16519055e-02 -3.22694935e-02 -3.29423130e-02 -3.33938618e-02
 -3.37704451e-02 -3.43754889e-02 -3.46064468e-02 -3.51838746e-02
 -3.51663007e-02 -3.56709225e-02 -3.55278209e-02 -3.63487728e-02
 -3.62605977e-02 -3.66447180e-02 -3.67878218e-02 -3.67125041e-02
 -3.68003711e-02 -3.73250847e-02 -3.71016420e-02 -3.78046075e-02
 -3.77167368e-02 -3.75153127e-02 -3.78818691e-02 -3.81655737e-02
 -3.83362986e-02 -3.79848061e-02 -3.82810695e-02 -3.80199609e-02
 -3.83488573e-02 -3.85346461e-02 -3.87178336e-02 -3.92023932e-02
 -3.85044266e-02 -3.87806004e-02 -3.86324708e-02 -3.89588580e-02
 -3.88082180e-02 -3.92124360e-02 -3.90542637e-02 -3.87602438e-02
 -3.89234396e-02 -3.91644674e-02 -3.90414428e-02 -3.88882898e-02
 -3.88908005e-02 -3.88732255e-02 -3.88205085e-02 -3.90841326e-02
 -3.94701703e-02 -3.87119129e-02 -3.89052434e-02 -3.89755454e-02
 -3.89253297e-02 -3.91437681e-02 -3.94048898e-02 -3.91337249e-02
 -3.88123299e-02 -3.89803735e-02 -3.88899843e-02 -3.89150925e-02
 -3.89150925e-02 -3.88096384e-02 -3.87895519e-02 -3.90280789e-02
 -3.85033196e-02 -3.91787275e-02 -3.87465993e-02 -3.92663441e-02
 -3.86687631e-02 -3.88294571e-02 -3.90654765e-02 -3.89474668e-02
 -3.92537899e-02 -3.90152597e-02 -3.87139583e-02 -3.86811353e-02
 -3.90828681e-02 -3.87162814e-02 -3.87715205e-02 -3.88393139e-02
 -3.87790531e-02 -3.88744661e-02 -3.86936835e-02 -3.86660640e-02
 -3.88817284e-02 -3.84950493e-02 -3.86532401e-02 -3.89771465e-02
 -3.86482183e-02 -3.89193958e-02 -3.86532401e-02 -3.88139378e-02
 -3.89997446e-02 -3.88888144e-02 -3.85874991e-02 -3.87908869e-02
 -3.89164429e-02 -3.92328239e-02 -3.89038881e-02 -3.86804127e-02
 -3.88938443e-02 -3.86276826e-02 -3.87329612e-02 -3.87153843e-02
 -3.88334005e-02 -3.85421265e-02 -3.88986811e-02 -3.88811042e-02
 -3.87128684e-02 -3.91271806e-02 -3.91221586e-02 -3.87098113e-02
 -3.85917918e-02 -3.89081845e-02 -3.88931182e-02 -3.86018361e-02
 -3.89960710e-02 -3.87298994e-02 -3.90061152e-02 -3.87776094e-02
 -3.90989349e-02 -3.86846093e-02 -3.85640782e-02 -3.87373416e-02
 -3.89206493e-02 -3.86544765e-02 -3.91014358e-02 -3.88252186e-02]
低温侧相对热浴温升 = 15.221515059025565K
设定电流=0.0005,期望温差=0.5,晶中温度=277.79045345981626,温度差=0.05623256170416474
单次测量结束，时间=926s	温度差=0.05623256170416474K	相对热导0.04493227294321104W/K	时间常数=22.78221183911512s	时间偏离=34.91046878658466s
结束小循环
等待113.9秒降温缓和
新设定点数=200个，设定电流=5.000000e-04A
开始取REL
REL=0.06087416388067112K，开始升温。。。
[-0.00059555  0.0003911   0.00896435  0.03087488  0.06167776  0.09666677
  0.13093966  0.16179531  0.18769345  0.20937282  0.22628446  0.23777753
  0.24578295  0.24957209  0.25088873  0.24906955  0.24520252  0.23931027
  0.2321064   0.22398453  0.21460193  0.20493537  0.19483664  0.18382579
  0.17332754  0.16236443  0.15181341  0.14132018  0.13151564  0.12144692
  0.1123607   0.10290257  0.09436163  0.08607448  0.07839291  0.07120133
  0.06341171  0.05713308  0.05058207  0.04459144  0.03882947  0.03362539
  0.028954    0.02414942  0.01973434  0.01567106  0.0118666   0.00793901
  0.00482559  0.00168201 -0.00116254 -0.00348444 -0.00641693 -0.00871871
 -0.01123658 -0.01302484 -0.01475622 -0.01708819 -0.01873666 -0.02049569
 -0.02164408 -0.02272462 -0.02424995 -0.02556168 -0.02679771 -0.02775262
 -0.02881056 -0.02993132 -0.03022031 -0.03129835 -0.03174565 -0.03295185
 -0.03315791 -0.03358208 -0.0341877  -0.03450685 -0.0351753  -0.03567036
 -0.0364544  -0.03643681 -0.03708767 -0.03727867 -0.03772314 -0.03789905
 -0.03802972 -0.03875096 -0.03870824 -0.03896205 -0.03919325 -0.03888415
 -0.03929125 -0.03938402 -0.04000726 -0.04003741 -0.03998213 -0.0402862
 -0.03996202 -0.04038924 -0.04061038 -0.04075865 -0.04049189 -0.04087137
 -0.04077336 -0.0406477  -0.04112016 -0.04073817 -0.0413589  -0.04132875
 -0.04124079 -0.04158965 -0.04164243 -0.04161228 -0.04170024 -0.04167259
 -0.04156201 -0.0417882  -0.04148411 -0.04174799 -0.04206186 -0.04201663
 -0.04200909 -0.04190856 -0.04215233 -0.04199652 -0.04195128 -0.04185829
 -0.04212217 -0.04246128 -0.04219237 -0.04250903 -0.04231049 -0.04218231
 -0.04236075 -0.04242358 -0.0421622  -0.04269751 -0.04246847 -0.04235537
 -0.04247601 -0.04262177 -0.04247098 -0.04220709 -0.04258659 -0.04261172
 -0.04272733 -0.04282986 -0.04269163 -0.04264388 -0.04266399 -0.04259613
 -0.04290024 -0.04268158 -0.04294548 -0.04300077 -0.04280951 -0.04287234
 -0.04280197 -0.04293769 -0.04301309 -0.04304828 -0.04316892 -0.04288492
 -0.04293518 -0.04360349 -0.0429676  -0.042573   -0.04310835 -0.04316867
 -0.04325413 -0.0432868  -0.04302541 -0.04325413 -0.04287704 -0.04321132
 -0.04285945 -0.04335207 -0.04340485 -0.04295244 -0.04290218 -0.04293736
 -0.04328421 -0.04310551 -0.04295721 -0.04324123 -0.04339958 -0.04361573
 -0.0431608  -0.04324626 -0.04330909 -0.04321107 -0.04333138 -0.04323587
 -0.04331127 -0.04321828 -0.04318057 -0.04291414 -0.04330876 -0.0435023
 -0.04305741 -0.04316767]
低温侧相对热浴温升 = 15.27537756573955K
设定电流=0.0005,期望温差=0.5,晶中温度=276.1827949294108,温度差=0.060637189654593714
单次测量结束，时间=1127s	温度差=0.060637189654593714K	相对热导0.04167123076515582W/K	时间常数=23.174351084953884s	时间偏离=34.232116931462535s
结束小循环
等待115.9秒降温缓和
新设定点数=200个，设定电流=5.000000e-04A
开始取REL
REL=0.05389121110103737K，开始升温。。。
[-5.89473701e-05  8.36434220e-04  9.47334470e-03  3.15133119e-02
  6.25699724e-02  9.78516940e-02  1.32090469e-01  1.62903605e-01
  1.89227195e-01  2.10412327e-01  2.27417268e-01  2.39059911e-01
  2.46788974e-01  2.51024493e-01  2.52062202e-01  2.50211039e-01
  2.46408110e-01  2.40945172e-01  2.33900196e-01  2.24976391e-01
  2.15977210e-01  2.05861216e-01  1.95466036e-01  1.84897776e-01
  1.74545009e-01  1.63716858e-01  1.53756468e-01  1.42722066e-01
  1.32638430e-01  1.22549762e-01  1.13630676e-01  1.04384618e-01
  9.58284563e-02  8.74073597e-02  7.91774230e-02  7.13574743e-02
  6.49259498e-02  5.77549385e-02  5.16353065e-02  4.61872494e-02
  3.98261673e-02  3.50266642e-02  2.95432614e-02  2.47641486e-02
  2.08905520e-02  1.65591666e-02  1.27132386e-02  9.29491531e-03
  5.70555020e-03  2.42556966e-03 -4.26050285e-04 -3.11245284e-03
 -5.83910101e-03 -8.71415537e-03 -1.00900563e-02 -1.25852916e-02
 -1.41196601e-02 -1.62501685e-02 -1.77367451e-02 -1.98694423e-02
 -2.14314937e-02 -2.25231696e-02 -2.36123302e-02 -2.50813135e-02
 -2.63867968e-02 -2.71238039e-02 -2.78507493e-02 -2.88644485e-02
 -3.00009425e-02 -3.03329794e-02 -3.09039798e-02 -3.22170347e-02
 -3.28534387e-02 -3.35250587e-02 -3.39350739e-02 -3.40960615e-02
 -3.47224037e-02 -3.51997968e-02 -3.57532075e-02 -3.62110292e-02
 -3.63544172e-02 -3.70990061e-02 -3.71090681e-02 -3.75719206e-02
 -3.76599632e-02 -3.83944901e-02 -3.81304380e-02 -3.82411196e-02
 -3.87668572e-02 -3.88674768e-02 -3.94108140e-02 -3.95340731e-02
 -3.99742842e-02 -3.96799716e-02 -4.00547799e-02 -4.01148868e-02
 -4.03362544e-02 -4.03966273e-02 -4.00670916e-02 -4.06683057e-02
 -4.01652060e-02 -4.08393705e-02 -4.05098349e-02 -4.06381274e-02
 -4.09447119e-02 -4.08516347e-02 -4.12591619e-02 -4.10528827e-02
 -4.11057103e-02 -4.11560223e-02 -4.09497523e-02 -4.09824550e-02
 -4.11761562e-02 -4.15256459e-02 -4.15860212e-02 -4.16463964e-02
 -4.13319420e-02 -4.15734430e-02 -4.11457850e-02 -4.13218795e-02
 -4.14728140e-02 -4.17772058e-02 -4.13115711e-02 -4.15606239e-02
 -4.15555925e-02 -4.15857807e-02 -4.09920793e-02 -4.16486728e-02
 -4.21014959e-02 -4.15681709e-02 -4.14901905e-02 -4.16610215e-02
 -4.14924674e-02 -4.16786316e-02 -4.18245440e-02 -4.17163676e-02
 -4.15654237e-02 -4.17566193e-02 -4.17063046e-02 -4.16761159e-02
 -4.17464367e-02 -4.16860585e-02 -4.14973768e-02 -4.17112161e-02
 -4.14998926e-02 -4.17288264e-02 -4.17539839e-02 -4.18520984e-02
 -4.17892045e-02 -4.16505431e-02 -4.20404859e-02 -4.18241256e-02
 -4.20706757e-02 -4.16153127e-02 -4.17260087e-02 -4.15700280e-02
 -4.17712934e-02 -4.14392055e-02 -4.16177694e-02 -4.19599223e-02
 -4.18894814e-02 -4.13083247e-02 -4.18919972e-02 -4.20102412e-02
 -4.20957794e-02 -4.18467123e-02 -4.17259524e-02 -4.16729433e-02
 -4.15496659e-02 -4.17710621e-02 -4.16981001e-02 -4.16553303e-02
 -4.14314182e-02 -4.15823702e-02 -4.19446549e-02 -4.13911644e-02
 -4.17255986e-02 -4.15570331e-02 -4.17054714e-02 -4.16476056e-02
 -4.20476292e-02 -4.19318976e-02 -4.19293817e-02 -4.19218340e-02
 -4.19117704e-02 -4.13101661e-02 -4.17731035e-02 -4.17630396e-02
 -4.19618007e-02 -4.18838059e-02 -4.20599251e-02 -4.18284565e-02
 -4.18712279e-02 -4.20725050e-02 -4.20195551e-02 -4.18534999e-02
 -4.19440755e-02 -4.18585319e-02 -4.18711118e-02 -4.21428386e-02]
低温侧相对热浴温升 = 15.334475403956963K
设定电流=0.0005,期望温差=0.5,晶中温度=274.6085426913544,温度差=0.059598529484365434
单次测量结束，时间=1329s	温度差=0.059598529484365434K	相对热导0.04240029707328832W/K	时间常数=23.06373764728885s	时间偏离=34.49867259129781s
结束小循环
等待115.3秒降温缓和
新设定点数=200个，设定电流=5.000000e-04A
开始取REL
REL=0.05263506521055622K，开始升温。。。
[-0.00057965  0.0003549   0.00931518  0.03139739  0.06296858  0.0982684
  0.13298412  0.16356588  0.19003886  0.21178119  0.2285563   0.24003181
  0.24789698  0.25217449  0.25297763  0.2513059   0.2474715   0.24167584
  0.2345433   0.22612488  0.21699055  0.20740804  0.19673536  0.18608785
  0.17555364  0.16463674  0.15407231  0.14377477  0.13352437  0.12377812
  0.11416775  0.10497038  0.09633949  0.08801074  0.07997154  0.07223949
  0.06514948  0.05832295  0.05202594  0.04606631  0.04010417  0.03461034
  0.02986429  0.02513083  0.0203168   0.01617251  0.0124506   0.00883746
  0.00536783  0.00243703 -0.00067504 -0.00377454 -0.00605825 -0.00856353
 -0.01062567 -0.01311081 -0.01511    -0.01651749 -0.01844618 -0.02033458
 -0.02148273 -0.02310424 -0.02422469 -0.02547356 -0.0268327  -0.0274647
 -0.02881683 -0.02927005 -0.0303452  -0.03124914 -0.03222861 -0.03281025
 -0.03347246 -0.03384474 -0.03460014 -0.03502316 -0.03549402 -0.0361361
 -0.03624437 -0.03677818 -0.03708789 -0.03741523 -0.03793378 -0.03824098
 -0.03885789 -0.03881257 -0.03935142 -0.03936904 -0.03932875 -0.03937156
 -0.0393917  -0.03983965 -0.03989757 -0.04018463 -0.0405296  -0.04028283
 -0.04071342 -0.04088464 -0.040935   -0.04081666 -0.04067037 -0.04117903
 -0.04141573 -0.04167258 -0.04120421 -0.04124198 -0.04101787 -0.04131501
 -0.04128731 -0.04174046 -0.04163973 -0.04104293 -0.0411915  -0.04137281
 -0.04141058 -0.04119906 -0.0410379  -0.04115625 -0.04109296 -0.04107281
 -0.0408638  -0.04107533 -0.04097712 -0.04113073 -0.04091416 -0.04096705
 -0.04070012 -0.04106257 -0.04123129 -0.04119603 -0.04111042 -0.04070247
 -0.04093918 -0.04068987 -0.04064958 -0.04035999 -0.0408056  -0.04087611
 -0.04073509 -0.04067213 -0.04095921 -0.0410272  -0.04092647 -0.04088114
 -0.0409441  -0.040687   -0.04077011 -0.04084566 -0.04104208 -0.04094891
 -0.04101942 -0.04087587 -0.04121333 -0.0413065  -0.04080782 -0.04110498
 -0.04065672 -0.04122082 -0.04150036 -0.04089596 -0.04087077 -0.04096395
 -0.04097151 -0.04027615 -0.04042221 -0.04041969 -0.04014771 -0.04060102
 -0.04053302 -0.04027866 -0.04010993 -0.04009733 -0.04047755 -0.04017031
 -0.04053799 -0.04069665 -0.04070924 -0.04026349 -0.04005194 -0.04039193
 -0.04022571 -0.03996846 -0.04058297 -0.04008935 -0.03967128 -0.03966876
 -0.03980224 -0.04007424 -0.03968387 -0.03986772 -0.03962324 -0.03988264
 -0.0395225  -0.03941168 -0.03949983 -0.0395502  -0.0395225  -0.03955524
 -0.03953761 -0.0394215 ]
低温侧相对热浴温升 = 15.389853592551908K
设定电流=0.0005,期望温差=0.5,晶中温度=273.02361402872765,温度差=0.058358984349181894
单次测量结束，时间=1530s	温度差=0.058358984349181894K	相对热导0.04330382551017915W/K	时间常数=22.757621818263488s	时间偏离=34.514303396199686s
结束小循环
等待113.8秒降温缓和
新设定点数=200个，设定电流=5.000000e-04A
开始取REL
REL=0.057347886552878966K，开始升温。。。
[ 1.84024901e-04  1.56256387e-03  1.01261383e-02  3.22659287e-02
  6.44788809e-02  9.96127228e-02  1.34388699e-01  1.65717068e-01
  1.92136124e-01  2.13725539e-01  2.30641247e-01  2.42440911e-01
  2.50039371e-01  2.54238072e-01  2.55238598e-01  2.53759231e-01
  2.49905815e-01  2.43819487e-01  2.36453096e-01  2.28168845e-01
  2.18992408e-01  2.08901099e-01  1.98557757e-01  1.88002633e-01
  1.77684499e-01  1.67043766e-01  1.55951897e-01  1.45791527e-01
  1.35407916e-01  1.25752671e-01  1.15948729e-01  1.06691690e-01
  9.80269202e-02  8.98813150e-02  8.16802800e-02  7.41168795e-02
  6.68917872e-02  6.02985345e-02  5.36649561e-02  4.72985356e-02
  4.19024522e-02  3.65668575e-02  3.13522397e-02  2.65963353e-02
  2.20067657e-02  1.79313487e-02  1.36719459e-02  1.04055635e-02
  6.90730836e-03  3.66360937e-03  8.66013335e-04 -2.28695304e-03
 -4.89048158e-03 -7.10588221e-03 -9.30902863e-03 -1.16631476e-02
 -1.38206701e-02 -1.53707591e-02 -1.74955154e-02 -1.87406277e-02
 -2.03108804e-02 -2.16467295e-02 -2.28918419e-02 -2.38897769e-02
 -2.52609195e-02 -2.65135996e-02 -2.69521636e-02 -2.77234314e-02
 -2.88450463e-02 -2.97524202e-02 -3.04757987e-02 -3.08387482e-02
 -3.15491364e-02 -3.20658371e-02 -3.24439154e-02 -3.30589226e-02
 -3.35126164e-02 -3.35705884e-02 -3.40268027e-02 -3.48207669e-02
 -3.48837799e-02 -3.53020758e-02 -3.54407054e-02 -3.57608197e-02
 -3.57456966e-02 -3.60708453e-02 -3.64842129e-02 -3.66858555e-02
 -3.67135814e-02 -3.65068977e-02 -3.69220686e-02 -3.67481457e-02
 -3.71136358e-02 -3.70481050e-02 -3.74438426e-02 -3.72699197e-02
 -3.74362807e-02 -3.74766106e-02 -3.77185903e-02 -3.75244030e-02
 -3.78142759e-02 -3.78823330e-02 -3.82276599e-02 -3.79806296e-02
 -3.81873216e-02 -3.82528581e-02 -3.82856264e-02 -3.83158740e-02
 -3.82277477e-02 -3.84823305e-02 -3.86260060e-02 -3.87722021e-02
 -3.88805888e-02 -3.91225678e-02 -3.90620728e-02 -3.88200931e-02
 -3.91099646e-02 -3.86482216e-02 -3.87440076e-02 -3.90641347e-02
 -3.91901689e-02 -3.93111618e-02 -3.90515312e-02 -3.94800464e-02
 -3.90641333e-02 -3.92229365e-02 -3.91969092e-02 -3.93431156e-02
 -3.91666597e-02 -3.94237812e-02 -3.89171005e-02 -3.88641637e-02
 -3.89801205e-02 -3.90204450e-02 -3.90859858e-02 -3.92472260e-02
 -3.91211854e-02 -3.94589743e-02 -3.92900799e-02 -3.91716017e-02
 -3.92169763e-02 -3.90606859e-02 -3.95698901e-02 -3.88287814e-02
 -3.88890954e-02 -3.91512625e-02 -3.91184916e-02 -3.91512625e-02
 -3.96352632e-02 -3.89546372e-02 -3.89420330e-02 -3.91537833e-02
 -3.92621793e-02 -3.90982367e-02 -3.90377363e-02 -3.91763830e-02
 -3.88940479e-02 -3.92646127e-02 -3.93351965e-02 -3.93150297e-02
 -3.93150297e-02 -3.94486348e-02 -3.93902941e-02 -3.93348324e-02
 -3.97759900e-02 -3.97911154e-02 -3.94684402e-02 -3.98238871e-02
 -3.97885945e-02 -3.97079257e-02 -3.99196813e-02 -3.99116802e-02
 -3.95360565e-02 -3.98057991e-02 -3.95461398e-02 -3.93671514e-02
 -3.95587446e-02 -3.94780738e-02 -3.95511817e-02 -3.93646304e-02
 -3.94604270e-02 -3.95234511e-02 -3.95637866e-02 -3.93948751e-02
 -3.94175638e-02 -3.91755512e-02 -3.92814317e-02 -3.91200900e-02
 -3.92537011e-02 -3.87513741e-02 -3.96337427e-02 -3.87387688e-02
 -3.88597794e-02 -3.89152357e-02 -3.87664935e-02 -3.86908619e-02
 -3.90942305e-02 -3.90438094e-02 -3.88395109e-02 -3.86932890e-02]
低温侧相对热浴温升 = 15.440297747473284K
设定电流=0.0005,期望温差=0.5,晶中温度=271.5267172032848,温度差=0.05701137181120202
单次测量结束，时间=1730s	温度差=0.05701137181120202K	相对热导0.04433030463726166W/K	时间常数=22.91636871957289s	时间偏离=35.291474378901s
结束小循环
等待114.6秒降温缓和
