
创建文件成功

新设定点数=200个，设定电流=1.000000e-04A
开始取REL
REL=0.012648833593822831K，开始升温。。。
[-0.00069749 -0.00095906 -0.00070496 -0.00042844  0.00044097  0.00210507
  0.00484534  0.00757601  0.00963873  0.01200537  0.01388125  0.01602867
  0.0181711   0.01945656  0.02104346  0.02201503  0.02198835  0.02359271
  0.02437995  0.02480346  0.02576758  0.02619856  0.02655481  0.0265025
  0.02738191  0.02833663  0.02836902  0.02953992  0.02987624  0.02999084
  0.03079801  0.03118167  0.0313162   0.03210594  0.03260997  0.03319543
  0.033751    0.03417452  0.03425177  0.03455073  0.03528567  0.03562947
  0.03590352  0.03671406  0.0367913   0.03691586  0.03740417  0.03784266
  0.03831351  0.03854023  0.03897123  0.03934743  0.03965247  0.0400511
  0.04037748  0.04030274  0.04091313  0.04128685  0.04137156  0.04198196
  0.04206169  0.04182844  0.0420726   0.04238155  0.04270544  0.04302684
  0.04297452  0.04349773  0.04356003  0.04337566  0.04342398  0.04356101
  0.04354357  0.043713    0.04356101  0.04375784  0.04420133  0.04415898
  0.04396712  0.04422703  0.04425444  0.04419714  0.04477019  0.0443267
  0.04427437  0.04404764  0.04411242  0.04412488  0.04445477  0.0443576
  0.04449215  0.04462171  0.04475127  0.04503033  0.0452172   0.04492818
  0.04501787  0.04491922  0.04501888  0.04519329  0.04521572  0.04512602
  0.04492669  0.04526057  0.04542502  0.04550226  0.04533384  0.04535128
  0.0454983   0.04513701  0.04543103  0.04494764  0.04537123  0.04558053
  0.04548834  0.04521028  0.04513553  0.04501842  0.04497107  0.04507822
  0.04494117  0.04510812  0.04476675  0.04498852  0.0447551   0.04483982
  0.04480244  0.04466789  0.04468283  0.04469529  0.04460808  0.04477502
  0.04468781  0.04451938  0.04423531  0.04425275  0.0443599   0.04404593
  0.04415059  0.04406338  0.04382666  0.04446456  0.04410923  0.04418149
  0.04414162  0.04372798  0.04417651  0.04426622  0.04411917  0.04396218
  0.04384507  0.04393557  0.04386829  0.04384835  0.04382344  0.04356428
  0.04342972  0.04355182  0.04334997  0.0434646   0.04291756  0.04310944
  0.04325397  0.04296241  0.04292503  0.04322905  0.04322656  0.0432739
  0.04299481  0.0431501   0.04280371  0.042871    0.04275886  0.04260685
  0.04245234  0.04227541  0.04251215  0.04216826  0.0421817   0.04198981
  0.04207703  0.04163096  0.04164591  0.04183032  0.04148144  0.04157115
  0.0415562   0.04137773  0.04127806  0.04104132  0.04126311  0.04129551
  0.04066502  0.04104132  0.04083946  0.04075473  0.04026224  0.04082296
  0.0405289   0.04031209]
设定电流=0.0001,期望温差=0.5,晶中温度=279.67323054999895,温度差=0.04396623162185006
单次测量结束，时间=127s	设定温度=300	温度差=0.04396623162185006K	相对热导0.0022972947465590334W/K	时间常数=10.601189718420695s	时间偏离=1.1414813660790344s
结束小循环
等待53.01秒降温缓和
新设定点数=200个，设定电流=2.000000e-04A
开始取REL
REL=0.004065025026135639K，开始升温。。。
[-0.00273487 -0.0027224  -0.00238582 -0.00055822  0.00385736  0.01079364
  0.01946523  0.02949566  0.03917204  0.04885092  0.05753996  0.06530152
  0.07210675  0.07784634  0.08216225  0.08638841  0.08936043  0.09240476
  0.09483324  0.09738389  0.09929875  0.10139005  0.10317275  0.1048034
  0.10673824  0.10841876  0.11013419  0.11161274  0.11399888  0.11567192
  0.1175745   0.11950938  0.12119487  0.12337909  0.12493747  0.12684243
  0.12888702  0.13073712  0.13195889  0.13401098  0.13592844  0.13735469
  0.13917998  0.14078576  0.1421796   0.14395244  0.14563303  0.14694458
  0.14846836  0.15017391  0.15130097  0.15286689  0.15423584  0.15489412
  0.15647998  0.15723302  0.15847228  0.15975692  0.16079673  0.16176422
  0.16286138  0.16339999  0.16454455  0.16568659  0.16612546  0.16706303
  0.16764715  0.16835533  0.16888148  0.16970935  0.17013825  0.17089131
  0.17161449  0.17193367  0.17244486  0.17273733  0.17389937  0.17409387
  0.17456267  0.1749841   0.17559753  0.17605387  0.1763904   0.17644526
  0.17715427  0.17706449  0.17787743  0.17813179  0.17812929  0.17847093
  0.17892228  0.1792315   0.17935367  0.17962883  0.17984828  0.18018493
  0.18045924  0.18093305  0.18104277  0.18110761  0.18174102  0.18167119
  0.18202051  0.18222999  0.1823846   0.18242949  0.18282599  0.18318011
  0.1830629   0.18300305  0.18360903  0.18309874  0.18373714  0.18358003
  0.18390422  0.18385185  0.1842758   0.18414113  0.18392667  0.18415859
  0.18446379  0.18452115  0.18471319  0.18465084  0.1852743   0.18481793
  0.18508976  0.18529426  0.18517954  0.18548656  0.18538432  0.1853918
  0.18527961  0.18558137  0.18614998  0.18583575  0.18609013  0.18632954
  0.18619906  0.18599705  0.18614419  0.1863437   0.18664054  0.18617168
  0.18672783  0.18708197  0.18656572  0.18685852  0.18644701  0.18682111
  0.1873224   0.18705056  0.18709295  0.18689592  0.18685103  0.18706302
  0.18713886  0.18715631  0.18663257  0.1869094   0.18680715  0.18659516
  0.18698425  0.18682463  0.18692439  0.18661045  0.18714668  0.18673017
  0.18724394  0.18684739  0.1869696   0.18634608  0.18694961  0.18687977
  0.18682522  0.18682771  0.1867903   0.18699731  0.18668056  0.18681275
  0.18709209  0.18675538  0.18711948  0.1869534   0.18682869  0.18696837
  0.18722028  0.18679627  0.18709557  0.18722277  0.18736992  0.18692098
  0.18728874  0.18719396  0.18741345  0.18705179  0.18720144  0.18710667
  0.18727627  0.18719895]
设定电流=0.0002,期望温差=0.5,晶中温度=279.3337409894825,温度差=0.18699388588843477
单次测量结束，时间=291s	设定温度=300	温度差=0.18699388588843477K	相对热导0.002160746537079216W/K	时间常数=14.078687840040212s	时间偏离=0.5256124778552584s
结束小循环
等待70.39秒降温缓和
新设定点数=200个，设定电流=2.000000e-04A
开始取REL
