
创建文件成功

新设定点数=200个，设定电流=2.000000e-05A
开始取REL
REL=2.525094677578493K，开始升温。。。
[-0.00628216  0.12589962  0.24168609  0.27634559  0.29012868  0.29531061
  0.29584155  0.29797678  0.29956968  0.29774314  0.29555639  0.29457941
  0.29651214  0.29791387  0.29700062  0.29872095  0.2969588   0.29608855
  0.29774414  0.29549425  0.29963372  0.29681074  0.29678952  0.29689564
  0.29651358  0.29611154  0.29418101  0.29407494  0.2949023   0.29551753
  0.29195373  0.295242    0.29558144  0.29428734  0.29506319  0.29616584
  0.29459666  0.29256101  0.29745933  0.29364246  0.29442696  0.29546601
  0.29648384  0.29484355  0.29452558  0.29304174  0.29641217  0.29405923
  0.29225743  0.29172748  0.29338073  0.29297798  0.2928645   0.29504711
  0.29303401  0.29273734  0.29364854  0.29364854  0.29121163  0.29405116
  0.29275797  0.29130764  0.29499498  0.29120169  0.2947195   0.29520691
  0.29228246  0.29507976  0.2949526   0.29620292  0.29254944  0.29121481
  0.29596012  0.29195627  0.29250707  0.29155376  0.29390524  0.29689224
  0.29375694  0.29408032  0.29355123  0.29297957  0.29287371  0.29439812
  0.29069296  0.29160338  0.29278902  0.29446165  0.29030555  0.29246377
  0.29271722  0.29322504  0.29354243  0.29417719  0.29366938  0.29457921
  0.29227288  0.2903337   0.29390796  0.29350612  0.29289305  0.29272386
  0.2947119   0.29151835  0.29477536  0.29371789  0.29071598  0.29029309
  0.29318974  0.29198457  0.29179529  0.29236617  0.29376164  0.2907804
  0.28894092  0.29060813  0.2886003   0.29145353  0.29079836  0.29145353
  0.28904429  0.28997424  0.29193978  0.29067168  0.29319906  0.29235386
  0.29169882  0.2907691   0.29478383  0.29271307  0.29081085  0.29239561
  0.29744572  0.29328564  0.29303219  0.29003307  0.29018091  0.28897705
  0.29222961  0.29182832  0.28954718  0.29087777  0.2898376   0.28994316
  0.29144211  0.28937312  0.28990093  0.29053428  0.28994316  0.28907755
  0.29184263  0.29074323  0.29042664  0.29357145  0.29067992  0.29112314
  0.2905955   0.2905955   0.2899201   0.2885271   0.29206517  0.2909259
  0.29252932  0.28955455  0.29210737  0.28919589  0.29109468  0.28934357
  0.29098919  0.2898686   0.28951042  0.28385786  0.28653651  0.28626231
  0.28868785  0.28794965  0.28744344  0.28548193  0.28445522  0.28574135
  0.28816636  0.28915733  0.2890519   0.28981095  0.28850371  0.28768143
  0.28757599  0.29095337  0.28968875  0.28987844  0.28775026  0.29133339
  0.28644348  0.28947859  0.2890992   0.28751842  0.2892084   0.28758602
  0.28826026  0.29169465]
设定电流=2e-05,期望温差=1,晶中温度=11.87407227128385,温度差=0.2903539252648176
单次测量结束，时间=118s	设定温度=180	温度差=0.2903539252648176K	相对热导1.5153919465655496e-05V/W	时间常数=1s	时间偏离=0.5s
结束小循环
等待30秒降温缓和
新设定点数=200个，设定电流=2.022255e-05A
开始取REL
REL=2.497634633412561K，开始升温。。。
[-0.00560553  0.1361483   0.2449156   0.27888465  0.29083265  0.29708427
  0.29664519  0.29664519  0.2981715   0.29779515  0.29932148  0.29789971
  0.29836071  0.29630745  0.2958269   0.29580601  0.29645369  0.29645369
  0.29469869  0.29653726  0.29486584  0.29520013  0.29426014  0.29342478
  0.29294444  0.29451076  0.29344566  0.29357096  0.29294444  0.29306974
  0.29096042  0.29132502  0.29182623  0.29414373  0.29092847  0.29161744
  0.29376792  0.28952962  0.2920559   0.29172184  0.29173082  0.29095855
  0.29256605  0.28874641  0.28899689  0.29016573  0.28912211  0.28774454
  0.28764018  0.28463049  0.28577806  0.28377501  0.28469325  0.28381693
  0.28415077  0.28275281  0.28427596  0.28166783  0.28240036  0.28177465
  0.27904243  0.27968899  0.27964677  0.27718569  0.2763097   0.27760282
  0.27793653  0.27826056  0.28042902  0.27696782  0.27940734  0.28092945
  0.28101314  0.28213907  0.28347351  0.28434925  0.28601653  0.28280681
  0.28393231  0.2833904   0.28195229  0.28134786  0.28213908  0.28174309
  0.2820974   0.28162712  0.2770015   0.2801686   0.27841836  0.27668896
  0.26499988  0.10785359  0.03359244  0.0587      0.08461605  0.04550161
  0.04677211  0.16644813  0.20558339  0.24738461  0.26310952  0.26710844
  0.2664634   0.26406044  0.26635082  0.26543466  0.26597603  0.26624672
  0.26755847  0.26639246  0.26851627  0.2703694   0.26807595  0.27336282
  0.27438273  0.27161441  0.26974111  0.27302979  0.27225966  0.27094836
  0.27253025  0.26932073  0.26965435  0.27040341  0.27034099  0.2683643
  0.20870998  0.16203935  0.19714115  0.23444852  0.19792967  0.19908374
  0.19098465  0.1910469   0.18667791  0.18385456  0.18169069  0.17983594
  0.17478688  0.16874847  0.16518612  0.16638044  0.16156202  0.15676503
  0.15456175  0.15437642  0.14947564  0.14986687  0.14241002  0.14193681
  0.13940614  0.13331604  0.13629937  0.12376905  0.12790456  0.12352215
  0.12350158  0.11859586  0.11890426  0.11366142  0.1132502   0.10924097
  0.10967273  0.10628042  0.10578698  0.10529355  0.10303133  0.09980566
  0.10159313  0.09752509  0.09838801  0.09676489  0.09787437  0.093704
  0.08542407  0.09835612  0.0896093   0.08864427  0.08349062  0.08946556
  0.08268986  0.09014313  0.08104726  0.08234012  0.07934848  0.07953317
  0.07873286  0.07906119  0.07758373  0.07871234  0.07733748  0.07649615
  0.07536753  0.07338471  0.07084168  0.0706571   0.0689549   0.07127235
  0.06655542  0.06505832]
设定电流=2.0222553505723196e-05,期望温差=1,晶中温度=12.164021710946802,温度差=0.15948314485754023
单次测量结束，时间=296s	设定温度=180	温度差=0.15948314485754023K	相对热导2.820654419141603e-05V/W	时间常数=1s	时间偏离=0.5s
结束小循环
等待30秒降温缓和
