
创建文件成功

新设定点数=200个，设定电流=5.000000e-05A
开始取REL
REL=0.030078049605148833K，开始升温。。。
[-6.78164246e-04 -2.01911403e-04  1.19956214e-03  4.70696677e-03
  9.76467403e-03  1.63404376e-02  2.39356801e-02  3.25854146e-02
  4.18178189e-02  5.16356005e-02  6.16890465e-02  7.15887018e-02
  8.17041603e-02  9.12292611e-02  1.01054502e-01  1.10244736e-01
  1.18819466e-01  1.27268013e-01  1.35312240e-01  1.42728924e-01
  1.49795838e-01  1.56160775e-01  1.62672060e-01  1.68268044e-01
  1.74109597e-01  1.78552630e-01  1.83464012e-01  1.88070291e-01
  1.92185433e-01  1.95417554e-01  1.98810871e-01  2.02233955e-01
  2.04607789e-01  2.07911808e-01  2.10133784e-01  2.12792871e-01
  2.14660678e-01  2.16717005e-01  2.18326842e-01  2.20271451e-01
  2.21858965e-01  2.23094248e-01  2.24857877e-01  2.25697594e-01
  2.26880782e-01  2.27999477e-01  2.28996630e-01  2.29686203e-01
  2.30581654e-01  2.31541600e-01  2.31772283e-01  2.32680138e-01
  2.33242529e-01  2.33644371e-01  2.34068534e-01  2.34966474e-01
  2.34978876e-01  2.35279016e-01  2.35360873e-01  2.36186918e-01
  2.36204281e-01  2.36482055e-01  2.36811964e-01  2.37263418e-01
  2.37370080e-01  2.37580923e-01  2.37578442e-01  2.38054702e-01
  2.38012533e-01  2.38057218e-01  2.38502510e-01  2.38408251e-01
  2.39033333e-01  2.38504990e-01  2.38899387e-01  2.38797687e-01
  2.38939075e-01  2.38807608e-01  2.39432691e-01  2.38965221e-01
  2.39414186e-01  2.39123971e-01  2.39478678e-01  2.39533250e-01
  2.39530770e-01  2.39443953e-01  2.39208308e-01  2.39528289e-01
  2.39708099e-01  2.39559244e-01  2.39928838e-01  2.39708074e-01
  2.40407576e-01  2.39819696e-01  2.39896593e-01  2.39829618e-01
  2.39956124e-01  2.40465873e-01  2.40269912e-01  2.40021864e-01
  2.39937529e-01  2.40140929e-01  2.39781256e-01  2.40029308e-01
  2.40068994e-01  2.40408822e-01  2.39558013e-01  2.40071474e-01
  2.40336888e-01  2.40317107e-01  2.40262536e-01  2.39890461e-01
  2.40361756e-01  2.40312146e-01  2.40088901e-01  2.40291082e-01
  2.40253874e-01  2.40333250e-01  2.40020711e-01  2.40410122e-01
  2.40620961e-01  2.40668090e-01  2.40655688e-01  2.40544066e-01
  2.40425610e-01  2.39979122e-01  2.40703425e-01  2.40569478e-01
  2.40517388e-01  2.40805113e-01  2.40735658e-01  2.40348701e-01
  2.40063445e-01  2.41153004e-01  2.41202613e-01  2.40530405e-01
  2.40845426e-01  2.40795817e-01  2.40773491e-01  2.40999127e-01
  2.40545201e-01  2.41046256e-01  2.40754178e-01  2.40962538e-01
  2.40649998e-01  2.40989824e-01  2.40915408e-01  2.40826111e-01
  2.40982383e-01  2.40833484e-01  2.41170829e-01  2.41002774e-01
  2.41077190e-01  2.40985412e-01  2.40923400e-01  2.40960606e-01
  2.41211136e-01  2.40876271e-01  2.40920920e-01  2.41322714e-01
  2.41472163e-01  2.41117452e-01  2.41338216e-01  2.40770184e-01
  2.41181946e-01  2.41353099e-01  2.41464720e-01  2.41214191e-01
  2.41449838e-01  2.41125000e-01  2.41169649e-01  2.41864185e-01
  2.41251504e-01  2.41437541e-01  2.41199414e-01  2.41315998e-01
  2.41705435e-01  2.41524358e-01  2.41473509e-01  2.41304893e-01
  2.41245360e-01  2.41302412e-01  2.41143660e-01  2.41543019e-01
  2.41634797e-01  2.41716651e-01  2.41478525e-01  2.41113277e-01
  2.41582085e-01  2.41659036e-01  2.41316731e-01  2.41569741e-01
  2.41730971e-01  2.41289447e-01  2.41666479e-01  2.41907085e-01
  2.41562298e-01  2.41577182e-01  2.41802903e-01  2.41815390e-01]
低温侧相对热浴温升 = 0.05005342533525803K
设定电流=5e-05,期望温差=0.2,晶中温度=295.6502360044421,温度差=0.24249955837536252
单次测量结束，时间=122s	温度差=0.24249955837536252K	相对热导0.00010406909366876312W/K	时间常数=8.763650662492019s	时间偏离=1.4507213550719962s
结束小循环
等待43.82秒降温缓和
新设定点数=200个，设定电流=4.540770e-05A
开始取REL
REL=0.029161220484663374K，开始升温。。。
[-3.51830236e-04  7.48110316e-05  1.28506667e-03  3.67126422e-03
  7.54821524e-03  1.31317193e-02  1.98934394e-02  2.69999429e-02
  3.48952309e-02  4.29815140e-02  5.14572285e-02  5.98736151e-02
  6.80194672e-02  7.63686991e-02  8.45418183e-02  9.20799392e-02
  9.96949547e-02  1.06865968e-01  1.13463994e-01  1.20116590e-01
  1.25816337e-01  1.31546189e-01  1.36839490e-01  1.41961631e-01
  1.46302428e-01  1.50777170e-01  1.54579708e-01  1.58476504e-01
  1.62021075e-01  1.65345067e-01  1.68202591e-01  1.71084919e-01
  1.73285120e-01  1.75996295e-01  1.77923635e-01  1.80076701e-01
  1.82098299e-01  1.83690773e-01  1.85326428e-01  1.86618755e-01
  1.88082233e-01  1.89555633e-01  1.90411426e-01  1.91639261e-01
  1.92457817e-01  1.93226764e-01  1.94444676e-01  1.95159999e-01
  1.95162479e-01  1.96308448e-01  1.97057547e-01  1.97660297e-01
  1.97873580e-01  1.98419280e-01  1.98689650e-01  1.99054276e-01
  1.99563813e-01  2.00171526e-01  2.00062386e-01  2.00677543e-01
  2.00774281e-01  2.00821410e-01  2.01141410e-01  2.01448987e-01
  2.01793771e-01  2.01986721e-01  2.01917269e-01  2.01795725e-01
  2.02445607e-01  2.02567149e-01  2.02748223e-01  2.02619238e-01
  2.02594439e-01  2.02758149e-01  2.02903603e-01  2.02985460e-01
  2.03260793e-01  2.03479074e-01  2.02787021e-01  2.03146690e-01
  2.02958173e-01  2.03193819e-01  2.03501354e-01  2.03321699e-01
  2.03723534e-01  2.03877322e-01  2.03634237e-01  2.03983984e-01
  2.03745859e-01  2.03351465e-01  2.03894687e-01  2.04122888e-01
  2.03794876e-01  2.04206633e-01  2.03871771e-01  2.03544349e-01
  2.03899055e-01  2.04028039e-01  2.04122297e-01  2.04357941e-01
  2.04082609e-01  2.04047882e-01  2.03978373e-01  2.04181772e-01
  2.04156966e-01  2.03871713e-01  2.04169368e-01  2.04040386e-01
  2.04665460e-01  2.04047827e-01  2.04741289e-01  2.04359300e-01
  2.04217893e-01  2.04493222e-01  2.04336954e-01  2.04408886e-01
  2.04200529e-01  2.04190608e-01  2.04637088e-01  2.04492339e-01
  2.04311264e-01  2.04589077e-01  2.04482378e-01  2.04834604e-01
  2.04678335e-01  2.04787475e-01  2.04452614e-01  2.04427808e-01
  2.04674789e-01  2.04583012e-01  2.04803773e-01  2.04632621e-01
  2.04617819e-01  2.04826179e-01  2.04578133e-01  2.04709596e-01
  2.04642625e-01  2.04760271e-01  2.04790038e-01  2.04638730e-01
  2.04852049e-01  2.04435332e-01  2.05186896e-01  2.04271603e-01
  2.04728008e-01  2.04715606e-01  2.04710113e-01  2.04568726e-01
  2.05059857e-01  2.04806851e-01  2.04973041e-01  2.04918471e-01
  2.04610828e-01  2.04712527e-01  2.04781979e-01  2.04534466e-01
  2.05176906e-01  2.05114895e-01  2.04916458e-01  2.04529505e-01
  2.05246359e-01  2.04601438e-01  2.04851998e-01  2.05291040e-01
  2.04987356e-01  2.04682261e-01  2.04962551e-01  2.05205635e-01
  2.04945188e-01  2.05592586e-01  2.05272609e-01  2.05384229e-01
  2.05490906e-01  2.05239847e-01  2.05406036e-01  2.05192718e-01
  2.05061254e-01  2.05120784e-01  2.05371309e-01  2.05306818e-01
  2.04937230e-01  2.05086057e-01  2.05860571e-01  2.05198289e-01
  2.05084189e-01  2.05240457e-01  2.05237977e-01  2.05642290e-01
  2.05394245e-01  2.05369441e-01  2.05476100e-01  2.05409663e-01
  2.05337799e-01  2.05255943e-01  2.05511430e-01  2.05685063e-01
  2.05618089e-01  2.05657777e-01  2.05357642e-01  2.05367563e-01]
低温侧相对热浴温升 = 0.044070417350433495K
设定电流=4.540770226539056e-05,期望温差=0.2,晶中温度=295.6851109724971,温度差=0.20621211729556166
单次测量结束，时间=272s	温度差=0.20621211729556166K	相对热导0.0001009339509857737W/K	时间常数=8.869642879672556s	时间偏离=1.470273602888092s
结束小循环
等待44.35秒降温缓和
新设定点数=200个，设定电流=4.471852e-05A
开始取REL
REL=0.0279836453786003K，开始升温。。。
[-1.07246157e-04 -4.77155529e-05  1.22475162e-03  3.81185379e-03
  7.81777383e-03  1.31827854e-02  1.94334738e-02  2.64357333e-02
  3.43780766e-02  4.22881740e-02  5.06769951e-02  5.88078509e-02
  6.71793089e-02  7.53399301e-02  8.30228309e-02  9.06502282e-02
  9.80767086e-02  1.05190652e-01  1.11944929e-01  1.18344502e-01
  1.24168608e-01  1.29509027e-01  1.35472039e-01  1.40046948e-01
  1.44764735e-01  1.49150139e-01  1.53041936e-01  1.57035431e-01
  1.60436104e-01  1.63358052e-01  1.66657027e-01  1.69174665e-01
  1.72330031e-01  1.74435947e-01  1.76782424e-01  1.78799042e-01
  1.80904958e-01  1.82564389e-01  1.84387531e-01  1.85384678e-01
  1.86972175e-01  1.88234750e-01  1.89673403e-01  1.90375369e-01
  1.91481642e-01  1.92714420e-01  1.93426306e-01  1.94301901e-01
  1.95075796e-01  1.95862094e-01  1.96158797e-01  1.96803715e-01
  1.97431270e-01  1.97763652e-01  1.98190249e-01  1.98634251e-01
  1.99122900e-01  1.99517292e-01  1.99911684e-01  1.99803878e-01
  2.00580246e-01  2.01393823e-01  2.00929987e-01  2.01232597e-01
  2.01490529e-01  2.01495489e-01  2.01907237e-01  2.02073426e-01
  2.02192622e-01  2.02200063e-01  2.02691191e-01  2.02601895e-01
  2.02775526e-01  2.02802810e-01  2.02800363e-01  2.03003759e-01
  2.03236921e-01  2.03200767e-01  2.03629884e-01  2.03332229e-01
  2.03490980e-01  2.03533146e-01  2.04103651e-01  2.03763829e-01
  2.03362014e-01  2.03121410e-01  2.03736036e-01  2.03820370e-01
  2.03750918e-01  2.04088259e-01  2.04229645e-01  2.04083298e-01
  2.03919589e-01  2.04465288e-01  2.04028737e-01  2.04135925e-01
  2.04168169e-01  2.04321959e-01  2.04284752e-01  2.04351723e-01
  2.04034226e-01  2.04326920e-01  2.04257466e-01  2.04334361e-01
  2.04383504e-01  2.04244599e-01  2.04363662e-01  2.04844867e-01
  2.04405828e-01  2.04395906e-01  2.05078030e-01  2.04517449e-01
  2.04596822e-01  2.04471214e-01  2.04882938e-01  2.04719230e-01
  2.04773799e-01  2.04620013e-01  2.04887901e-01  2.04788683e-01
  2.04624974e-01  2.04922625e-01  2.05349791e-01  2.04761927e-01
  2.04635346e-01  2.05292661e-01  2.04689915e-01  2.04898272e-01
  2.05158719e-01  2.04885870e-01  2.04883390e-01  2.04755996e-01
  2.05145427e-01  2.05026366e-01  2.05076012e-01  2.04852771e-01
  2.05264527e-01  2.05001598e-01  2.05204995e-01  2.04894939e-01
  2.05182672e-01  2.04996637e-01  2.05252123e-01  2.05182672e-01
  2.05202488e-01  2.05453013e-01  2.04892429e-01  2.05038776e-01
  2.05663851e-01  2.05360705e-01  2.05626112e-01  2.04978715e-01
  2.05365665e-01  2.05068012e-01  2.05422717e-01  2.05107699e-01
  2.05276371e-01  2.05430158e-01  2.05473744e-01  2.05627531e-01
  2.05419174e-01  2.05071913e-01  2.05630011e-01  2.04908203e-01
  2.05687085e-01  2.05047133e-01  2.05357187e-01  2.05649878e-01
  2.05863195e-01  2.05446483e-01  2.05912804e-01  2.05391913e-01
  2.05518415e-01  2.05265410e-01  2.05590256e-01  2.05337251e-01
  2.05753964e-01  2.05141297e-01  2.05612581e-01  2.05615061e-01
  2.05855662e-01  2.05902790e-01  2.05808535e-01  2.05510883e-01
  2.05848217e-01  2.05737662e-01  2.05913772e-01  2.05601236e-01
  2.05387919e-01  2.05313504e-01  2.05923694e-01  2.05777347e-01
  2.05626040e-01  2.05891449e-01  2.05097712e-01  2.06099812e-01
  2.05797198e-01  2.05373041e-01  2.05489621e-01  2.05521867e-01]
低温侧相对热浴温升 = 0.04537164036293699K
设定电流=4.471852118747183e-05,期望温差=0.2,晶中温度=295.7089719072515,温度差=0.2065293990308994
单次测量结束，时间=423s	温度差=0.2065293990308994K	相对热导9.774286735549746e-05W/K	时间常数=9.055511336091858s	时间偏离=1.4765198613235868s
结束小循环
等待45.28秒降温缓和
新设定点数=200个，设定电流=4.400596e-05A
开始取REL
REL=0.02744626592178136K，开始升温。。。
[-4.43071859e-04 -1.42939183e-04  1.13696548e-03  3.67941185e-03
  7.33061186e-03  1.23634153e-02  1.86240344e-02  2.51277361e-02
  3.31221795e-02  4.11885556e-02  4.90490555e-02  5.70707836e-02
  6.52413380e-02  7.32556247e-02  8.11260310e-02  8.86048070e-02
  9.59196268e-02  1.02949196e-01  1.09376018e-01  1.15966549e-01
  1.21773261e-01  1.27686631e-01  1.32746731e-01  1.37397557e-01
  1.41995877e-01  1.46832724e-01  1.50287970e-01  1.54380687e-01
  1.57669743e-01  1.61229167e-01  1.64322269e-01  1.66946569e-01
  1.69642802e-01  1.72339944e-01  1.74220157e-01  1.76457520e-01
  1.78139263e-01  1.80324536e-01  1.81324156e-01  1.83422614e-01
  1.84935686e-01  1.85870815e-01  1.87249942e-01  1.88505048e-01
  1.89122691e-01  1.90055337e-01  1.90901170e-01  1.91774288e-01
  1.92672210e-01  1.93205505e-01  1.93897549e-01  1.94545406e-01
  1.94604936e-01  1.95170472e-01  1.95768336e-01  1.96008938e-01
  1.97030872e-01  1.97102805e-01  1.97616252e-01  1.96963901e-01
  1.98039893e-01  1.98213522e-01  1.98726970e-01  1.98774096e-01
  1.98816284e-01  1.99118895e-01  1.99453750e-01  1.99706755e-01
  1.99676989e-01  1.99610018e-01  1.99691871e-01  1.99766284e-01
  2.00319417e-01  2.00257407e-01  2.00607072e-01  2.00736055e-01
  2.00210205e-01  2.00373914e-01  2.00814504e-01  2.00623512e-01
  2.00891399e-01  2.00648316e-01  2.01208894e-01  2.00648316e-01
  2.00640829e-01  2.00809498e-01  2.01166681e-01  2.00905196e-01
  2.01254936e-01  2.01026736e-01  2.00964726e-01  2.01165641e-01
  2.01066424e-01  2.01036660e-01  2.01106055e-01  2.01024203e-01
  2.01228117e-01  2.01007358e-01  2.01595220e-01  2.00970153e-01
  2.01369502e-01  2.01300049e-01  2.01406707e-01  2.01384384e-01
  2.01314937e-01  2.01691440e-01  2.01388828e-01  2.01292092e-01
  2.01639351e-01  2.01460760e-01  2.01577341e-01  2.01713763e-01
  2.01435957e-01  2.01438437e-01  2.01387422e-01  2.01367577e-01
  2.01667710e-01  2.01188987e-01  2.01479198e-01  2.01538729e-01
  2.02005050e-01  2.01538729e-01  2.01454393e-01  2.01746042e-01
  2.01470770e-01  2.02187611e-01  2.01681605e-01  2.01974296e-01
  2.01805627e-01  2.01634477e-01  2.01659282e-01  2.01371553e-01
  2.01802229e-01  2.01546744e-01  2.01636049e-01  2.01839445e-01
  2.01745190e-01  2.01846888e-01  2.01598844e-01  2.01660854e-01
  2.01730306e-01  2.01551194e-01  2.01489181e-01  2.01481740e-01
  2.01603256e-01  2.01960439e-01  2.01568530e-01  2.02173756e-01
  2.01692552e-01  2.01690072e-01  2.01602735e-01  2.02247647e-01
  2.02069055e-01  2.01811091e-01  2.01917663e-01  2.01917663e-01
  2.01791162e-01  2.02106176e-01  2.02113617e-01  2.02143905e-01
  2.01821447e-01  2.01947951e-01  2.01841292e-01  2.02069491e-01
  2.01766816e-01  2.01724649e-01  2.01880916e-01  2.02074390e-01
  2.02079351e-01  2.02148802e-01  2.01848669e-01  2.02205852e-01
  2.01776738e-01  2.02190970e-01  2.02292641e-01  2.01875928e-01
  2.02111568e-01  2.01959740e-01  2.01900210e-01  2.01840680e-01
  2.02319402e-01  2.02123448e-01  2.01738982e-01  2.01974622e-01
  2.01994454e-01  2.02168085e-01  2.01899676e-01  2.02075787e-01
  2.02301505e-01  2.01889755e-01  2.02348633e-01  2.01701244e-01
  2.02155160e-01  2.01986491e-01  2.02351214e-01  2.02119620e-01
  2.02060090e-01  2.02228759e-01  2.02243643e-01  2.01958392e-01]
低温侧相对热浴温升 = 0.0455312296748692K
设定电流=4.4005959066932896e-05,期望温差=0.2,晶中温度=295.7220944987869,温度差=0.2033248185896825
单次测量结束，时间=574s	温度差=0.2033248185896825K	相对热导9.614451676436742e-05W/K	时间常数=9.021048587567792s	时间偏离=1.5088003734394593s
结束小循环
等待45.11秒降温缓和
新设定点数=200个，设定电流=4.364468e-05A
开始取REL
REL=0.02625699890906629K，开始升温。。。
