
创建文件成功

新设定点数=200个，设定电流=4.000000e-04A
开始取REL
REL=-0.049604742777568434K，开始升温。。。
[-0.00229255 -0.00179272 -0.00663442 -0.01924723 -0.03811172 -0.05919689
 -0.07977725 -0.09841048 -0.11378855 -0.12566531 -0.13489116 -0.1411901
 -0.14534298 -0.14674551 -0.1465018  -0.1448879  -0.14173326 -0.13813983
 -0.1334945  -0.12860794 -0.12344037 -0.11792465 -0.11214036 -0.10643067
 -0.10102437 -0.09599289 -0.09048705 -0.08563027 -0.08065661 -0.07588941
 -0.07160958 -0.06731731 -0.06333341 -0.0595957  -0.05657898 -0.05305507
 -0.04974503 -0.04739492 -0.04465438 -0.04224706 -0.03984722 -0.03788258
 -0.03566428 -0.03406102 -0.03216102 -0.03059925 -0.02914689 -0.02771692
 -0.02672216 -0.02555085 -0.02424274 -0.02320818 -0.02229389 -0.02149061
 -0.0207122  -0.02004819 -0.01940904 -0.01870275 -0.01830236 -0.01784726
 -0.01750406 -0.01699776 -0.01654264 -0.01583634 -0.01563241 -0.0153862
 -0.01517978 -0.01481668 -0.01442622 -0.01396116 -0.01397687 -0.01374558
 -0.01292238 -0.0129174  -0.01265129 -0.01207182 -0.01224591 -0.01185296
 -0.01150229 -0.01109767 -0.01104545 -0.01073208 -0.01054804 -0.01040379
 -0.01023218 -0.01018493 -0.01011778 -0.01005063 -0.00980764 -0.00968824
 -0.00932015 -0.00942958 -0.00906398 -0.00931269 -0.0091187  -0.00884264
 -0.00897445 -0.00865167 -0.00875116 -0.00857954 -0.00852234 -0.00876607
 -0.00885561 -0.00845518 -0.00867405 -0.00883073 -0.00869485 -0.00899331
 -0.0088988  -0.00864013 -0.00878936 -0.00882915 -0.00895599 -0.00894853
 -0.00920968 -0.00933956 -0.00940672 -0.00959574 -0.00962807 -0.00970019
 -0.00944899 -0.00995139 -0.00959324 -0.00987927 -0.01033784 -0.01019607
 -0.00987024 -0.0096464  -0.01028809 -0.00991004 -0.01047961 -0.01018363
 -0.01016125 -0.00995592 -0.01004049 -0.00965497 -0.01013998 -0.00992608
 -0.00991115 -0.00969226 -0.00975693 -0.00976937 -0.00958798 -0.00951337
 -0.01014513 -0.00970986 -0.00996853 -0.00943129 -0.00953078 -0.00914526
 -0.00872491 -0.00884521 -0.00839004 -0.00811147 -0.0077135  -0.00801944
 -0.00796969 -0.00770106 -0.00755431 -0.00742497 -0.0074335  -0.0073166
 -0.00708777 -0.00711264 -0.00655796 -0.00665746 -0.0067669  -0.00609781
 -0.00584161 -0.00542906 -0.00542408 -0.00504352 -0.00489925 -0.00485448
 -0.00422518 -0.00429483 -0.00403863 -0.00387944 -0.00370815 -0.00355643
 -0.00341217 -0.00347435 -0.0034445  -0.00307637 -0.00327039 -0.00295698
 -0.00285251 -0.00288318 -0.00235088 -0.00191061 -0.00203498 -0.00203746
 -0.00178375 -0.00144297 -0.00138079 -0.00180862 -0.00156068 -0.00171242
 -0.00129204 -0.00107812]
(<class 'RuntimeError'>, RuntimeError('Optimal parameters not found: Number of calls to function has reached maxfev = 800.'), <traceback object at 0x000002653954AB00>)
低温侧相对热浴温升 = 8.705462419821425K
设定电流=0.0004,期望温差=0.5,晶中温度=293.3175319384771,温度差=0.007120031331975098
单次测量结束，时间=127s	温度差=0.007120031331975098K	相对热导0.22692885068347043W/K	时间常数=1s	时间偏离=0.5s
结束小循环
等待30秒降温缓和
新设定点数=200个，设定电流=5.000000e-04A
开始取REL
REL=-0.048963031489221015K，开始升温。。。
