
创建文件成功

新设定点数=200个，设定电流=1.000000e-05A
开始取REL
REL=2.6348367273572406K，开始升温。。。
[-0.00591615 -0.00700568 -0.00787286 -0.01060782 -0.01134159 -0.00949605
 -0.01069675 -0.01138605 -0.01249008 -0.01277903 -0.01404627 -0.01469086
 -0.01626897 -0.01477976 -0.0163801  -0.01644677 -0.0155577  -0.01745208
 -0.0186075  -0.01929631 -0.02007371 -0.02040701 -0.01931824 -0.02147356
 -0.02258454 -0.01885163 -0.02179704 -0.02404038  0.0075219   0.01891631
  0.01860467  0.03541864  0.03850601  0.05030022  0.04667977  0.02890054
  0.00763015  0.01879822  0.00036981  0.02334981  0.03671605  0.04721801
  0.04823935  0.05079269  0.05407069  0.04710124  0.00908002  0.01769196
  0.0354041   0.05054156  0.05118567  0.05371598  0.05271717  0.05057891
  0.05399593  0.0521321   0.05253149  0.04931416  0.05053454  0.05259806
  0.05053474  0.05033505  0.05146795  0.05228862  0.0500928   0.05115744
  0.05040332  0.05022587  0.05392994  0.04944957  0.04811835  0.05076157
  0.05022938  0.04814504  0.05014069  0.05051765  0.04776808  0.04885461
  0.04969722  0.04965287  0.04980772  0.04787931  0.047037    0.04776847
  0.04803446  0.04845561  0.04674886  0.04805663  0.047037    0.04366991
  0.0462612   0.04371312  0.04719182  0.04406764  0.0448653   0.04524197
  0.04654925  0.04597316  0.04504332  0.03970545  0.04537528  0.04138851
  0.04344834  0.0412999   0.04180934  0.04138851  0.04581825  0.04125985
  0.03787201  0.04030772  0.04316528  0.04041959  0.04002102  0.0386703
  0.04214673  0.03913531  0.03797354  0.03852686  0.04120496  0.03888099
  0.03850458  0.04082855  0.0396555   0.0384603   0.03737579  0.03720017
  0.03753204  0.03578418  0.03591692  0.03832853  0.03341792  0.0350109
  0.03686938  0.03222317  0.0313853   0.0306997   0.03299979  0.03058912
  0.02826689  0.02645335  0.02917356  0.03138519  0.03375165  0.03429595
  0.02697783  0.03243877  0.00977694 -0.02933406 -0.03658584 -0.04306381
 -0.03766964 -0.03937205 -0.02035925  0.00103421  0.01464822  0.00671408
 -0.002524   -0.0093752  -0.0318516  -0.03722208 -0.04376378 -0.0385517
 -0.04407446 -0.0407608  -0.04383145 -0.04031898 -0.04025271 -0.03835289
 -0.04259436 -0.03837498 -0.03956808 -0.03676329 -0.03135245 -0.01969156
 -0.01381693 -0.00999621 -0.00864903 -0.00630802 -0.00496083 -0.00536733
 -0.00644865 -0.00315923 -0.00333583 -0.00273978 -0.00410851 -0.00265146
 -0.00353453 -0.00183462  0.01312842  0.02495762  0.02771527  0.02897324
  0.02961323  0.02614834  0.02678836  0.02758286  0.02400761  0.02766088
  0.02258659  0.02307195]
设定电流=1e-05,期望温差=1,晶中温度=10.90611725576497,温度差=0.011375251497170785
单次测量结束，时间=118s	设定温度=180	温度差=0.011375251497170785K	相对热导9.670115867535663e-05V/W	时间常数=1s	时间偏离=0.5s
结束小循环
等待30秒降温缓和
新设定点数=200个，设定电流=4.895810e-05A
开始取REL
REL=2.580987380993009K，开始升温。。。
[-5.07334774e-03  7.91223561e-01  1.45425398e+00  1.68896658e+00
  1.77255188e+00  1.80685748e+00  1.81736591e+00  1.82393366e+00
  1.82323311e+00  1.82763350e+00  1.82712997e+00  1.82682347e+00
  1.82511766e+00  1.82488849e+00  1.82486660e+00  1.82736140e+00
  1.82550125e+00  1.82976864e+00  1.83086285e+00  1.83114734e+00
  1.82948416e+00  1.83000937e+00  1.82811236e+00  1.82710613e+00
  1.82828735e+00  1.82997169e+00  1.82769673e+00  1.82697489e+00
  1.82914045e+00  1.83069355e+00  1.82725924e+00  1.82810013e+00
  1.82960990e+00  1.82987229e+00  1.82412121e+00  1.82842907e+00
  1.83144675e+00  1.83518605e+00  1.83131553e+00  1.82985043e+00
  1.82955009e+00  1.82926592e+00  1.83136409e+00  1.82753879e+00
  1.83040231e+00  1.82979025e+00  1.83177940e+00  1.82944051e+00
  1.83173569e+00  1.82964165e+00  1.82911725e+00  1.82892059e+00
  1.83656752e+00  1.83149821e+00  1.83449172e+00  1.83095194e+00
  1.83407656e+00  1.83053679e+00  1.83532599e+00  1.82416411e+00
  1.83504204e+00  1.83012731e+00  1.82831316e+00  1.82802921e+00
  1.83613304e+00  1.83403609e+00  1.83115278e+00  1.82781340e+00
  1.82755137e+00  1.83191833e+00  1.82431982e+00  1.83135062e+00
  1.82744114e+00  1.82942811e+00  1.82731013e+00  1.82691711e+00
  1.82727389e+00  1.82452348e+00  1.82661902e+00  1.83063552e+00
  1.82718658e+00  1.82816886e+00  1.82279950e+00  1.82775464e+00
  1.82282133e+00  1.82537655e+00  1.81841586e+00  1.82177619e+00
  1.22520848e+00  6.44024109e-01  7.44026661e-01  3.14515382e-01
  1.12568164e-01  4.91146447e-02  2.97116607e-02  2.20774887e-02
  2.15321998e-02  1.50758672e-02  1.57084175e-02  1.32000450e-02
  1.37889737e-02  1.21748815e-02  1.16088487e-02  1.37064674e-02
  1.24417157e-02  1.26597820e-02  1.29868723e-02  1.28124157e-02
  1.31177012e-02  1.18529495e-02  1.20492109e-02  1.06754352e-02
  1.12345894e-02  7.70319830e-03  1.20847318e-02  1.17141546e-02
  1.12127918e-02  8.68414429e-03  1.30874754e-02  8.40075748e-03
  1.24117138e-02  1.05936686e-02  9.70042592e-03  8.15321909e-03
  9.61324636e-03  1.27294323e-02  8.82875680e-03  8.71980493e-03
  5.66900816e-03  1.20321042e-02  1.10637822e-02  1.19351444e-02
  9.34345515e-03  1.23496745e-02  8.23244220e-03  1.17614933e-02
  9.03847297e-03  1.05197995e-02  8.84240655e-03  8.18286263e-03
  8.48777740e-03  9.29361196e-03  8.18194165e-03  9.48871407e-03
  1.10132698e-02  1.12092749e-02  8.48685642e-03  1.04034403e-02
  1.16469204e-02  9.77441075e-03  1.01009955e-02  1.17775543e-02
  7.59674569e-03  9.79585811e-03  1.05579253e-02  8.42414793e-03
  9.27330443e-03  1.01861689e-02  8.03143531e-03  8.35791174e-03
  5.76788229e-03  6.29025178e-03  7.50957111e-03  8.03192256e-03
  1.45890241e-03  6.20366542e-03  9.27796737e-03  9.36500849e-03
  6.90597048e-03  7.88523724e-03  6.27488626e-03  9.49557017e-03
  7.86215979e-03  6.49118994e-03  7.88392007e-03  3.34494886e-03
  7.52127215e-03  6.86871657e-03  9.02213918e-03  5.80288058e-03
  8.23907969e-03  4.78056394e-03  8.69658280e-03  6.84768733e-03
  6.89267529e-03  7.65377346e-03  8.37138237e-03  4.71810395e-03
  8.11044679e-03  1.95640951e-03  1.10461163e-02  6.93616456e-03
  8.47969083e-03  5.36376887e-03  8.79787106e-03  5.14641287e-03
  7.58072434e-03  4.01620134e-03  6.77653779e-03  5.25509988e-03]
设定电流=4.895810303630158e-05,期望温差=1,晶中温度=11.12378166742792,温度差=0.00900735630935146
单次测量结束，时间=257s	设定温度=180	温度差=0.00900735630935146K	相对热导0.0029271468205017315V/W	时间常数=1s	时间偏离=0.5s
结束小循环
等待30秒降温缓和
