
创建文件成功

新设定点数=200个，设定电流=2.000000e-04A
开始取REL
REL=-1.2871055466705743K，开始升温。。。
[-0.04674393 -0.08124824 -0.0899109  -0.0937284  -0.09886734 -0.10071736
 -0.09954274 -0.10379549 -0.10470755 -0.10691413 -0.10982683 -0.11015046
 -0.10567866 -0.10744393 -0.11000357 -0.10626708 -0.10985038 -0.10890922
 -0.10767395 -0.10896804 -0.108321   -0.10861511 -0.10870293 -0.11093818
 -0.11129111 -0.11211963 -0.10238676 -0.10932621 -0.11120809 -0.10532721
 -0.10820884 -0.1112963  -0.10800268 -0.10814971 -0.10859057 -0.10870817
 -0.11264761 -0.10914915 -0.10600347 -0.10806139 -0.10588588 -0.10617987
 -0.10615111 -0.10974933 -0.10845588 -0.10842648 -0.10351724 -0.10957295
 -0.1039288  -0.10683906 -0.11127795 -0.10830889 -0.10928436 -0.10631542
 -0.10581569 -0.10796156 -0.11069535 -0.10484564 -0.10696212 -0.10490443
 -0.10787338 -0.11046592 -0.1074386  -0.10705647 -0.10908468 -0.10758557
 -0.10776194 -0.10876134 -0.10890832 -0.11008409 -0.10785012 -0.10529281
 -0.10493981 -0.10535133 -0.11046596 -0.10790865 -0.10717379 -0.10826138
 -0.10902563 -0.10728551 -0.10837314 -0.11231214 -0.10875515 -0.10978399
 -0.11222382 -0.111048   -0.11078344 -0.10713839 -0.10795563 -0.10783804
 -0.1056333  -0.10816141 -0.10801456 -0.1094256  -0.10410481 -0.10992534
 -0.10954318 -0.10817926 -0.10853205 -0.10794407 -0.10956101 -0.11056057
 -0.10753225 -0.10570952 -0.10515094 -0.10823782 -0.10655027 -0.10622686
 -0.10913756 -0.11122504 -0.10699128 -0.10775571 -0.1076091  -0.11060801
 -0.10946137 -0.11153738 -0.1072445  -0.10450999 -0.10542149 -0.11012602
 -0.10839123 -0.11277232 -0.11141953 -0.10627395 -0.10881449 -0.10857924
 -0.11146109 -0.11004957 -0.10634433 -0.1075206  -0.10949085 -0.11063771
 -0.11081427 -0.10891467 -0.10703243 -0.1098852  -0.10756181 -0.10979697
 -0.11023812 -0.10835588 -0.10670892 -0.11285561 -0.10807319 -0.1105145
 -0.1087497  -0.10901442 -0.10713197 -0.11069098 -0.10777906 -0.10972034
 -0.10877911 -0.10743172 -0.10684339 -0.10943216 -0.11393308 -0.10757884
 -0.1116385  -0.10907915 -0.10957925 -0.11010877 -0.10741384 -0.10838474
 -0.1100917  -0.10988575 -0.11250424 -0.11047418 -0.11023881 -0.11047418
 -0.10709074 -0.10983275 -0.1097739  -0.10974448 -0.11024456 -0.10836132
 -0.11283402 -0.11042112 -0.10936179 -0.10759625 -0.10574758 -0.11148645
 -0.10969121 -0.11001494 -0.10754322 -0.11022136 -0.11216375 -0.10922074
 -0.10886757 -0.11010936 -0.11137505 -0.10840216 -0.11122788 -0.10769573
 -0.10928488 -0.11196342 -0.10592934 -0.11161021 -0.10784789 -0.10970255
 -0.10864274 -0.11020301]
低温侧相对热浴温升 = 5.328044476924649K
设定电流=0.0002,期望温差=0.1,晶中温度=12.54678741406746,温度差=0.10914833073866972
单次测量结束，时间=127s	温度差=0.10914833073866972K	相对热导0.005075547263233439W/K	时间常数=1s	时间偏离=0.5s
结束小循环
等待30秒降温缓和
新设定点数=200个，设定电流=1.914350e-04A
开始取REL
REL=-1.3725557795549197K，开始升温。。。
