
创建文件成功

新设定点数=200个，设定电流=2.000000e-04A
开始取REL
REL=-0.02567276793638111K，开始升温。。。
[4.73056700e-04 1.91804211e-03 1.29083870e-02 4.27656207e-02
 9.29372146e-02 1.60652544e-01 2.45546055e-01 3.41250749e-01
 4.46594546e-01 5.58733113e-01 6.75574794e-01 7.95465667e-01
 9.16731907e-01 1.03799317e+00 1.15832675e+00 1.27705801e+00
 1.39442352e+00 1.50843019e+00 1.61956667e+00 1.72696991e+00
 1.83104532e+00 1.93147456e+00 2.02788950e+00 2.12041700e+00
 2.20898247e+00 2.29365447e+00 2.37525540e+00 2.45236191e+00
 2.52588432e+00 2.59583508e+00 2.66253752e+00 2.72687212e+00
 2.78676703e+00 2.84454778e+00 2.89869504e+00 2.95063971e+00
 2.99971449e+00 3.04620249e+00 3.09013849e+00 3.13157225e+00
 3.17124002e+00 3.20880101e+00 3.24404134e+00 3.27767375e+00
 3.30958177e+00 3.33962897e+00 3.36792781e+00 3.39488098e+00
 3.42013777e+00 3.44429015e+00 3.46692773e+00 3.48867485e+00
 3.50873552e+00 3.52803553e+00 3.54617639e+00 3.56357880e+00
 3.57981180e+00 3.59501253e+00 3.60954910e+00 3.62301357e+00
 3.63612735e+00 3.64811081e+00 3.65990659e+00 3.67064271e+00
 3.68133155e+00 3.69073002e+00 3.70004328e+00 3.70884161e+00
 3.71702055e+00 3.72467713e+00 3.73214565e+00 3.73908103e+00
 3.74588453e+00 3.75175025e+00 3.75744929e+00 3.76330758e+00
 3.76839716e+00 3.77322306e+00 3.77782257e+00 3.78200414e+00
 3.78642965e+00 3.79044969e+00 3.79398710e+00 3.79773350e+00
 3.80066890e+00 3.80414422e+00 3.80698262e+00 3.80968667e+00
 3.81257723e+00 3.81524157e+00 3.81741335e+00 3.81980652e+00
 3.82200815e+00 3.82378191e+00 3.82563027e+00 3.82745284e+00
 3.82917681e+00 3.83081532e+00 3.83236521e+00 3.83360661e+00
 3.83471616e+00 3.83626355e+00 3.83714671e+00 3.83846523e+00
 3.83949020e+00 3.84058548e+00 3.84149058e+00 3.84258025e+00
 3.84307285e+00 3.84411027e+00 3.84496111e+00 3.84555073e+00
 3.84611795e+00 3.84712803e+00 3.84747881e+00 3.84818408e+00
 3.84882596e+00 3.84916928e+00 3.84961710e+00 3.85000771e+00
 3.85023908e+00 3.85082125e+00 3.85118947e+00 3.85155020e+00
 3.85207753e+00 3.85226061e+00 3.85238749e+00 3.85308414e+00
 3.85312146e+00 3.85338766e+00 3.85365636e+00 3.85397731e+00
 3.85402956e+00 3.85443279e+00 3.85484830e+00 3.85455223e+00
 3.85500755e+00 3.85504487e+00 3.85545539e+00 3.85546783e+00
 3.85559971e+00 3.85546286e+00 3.85622034e+00 3.85590187e+00
 3.85609842e+00 3.85596676e+00 3.85610859e+00 3.85652659e+00
 3.85650172e+00 3.85644199e+00 3.85657635e+00 3.85675307e+00
 3.85696457e+00 3.85692475e+00 3.85703921e+00 3.85722737e+00
 3.85680688e+00 3.85732939e+00 3.85733685e+00 3.85760805e+00
 3.85752721e+00 3.85739285e+00 3.85766905e+00 3.85737544e+00
 3.85763173e+00 3.85745973e+00 3.85753190e+00 3.85764388e+00
 3.85775336e+00 3.85768965e+00 3.85777923e+00 3.85779167e+00
 3.85795839e+00 3.85774936e+00 3.85802557e+00 3.85799101e+00
 3.85810299e+00 3.85796365e+00 3.85807711e+00 3.85818163e+00
 3.85818660e+00 3.85798006e+00 3.85812689e+00 3.85821148e+00
 3.85778348e+00 3.85821441e+00 3.85811984e+00 3.85812659e+00
 3.85809175e+00 3.85795240e+00 3.85828336e+00 3.85803451e+00
 3.85774585e+00 3.85821121e+00 3.85798475e+00 3.85811948e+00
 3.85831534e+00 3.85819838e+00 3.85826556e+00 3.85808391e+00]
低温侧相对热浴温升 = 1.8008517632034569K
设定电流=0.0002,期望温差=0.2,晶中温度=283.2469347309082,温度差=3.8959915601137363
单次测量结束，时间=122s	温度差=3.8959915601137363K	相对热导0.00010368402693696293W/K	时间常数=11.738488221951865s	时间偏离=1.8008286142033973s
结束小循环
等待58.69秒降温缓和
新设定点数=200个，设定电流=4.531437e-05A
开始取REL
REL=-0.030865481682648375K，开始升温。。。
[-0.01229254 -0.01272329 -0.01224274 -0.01058945 -0.00821659 -0.00480544
 -0.00030622  0.00478809  0.01031613  0.01632907  0.02252874  0.02906952
  0.03568002  0.04265652  0.0491002   0.05566837  0.06205478  0.06866279
  0.07471308  0.08071855  0.08691822  0.09227634  0.0979905   0.10307971
  0.10857227  0.11364406  0.11799906  0.12238864  0.12688527  0.13091134
  0.13462867  0.1386871   0.14223512  0.1454495   0.14891536  0.15177786
  0.15476067  0.15747208  0.16044246  0.16308416  0.16493658  0.16746624
  0.1698241   0.17179106  0.17356334  0.17559751  0.17753708  0.17915297
  0.18057217  0.18199385  0.18358484  0.18488203  0.18629127  0.18739229
  0.18833344  0.18987215  0.1906664   0.19110461  0.19255367  0.19352968
  0.19422683  0.19503105  0.19563164  0.19631137  0.19723509  0.19758118
  0.19834805  0.19896055  0.19945845  0.19987425  0.20040957  0.20085809
  0.20113944  0.20167975  0.20197106  0.20242671  0.20272051  0.20339029
  0.20336785  0.20364423  0.20395048  0.20409489  0.20453062  0.20467005
  0.20461528  0.20473728  0.20513317  0.20529003  0.20548677  0.20568273
  0.20598401  0.20573253  0.20606866  0.20626537  0.20642721  0.2061583
  0.20658407  0.20658158  0.20654354  0.20691453  0.20704401  0.20686722
  0.20702409  0.20693196  0.20694441  0.20697678  0.20664313  0.2072611
  0.2071266   0.20743535  0.20747768  0.20733326  0.20745776  0.20734571
  0.2074229   0.2074229   0.20760704  0.20756471  0.20732319  0.20740287
  0.20738046  0.20740038  0.20743524  0.20745516  0.20744769  0.20743086
  0.20733873  0.20713953  0.20754034  0.20752789  0.2075752   0.20745817
  0.20758267  0.20769472  0.20731044  0.20763663  0.2074947   0.20733783
  0.20760171  0.2076291   0.20756685  0.20753199  0.20752701  0.20738615
  0.20739611  0.20733884  0.20744841  0.20750319  0.20730402  0.20727911
  0.20750322  0.20736876  0.20708038  0.20699323  0.20721734  0.20730948
  0.20722232  0.20742652  0.20700065  0.20721232  0.20712516  0.20714936
  0.20701987  0.2071643   0.20688042  0.20685303  0.20704726  0.20702734
  0.20668623  0.20698007  0.20702348  0.20716542  0.2071455   0.20675453
  0.20691142  0.20697866  0.20683422  0.20683173  0.20663496  0.20663235
  0.20686893  0.20660496  0.20668963  0.20691624  0.20683407  0.20670955
  0.20646302  0.206722    0.20687316  0.20656436  0.20675113  0.20653199
  0.2066839   0.20618833  0.20657432  0.20653946  0.2065818   0.20665699
  0.20634317  0.20635313]
低温侧相对热浴温升 = 0.10255327150563849K
设定电流=4.531437452512793e-05,期望温差=0.2,晶中温度=281.1816533622135,温度差=0.20997889285749965
单次测量结束，时间=283s	温度差=0.20997889285749965K	相对热导9.876421223599056e-05W/K	时间常数=12.129449724596805s	时间偏离=2.6326383254961683s
结束小循环
等待60.65秒降温缓和
