
创建文件成功

新设定点数=200个，设定电流=1.000000e-05A
开始取REL
REL=2.6767999398173696K，开始升温。。。
[ 0.00366192  0.00199585  0.00461398  0.00270989  0.00461398  0.00618485
  0.00547081  0.0019994   0.00304634  0.00021499  0.00635381  0.00704384
  0.00621105  0.00530689  0.0080194   0.00999428  0.01066888  0.00515064
  0.01064509  0.01485514  0.01138245  0.00790977  0.01209602  0.01143004
  0.01654391  0.01049416  0.00904382  0.00928159  0.00735573  0.0089498
  0.00944909  0.00783233  0.0100435   0.00654843  0.01131023  0.00928998
  0.0062715   0.00548717  0.01256993  0.0072461   0.0090049   0.00486934
  0.00852955  0.00394292  0.00883758  0.00232721  0.00016499  0.00548736
  0.00356275  0.00541606 -0.00095175  0.00567743  0.00155181  0.00081549
 -0.00203476  0.00197935  0.00081549  0.00311945  0.00131428  0.00349918
  0.0026441   0.00234302  0.00051476  0.00402883 -0.00219204  0.00353021
  0.00049102  0.00241425  0.00153573 -0.00088692  0.00149474 -0.00275389
  0.00130487 -0.00092627 -0.00275389 -0.00809438 -0.00541227 -0.00453406
 -0.0057683  -0.00662192 -0.00674056 -0.00863882 -0.00296777 -0.00659819
  0.00175417  0.0015406   0.01186241  0.00232364  0.01184099  0.01670344
  0.01150877  0.01459235  0.0041556   0.00913678  0.00659875  0.01051252
  0.00505695  0.00438967  0.00116474  0.00213701  0.00064312  0.00180503
 -0.00075594  0.00239786 -0.00037654  0.00291953 -0.00368988  0.00325551
 -0.00143795  0.00979867  0.00105174  0.00631412  0.00252142  0.0007436
 -0.0018402   0.00224062  0.00311737 -0.00126641  0.00216951 -0.00112377
  0.00219368 -0.00301946 -0.00157401 -0.00342229 -0.00168816 -0.00550189
 -0.00391481 -0.00457808 -0.00213824 -0.00869922 -0.00488549 -0.00893609
 -0.00734901 -0.00636511 -0.01022466 -0.004755   -0.00949063 -0.00605731
 -0.00894604 -0.00937231 -0.01088771 -0.00660198 -0.01061379 -0.0059274
 -0.01307532 -0.01089782 -0.01163153 -0.0036552  -0.00954869 -0.00689868
 -0.00782175 -0.00593204 -0.00602668 -0.01232063 -0.00526951 -0.01201303
  0.00092977 -0.00808523 -0.00056088 -0.00720997 -0.00357111 -0.01005238
 -0.00030683 -0.00212819 -0.00257762  0.00186938 -0.00546344  0.0020113
 -0.0002595   0.00418565  0.00465858  0.01028631  0.0216127   0.05048436
  0.07067797  0.08933459  0.08751386  0.08706457  0.09150071  0.08691568
  0.09289599  0.07760249  0.09358148  0.09069768  0.09268324  0.09254142
  0.09736348  0.08872262  0.09673373  0.08990475  0.09850664  0.09127537
  0.09985365  0.09621439  0.10150786  0.09808127  0.09559112  0.09804768
  0.09471715  0.09913354]
设定电流=1e-05,期望温差=1,设定温度=180,晶中温度=571.140405032157,温度差=561.2065402844698
单次测量结束，时间=118s	设定温度=180	温度差=561.2065402844698K	相对热导1.9600626882260166e-09V/W	时间常数=1060259.3331587538s	时间偏离=24.404708029624214s
结束小循环
等待600秒降温缓和
