
创建文件成功

新设定点数=200个，设定电流=1.000000e-04A
开始取REL
REL=0.0296596770054703K，开始升温。。。
[-0.00060514 -0.00055776 -0.00079466 -0.00026352  0.0001978   0.00096582
  0.00138973  0.00316553  0.00482378  0.00703562  0.0095841   0.01264627
  0.01558625  0.01896012  0.02241877  0.02591982  0.02895249  0.03291488
  0.03584737  0.03945816  0.04216874  0.04459755  0.04703134  0.04944767
  0.05208345  0.05374634  0.05567896  0.05790334  0.05940202  0.06095061
  0.0620254   0.06336451  0.06433706  0.06588565  0.06682897  0.0679661
  0.06858704  0.06980896  0.07079399  0.07118301  0.07166928  0.07232513
  0.07291365  0.07330591  0.07421363  0.07473732  0.07452535  0.07554529
  0.07592929  0.07597916  0.07658763  0.07672978  0.0770937   0.07731316
  0.07798399  0.07799895  0.07864235  0.07877452  0.07881938  0.07907873
  0.07960742  0.07960652  0.07953171  0.0800579   0.08002299  0.08015018
  0.08053921  0.0805442   0.0804594   0.08087088  0.0812337   0.08116138
  0.08130852  0.08114642  0.08136588  0.08161027  0.08148059  0.08162524
  0.08196188  0.08174197  0.08209111  0.08202877  0.08183175  0.08199634
  0.08251258  0.08231307  0.08243527  0.08260735  0.08227358  0.08284219
  0.08273246  0.08303921  0.08289955  0.08258781  0.08317388  0.08273745
  0.08280478  0.08290493  0.08313686  0.08292986  0.08336631  0.08337628
  0.08389503  0.08350098  0.0833688   0.08342117  0.08345401  0.08356873
  0.08379065  0.08325195  0.08345895  0.08356868  0.08375324  0.08351631
  0.08357118  0.08360318  0.08344606  0.08376779  0.08357317  0.08366296
  0.08304943  0.08330133  0.08381759  0.08367294  0.08373155  0.08288606
  0.08327015  0.08347715  0.08348208  0.08361178  0.0836417   0.08363422
  0.08394598  0.08369865  0.08380839  0.08383084  0.08354153  0.08337941
  0.08348414  0.08361882  0.08376347  0.08373105  0.0834409   0.08334613
  0.08283234  0.08291464  0.08299196  0.0833586   0.0835631   0.08327129
  0.08306178  0.08306219  0.08316944  0.08316695  0.08293     0.08319438
  0.08287513  0.08304224  0.08301478  0.08298236  0.08307672  0.08296947
  0.08300189  0.08269261  0.08303182  0.0830393   0.08277991  0.08305427
  0.08276245  0.08269676  0.08258701  0.08288133  0.08250221  0.08293371
  0.08300355  0.08276659  0.08251218  0.08245981  0.0825192   0.0826065
  0.08285343  0.08285343  0.08270627  0.08277611  0.08260899  0.0827786
  0.08261648  0.08286923  0.08264718  0.08241522  0.08260229  0.08278437
  0.08282927  0.08271952  0.0829914   0.0826397   0.08254865  0.08284298
  0.08258355  0.08215952]
低温侧相对热浴温升 = 0.6775449396521336K
设定电流=0.0001,期望温差=0.5,晶中温度=277.4348314950154,温度差=0.08396798916282038
单次测量结束，时间=127s	温度差=0.08396798916282038K	相对热导0.0012029770435914786W/K	时间常数=10.63619269918909s	时间偏离=2.1543969944789687s
结束小循环
等待53.18秒降温缓和
新设定点数=200个，设定电流=2.000000e-04A
开始取REL
REL=0.018046493825110067K，开始升温。。。
[-0.00155423 -0.0011525  -0.00129473 -0.00088052 -0.00058577  0.00125073
  0.00440969  0.00923048  0.01607242  0.02527983  0.03575731  0.04716802
  0.05947451  0.07300039  0.08702386  0.10030375  0.11355119  0.12700824
  0.13966181  0.15214071  0.16336947  0.17426386  0.18495166  0.19475077
  0.2039036   0.21195848  0.21981623  0.22717492  0.23421172  0.24052986
  0.24651863  0.25191007  0.25706038  0.26168428  0.26596131  0.26966941
  0.27389404  0.27738754  0.28032707  0.28316678  0.28645431  0.28913931
  0.29173188  0.29400766  0.29654294  0.29857916  0.30019366  0.30191296
  0.30398162  0.30618114  0.3074513   0.30900844  0.31060544  0.31183818
  0.31298856  0.31450327  0.31567861  0.31712595  0.31828508  0.31953529
  0.32059834  0.32146674  0.3226071   0.32368762  0.32444872  0.32513745
  0.32638516  0.32676597  0.32789142  0.32864256  0.32964074  0.33059152
  0.33134515  0.33189165  0.33243067  0.33339642  0.33408299  0.33480419
  0.33552788  0.33608438  0.33713998  0.33774139  0.33767144  0.33844006
  0.33904397  0.33980759  0.34018941  0.34060865  0.34143466  0.34171665
  0.34219829  0.34265496  0.34336114  0.34371051  0.34423551  0.34473213
  0.34481199  0.34532857  0.34603233  0.346217    0.34652645  0.34693323
  0.34735244  0.34750743  0.34783685  0.34815379  0.34873776  0.34882761
  0.34916202  0.34934669  0.34966363  0.35017772  0.35054875  0.35056872
  0.35105037  0.35129744  0.35165182  0.35192135  0.35219587  0.35216841
  0.35222332  0.35257612  0.35294793  0.3531401   0.35359681  0.35328485
  0.35396118  0.35393622  0.35434302  0.35419078  0.3545533   0.35490769
  0.35513722  0.35493507  0.35534935  0.35557647  0.35558146  0.35606812
  0.35579393  0.35573652  0.35591372  0.3561583   0.35636795  0.35650272
  0.35647526  0.3571566   0.35694197  0.35695978  0.35770601  0.35741151
  0.35764611  0.35802796  0.35786073  0.35792312  0.35821013  0.3584048
  0.35849323  0.35836095  0.35849073  0.35847076  0.35887758  0.35871036
  0.35880772  0.35856812  0.35907976  0.35927087  0.35949799  0.35938568
  0.35927087  0.35959782  0.35956039  0.35939566  0.35971515  0.35969768
  0.35978577  0.35980324  0.35974584  0.35987313  0.35957362  0.35998294
  0.35995549  0.36004035  0.36020247  0.3600934   0.36036046  0.36026561
  0.3602157   0.36050772  0.36038043  0.36019323  0.36068742  0.36044781
  0.36056822  0.36047087  0.36057071  0.36066306  0.36067804  0.36071298
  0.3605183   0.36066306]
低温侧相对热浴温升 = 2.8276083041079048K
设定电流=0.0002,期望温差=0.5,晶中温度=277.7826854043434,温度差=0.3583405348433776
单次测量结束，时间=292s	温度差=0.3583405348433776K	相对热导0.0011276166125806111W/K	时间常数=12.458904329827911s	时间偏离=2.1413252662535873s
结束小循环
等待62.29秒降温缓和
新设定点数=200个，设定电流=2.000000e-04A
开始取REL
REL=0.01724169249448323K，开始升温。。。
[-0.00204139 -0.00223116 -0.00216374 -0.00177922 -0.0013872   0.00044804
  0.00353673  0.00857602  0.01540773  0.02417459  0.03488659  0.04659489
  0.05924704  0.0723786   0.08622181  0.09989772  0.11350172  0.12678565
  0.13954017  0.15171294  0.16319905  0.17451036  0.18526735  0.19501306
  0.20412953  0.21261943  0.22016789  0.2276639   0.23439087  0.24080069
  0.24659624  0.25193984  0.25704622  0.26179803  0.26628954  0.2707268
  0.27399043  0.27808809  0.28112968  0.28423351  0.28714007  0.29001917
  0.29234642  0.29469477  0.29700956  0.29869758  0.30108729  0.30277032
  0.30456065  0.30659327  0.30824384  0.30983198  0.31126413  0.31259259
  0.31390856  0.31505973  0.31661542  0.31765422  0.31879778  0.31985655
  0.32115754  0.32267134  0.32286861  0.32422458  0.32521846  0.32646456
  0.32709884  0.32821009  0.32893672  0.32981074  0.3307272   0.33146887
  0.33197829  0.33268749  0.33367887  0.33472519  0.33562168  0.33604121
  0.33705733  0.33736112  0.33828509  0.33870212  0.33892437  0.34004562
  0.34053008  0.34091714  0.34130921  0.34211581  0.34303422  0.34294182
  0.34380837  0.34430282  0.34504201  0.34516688  0.34580867  0.34607338
  0.34629064  0.34681681  0.34720888  0.34793059  0.34852495  0.34907435
  0.34936903  0.35009574  0.35039791  0.35074503  0.35121096  0.35153561
  0.3520325   0.35228223  0.35289656  0.35307637  0.35327116  0.35361579
  0.35411774  0.35450206  0.3546494   0.3547493   0.35483671  0.35528873
  0.35573325  0.35601046  0.35661232  0.35641503  0.35677089  0.357143
  0.35745268  0.35773988  0.35775234  0.35801457  0.35791468  0.35829928
  0.35879626  0.35896255  0.35903997  0.35977421  0.35994653  0.35974924
  0.36014378  0.36026616  0.36039602  0.36043598  0.3604019   0.36082647
  0.36078152  0.36094635  0.36105124  0.36102377  0.36126595  0.36137584
  0.36159312  0.36181426  0.36196411  0.36196161  0.36211646  0.36184423
  0.36220137  0.36248359  0.36244364  0.36242865  0.36251551  0.36245807
  0.36285518  0.36295008  0.36301752  0.36292261  0.36315238  0.36331722
  0.3633646   0.3632811   0.36353585  0.36362327  0.36377063  0.36368321
  0.36409032  0.3637956   0.36425017  0.36413028  0.36419032  0.36414287
  0.36450252  0.36444258  0.36398552  0.36425776  0.36465488  0.36480973
  0.36515689  0.36521681  0.36526173  0.36520928  0.36537662  0.36499448
  0.36544405  0.36526173  0.36541908  0.36554646  0.36551049  0.36511086
  0.36553039  0.36548793]
低温侧相对热浴温升 = 2.8588907631568943K
设定电流=0.0002,期望温差=0.5,晶中温度=276.18508126367936,温度差=0.3620186891527588
单次测量结束，时间=462s	温度差=0.3620186891527588K	相对热导0.0011162267813631427W/K	时间常数=12.707023554839328s	时间偏离=2.1527521556625167s
结束小循环
等待63.54秒降温缓和
新设定点数=200个，设定电流=2.000000e-04A
开始取REL
REL=0.022007143564091843K，开始升温。。。
[2.67353400e-04 1.39909149e-04 1.14922562e-04 2.97324294e-04
 6.22149095e-04 2.59358622e-03 6.02923395e-03 1.12789037e-02
 1.82311145e-02 2.70565667e-02 3.81258625e-02 4.97798472e-02
 6.22459219e-02 7.58264221e-02 8.95868297e-02 1.03392214e-01
 1.16987707e-01 1.30607506e-01 1.43223654e-01 1.55332557e-01
 1.67481440e-01 1.78410920e-01 1.88723226e-01 1.99132986e-01
 2.08110964e-01 2.16299340e-01 2.24264247e-01 2.32002972e-01
 2.38829644e-01 2.45363956e-01 2.51283570e-01 2.56618382e-01
 2.61211140e-01 2.66388613e-01 2.70793964e-01 2.74711913e-01
 2.78525083e-01 2.82080875e-01 2.85344309e-01 2.88742678e-01
 2.91151521e-01 2.93757813e-01 2.96211635e-01 2.99015290e-01
 3.01083154e-01 3.03242144e-01 3.05318672e-01 3.07442679e-01
 3.09086909e-01 3.10763624e-01 3.12542792e-01 3.13732322e-01
 3.15394045e-01 3.17108244e-01 3.18447616e-01 3.19677041e-01
 3.21146354e-01 3.22130895e-01 3.23210389e-01 3.24854621e-01
 3.25861650e-01 3.26571207e-01 3.28000585e-01 3.28787744e-01
 3.30102177e-01 3.30849354e-01 3.31771456e-01 3.32908464e-01
 3.33833064e-01 3.34260380e-01 3.35209969e-01 3.36275852e-01
 3.37033027e-01 3.37825187e-01 3.38382448e-01 3.39534455e-01
 3.40261643e-01 3.41176252e-01 3.41746008e-01 3.42420719e-01
 3.42885929e-01 3.43810487e-01 3.44415230e-01 3.45049964e-01
 3.45562249e-01 3.46576822e-01 3.46656789e-01 3.47503932e-01
 3.47996225e-01 3.48871315e-01 3.49241163e-01 3.49875792e-01
 3.50448054e-01 3.50657969e-01 3.51407658e-01 3.51687543e-01
 3.52274800e-01 3.52584673e-01 3.53189408e-01 3.53846650e-01
 3.53971601e-01 3.54598878e-01 3.54723828e-01 3.55411059e-01
 3.55600983e-01 3.56060803e-01 3.56485637e-01 3.56994975e-01
 3.57229886e-01 3.57979601e-01 3.57989596e-01 3.58564409e-01
 3.58949264e-01 3.59286634e-01 3.59746459e-01 3.59991367e-01
 3.60448418e-01 3.60623356e-01 3.61160668e-01 3.61378093e-01
 3.61715474e-01 3.62390323e-01 3.62275363e-01 3.62680222e-01
 3.63412466e-01 3.63249065e-01 3.63736395e-01 3.63921333e-01
 3.64233726e-01 3.64556114e-01 3.64736052e-01 3.65045946e-01
 3.65293359e-01 3.65278366e-01 3.65956838e-01 3.66081796e-01
 3.65999325e-01 3.66194260e-01 3.66611624e-01 3.66886532e-01
 3.67338884e-01 3.67328897e-01 3.67811239e-01 3.67773430e-01
 3.67885894e-01 3.68265774e-01 3.68380737e-01 3.68350747e-01
 3.68660649e-01 3.69280452e-01 3.69242965e-01 3.69587798e-01
 3.69324192e-01 3.69989014e-01 3.69994012e-01 3.70128977e-01
 3.70458887e-01 3.70491378e-01 3.70653835e-01 3.70708821e-01
 3.70923762e-01 3.71371658e-01 3.71536611e-01 3.71529111e-01
 3.71661574e-01 3.72041462e-01 3.72096446e-01 3.72398857e-01
 3.72116441e-01 3.72573806e-01 3.72634860e-01 3.72979611e-01
 3.72639701e-01 3.73032096e-01 3.73372007e-01 3.73484477e-01
 3.73406997e-01 3.73741909e-01 3.73694421e-01 3.74020922e-01
 3.74018423e-01 3.73940752e-01 3.74265667e-01 3.74478111e-01
 3.74438122e-01 3.74555591e-01 3.74705552e-01 3.74750541e-01
 3.74951857e-01 3.75031838e-01 3.75359257e-01 3.75049365e-01
 3.75214326e-01 3.75429272e-01 3.75544244e-01 3.75744196e-01
 3.75804181e-01 3.76089805e-01 3.76124796e-01 3.76144792e-01]
低温侧相对热浴温升 = 2.8967891604375544K
设定电流=0.0002,期望温差=0.5,晶中温度=274.6105701247498,温度差=0.36971043701626055
单次测量结束，时间=634s	温度差=0.36971043701626055K	相对热导0.001093069444777287W/K	时间常数=12.978294213331909s	时间偏离=2.038803470289977s
结束小循环
等待64.89秒降温缓和
新设定点数=200个，设定电流=2.000000e-04A
开始取REL
REL=0.043068189977607696K，开始升温。。。
[ 1.77408194e-04 -2.12651515e-04  3.42439261e-04  2.09918802e-04
  1.06505012e-03  2.70030127e-03  5.77327288e-03  1.10379024e-02
  1.82966942e-02  2.77558772e-02  3.82977529e-02  5.02398778e-02
  6.28796152e-02  7.64545291e-02  9.01444637e-02  1.04592033e-01
  1.18342766e-01  1.31815436e-01  1.44617974e-01  1.57005429e-01
  1.68960297e-01  1.80034993e-01  1.90832179e-01  2.00809158e-01
  2.09835949e-01  2.18439788e-01  2.26411433e-01  2.34105523e-01
  2.41159478e-01  2.47223232e-01  2.53054436e-01  2.58740611e-01
  2.63421582e-01  2.68605152e-01  2.72651062e-01  2.76856965e-01
  2.80375220e-01  2.84398584e-01  2.87634279e-01  2.90777455e-01
  2.93425521e-01  2.96253629e-01  2.98909182e-01  3.01233105e-01
  3.03248588e-01  3.05616653e-01  3.07499603e-01  3.09547594e-01
  3.11338022e-01  3.13330998e-01  3.14516282e-01  3.16166676e-01
  3.17855004e-01  3.19082807e-01  3.20743218e-01  3.22176072e-01
  3.23568915e-01  3.24501647e-01  3.25967009e-01  3.27084785e-01
  3.28175055e-01  3.28834773e-01  3.30410228e-01  3.31332968e-01
  3.32083162e-01  3.32883370e-01  3.34146197e-01  3.34873887e-01
  3.35676595e-01  3.36521814e-01  3.37378253e-01  3.38513566e-01
  3.39158676e-01  3.39876374e-01  3.40481542e-01  3.41669370e-01
  3.42187013e-01  3.42742164e-01  3.43774950e-01  3.44150719e-01
  3.45211019e-01  3.45553617e-01  3.46423792e-01  3.46753885e-01
  3.47444081e-01  3.48059256e-01  3.48574402e-01  3.49287105e-01
  3.49812071e-01  3.50247200e-01  3.50669825e-01  3.51270003e-01
  3.51342613e-01  3.52165357e-01  3.52673008e-01  3.52888071e-01
  3.53215668e-01  3.53608019e-01  3.53895610e-01  3.54798401e-01
  3.54463292e-01  3.55521132e-01  3.55363464e-01  3.55981163e-01
  3.56256251e-01  3.56503830e-01  3.57246483e-01  3.57083930e-01
  3.57481562e-01  3.57834180e-01  3.58254319e-01  3.58474392e-01
  3.58611845e-01  3.58951958e-01  3.59189537e-01  3.59544655e-01
  3.59542155e-01  3.59962295e-01  3.59977298e-01  3.60232384e-01
  3.60807575e-01  3.60942619e-01  3.61362668e-01  3.61497714e-01
  3.62052852e-01  3.62167893e-01  3.62030343e-01  3.62700582e-01
  3.62900654e-01  3.62758103e-01  3.63395830e-01  3.63185755e-01
  3.63885801e-01  3.63923323e-01  3.63778267e-01  3.63910817e-01
  3.64123398e-01  3.64240943e-01  3.64223436e-01  3.64628591e-01
  3.64378497e-01  3.64771144e-01  3.64967036e-01  3.65264652e-01
  3.65464730e-01  3.65407208e-01  3.65782353e-01  3.65859884e-01
  3.65519750e-01  3.66124986e-01  3.66049958e-01  3.66344289e-01
  3.66369267e-01  3.66456803e-01  3.66679392e-01  3.66486815e-01
  3.66791938e-01  3.67087057e-01  3.66734415e-01  3.66654382e-01
  3.66729457e-01  3.67212159e-01  3.66927097e-01  3.67074659e-01
  3.66872073e-01  3.67324763e-01  3.67257235e-01  3.67027138e-01
  3.67224722e-01  3.67324763e-01  3.67229723e-01  3.67594876e-01
  3.67552344e-01  3.67517330e-01  3.67279730e-01  3.67792445e-01
  3.67577355e-01  3.67694905e-01  3.67574974e-01  3.67825084e-01
  3.67725040e-01  3.67559966e-01  3.67825044e-01  3.67482391e-01
  3.67935092e-01  3.67494898e-01  3.67895075e-01  3.67980180e-01
  3.67752576e-01  3.67945163e-01  3.67867629e-01  3.68080225e-01
  3.68097828e-01  3.67637618e-01  3.68175364e-01  3.67952763e-01
  3.67906120e-01  3.68211261e-01  3.67931132e-01  3.67918625e-01]
低温侧相对热浴温升 = 2.913708673556051K
设定电流=0.0002,期望温差=0.5,晶中温度=273.09125942087303,温度差=0.3664857657586165
单次测量结束，时间=807s	温度差=0.3664857657586165K	相对热导0.001102751185033312W/K	时间常数=12.407056520126226s	时间偏离=2.084255424005784s
结束小循环
等待62.04秒降温缓和
新设定点数=200个，设定电流=2.000000e-04A
开始取REL
REL=0.03682373427874204K，开始升温。。。
[-0.00478239 -0.00466479 -0.00442459 -0.00434188 -0.00390651 -0.00223257
  0.00127795  0.00611711  0.01363106  0.02244363  0.03321289  0.04507308
  0.05820134  0.07212109  0.08587819  0.09953021  0.11363012  0.12704442
  0.13958296  0.15236171  0.16396442  0.17512366  0.185493    0.19546448
  0.20461773  0.21330806  0.22130026  0.22846671  0.23535786  0.24192128
  0.24761127  0.25312879  0.25834103  0.26291268  0.26718406  0.27143543
  0.2745933   0.27820658  0.28142693  0.28451259  0.28736273  0.28984253
  0.29213465  0.29458442  0.29710675  0.29881333  0.30083019  0.30272695
  0.30425708  0.30609379  0.30777285  0.30917916  0.3108357   0.31189918
  0.31330549  0.31464173  0.31581282  0.31708138  0.31840757  0.31927089
  0.32068723  0.32167817  0.32267412  0.32363253  0.32468853  0.32546927
  0.32635967  0.32720048  0.32784106  0.32894462  0.32962027  0.33025839
  0.33109919  0.33205762  0.33262816  0.33335696  0.33393252  0.33448055
  0.3352663   0.3360896   0.33661261  0.33719317  0.33789635  0.33817913
  0.33898341  0.33910103  0.33979922  0.34003946  0.34059284  0.34105581
  0.34168143  0.34221947  0.34294519  0.3434689   0.34355899  0.34410204
  0.34467011  0.34499794  0.34525572  0.34538335  0.34634933  0.34643942
  0.34683803  0.34737358  0.34773895  0.34795667  0.34819441  0.34894768
  0.34888261  0.34921795  0.34954578  0.35008281  0.34999522  0.3501754
  0.35050324  0.35077853  0.35110136  0.35149927  0.35153939  0.35178715
  0.35219583  0.35237602  0.35259374  0.35300417  0.3529341   0.35278645
  0.35325944  0.35366486  0.35343697  0.35398737  0.35415755  0.35443034
  0.35427767  0.35458801  0.3546731   0.35466809  0.35524871  0.35544642
  0.35528377  0.35564916  0.35583436  0.35576178  0.35575177  0.35582685
  0.35609714  0.3561572   0.35636242  0.35656418  0.35657425  0.35672442
  0.35714988  0.35680701  0.35700472  0.35683454  0.35722497  0.35713236
  0.35775805  0.35742519  0.35765529  0.35762025  0.35767531  0.35761024
  0.35783299  0.35781547  0.35878653  0.35824257  0.35831014  0.35854791
  0.3584502   0.358713    0.35873052  0.35861789  0.35914348  0.35914598
  0.35897076  0.3588356   0.3590959   0.3592686   0.35905587  0.35921355
  0.35913346  0.35904086  0.35939626  0.35943046  0.35949053  0.35949804
  0.35916766  0.35957062  0.35938285  0.35961811  0.35939035  0.35996601
  0.35978831  0.36000356  0.36015373  0.35982085  0.35997602  0.35983086
  0.35988096  0.35985343]
低温侧相对热浴温升 = 2.9425481205343056K
设定电流=0.0002,期望温差=0.5,晶中温度=271.63692641259576,温度差=0.35753007923492786
单次测量结束，时间=978s	温度差=0.35753007923492786K	相对热导0.001130437847483386W/K	时间常数=12.258698451158065s	时间偏离=2.239768511606606s
结束小循环
等待61.29秒降温缓和
新设定点数=200个，设定电流=2.000000e-04A
开始取REL
REL=0.029227295415661547K，开始升温。。。
[-0.00310002 -0.00291723 -0.00284462 -0.00285463 -0.00224117 -0.00042834
  0.00276667  0.00836793  0.015522    0.0244861   0.03520045  0.04747977
  0.06080572  0.07464749  0.08855687  0.1025038   0.11599005  0.12938314
  0.14278189  0.15564228  0.16713801  0.17828819  0.18873976  0.19890588
  0.20818059  0.21658892  0.22493552  0.23224242  0.23895835  0.24526863
  0.25086023  0.25627405  0.26135983  0.26630789  0.27052476  0.27458758
  0.27822605  0.28184193  0.28531006  0.28795185  0.29114203  0.29357849
  0.29611761  0.29847895  0.30069364  0.30279455  0.30499802  0.30655804
  0.3082633   0.30995354  0.31179152  0.31315623  0.31452595  0.31591305
  0.31736293  0.31848978  0.31990947  0.32127922  0.32220574  0.32336264
  0.32444692  0.32536342  0.32656745  0.32758413  0.32849814  0.32921182
  0.33006819  0.33136534  0.3317635   0.33286282  0.33363409  0.33434181
  0.33524331  0.33551876  0.33685598  0.33723661  0.33746187  0.33876152
  0.33948522  0.34012628  0.34060088  0.34115431  0.34201325  0.34229622
  0.34306251  0.34346318  0.34399401  0.34478534  0.34508083  0.34546698
  0.34594529  0.34657135  0.34689189  0.34741278  0.34798875  0.3480739
  0.34879284  0.34943143  0.3497259   0.35046216  0.35062745  0.35098306
  0.35128858  0.35174436  0.35214004  0.35247061  0.35274103  0.35279199
  0.35330537  0.35351072  0.35387384  0.35452245  0.35442728  0.35495068
  0.35536138  0.35558927  0.35578523  0.35585535  0.35635873  0.35669932
  0.35706747  0.35742559  0.35745314  0.35753829  0.3577737   0.35816438
  0.35809931  0.35841736  0.35896582  0.35898084  0.35918119  0.35923379
  0.35972214  0.35978224  0.35989493  0.36006773  0.36035564  0.36045081
  0.36036816  0.36056852  0.36109946  0.36114454  0.36132986  0.36144341
  0.36150352  0.36154359  0.36193928  0.36207452  0.36196683  0.36192676
  0.36225484  0.36221477  0.36241681  0.36245187  0.36223398  0.3624669
  0.36297784  0.36303043  0.36294528  0.36298285  0.36287265  0.36334358
  0.36342122  0.36361407  0.36358401  0.36386702  0.36378438  0.36345379
  0.36395469  0.36402231  0.36413007  0.36437301  0.36427283  0.3644231
  0.36441308  0.36467606  0.36449076  0.36436303  0.36411257  0.36445745
  0.36471793  0.36487823  0.36475049  0.36483314  0.36489325  0.36498092
  0.36493582  0.36504352  0.36517634  0.36514378  0.36510872  0.36530658
  0.36521892  0.36537922  0.3653141   0.36542681  0.3656622   0.36531422
  0.36556469  0.36573751]
低温侧相对热浴温升 = 2.970667991297446K
设定电流=0.0002,期望温差=0.5,晶中温度=270.2228742465451,温度差=0.36263092482396625
单次测量结束，时间=1148s	温度差=0.36263092482396625K	相对热导0.0011145986980074765W/K	时间常数=12.338279454438585s	时间偏离=2.1708213843061808s
结束小循环
等待61.69秒降温缓和
新设定点数=200个，设定电流=2.000000e-04A
开始取REL
REL=0.031052769750303313K，开始升温。。。
[-1.12430932e-03 -5.53029165e-04 -7.53478476e-04 -4.10209335e-04
 -1.93335846e-05  1.62728180e-03  5.55864243e-03  1.08054681e-02
  1.81795882e-02  2.75933054e-02  3.86782892e-02  5.07880830e-02
  6.37898870e-02  7.75684210e-02  9.18217786e-02  1.06079344e-01
  1.19725513e-01  1.33579657e-01  1.46699624e-01  1.59072885e-01
  1.71235666e-01  1.82293423e-01  1.92945253e-01  2.02814873e-01
  2.12542178e-01  2.20738472e-01  2.29273042e-01  2.36319198e-01
  2.43422987e-01  2.49727441e-01  2.56137138e-01  2.61143619e-01
  2.65979790e-01  2.70795830e-01  2.75428993e-01  2.79500865e-01
  2.83254503e-01  2.86364161e-01  2.89777015e-01  2.93330193e-01
  2.95785845e-01  2.98484220e-01  3.01090274e-01  3.03608548e-01
  3.05893856e-01  3.08043852e-01  3.09662611e-01  3.11865228e-01
  3.13661903e-01  3.15716675e-01  3.16963587e-01  3.18489637e-01
  3.20191097e-01  3.21684630e-01  3.22787196e-01  3.24441044e-01
  3.25423331e-01  3.27109755e-01  3.27974267e-01  3.29073729e-01
  3.30156278e-01  3.31286436e-01  3.32358962e-01  3.33421430e-01
  3.34596696e-01  3.35431160e-01  3.36521226e-01  3.37430866e-01
  3.38322966e-01  3.39112325e-01  3.39480692e-01  3.40520639e-01
  3.41658316e-01  3.42382538e-01  3.43196954e-01  3.44006358e-01
  3.44550140e-01  3.45249978e-01  3.46222287e-01  3.47021686e-01
  3.47505336e-01  3.47946383e-01  3.48530271e-01  3.49430001e-01
  3.49993841e-01  3.50665436e-01  3.51245143e-01  3.51904215e-01
  3.52250041e-01  3.52691092e-01  3.53788709e-01  3.53823792e-01
  3.54598138e-01  3.55249738e-01  3.55437685e-01  3.55920582e-01
  3.56627279e-01  3.56707471e-01  3.57301398e-01  3.57877783e-01
  3.58181011e-01  3.58757395e-01  3.59338792e-01  3.59817368e-01
  3.59740592e-01  3.60088930e-01  3.60384644e-01  3.61141468e-01
  3.61544941e-01  3.62138872e-01  3.62113812e-01  3.62572417e-01
  3.62645092e-01  3.63065483e-01  3.63283514e-01  3.63661932e-01
  3.64443831e-01  3.64488940e-01  3.64847310e-01  3.64917480e-01
  3.65148040e-01  3.65649257e-01  3.65946139e-01  3.65695410e-01
  3.66234229e-01  3.66367055e-01  3.66722925e-01  3.67111377e-01
  3.66935948e-01  3.67484792e-01  3.67627641e-01  3.67824105e-01
  3.68202536e-01  3.67949388e-01  3.68743840e-01  3.68746346e-01
  3.69001975e-01  3.69242566e-01  3.69618491e-01  3.69671119e-01
  3.69703198e-01  3.70094167e-01  3.70429998e-01  3.70141722e-01
  3.70562763e-01  3.71001348e-01  3.70986312e-01  3.71186808e-01
  3.71036437e-01  3.71536933e-01  3.71193582e-01  3.71787555e-01
  3.71732418e-01  3.71970408e-01  3.72008003e-01  3.72175919e-01
  3.72717262e-01  3.72479171e-01  3.72514547e-01  3.72552142e-01
  3.73088479e-01  3.73060910e-01  3.73095997e-01  3.73376665e-01
  3.72918021e-01  3.73544584e-01  3.73800220e-01  3.73797291e-01
  3.73967719e-01  3.73960200e-01  3.74133134e-01  3.74579253e-01
  3.74559202e-01  3.74476342e-01  3.74218195e-01  3.74556544e-01
  3.74961437e-01  3.75021589e-01  3.75006552e-01  3.74618068e-01
  3.75435136e-01  3.75294781e-01  3.75287262e-01  3.75480353e-01
  3.75858811e-01  3.75543690e-01  3.75756734e-01  3.75603842e-01
  3.76102618e-01  3.76122671e-01  3.76385842e-01  3.75766759e-01
  3.76415919e-01  3.76746905e-01  3.76383124e-01  3.76621232e-01
  3.76488394e-01  3.76751562e-01  3.77034784e-01  3.77127521e-01]
低温侧相对热浴温升 = 2.9987155601782884K
设定电流=0.0002,期望温差=0.5,晶中温度=268.92859913396995,温度差=0.3719906851818896
单次测量结束，时间=1318s	温度差=0.3719906851818896K	相对热导0.001086609716219455W/K	时间常数=12.632376033369862s	时间偏离=2.0700891233605456s
结束小循环
等待63.16秒降温缓和
新设定点数=200个，设定电流=2.000000e-04A
开始取REL
REL=0.05301480565207196K，开始升温。。。
[0.00043036 0.00057579 0.00080147 0.00081651 0.00144839 0.00322617
 0.00660872 0.01186182 0.01969509 0.02889242 0.04014334 0.05263295
 0.06585724 0.07965573 0.09450986 0.10846884 0.1224477  0.13613354
 0.14943072 0.1621913  0.17378339 0.18553597 0.19608244 0.20596192
 0.21565585 0.2241637  0.23196455 0.23953202 0.24642765 0.25281677
 0.25853889 0.26413564 0.26950922 0.27366667 0.27815095 0.28225079
 0.28599456 0.28923188 0.29226852 0.29550577 0.29848223 0.3010625
 0.30371206 0.30610678 0.30823569 0.31002358 0.31213244 0.31373228
 0.31572077 0.31696202 0.31874489 0.32016911 0.32185424 0.32295759
 0.32438694 0.32583886 0.32678674 0.32827623 0.32962032 0.33043029
 0.33157126 0.33261694 0.33375791 0.33479356 0.3356963  0.33639091
 0.33744663 0.33845228 0.33904157 0.33977676 0.34102058 0.34119863
 0.34216409 0.34310698 0.34376901 0.34400223 0.34498775 0.34578765
 0.34639128 0.34695551 0.34756238 0.34830466 0.34895415 0.34945068
 0.35024061 0.35056661 0.35166498 0.35156687 0.35242201 0.35305647
 0.35371852 0.3540671  0.35451598 0.35478933 0.35518054 0.35611342
 0.35609632 0.35696652 0.35756838 0.35755584 0.3579596  0.35809251
 0.35889751 0.35911819 0.35931631 0.35980148 0.35995697 0.36049116
 0.36042596 0.36103285 0.36138143 0.36186544 0.36212123 0.36238204
 0.36248344 0.36297749 0.363459   0.36356189 0.36379512 0.36428165
 0.36440454 0.36462523 0.3647431  0.36558196 0.36540139 0.3657876
 0.3658177  0.36619894 0.36633687 0.36633938 0.36694128 0.3671394
 0.36727417 0.36755005 0.3678836  0.36796135 0.36812437 0.36814444
 0.36843034 0.36830495 0.36876641 0.36874322 0.36939781 0.36914952
 0.36917711 0.36947556 0.36962102 0.36957577 0.36945789 0.36966355
 0.37025166 0.37010871 0.37016639 0.3701388  0.37006858 0.37039963
 0.37037706 0.37026169 0.37041718 0.37070565 0.37085613 0.37067555
 0.37109439 0.37117214 0.37127747 0.37091883 0.37123735 0.37137765
 0.3714354  0.37148807 0.37158337 0.37175894 0.37195457 0.37206492
 0.3720574  0.37180659 0.37238345 0.37195088 0.37221423 0.37208131
 0.37238228 0.37218665 0.3724826  0.37235218 0.37233964 0.3726682
 0.37234154 0.37244934 0.37274028 0.37258979 0.37273526 0.37282305
 0.37276536 0.37293591 0.37298858 0.37309964 0.37270084 0.37287381
 0.37301175 0.37298417]
低温侧相对热浴温升 = 3.0171220345069645K
设定电流=0.0002,期望温差=0.5,晶中温度=267.6141119513904,温度差=0.3700779355129839
单次测量结束，时间=1490s	温度差=0.3700779355129839K	相对热导0.0010922831531677546W/K	时间常数=12.27232967783948s	时间偏离=2.0332472712719656s
结束小循环
等待61.36秒降温缓和
新设定点数=200个，设定电流=2.000000e-04A
开始取REL
REL=0.04660423561195106K，开始升温。。。
[-0.00499625 -0.0052848  -0.00521957 -0.00522459 -0.00432516 -0.0026691
  0.00100689  0.0063214   0.01401213  0.0232937   0.03456006  0.04677239
  0.06028198  0.07392706  0.08838765  0.10252952  0.11613194  0.12999784
  0.14266182  0.15544876  0.16762093  0.17854603  0.18945427  0.19926039
  0.20902637  0.21733206  0.22508061  0.23274384  0.23969696  0.24561627
  0.2513248   0.25728199  0.26240089  0.26703551  0.27097255  0.27503999
  0.27875371  0.28176483  0.28527529  0.28818353  0.29108632  0.29349776
  0.29603717  0.29827547  0.30032557  0.30258398  0.30432795  0.30623251
  0.30784348  0.30979124  0.31116386  0.31272468  0.31410984  0.31534696
  0.31666186  0.31788391  0.3190608   0.3205087   0.32150824  0.3228834
  0.32333509  0.32484074  0.32566132  0.32671026  0.32775919  0.32846166
  0.32920696  0.33010021  0.33092077  0.33178149  0.33283794  0.33332727
  0.3341378   0.33455937  0.33531721  0.33626075  0.33648717  0.33724504
  0.33800039  0.33883354  0.33907194  0.3398022   0.34042455  0.34092143
  0.34161405  0.34187579  0.34240278  0.34294483  0.34348185  0.34394862
  0.34439028  0.34525354  0.34554715  0.34552707  0.34609236  0.34656666
  0.34732956  0.34740234  0.34772858  0.34825558  0.3486797   0.34883278
  0.34911887  0.34951717  0.349866    0.35022245  0.3504985   0.35097531
  0.35079212  0.35136178  0.35185115  0.35221503  0.35239683  0.35284605
  0.35286361  0.353378    0.35336546  0.3537444   0.35395019  0.35409323
  0.35448975  0.35473294  0.35488602  0.35520976  0.35528756  0.35540564
  0.35597282  0.35584483  0.35631413  0.35663285  0.35686788  0.35672734
  0.35696074  0.35693815  0.35697329  0.35741251  0.35774128  0.35751039
  0.35793954  0.35817227  0.358102    0.35831533  0.35850857  0.35826513
  0.35858888  0.35874183  0.35869164  0.35877446  0.35888539  0.35931707
  0.35944506  0.35965337  0.3594024   0.35979642  0.35929448  0.35990433
  0.35993947  0.36019031  0.35999455  0.3601878   0.36016271  0.36050153
  0.36012004  0.36041368  0.3602631   0.36050128  0.36050935  0.36081303
  0.36084315  0.36089083  0.36085821  0.36096864  0.36128236  0.36108409
  0.36132001  0.36138437  0.36134421  0.36117103  0.36111581  0.36132413
  0.36135676  0.36145214  0.36146719  0.36148978  0.36143828  0.36151619
  0.36173455  0.36155635  0.36164921  0.36196044  0.36159149  0.36148105
  0.36174459  0.36179915  0.36199995  0.36166865  0.36174144  0.36184434
  0.36184685  0.36180669]
低温侧相对热浴温升 = 3.0340015807844067K
设定电流=0.0002,期望温差=0.5,晶中温度=266.31963988045266,温度差=0.3596916301344594
单次测量结束，时间=1660s	温度差=0.3596916301344594K	相对热导0.0011238822295506082W/K	时间常数=12.062484666911455s	时间偏离=2.2330059454298574s
结束小循环
等待60.31秒降温缓和
新设定点数=200个，设定电流=2.000000e-04A
开始取REL
REL=0.036875056631895K，开始升温。。。
[-0.00379257 -0.0035239  -0.00369966 -0.00349392 -0.0026126  -0.00084242
  0.00295907  0.00826207  0.01580227  0.02516538  0.03622334  0.04862714
  0.06237815  0.07653223  0.09088719  0.10494834  0.11911246  0.13285726
  0.1462882   0.15870974  0.17022735  0.18195539  0.19258423  0.20262551
  0.21187584  0.22015952  0.22873943  0.23617184  0.24278317  0.24915595
  0.2553259   0.26066683  0.26568886  0.27021874  0.27440712  0.27862305
  0.28220878  0.28584474  0.28904629  0.29144933  0.29460316  0.29747577
  0.29972313  0.30198305  0.30410234  0.30652541  0.30798933  0.30969545
  0.31198055  0.31370568  0.31512445  0.31655828  0.31791428  0.31944856
  0.32088993  0.32208777  0.3232705   0.32436282  0.32579415  0.32682119
  0.327911    0.32905607  0.33031664  0.33105741  0.33204176  0.33280442
  0.33375364  0.33421569  0.33520508  0.33607645  0.3370357   0.33771371
  0.33867548  0.33907475  0.34002185  0.34049388  0.34152097  0.34211864
  0.34287451  0.34350734  0.3439694   0.34480815  0.34512205  0.34562429
  0.34638268  0.34704044  0.3477034   0.34809515  0.34857982  0.34914735
  0.34956924  0.34972242  0.35055397  0.35086286  0.35176942  0.3519879
  0.35228925  0.35295222  0.3529924   0.35348963  0.3535273   0.35427424
  0.35479156  0.35518332  0.35532144  0.35553737  0.35586634  0.35622043
  0.35676036  0.35725759  0.35711601  0.35729934  0.35794475  0.35802762
  0.35874084  0.35884638  0.35900208  0.35959978  0.35961668  0.35981256
  0.36012146  0.36045295  0.36064633  0.3609954   0.36117622  0.36159308
  0.36143989  0.36175231  0.362016    0.36229979  0.36226715  0.36244797
  0.36266144  0.36291007  0.36310596  0.364       0.36375574  0.36390893
  0.36402697  0.36454181  0.36458451  0.364474    0.36467241  0.36463222
  0.36507926  0.36507991  0.3649895   0.36504726  0.36544407  0.36561485
  0.36559476  0.36561988  0.36625025  0.36629797  0.36609511  0.36619044
  0.36630094  0.36626829  0.36684091  0.36661488  0.36682334  0.36722769
  0.36682082  0.36729732  0.36700095  0.3675059   0.36747827  0.36751845
  0.36735521  0.36754859  0.3676591   0.36750087  0.3681212   0.36794036
  0.3680559   0.36800565  0.36812872  0.36843765  0.36804333  0.36817644
  0.3682317   0.36805214  0.36838366  0.36844394  0.36868254  0.36854685
  0.36835346  0.36890098  0.36881559  0.36875029  0.36908682  0.36877286
  0.36920487  0.3689537   0.36896626  0.369122    0.3693581   0.36933549
  0.3692727   0.36952889]
低温侧相对热浴温升 = 3.0578610334225633K
设定电流=0.0002,期望温差=0.5,晶中温度=265.1135632621035,温度差=0.36598365306419073
单次测量结束，时间=1829s	温度差=0.36598365306419073K	相对热导0.0011046146864008798W/K	时间常数=12.226424259522453s	时间偏离=2.165150863576981s
结束小循环
等待61.13秒降温缓和
新设定点数=200个，设定电流=2.000000e-04A
开始取REL
REL=0.03882734544489726K，开始升温。。。
