
创建文件成功

新设定点数=200个，设定电流=4.000000e-04A
开始取REL
REL=-0.045367846262590564K，开始升温。。。
[-2.06684784e-04  5.75154226e-04 -5.14671323e-03 -1.94663214e-02
 -3.86985688e-02 -6.07693404e-02 -8.23396353e-02 -1.01969269e-01
 -1.17974724e-01 -1.31086847e-01 -1.40976891e-01 -1.47171906e-01
 -1.51559212e-01 -1.52888849e-01 -1.52565155e-01 -1.50518409e-01
 -1.47207517e-01 -1.42670738e-01 -1.37503989e-01 -1.31313849e-01
 -1.24976774e-01 -1.18560046e-01 -1.11473508e-01 -1.04954690e-01
 -9.79826921e-02 -9.12839461e-02 -8.47650402e-02 -7.84976277e-02
 -7.17844991e-02 -6.64508489e-02 -6.08184081e-02 -5.56266890e-02
 -5.11097688e-02 -4.64484268e-02 -4.20460482e-02 -3.74992476e-02
 -3.41426830e-02 -2.97925949e-02 -2.66526631e-02 -2.36546633e-02
 -2.05919269e-02 -1.78205198e-02 -1.52209251e-02 -1.30057797e-02
 -1.05879167e-02 -8.90462568e-03 -6.50917317e-03 -4.86323346e-03
 -3.14757144e-03 -1.36467748e-03  9.83543579e-06  8.09149800e-04
  2.25999083e-03  3.51501438e-03  4.89205445e-03  5.66399361e-03
  6.82439246e-03  7.29004613e-03  8.32344864e-03  8.99080241e-03
  9.25973602e-03  1.04943671e-02  1.07807355e-02  1.14157264e-02
  1.20656583e-02  1.26284343e-02  1.32584449e-02  1.35224018e-02
  1.39183373e-02  1.42196466e-02  1.48121044e-02  1.47025365e-02
  1.49839265e-02  1.54769814e-02  1.56263920e-02  1.59799970e-02
  1.57882534e-02  1.59849773e-02  1.63410726e-02  1.65798371e-02
  1.66694814e-02  1.64901869e-02  1.68363250e-02  1.67715797e-02
  1.70504823e-02  1.67392071e-02  1.70654234e-02  1.68836388e-02
  1.69729015e-02  1.69305673e-02  1.69206062e-02  1.71297860e-02
  1.75132823e-02  1.74186534e-02  1.72841807e-02  1.73016124e-02
  1.76253429e-02  1.71443449e-02  1.73634886e-02  1.71916600e-02
  1.76150041e-02  1.77444981e-02  1.73161716e-02  1.75801402e-02
  1.73460550e-02  1.78067547e-02  1.73955756e-02  1.76570566e-02
  1.77242945e-02  1.74902069e-02  1.74354173e-02  1.75151067e-02
  1.78338644e-02  1.76172087e-02  1.75972865e-02  1.75944190e-02
  1.79580071e-02  1.76218126e-02  1.74923155e-02  1.77787034e-02
  1.75471005e-02  1.78309981e-02  1.74848422e-02  1.78783143e-02
  1.78504533e-02  1.77832132e-02  1.73747922e-02  1.74569745e-02
  1.79351258e-02  1.75366665e-02  1.77358945e-02  1.77981539e-02
  1.76935582e-02  1.76259408e-02  1.73993139e-02  1.76483545e-02
  1.77404995e-02  1.79023760e-02  1.76906915e-02  1.77853268e-02
  1.79721054e-02  1.76558239e-02  1.78771895e-02  1.76904071e-02
  1.77925147e-02  1.77053497e-02  1.77875339e-02  1.84773835e-02
  1.82009457e-02  1.77252730e-02  1.78124381e-02  1.80386019e-02
  1.78393641e-02  1.80759592e-02  1.79215498e-02  1.80112067e-02
  1.80112067e-02  1.79315116e-02  1.80012449e-02  1.80261497e-02
  1.78017262e-02  1.83745410e-02  1.79760612e-02  1.79511560e-02
  1.80806622e-02  1.79262511e-02  1.82251110e-02  1.79710802e-02
  1.79262511e-02  1.81949471e-02  1.81077765e-02  1.81077765e-02
  1.81949448e-02  1.82024165e-02  1.83169806e-02  1.80853617e-02
  1.82920755e-02  1.85660332e-02  1.84611557e-02  1.81324030e-02
  1.84511968e-02  1.82544434e-02  1.83515748e-02  1.87824400e-02
  1.84487062e-02  1.85782150e-02  1.85582904e-02  1.85225974e-02
  1.85126347e-02  1.85823724e-02  1.84528621e-02  1.87890967e-02
  1.88214748e-02  1.83856152e-02  1.85624495e-02  1.86770184e-02
  1.90156535e-02  1.89210093e-02  1.89932378e-02  1.90779195e-02]
低温侧相对热浴温升 = 9.372203195135473K
设定电流=0.0004,期望温差=0.5,晶中温度=290.0497190645302,温度差=0.027175027869047925
单次测量结束，时间=127s	温度差=0.027175027869047925K	相对热导0.059464910704026326W/K	时间常数=21.625463746589986s	时间偏离=36.74547278170967s
结束小循环
等待108.1秒降温缓和
