
创建文件成功

新设定点数=200个，设定电流=2.000000e-04A
开始取REL
REL=-0.012459649105800961K，开始升温。。。
[-0.00070408 -0.00046536 -0.00211408 -0.00352656 -0.00507582 -0.00619735
 -0.00536926 -0.0028626   0.000783    0.00557749  0.01116276  0.0170365
  0.02302215  0.02958473  0.03578672  0.04184946  0.04746209  0.05289567
  0.05793884  0.06263634  0.06646843  0.070119    0.0735209   0.07675618
  0.07925538  0.08193341  0.08409192  0.08586746  0.08776237  0.08924448
  0.09089321  0.09193516  0.09342473  0.09422049  0.09492922  0.09564043
  0.09654064  0.09710513  0.09726926  0.09834851  0.09825151  0.09856733
  0.09924621  0.09901716  0.09994721  0.09974578  0.10003424  0.10053905
  0.10071313  0.10067334  0.10081757  0.10074546  0.10082282  0.10141467
  0.10124557  0.10126049  0.10114112  0.10147932  0.10156138  0.10144699
  0.10171061  0.10154897  0.10157383  0.10151664  0.10144452  0.10164098
  0.10175288  0.10197172  0.10187722  0.10179516  0.10185982  0.101544
  0.10197918  0.10187474  0.10148183  0.1016758   0.10164347  0.10186479
  0.10187225  0.10198664  0.10205878  0.10156143  0.10193196  0.10180513
  0.10186979  0.10180513  0.10183746  0.1020936   0.10214831  0.10165095
  0.10193445  0.10174297  0.10215577  0.10188968  0.10202148  0.10201154
  0.10173053  0.1018499   0.10188968  0.10187228  0.10182006  0.10174048
  0.10185736  0.10211101  0.10203889  0.10156641  0.10165317  0.10153132
  0.1020038   0.10215301  0.10223253  0.10182968  0.10204105  0.10175756
  0.10152629  0.1019565   0.10178989  0.10202364  0.10204602  0.10201369
  0.10186693  0.10193159  0.10227725  0.10227227  0.10194678  0.10213826
  0.1017379   0.10191197  0.10200398  0.10178017  0.10218551  0.10191694
  0.1018125   0.10192192  0.10184234  0.10163345  0.10203133  0.10182493
  0.1016807   0.10179758  0.10191446  0.10182742  0.10173762  0.10187688
  0.10198132  0.10181969  0.10162075  0.10190423  0.10209571  0.1019863
  0.10193413  0.10181504  0.1015788   0.10202393  0.10188218  0.10172303
  0.10189959  0.10147684  0.10193192  0.10198165  0.1016805   0.10180732
  0.10156859  0.10186203  0.10180732  0.1019043   0.10180235  0.10162827
  0.10134976  0.10183219  0.10189187  0.10202616  0.10157606  0.1020933
  0.10182473  0.10173769  0.10199134  0.10147907  0.1016805   0.1017551
  0.10185208  0.10169542  0.10204854  0.10177002  0.10186203  0.10160589
  0.10146664  0.10153626  0.10204356  0.10187198  0.10193414  0.10169293
  0.10197642  0.10146166  0.10143679  0.10183965  0.10159097  0.10131494
  0.10177996  0.10177002]
低温侧相对热浴温升 = 2.4023657293575207K
设定电流=0.0002,期望温差=0.5,晶中温度=287.8824188738466,温度差=0.10305347729585668
单次测量结束，时间=127s	温度差=0.10305347729585668K	相对热导0.0039195427357427435W/K	时间常数=8.022015685676143s	时间偏离=2.19339789273866s
结束小循环
等待40.11秒降温缓和
新设定点数=200个，设定电流=4.405383e-04A
开始取REL
REL=-0.013475294701995872K，开始升温。。。
[-3.09961167e-04 -7.86948148e-05 -4.21413517e-03 -1.31862753e-02
 -2.19941818e-02 -2.56819985e-02 -2.20414296e-02 -1.18458472e-02
  5.07633302e-03  2.70291669e-02  5.29408643e-02  8.12224163e-02
  1.10938810e-01  1.40551152e-01  1.69815051e-01  1.98400072e-01
  2.25522892e-01  2.50817962e-01  2.74750301e-01  2.96549023e-01
  3.16982551e-01  3.35026303e-01  3.51017462e-01  3.66944953e-01
  3.79925671e-01  3.92369258e-01  4.02900550e-01  4.12504292e-01
  4.20673192e-01  4.28290040e-01  4.34646143e-01  4.40554608e-01
  4.45575311e-01  4.50349830e-01  4.54025213e-01  4.57608588e-01
  4.61177042e-01  4.63895036e-01  4.66289754e-01  4.68580031e-01
  4.70949941e-01  4.72439491e-01  4.74227448e-01  4.75692130e-01
  4.76868354e-01  4.78653824e-01  4.79370001e-01  4.80406969e-01
  4.81478748e-01  4.82134197e-01  4.82999601e-01  4.83322877e-01
  4.84118632e-01  4.84959151e-01  4.85399302e-01  4.85948871e-01
  4.86319395e-01  4.86667537e-01  4.86771979e-01  4.87490647e-01
  4.88095029e-01  4.88196985e-01  4.88328782e-01  4.88550100e-01
  4.88918137e-01  4.88878351e-01  4.89204114e-01  4.89201625e-01
  4.89291148e-01  4.89385644e-01  4.89723862e-01  4.90004863e-01
  4.89694022e-01  4.90168989e-01  4.90335599e-01  4.90156556e-01
  4.89923826e-01  4.90562913e-01  4.90443552e-01  4.90515666e-01
  4.90533142e-01  4.90597796e-01  4.90901178e-01  4.90824089e-01
  4.90878796e-01  4.90636119e-01  4.90591358e-01  4.90929551e-01
  4.90820136e-01  4.91083729e-01  4.90877277e-01  4.91023995e-01
  4.90708181e-01  4.90830029e-01  4.90546543e-01  4.90946906e-01
  4.90802676e-01  4.90782782e-01  4.90849924e-01  4.90621146e-01
  4.91023972e-01  4.90466947e-01  4.91103548e-01  4.91020466e-01
  4.90749412e-01  4.91162209e-01  4.91229350e-01  4.91122421e-01
  4.90677296e-01  4.90595235e-01  4.90866223e-01  4.90851303e-01
  4.90955745e-01  4.90818975e-01  4.90960719e-01  4.90786647e-01
  4.90704585e-01  4.90535488e-01  4.90707071e-01  4.90759294e-01
  4.90676906e-01  4.90517754e-01  4.90652038e-01  4.90671931e-01
  4.90694312e-01  4.90704259e-01  4.90965366e-01  4.90766426e-01
  4.90634631e-01  4.90681879e-01  4.90874372e-01  4.90615752e-01
  4.90856965e-01  4.90812204e-01  4.90740089e-01  4.90809718e-01
  4.91058389e-01  4.91031034e-01  4.90466549e-01  4.90668996e-01
  4.90626755e-01  4.90562101e-01  4.90706331e-01  4.90828178e-01
  4.90798339e-01  4.90678976e-01  4.90793366e-01  4.90504907e-01
  4.90785906e-01  4.90726223e-01  4.90699025e-01  4.90694052e-01
  4.90825846e-01  4.90616963e-01  4.90823360e-01  4.90925317e-01
  4.90664211e-01  4.91052137e-01  4.90781087e-01  4.90706485e-01
  4.90883069e-01  4.90960156e-01  4.90768679e-01  4.90798520e-01
  4.90905448e-01  4.90701539e-01  4.90614504e-01  4.90965129e-01
  4.90788574e-01  4.90808467e-01  4.90729106e-01  4.90689318e-01
  4.90415779e-01  4.90696778e-01  4.90629636e-01  4.90558544e-01
  4.90722666e-01  4.90968851e-01  4.90752507e-01  4.90745047e-01
  4.90742396e-01  4.90769748e-01  4.90943818e-01  4.90491237e-01
  4.90612064e-01  4.90400693e-01  4.90676718e-01  4.90470322e-01
  4.90363392e-01  4.90589683e-01  4.91037043e-01  4.90775937e-01
  4.90813238e-01  4.91066882e-01  4.90524780e-01  4.90544672e-01
  4.90882865e-01  4.90756044e-01  4.90671495e-01  4.90676469e-01]
低温侧相对热浴温升 = 11.21878250787895K
设定电流=0.0004405383009871095,期望温差=0.5,晶中温度=296.5642212403145,温度差=0.4963964487734777
单次测量结束，时间=281s	温度差=0.4963964487734777K	相对热导0.0039479880191473585W/K	时间常数=8.16095591080631s	时间偏离=2.163448388905082s
结束小循环
等待40.8秒降温缓和
新设定点数=200个，设定电流=4.421344e-04A
开始取REL
REL=-0.014146527281124761K，开始升温。。。
[ 2.24842266e-04 -3.32172774e-04 -5.07177398e-03 -1.36358803e-02
 -2.19811591e-02 -2.50323086e-02 -2.05413747e-02 -8.69734517e-03
  9.43797158e-03  3.29295816e-02  6.00442770e-02  8.88623444e-02
  1.19304210e-01  1.49641635e-01  1.79225598e-01  2.08153079e-01
  2.35279531e-01  2.61048855e-01  2.84992968e-01  3.06465349e-01
  3.27040030e-01  3.45593050e-01  3.61721570e-01  3.76972297e-01
  3.89945237e-01  4.01939729e-01  4.12622416e-01  4.21783269e-01
  4.30128496e-01  4.38078247e-01  4.44003955e-01  4.49708349e-01
  4.55174024e-01  4.59115378e-01  4.63257041e-01  4.66877627e-01
  4.70063045e-01  4.72288611e-01  4.74636024e-01  4.76806920e-01
  4.78756466e-01  4.80002287e-01  4.81613646e-01  4.83051989e-01
  4.83885021e-01  4.84429598e-01  4.85628168e-01  4.86592991e-01
  4.87010749e-01  4.87684736e-01  4.88288995e-01  4.88671940e-01
  4.89497511e-01  4.89311012e-01  4.90211182e-01  4.90223617e-01
  4.90648835e-01  4.90999453e-01  4.91496786e-01  4.91238148e-01
  4.91931926e-01  4.91726996e-01  4.92055236e-01  4.92157191e-01
  4.92781343e-01  4.92453103e-01  4.92694310e-01  4.92756476e-01
  4.92955410e-01  4.93201716e-01  4.93622980e-01  4.93202734e-01
  4.93737365e-01  4.93707526e-01  4.93734879e-01  4.93528487e-01
  4.94083012e-01  4.93804506e-01  4.93916405e-01  4.93723695e-01
  4.94094208e-01  4.93902735e-01  4.94412500e-01  4.94230975e-01
  4.94228487e-01  4.94405040e-01  4.94385148e-01  4.94345361e-01
  4.94310547e-01  4.94417519e-01  4.94447357e-01  4.94574178e-01
  4.94840252e-01  4.94571691e-01  4.94407570e-01  4.94785545e-01
  4.94571691e-01  4.94743272e-01  4.94621424e-01  4.94822862e-01
  4.94599062e-01  4.94671176e-01  4.94604035e-01  4.94730856e-01
  4.94745775e-01  4.94840268e-01  4.94943236e-01  4.94828849e-01
  4.94577697e-01  4.95132099e-01  4.94736721e-01  4.95164426e-01
  4.94460702e-01  4.95079879e-01  4.94585035e-01  4.94987873e-01
  4.94871001e-01  4.94669580e-01  4.95268865e-01  4.95060104e-01
  4.95062591e-01  4.95047672e-01  4.95216763e-01  4.94893497e-01
  4.95433103e-01  4.95102378e-01  4.94918365e-01  4.95092432e-01
  4.95328664e-01  4.95276348e-01  4.95010274e-01  4.95147041e-01
  4.95206720e-01  4.95380325e-01  4.95290806e-01  4.95213719e-01
  4.95176421e-01  4.95139121e-01  4.95193827e-01  4.95081846e-01
  4.95039573e-01  4.94997302e-01  4.95349391e-01  4.95247439e-01
  4.95222572e-01  4.95043534e-01  4.94949042e-01  4.95026127e-01
  4.95463776e-01  4.95103180e-01  4.95254866e-01  4.95517438e-01
  4.94890800e-01  4.95035026e-01  4.95196660e-01  4.94885827e-01
  4.95335913e-01  4.95079786e-01  4.95388133e-01  4.95079786e-01
  4.95302112e-01  4.95389143e-01  4.95031067e-01  4.95292164e-01
  4.95058419e-01  4.95135506e-01  4.95543317e-01  4.95160373e-01
  4.95180265e-01  4.94904309e-01  4.95115675e-01  4.95157948e-01
  4.95254928e-01  4.95113188e-01  4.95108215e-01  4.95026155e-01
  4.95324553e-01  4.95346934e-01  4.95287255e-01  4.95376766e-01
  4.94939114e-01  4.95312112e-01  4.94886895e-01  4.94996309e-01
  4.94812296e-01  4.95247460e-01  4.95147994e-01  4.94844621e-01
  4.95103234e-01  4.94852229e-01  4.95163060e-01  4.94921855e-01
  4.95170519e-01  4.94979047e-01  4.95205333e-01  4.94882068e-01
  4.95118300e-01  4.94606049e-01  4.95272474e-01  4.95178109e-01]
低温侧相对热浴温升 = 11.289165857053266K
设定电流=0.0004421344361546656,期望温差=0.5,晶中温度=296.7050108584044,温度差=0.500482268431915
单次测量结束，时间=436s	温度差=0.500482268431915K	相对热导0.003944173996661111W/K	时间常数=7.963442769759413s	时间偏离=2.1112510520021432s
结束小循环
等待39.82秒降温缓和
新设定点数=200个，设定电流=4.419214e-04A
开始取REL
REL=-0.01419868396655538K，开始升温。。。
[ 2.42484936e-04 -3.61763922e-04 -4.82027513e-03 -1.30136908e-02
 -2.20102852e-02 -2.47754076e-02 -2.03541957e-02 -8.84362766e-03
  9.73143125e-03  3.29117156e-02  6.02347040e-02  8.93928225e-02
  1.19610241e-01  1.50083782e-01  1.79754145e-01  2.08765552e-01
  2.35974161e-01  2.61648522e-01  2.85853291e-01  3.07805182e-01
  3.27553823e-01  3.45852862e-01  3.62719608e-01  3.77659222e-01
  3.91027292e-01  4.02246923e-01  4.12869766e-01  4.22391035e-01
  4.30477523e-01  4.38074148e-01  4.44375096e-01  4.50160126e-01
  4.55260166e-01  4.60268203e-01  4.63339168e-01  4.67412238e-01
  4.70299195e-01  4.72427733e-01  4.75061056e-01  4.76647514e-01
  4.78676695e-01  4.80292993e-01  4.82038595e-01  4.83135190e-01
  4.84147243e-01  4.85166753e-01  4.86056960e-01  4.86795485e-01
  4.87205774e-01  4.88135768e-01  4.88392062e-01  4.89083341e-01
  4.89222591e-01  4.89757212e-01  4.89675153e-01  4.90667314e-01
  4.91119876e-01  4.91055225e-01  4.91127335e-01  4.91507789e-01
  4.91716732e-01  4.91739112e-01  4.92261301e-01  4.92209082e-01
  4.92567153e-01  4.92059886e-01  4.92713865e-01  4.92850629e-01
  4.92656671e-01  4.92592020e-01  4.92937733e-01  4.93248560e-01
  4.93027251e-01  4.93251047e-01  4.93643931e-01  4.93803075e-01
  4.93623019e-01  4.93784649e-01  4.93744865e-01  4.93682698e-01
  4.93707456e-01  4.93729836e-01  4.94092884e-01  4.93973525e-01
  4.93993419e-01  4.93855187e-01  4.93865133e-01  4.93877565e-01
  4.93750748e-01  4.94021789e-01  4.93986879e-01  4.94136075e-01
  4.93733245e-01  4.94086343e-01  4.94091316e-01  4.94277812e-01
  4.94282785e-01  4.94200728e-01  4.94200728e-01  4.94126129e-01
  4.94272926e-01  4.94384825e-01  4.94695650e-01  4.94342552e-01
  4.94345039e-01  4.94526562e-01  4.94205788e-01  4.94076484e-01
  4.94601159e-01  4.94745382e-01  4.94504160e-01  4.94525072e-01
  4.94728972e-01  4.94542477e-01  4.94686700e-01  4.94306250e-01
  4.94592209e-01  4.94455446e-01  4.94644427e-01  4.94888116e-01
  4.94778818e-01  4.94734059e-01  4.94256631e-01  4.94746491e-01
  4.94883255e-01  4.94559996e-01  4.95273653e-01  4.94674381e-01
  4.94433180e-01  4.94699246e-01  4.95104471e-01  4.94738939e-01
  4.94778725e-01  4.94636989e-01  4.94301297e-01  4.94945329e-01
  4.94731480e-01  4.94788673e-01  4.94507687e-01  4.94823484e-01
  4.94796017e-01  4.94537411e-01  4.94825857e-01  4.94462812e-01
  4.94542384e-01  4.94793531e-01  4.94604549e-01  4.94457839e-01
  4.94477733e-01  4.94340970e-01  4.94830849e-01  4.94669218e-01
  4.94152004e-01  4.94336013e-01  4.94569754e-01  4.94641867e-01
  4.94437964e-01  4.94564781e-01  4.94490182e-01  4.94355907e-01
  4.94691611e-01  4.94689125e-01  4.94699073e-01  4.94838321e-01
  4.94574742e-01  4.94712975e-01  4.94509071e-01  4.94446907e-01
  4.94561292e-01  4.94603563e-01  4.94504288e-01  4.94442123e-01
  4.94733057e-01  4.94606241e-01  4.94607258e-01  4.94798726e-01
  4.94674395e-01  4.94472981e-01  4.94361082e-01  4.94408328e-01
  4.94634700e-01  4.94694380e-01  4.94162245e-01  4.94733150e-01
  4.94496919e-01  4.94700823e-01  4.94725688e-01  4.94397455e-01
  4.94521786e-01  4.94574005e-01  4.94529289e-01  4.94300521e-01
  4.94690920e-01  4.94437284e-01  4.94648648e-01  4.94201056e-01
  4.94444746e-01  4.94392525e-01  4.94728220e-01  4.94743139e-01]
低温侧相对热浴温升 = 11.272912905778227K
设定电流=0.0004419213627988921,期望温差=0.5,晶中温度=296.7407531741164,温度差=0.5000555515382026
单次测量结束，时间=590s	温度差=0.5000555515382026K	相对热导0.003943728897837609W/K	时间常数=7.9345209316147995s	时间偏离=2.106527427446364s
结束小循环
等待39.67秒降温缓和
新设定点数=200个，设定电流=4.418968e-04A
开始取REL
REL=-0.014314778438128464K，开始升温。。。
[ 1.72256304e-04 -3.62318638e-04 -4.83071028e-03 -1.35959193e-02
 -2.17245628e-02 -2.45368893e-02 -1.97676211e-02 -8.30944154e-03
  1.03722662e-02  3.39127627e-02  6.10314544e-02  9.07884081e-02
  1.21162038e-01  1.51242250e-01  1.81130996e-01  2.10176789e-01
  2.37661008e-01  2.63332504e-01  2.86997330e-01  3.09046775e-01
  3.29198117e-01  3.47429887e-01  3.63654904e-01  3.78465050e-01
  3.92101525e-01  4.03684073e-01  4.14217279e-01  4.23410212e-01
  4.31875783e-01  4.38979956e-01  4.45238692e-01  4.51308374e-01
  4.56142295e-01  4.60488844e-01  4.64305752e-01  4.67886435e-01
  4.70880281e-01  4.73951214e-01  4.75746528e-01  4.77576655e-01
  4.79749930e-01  4.81308926e-01  4.82452755e-01  4.83502095e-01
  4.84553918e-01  4.85894187e-01  4.86615298e-01  4.87033044e-01
  4.88181846e-01  4.88562293e-01  4.88917875e-01  4.89589159e-01
  4.90133722e-01  4.90519141e-01  4.90583792e-01  4.90822504e-01
  4.91096028e-01  4.91339713e-01  4.91762434e-01  4.91670430e-01
  4.91978765e-01  4.92431221e-01  4.92204942e-01  4.92503331e-01
  4.92580416e-01  4.92724637e-01  4.92682365e-01  4.92674906e-01
  4.92983243e-01  4.93241846e-01  4.93251792e-01  4.93353818e-01
  4.93798917e-01  4.93550258e-01  4.93460743e-01  4.93117593e-01
  4.93868541e-01  4.93448308e-01  4.93803890e-01  4.93582584e-01
  4.94055035e-01  4.93784019e-01  4.94425558e-01  4.93955594e-01
  4.94114735e-01  4.94291283e-01  4.94291283e-01  4.94465344e-01
  4.94286310e-01  4.94423072e-01  4.94475290e-01  4.94300182e-01
  4.94297696e-01  4.94426999e-01  4.94277804e-01  4.94066443e-01
  4.94454352e-01  4.94576194e-01  4.94536408e-01  4.94312615e-01
  4.94562294e-01  4.94331126e-01  4.94572326e-01  4.94584759e-01
  4.94477834e-01  4.94388319e-01  4.94323666e-01  4.94562378e-01
  4.94472861e-01  4.94753845e-01  4.94741413e-01  4.94452963e-01
  4.94231657e-01  4.94318687e-01  4.94763785e-01  4.94239116e-01
  4.94467882e-01  4.94592212e-01  4.94567345e-01  4.93920833e-01
  4.94803570e-01  4.94440494e-01  4.94415629e-01  4.94457901e-01
  4.94671746e-01  4.94313679e-01  4.94313679e-01  4.94528543e-01
  4.94692658e-01  4.94593195e-01  4.94675251e-01  4.94628103e-01
  4.94744971e-01  4.94647995e-01  4.94682807e-01  4.94416743e-01
  4.94639068e-01  4.94698745e-01  4.94407817e-01  4.94857886e-01
  4.94726098e-01  4.94808227e-01  4.94890284e-01  4.94489946e-01
  4.94624221e-01  4.94769910e-01  4.95080732e-01  4.94566011e-01
  4.94585903e-01  4.94680393e-01  4.94444168e-01  4.94526216e-01
  4.95127967e-01  4.94722655e-01  4.94844498e-01  4.94648056e-01
  4.94469023e-01  4.94618219e-01  4.94493889e-01  4.94961366e-01
  4.94419291e-01  4.94866832e-01  4.94759910e-01  4.94583363e-01
  4.94861860e-01  4.94747476e-01  4.95125437e-01  4.94386924e-01
  4.94824560e-01  4.94461520e-01  4.95195060e-01  4.94712593e-01
  4.94522146e-01  4.94539554e-01  4.95054273e-01  4.95173627e-01
  4.94765830e-01  4.94711125e-01  4.95131355e-01  4.95148763e-01
  4.94870267e-01  4.94753422e-01  4.94793207e-01  4.95051809e-01
  4.94765854e-01  4.94924994e-01  4.95263169e-01  4.95278087e-01
  4.94693745e-01  4.95012024e-01  4.94972241e-01  4.94768361e-01
  4.94818093e-01  4.94805660e-01  4.94566950e-01  4.94768361e-01
  4.94842959e-01  4.94867824e-01  4.94952368e-01  4.94994639e-01]
低温侧相对热浴温升 = 11.262732383427982K
设定电流=0.000441896815432871,期望温差=0.5,晶中温度=296.79267842977026,温度差=0.500192100928957
单次测量结束，时间=744s	温度差=0.500192100928957K	相对热导0.003942205968342931W/K	时间常数=7.90100277916167s	时间偏离=2.09828798046718s
结束小循环
等待39.51秒降温缓和
新设定点数=200个，设定电流=4.418120e-04A
开始取REL
REL=-0.014122514123095512K，开始升温。。。
[ 2.21400854e-04  1.75034459e-05 -4.44585984e-03 -1.34969151e-02
 -2.17199478e-02 -2.42313671e-02 -1.97829226e-02 -7.90216938e-03
  1.03690279e-02  3.42747593e-02  6.15373388e-02  9.07269976e-02
  1.20998335e-01  1.51729664e-01  1.81411668e-01  2.10300460e-01
  2.37804243e-01  2.63871557e-01  2.87481467e-01  3.09517381e-01
  3.29810216e-01  3.47571732e-01  3.64184261e-01  3.78840053e-01
  3.92324673e-01  4.04041349e-01  4.14579393e-01  4.24142707e-01
  4.32015158e-01  4.39392786e-01  4.45897629e-01  4.51226328e-01
  4.56405883e-01  4.60406760e-01  4.64308174e-01  4.67681053e-01
  4.70528156e-01  4.73420020e-01  4.75809597e-01  4.77759055e-01
  4.79420073e-01  4.81202931e-01  4.82219960e-01  4.83393613e-01
  4.84559806e-01  4.85457452e-01  4.86258123e-01  4.87009062e-01
  4.87961413e-01  4.88252339e-01  4.89013224e-01  4.89473237e-01
  4.89948108e-01  4.90520015e-01  4.90239034e-01  4.90689101e-01
  4.90823375e-01  4.91285874e-01  4.91529556e-01  4.92111408e-01
  4.91992055e-01  4.92350117e-01  4.92437326e-01  4.92521867e-01
  4.92549220e-01  4.92646196e-01  4.92695927e-01  4.92733225e-01
  4.92790416e-01  4.93307618e-01  4.93228050e-01  4.93435897e-01
  4.93266736e-01  4.93388576e-01  4.93699397e-01  4.93333872e-01
  4.93831185e-01  4.93977892e-01  4.94146979e-01  4.93980378e-01
  4.93867019e-01  4.93976426e-01  4.94167864e-01  4.94118133e-01
  4.94282246e-01  4.94115647e-01  4.94239975e-01  4.94230029e-01
  4.94063429e-01  4.94526948e-01  4.94208670e-01  4.94352889e-01
  4.94238505e-01  4.94646299e-01  4.94686082e-01  4.94420023e-01
  4.94191261e-01  4.94492132e-01  4.94551810e-01  4.93972444e-01
  4.94442401e-01  4.94653758e-01  4.94221180e-01  4.94347995e-01
  4.94059556e-01  4.94417617e-01  4.94432538e-01  4.93960094e-01
  4.94365400e-01  4.94554377e-01  4.94718490e-01  4.94347995e-01
  4.94616643e-01  4.94733512e-01  4.94547021e-01  4.94696213e-01
  4.94673835e-01  4.94519668e-01  4.94668860e-01  4.94678808e-01
  4.94534587e-01  4.94348096e-01  4.94549396e-01  4.94524530e-01
  4.94688643e-01  4.94658803e-01  4.94914919e-01  4.94671235e-01
  4.94681183e-01  4.94556855e-01  4.94633939e-01  4.94499665e-01
  4.94785541e-01  4.94286766e-01  4.94498123e-01  4.94664722e-01
  4.94299200e-01  4.94545367e-01  4.94321578e-01  4.94637369e-01
  4.94488177e-01  4.94801481e-01  4.94821239e-01  4.94731723e-01
  4.94575072e-01  4.94286632e-01  4.94644694e-01  4.94594964e-01
  4.94614855e-01  4.94836157e-01  4.94537774e-01  4.94662101e-01
  4.95092261e-01  4.94580035e-01  4.94351273e-01  4.94418411e-01
  4.94398517e-01  4.94627279e-01  4.94582521e-01  4.94594955e-01
  4.94393544e-01  4.94654632e-01  4.94672103e-01  4.94721833e-01
  4.94433393e-01  4.94801401e-01  4.94843672e-01  4.94970486e-01
  4.94619883e-01  4.94418475e-01  4.94604965e-01  4.94667128e-01
  4.94495675e-01  4.94816437e-01  4.94739356e-01  4.94707030e-01
  4.94445943e-01  4.94498162e-01  4.94684652e-01  4.94605082e-01
  4.94620001e-01  4.94478268e-01  4.94239720e-01  4.94431183e-01
  4.94391398e-01  4.94585350e-01  4.94413778e-01  4.94088041e-01
  4.94742001e-01  4.94237233e-01  4.94595295e-01  4.94441129e-01
  4.95047687e-01  4.94620001e-01  4.94401187e-01  4.94689625e-01
  4.94620001e-01  4.94505621e-01  4.94881088e-01  4.94674707e-01]
低温侧相对热浴温升 = 11.25954015017899K
设定电流=0.000441811951097117,期望温差=0.5,晶中温度=296.8310073762077,温度差=0.50009184464087
单次测量结束，时间=898s	温度差=0.50009184464087K	相对热导0.003941476411522692W/K	时间常数=7.894058584531096s	时间偏离=2.0941878353831807s
结束小循环
等待39.47秒降温缓和
新设定点数=200个，设定电流=4.417714e-04A
开始取REL
REL=-0.01392739513280991K，开始升温。。。
[ 2.42739454e-04 -5.65382726e-04 -4.26782555e-03 -1.30999793e-02
 -2.12732083e-02 -2.41899085e-02 -2.03457325e-02 -7.90071476e-03
  1.08602151e-02  3.42585417e-02  6.14364068e-02  9.10883774e-02
  1.21371929e-01  1.51652994e-01  1.81563640e-01  2.10544258e-01
  2.37960157e-01  2.63653491e-01  2.87449602e-01  3.09331083e-01
  3.29248204e-01  3.48168224e-01  3.64377926e-01  3.79021112e-01
  3.92199845e-01  4.04013362e-01  4.14752696e-01  4.23711672e-01
  4.32153451e-01  4.39162987e-01  4.45707540e-01  4.51593163e-01
  4.56712934e-01  4.60567059e-01  4.64729555e-01  4.68073943e-01
  4.71047836e-01  4.73840212e-01  4.76030847e-01  4.78059859e-01
  4.79740755e-01  4.81508678e-01  4.82756919e-01  4.83947968e-01
  4.84989617e-01  4.86103583e-01  4.86901761e-01  4.87476149e-01
  4.87834210e-01  4.88617468e-01  4.88987961e-01  4.89788623e-01
  4.89997493e-01  4.90512204e-01  4.90435051e-01  4.91024360e-01
  4.91601234e-01  4.91265553e-01  4.91790210e-01  4.92110973e-01
  4.92265139e-01  4.92497413e-01  4.92659036e-01  4.92430276e-01
  4.92987057e-01  4.93071599e-01  4.93504253e-01  4.93434632e-01
  4.93307818e-01  4.93116356e-01  4.93438581e-01  4.93622584e-01
  4.93575340e-01  4.94060213e-01  4.94179565e-01  4.94191999e-01
  4.93754369e-01  4.93858805e-01  4.93935886e-01  4.94179565e-01
  4.94132321e-01  4.94266594e-01  4.94293947e-01  4.94256648e-01
  4.94114898e-01  4.94465499e-01  4.94313819e-01  4.94535121e-01
  4.94095006e-01  4.94127330e-01  4.94654476e-01  4.94848425e-01
  4.94264089e-01  4.94567447e-01  4.94719046e-01  4.94472880e-01
  4.94699155e-01  4.94504186e-01  4.94285370e-01  4.94725486e-01
  4.94556403e-01  4.94404723e-01  4.94645918e-01  4.94678242e-01
  4.94471978e-01  4.94780309e-01  4.94480457e-01  4.94863382e-01
  4.94368564e-01  4.94865871e-01  4.94731598e-01  4.94537647e-01
  4.94599811e-01  4.94614730e-01  4.94711735e-01  4.94440703e-01
  4.94980281e-01  4.94903198e-01  4.94923089e-01  4.94696817e-01
  4.94423298e-01  4.94898225e-01  4.94570003e-01  4.94955415e-01
  4.94777515e-01  4.94558701e-01  4.94384643e-01  4.94707891e-01
  4.94595999e-01  4.95041085e-01  4.94392103e-01  4.94419455e-01
  4.94794920e-01  4.94953038e-01  4.94625129e-01  4.94582858e-01
  4.94774321e-01  4.94836485e-01  4.94642534e-01  4.94682319e-01
  4.94926000e-01  4.94513236e-01  4.95037894e-01  4.94702212e-01
  4.94602766e-01  4.94597793e-01  4.94789258e-01  4.94630119e-01
  4.94729579e-01  4.94495846e-01  4.95080181e-01  4.94842494e-01
  4.95108552e-01  4.95036442e-01  4.95230473e-01  4.94181160e-01
  4.94668517e-01  4.94673492e-01  4.94506894e-01  4.94581491e-01
  4.94642633e-01  4.94456143e-01  4.94615280e-01  4.94764474e-01
  4.94679845e-01  4.94814118e-01  4.94515733e-01  4.94249674e-01
  4.94796711e-01  4.94536647e-01  4.94941950e-01  4.94907139e-01
  4.94974274e-01  4.95056329e-01  4.94660662e-01  4.94876990e-01
  4.94857097e-01  4.94949098e-01  4.94658176e-01  4.94891909e-01
  4.94770068e-01  4.94934180e-01  4.94896882e-01  4.94586066e-01
  4.94949018e-01  4.95140480e-01  4.94496470e-01  4.94695393e-01
  4.94784908e-01  4.94847071e-01  4.94673014e-01  4.95006207e-01
  4.94986316e-01  4.94864476e-01  4.94672867e-01  4.94740003e-01
  4.94528649e-01  4.94759896e-01  4.94911573e-01  4.94615676e-01]
低温侧相对热浴温升 = 11.260349707299786K
设定电流=0.00044177137862659685,期望温差=0.5,晶中温度=296.85246687845734,温度差=0.500276019981838
单次测量结束，时间=1051s	温度差=0.500276019981838K	相对热导0.003939298986371768W/K	时间常数=7.892617549794513s	时间偏离=2.0940251045083054s
结束小循环
等待39.46秒降温缓和
新设定点数=200个，设定电流=4.416495e-04A
开始取REL
REL=-0.013894388807211859K，开始升温。。。
[ 3.08682431e-05 -4.19188597e-04 -5.03662257e-03 -1.36896491e-02
 -2.15867789e-02 -2.44636616e-02 -1.98835285e-02 -8.05779092e-03
  1.05139520e-02  3.43919103e-02  6.14874129e-02  9.07461794e-02
  1.21419770e-01  1.51777574e-01  1.81747483e-01  2.10518893e-01
  2.38071918e-01  2.63665567e-01  2.87282444e-01  3.09258222e-01
  3.29331819e-01  3.47816538e-01  3.64336912e-01  3.78979971e-01
  3.92640858e-01  4.04057726e-01  4.14481133e-01  4.24126275e-01
  4.32433681e-01  4.39495348e-01  4.45423170e-01  4.51542454e-01
  4.56341404e-01  4.60710189e-01  4.64337997e-01  4.67488395e-01
  4.71026514e-01  4.73560259e-01  4.76116381e-01  4.77742554e-01
  4.79134995e-01  4.81275873e-01  4.82417178e-01  4.83928971e-01
  4.84824111e-01  4.85562601e-01  4.86502385e-01  4.87332876e-01
  4.87917205e-01  4.88792453e-01  4.88916777e-01  4.89612999e-01
  4.89757216e-01  4.90356462e-01  4.90560355e-01  4.90699599e-01
  4.90905996e-01  4.91075077e-01  4.91646973e-01  4.91947839e-01
  4.91947839e-01  4.92278543e-01  4.92450112e-01  4.92696275e-01
  4.92644059e-01  4.93007088e-01  4.92654031e-01  4.93156305e-01
  4.93084197e-01  4.93260737e-01  4.93643660e-01  4.93099116e-01
  4.93211007e-01  4.93409929e-01  4.93671010e-01  4.93671010e-01
  4.93996768e-01  4.93713307e-01  4.93922175e-01  4.94113635e-01
  4.93690930e-01  4.94021634e-01  4.94329961e-01  4.94372230e-01
  4.94446826e-01  4.94091255e-01  4.94183324e-01  4.94056512e-01
  4.94083864e-01  4.94305163e-01  4.94494137e-01  4.94553812e-01
  4.94446894e-01  4.94228081e-01  4.94399650e-01  4.94397164e-01
  4.94521623e-01  4.94322704e-01  4.94180974e-01  4.94414704e-01
  4.94372434e-01  4.94678274e-01  4.94282920e-01  4.94591246e-01
  4.94912005e-01  4.94437082e-01  4.94290418e-01  4.94434635e-01
  4.94747934e-01  4.94641013e-01  4.94899610e-01  4.94551499e-01
  4.94725555e-01  4.94825015e-01  4.94378908e-01  4.94207341e-01
  4.94709465e-01  4.94843737e-01  4.94831305e-01  4.94217138e-01
  4.94550330e-01  4.94545357e-01  4.94545357e-01  4.94721899e-01
  4.94766657e-01  4.94368814e-01  4.94341425e-01  4.94669644e-01
  4.94759158e-01  4.94567697e-01  4.94943160e-01  4.95067486e-01
  4.94604995e-01  4.95069972e-01  4.94706942e-01  4.94813861e-01
  4.94497794e-01  4.95002553e-01  4.94830985e-01  4.94696714e-01
  4.94532603e-01  4.94930445e-01  4.94965257e-01  4.94634552e-01
  4.94962771e-01  4.94883202e-01  4.94649437e-01  4.94457976e-01
  4.94298841e-01  4.94559923e-01  4.94745966e-01  4.94601749e-01
  4.94624129e-01  4.94626615e-01  4.94837966e-01  4.94509749e-01
  4.94405527e-01  4.94915258e-01  4.94313527e-01  4.94466667e-01
  4.94839642e-01  4.94765046e-01  4.94623316e-01  4.94847101e-01
  4.94814778e-01  4.94936615e-01  4.94548621e-01  4.94364620e-01
  4.94629653e-01  4.94552573e-01  4.94796250e-01  4.94560032e-01
  4.94470518e-01  4.94400894e-01  4.94719168e-01  4.94786304e-01
  4.94219608e-01  4.94629880e-01  4.94736801e-01  4.94351391e-01
  4.94356366e-01  4.94562745e-01  4.94430960e-01  4.94639828e-01
  4.94923289e-01  4.94530420e-01  4.94453226e-01  4.94833664e-01
  4.94502958e-01  4.94540254e-01  4.94664580e-01  4.94483065e-01
  4.94565120e-01  4.94957988e-01  4.94408469e-01  4.94779981e-01
  4.94857059e-01  4.94603437e-01  4.94700410e-01  4.94389597e-01]
低温侧相对热浴温升 = 11.255512086696376K
设定电流=0.00044164949136135196,期望温差=0.5,晶中温度=296.87881406685625,温度差=0.5001487718549548
单次测量结束，时间=1205s	温度差=0.5001487718549548K	相对热导0.003938123062566748W/K	时间常数=7.890347472148218s	时间偏离=2.096406857306503s
结束小循环
等待39.45秒降温缓和
新设定点数=200个，设定电流=4.415838e-04A
开始取REL
REL=-0.01394118549994909K，开始升温。。。
[ 1.94489629e-04 -2.65514504e-04 -4.98988119e-03 -1.31108188e-02
 -2.14903535e-02 -2.44990291e-02 -2.00059078e-02 -8.12536873e-03
  1.02673417e-02  3.43840098e-02  6.11711904e-02  9.06537488e-02
  1.21043883e-01  1.51687642e-01  1.81210495e-01  2.10143622e-01
  2.37602245e-01  2.63275547e-01  2.87514066e-01  3.09375532e-01
  3.29660543e-01  3.47640556e-01  3.64151032e-01  3.79639553e-01
  3.92845449e-01  4.04325701e-01  4.14878483e-01  4.24135788e-01
  4.32542778e-01  4.39547299e-01  4.46027166e-01  4.51974917e-01
  4.56521411e-01  4.60974751e-01  4.64799004e-01  4.67673411e-01
  4.71350960e-01  4.73785253e-01  4.76271619e-01  4.77947526e-01
  4.79969060e-01  4.81249612e-01  4.82806167e-01  4.84506939e-01
  4.84777969e-01  4.86090847e-01  4.86700041e-01  4.87495725e-01
  4.88405652e-01  4.88835817e-01  4.89329184e-01  4.89746916e-01
  4.90109945e-01  4.90676867e-01  4.90798706e-01  4.91189088e-01
  4.91397953e-01  4.91753524e-01  4.91656569e-01  4.92346358e-01
  4.92294142e-01  4.92003223e-01  4.92731766e-01  4.92831225e-01
  4.92604954e-01  4.93022685e-01  4.93042576e-01  4.93306145e-01
  4.93449382e-01  4.93469275e-01  4.93541382e-01  4.93829816e-01
  4.93471761e-01  4.93623437e-01  4.93936737e-01  4.93857168e-01
  4.94036197e-01  4.93911871e-01  4.94135846e-01  4.93979195e-01
  4.94349684e-01  4.94058764e-01  4.94215415e-01  4.94628174e-01
  4.94225360e-01  4.94225360e-01  4.94553578e-01  4.94894228e-01
  4.94667841e-01  4.94660381e-01  4.94685245e-01  4.94389353e-01
  4.94496271e-01  4.94384380e-01  4.94173026e-01  4.94576862e-01
  4.94477402e-01  4.94464970e-01  4.94372881e-01  4.94348018e-01
  4.94728451e-01  4.94733423e-01  4.94686180e-01  4.94701098e-01
  4.95193425e-01  4.94852776e-01  4.94308233e-01  4.94992019e-01
  4.94253457e-01  4.94919836e-01  4.94663728e-01  4.94701024e-01
  4.94822863e-01  4.94638862e-01  4.94556808e-01  4.94775620e-01
  4.94599078e-01  4.94765674e-01  4.94589028e-01  4.94539298e-01
  4.94792919e-01  4.94952056e-01  4.94770542e-01  4.94802865e-01
  4.94847622e-01  4.94932163e-01  4.94745676e-01  4.94467189e-01
  4.94502130e-01  4.94897483e-01  4.94676185e-01  4.94677650e-01
  4.94936247e-01  4.94508567e-01  4.94754732e-01  4.94871597e-01
  4.94690082e-01  4.95102841e-01  4.94712559e-01  4.94787152e-01
  4.94672774e-01  4.94976126e-01  4.94506178e-01  4.94757316e-01
  4.95023370e-01  4.94657854e-01  4.94899046e-01  4.94727477e-01
  4.94926386e-01  4.94937798e-01  4.94634443e-01  4.94840824e-01
  4.94761255e-01  4.94793581e-01  4.94559849e-01  4.94649361e-01
  4.94791094e-01  4.94746337e-01  4.94396688e-01  4.94324579e-01
  4.95015826e-01  4.94687608e-01  4.94990962e-01  4.94739824e-01
  4.95291828e-01  4.94941232e-01  4.94792041e-01  4.95120261e-01
  4.94871545e-01  4.95244520e-01  4.95090358e-01  4.94946141e-01
  4.94876518e-01  4.95177386e-01  4.95289277e-01  4.95020735e-01
  4.94876518e-01  4.94697490e-01  4.94782054e-01  4.95234595e-01
  4.94590591e-01  4.94971028e-01  4.94990919e-01  4.94953621e-01
  4.94869079e-01  4.94841729e-01  4.94971028e-01  4.94657728e-01
  4.95003466e-01  4.95192442e-01  4.95065630e-01  4.95316766e-01
  4.95075576e-01  4.95142710e-01  4.95351577e-01  4.94762276e-01
  4.95180008e-01  4.94976116e-01  4.95344124e-01  4.95135257e-01]
低温侧相对热浴温升 = 11.260212120936108K
设定电流=0.00044158380100623286,期望温差=0.5,晶中温度=296.8834037547034,温度差=0.5003694646400169
单次测量结束，时间=1358s	温度差=0.5003694646400169K	相对热导0.003935215216819806W/K	时间常数=7.892403734780177s	时间偏离=2.09666372407336s
结束小循环
等待39.46秒降温缓和
新设定点数=200个，设定电流=4.414207e-04A
开始取REL
REL=-0.013850951715557485K，开始升温。。。
[ 3.65420873e-04 -3.65608368e-04 -4.80151377e-03 -1.37305139e-02
 -2.16923761e-02 -2.41142287e-02 -1.96484718e-02 -7.91218412e-03
  1.02392790e-02  3.45299184e-02  6.13045651e-02  9.08889632e-02
  1.21209366e-01  1.51604363e-01  1.82083902e-01  2.10614023e-01
  2.37982948e-01  2.63857485e-01  2.87720444e-01  3.09730957e-01
  3.29926295e-01  3.47684888e-01  3.64560774e-01  3.79758272e-01
  3.92668188e-01  4.04663072e-01  4.15357514e-01  4.24510326e-01
  4.32767998e-01  4.39578525e-01  4.46182579e-01  4.51906505e-01
  4.56722857e-01  4.61153802e-01  4.64876093e-01  4.68374600e-01
  4.71405646e-01  4.74009011e-01  4.76204593e-01  4.78171414e-01
  4.80078564e-01  4.81667437e-01  4.82818687e-01  4.83818261e-01
  4.85063998e-01  4.85807462e-01  4.87035792e-01  4.87896122e-01
  4.88204449e-01  4.88929060e-01  4.89063382e-01  4.89816789e-01
  4.90314088e-01  4.90567710e-01  4.90806413e-01  4.91092361e-01
  4.91460362e-01  4.91803498e-01  4.91880580e-01  4.92248581e-01
  4.92740936e-01  4.92897586e-01  4.92763315e-01  4.92646449e-01
  4.93051748e-01  4.92872720e-01  4.92967207e-01  4.93071641e-01
  4.93476938e-01  4.93397372e-01  4.93310398e-01  4.93258182e-01
  4.93588885e-01  4.93867372e-01  4.93633642e-01  4.93583912e-01
  4.93983213e-01  4.94127432e-01  4.93776835e-01  4.94159755e-01
  4.93853981e-01  4.94241876e-01  4.94087712e-01  4.93819169e-01
  4.94231929e-01  4.94408470e-01  4.94294092e-01  4.94281658e-01
  4.94187171e-01  4.94495498e-01  4.94264324e-01  4.94903355e-01
  4.94356324e-01  4.94430920e-01  4.94873518e-01  4.94736761e-01
  4.94485623e-01  4.94194703e-01  4.94637301e-01  4.94582596e-01
  4.94105209e-01  4.94281749e-01  4.94416020e-01  4.94520455e-01
  4.94393643e-01  4.94769104e-01  4.94485643e-01  4.94679590e-01
  4.94443373e-01  4.94478184e-01  4.94778885e-01  4.94562559e-01
  4.94383530e-01  4.94975318e-01  4.94378558e-01  4.94813694e-01
  4.94574991e-01  4.94662018e-01  4.94545152e-01  4.94582450e-01
  4.94602306e-01  4.94713177e-01  4.94449609e-01  4.94340201e-01
  4.94519230e-01  4.94651015e-01  4.94389931e-01  4.94496852e-01
  4.94601285e-01  4.94526689e-01  4.94592331e-01  4.94806171e-01
  4.94477953e-01  4.94423251e-01  4.95109525e-01  4.94535142e-01
  4.94773846e-01  4.94659468e-01  4.94522710e-01  4.94731575e-01
  4.94910680e-01  4.94843545e-01  4.94490462e-01  4.94905707e-01
  4.94699329e-01  4.94353704e-01  4.95228952e-01  4.94622246e-01
  4.94699329e-01  4.95079763e-01  4.94522906e-01  4.94858585e-01
  4.94726801e-01  4.94823774e-01  4.94552745e-01  4.94562691e-01
  4.94706907e-01  4.94721828e-01  4.94689503e-01  4.94736746e-01
  4.94632322e-01  4.94373725e-01  4.94575133e-01  4.94975460e-01
  4.94577619e-01  4.94498051e-01  4.94629835e-01  4.94460753e-01
  4.94662161e-01  4.95027676e-01  4.94632287e-01  4.94430879e-01
  4.94614880e-01  4.94788936e-01  4.94659637e-01  4.94547745e-01
  4.94231959e-01  4.94219525e-01  4.94609907e-01  4.94634773e-01
  4.94547743e-01  4.94811313e-01  4.94438338e-01  4.94764070e-01
  4.94372668e-01  4.94810293e-01  4.94551695e-01  4.94492020e-01
  4.94487047e-01  4.94235910e-01  4.94864909e-01  4.94750531e-01
  4.94514313e-01  4.94735610e-01  4.94593879e-01  4.94770422e-01
  4.94516799e-01  4.94678421e-01  4.94469555e-01  4.95093668e-01]
低温侧相对热浴温升 = 11.257731397471296K
设定电流=0.0004414207417675287,期望温差=0.5,晶中温度=296.8706334579897,温度差=0.5001989847508815
单次测量结束，时间=1512s	温度差=0.5001989847508815K	相对热导0.003933651128934459W/K	时间常数=7.879336805144083s	时间偏离=2.0947825784404377s
结束小循环
等待39.4秒降温缓和
新设定点数=200个，设定电流=4.413329e-04A
开始取REL
REL=-0.013826805287035018K，开始升温。。。
[-1.93936351e-05 -2.95396981e-04 -4.66172105e-03 -1.33472075e-02
 -2.15825765e-02 -2.43326727e-02 -2.02796376e-02 -7.82960955e-03
  1.07223509e-02  3.39962248e-02  6.07338279e-02  9.05124513e-02
  1.20810758e-01  1.51387556e-01  1.81459589e-01  2.10213763e-01
  2.37503374e-01  2.63661618e-01  2.87629231e-01  3.09446002e-01
  3.30061780e-01  3.47988608e-01  3.64573627e-01  3.79480296e-01
  3.92860244e-01  4.04671201e-01  4.15035004e-01  4.24458902e-01
  4.32475433e-01  4.39989688e-01  4.46457118e-01  4.51484856e-01
  4.57034657e-01  4.61147357e-01  4.65031295e-01  4.68278684e-01
  4.71486291e-01  4.73771401e-01  4.76479216e-01  4.78178923e-01
  4.80143278e-01  4.81456161e-01  4.82689459e-01  4.83870559e-01
  4.85171011e-01  4.85486799e-01  4.87068228e-01  4.87568020e-01
  4.88050406e-01  4.88873446e-01  4.89728809e-01  4.89868055e-01
  4.90196391e-01  4.90760831e-01  4.90855319e-01  4.91322785e-01
  4.91499329e-01  4.92112041e-01  4.92092150e-01  4.92388044e-01
  4.92340801e-01  4.93081784e-01  4.92865488e-01  4.92693920e-01
  4.93447333e-01  4.92930138e-01  4.93443385e-01  4.93532899e-01
  4.93749226e-01  4.93607495e-01  4.93682089e-01  4.94022742e-01
  4.94057483e-01  4.94226567e-01  4.94146998e-01  4.94154457e-01
  4.94129593e-01  4.94194242e-01  4.94609488e-01  4.94064943e-01
  4.94316081e-01  4.94634355e-01  4.94373281e-01  4.94164413e-01
  4.94506087e-01  4.94481221e-01  4.94709979e-01  4.94496141e-01
  4.94550844e-01  4.94354411e-01  4.94632899e-01  4.94650304e-01
  4.94558206e-01  4.94596970e-01  4.94960000e-01  4.94651673e-01
  4.94858054e-01  4.94902811e-01  4.94656646e-01  4.94805838e-01
  4.94552213e-01  4.94902811e-01  4.94844819e-01  4.94675737e-01
  4.94892063e-01  4.94653357e-01  4.94854767e-01  4.94966659e-01
  4.94730440e-01  4.94727954e-01  4.94767738e-01  4.94753838e-01
  4.94507853e-01  4.94855966e-01  4.94995210e-01  4.95273699e-01
  4.94855966e-01  4.95087211e-01  4.94848504e-01  4.94823640e-01
  4.94957912e-01  4.94855966e-01  4.95064895e-01  4.95000245e-01
  4.95035056e-01  4.94801325e-01  4.95151921e-01  4.95176787e-01
  4.95035056e-01  4.95348357e-01  4.95134516e-01  4.94893325e-01
  4.94689383e-01  4.95104630e-01  4.95136955e-01  4.95159333e-01
  4.94773925e-01  4.94841060e-01  4.94985277e-01  4.94711761e-01
  4.94903222e-01  4.95119548e-01  4.94972680e-01  4.94798624e-01
  4.95184032e-01  4.95271060e-01  4.95146734e-01  4.94563427e-01
  4.95336729e-01  4.94866779e-01  4.95100512e-01  4.95020943e-01
  4.95008400e-01  4.94906454e-01  4.95145157e-01  4.95371429e-01
  4.94834344e-01  4.94995968e-01  4.94797046e-01  4.94923858e-01
  4.94990995e-01  4.95165048e-01  4.94951106e-01  4.94831753e-01
  4.94985915e-01  4.95067970e-01  4.95132620e-01  4.94784509e-01
  4.94961051e-01  4.95082888e-01  4.95301701e-01  4.94665156e-01
  4.95155198e-01  4.94973683e-01  4.95124340e-01  4.95166611e-01
  4.95057205e-01  4.94937852e-01  4.94920447e-01  4.94855796e-01
  4.95348126e-01  4.94629524e-01  4.95007539e-01  4.95118412e-01
  4.94785219e-01  4.95011493e-01  4.94568892e-01  4.94847382e-01
  4.94926951e-01  4.94708137e-01  4.95205440e-01  4.95374524e-01
  4.94917059e-01  4.94713165e-01  4.94857383e-01  4.95023980e-01
  4.95302470e-01  4.94670894e-01  4.94651003e-01  4.94827546e-01]
低温侧相对热浴温升 = 11.26186557594103K
设定电流=0.00044133293197953826,期望温差=0.5,晶中温度=296.87461323720754,温度差=0.5005077832547223
单次测量结束，时间=1665s	温度差=0.5005077832547223K	相对热导0.00392966029754278W/K	时间常数=7.890843677942054s	时间偏离=2.0972528408354907s
结束小循环
等待39.45秒降温缓和
新设定点数=200个，设定电流=4.411090e-04A
开始取REL
REL=-0.013892132765953247K，开始升温。。。
