
创建文件成功

新设定点数=200个，设定电流=2.000000e-04A
开始取REL
REL=-1.4090778818171792K，开始升温。。。
[-3.62736529e-02 -6.99458823e-02 -7.55245165e-02 -7.47896053e-02
 -7.49232255e-02 -7.37540501e-02 -8.09695304e-02 -7.75744780e-02
 -8.00073225e-02 -8.11070993e-02 -8.19735934e-02 -7.79410703e-02
 -7.78744169e-02 -7.96740556e-02 -7.35086268e-02 -7.94074420e-02
 -7.10218855e-02 -6.77762838e-02 -6.96311067e-02 -7.34732403e-02
 -7.09228590e-02 -7.22808550e-02 -6.77762838e-02 -7.02273007e-02
 -7.14528092e-02 -6.38530645e-02 -6.30625026e-02 -5.87806912e-02
 -5.63760695e-02 -6.50722393e-02 -6.33264165e-02 -6.24699772e-02
 -6.34581769e-02 -6.45781395e-02 -5.52961418e-02 -5.72624687e-02
 -5.40835733e-02 -5.48372501e-02 -5.78522860e-02 -5.44439869e-02
 -5.45095285e-02 -5.20516207e-02 -5.74262493e-02 -4.53677576e-02
 -4.74875338e-02 -4.80745499e-02 -4.67700724e-02 -5.22164839e-02
 -5.16294705e-02 -4.46831205e-02 -5.18903666e-02 -4.92487956e-02
 -4.29948999e-02 -4.39039778e-02 -4.23780269e-02 -4.03001373e-02
 -4.25403636e-02 -4.07869616e-02 -4.50076750e-02 -4.23453782e-02
 -4.00726861e-02 -3.78544741e-02 -3.63349103e-02 -3.69168714e-02
 -3.63349103e-02 -3.46213595e-02 -3.27461542e-02 -3.56235093e-02
 -3.71430730e-02 -3.67874288e-02 -2.96258950e-02 -3.10748511e-02
 -2.77261487e-02 -2.62449922e-02 -3.48099455e-02 -2.99800839e-02
 -2.85955234e-02 -2.89496082e-02 -2.65990769e-02 -2.67641634e-02
 -2.47753083e-02 -2.61546760e-02 -2.96832894e-02 -2.90096453e-02
 -2.61225990e-02 -2.40375075e-02 -2.71170266e-02 -2.11501687e-02
 -2.09115258e-02 -1.95051715e-02 -2.04960107e-02 -2.38201157e-02
 -1.45190140e-02 -1.96010606e-02 -2.10713375e-02 -2.04320855e-02
 -1.88339582e-02 -1.46680459e-02 -1.46680459e-02 -1.64199548e-02
 -2.04015683e-02 -1.30116972e-02 -1.11642281e-02 -1.46680459e-02
 -1.55917805e-02 -1.29798429e-02 -1.32803444e-02 -9.34348827e-03
 -8.61335238e-03 -9.88315553e-03 -1.12799421e-02 -1.05498036e-02
 -1.04863132e-02 -1.00101364e-02 -1.32481399e-02 -6.54653359e-03
 -7.68577917e-03 -9.67949370e-03 -8.41366499e-03 -4.96428378e-03
 -7.33771098e-03 -6.54656770e-03 -9.48961900e-03 -8.63518416e-03
 -3.22823566e-03 -4.42714993e-03 -6.41482401e-03 -5.14795423e-04
 -4.42704006e-03 -7.39277660e-03 -5.43665428e-03 -6.09445448e-04
 -3.60673112e-03  3.50128241e-03  4.81617769e-04 -8.45708179e-05
  1.17362343e-03  3.02895392e-03  1.70784982e-03 -3.05259934e-04
  3.86745730e-04  2.93459046e-03  3.28351534e-03  7.51816270e-03
  6.73396836e-03  5.32242010e-03  2.21701186e-03  4.94565768e-03
  6.10626593e-03  3.34590247e-03  2.71854596e-03  1.05064541e-02
  5.68892069e-03  1.07567159e-02  9.78695246e-03  5.50122429e-03
  1.08192814e-02  7.25329606e-03  8.72358329e-03  8.84871423e-03
  1.18309826e-02  9.61642655e-03  1.20805107e-02  1.35464874e-02
  1.14566929e-02  8.86784204e-03  9.99071622e-03  1.56982063e-02
  1.57917780e-02  1.86972091e-02  2.00660448e-02  1.49017992e-02
  1.02042043e-02  1.52128988e-02  1.50884589e-02  1.57106581e-02
  1.78572415e-02  1.48085480e-02  2.11217036e-02  1.76148469e-02
  1.96010323e-02  1.82044952e-02  1.85769054e-02  1.75838140e-02
  1.71493354e-02  1.72734721e-02  1.63734820e-02  2.60013862e-02
  2.28746014e-02  2.11099820e-02  2.39581407e-02  2.42677238e-02
  2.05836922e-02  2.21006452e-02  2.30293942e-02  1.99954857e-02
  2.38898752e-02  2.61443537e-02  2.78431158e-02  2.35189921e-02]
低温侧相对热浴温升 = 5.53575038627751K
设定电流=0.0002,期望温差=0.1,晶中温度=12.304517780965869,温度差=0.005632762775062405
单次测量结束，时间=122s	温度差=0.005632762775062405K	相对热导0.10037650713766144W/K	时间常数=1s	时间偏离=0.5s
结束小循环
等待30秒降温缓和
新设定点数=200个，设定电流=3.000000e-04A
开始取REL
REL=-1.318114636204586K，开始升温。。。
[-0.04033999 -0.09382055 -0.10719099 -0.117482   -0.12962979 -0.14077052
 -0.15279243 -0.15933844 -0.16257995 -0.17063652 -0.17324861 -0.17316027
 -0.17528823 -0.18035777 -0.18132786 -0.18239184 -0.18620964 -0.18414435
 -0.1872737  -0.1882125  -0.18001865 -0.17946017 -0.17735037 -0.181601
 -0.17626444 -0.18001865 -0.1846416  -0.18544839 -0.18414528 -0.17092932
 -0.16969803 -0.17006742 -0.17203748 -0.17271469 -0.16822048 -0.17397676
 -0.17105245 -0.17117534 -0.16247318 -0.15990635 -0.16393994 -0.16109809
 -0.16216761 -0.16158701 -0.1617398  -0.16100642 -0.16253429 -0.15796514
 -0.15113825 -0.15229124 -0.1491357  -0.15247329 -0.15156303 -0.15362627
 -0.15729762 -0.15459721 -0.14317162 -0.14374441 -0.14552328 -0.15215637
 -0.1468499  -0.14446802 -0.14214644 -0.14368411 -0.14407606 -0.13742442
 -0.13526653 -0.13934252 -0.13829355 -0.13877308 -0.13490687 -0.13853331
 -0.13904281 -0.13529649 -0.13356497 -0.13112145 -0.12909511 -0.12805213
 -0.13037646 -0.1258172  -0.12861831 -0.13022746 -0.12688996 -0.12304839
 -0.12121069 -0.12444149 -0.12097356 -0.11934304 -0.1222478  -0.12464867
 -0.12411515 -0.12358162 -0.11455561 -0.11449663 -0.11370033 -0.11476206
 -0.11659059 -0.11635459 -0.11600068 -0.11647256 -0.11777023 -0.10906299
 -0.11146957 -0.10976736 -0.10885755 -0.11249677 -0.10988475 -0.10926805
 -0.11293662 -0.10744843 -0.10107011 -0.0999891  -0.09987223 -0.10282311
 -0.10147915 -0.10276468 -0.10378726 -0.10197599 -0.10250189 -0.09485544
 -0.09756102 -0.09697917 -0.09665916 -0.10006296 -0.09520454 -0.09788104
 -0.10006296 -0.09767782 -0.08801518 -0.09659029 -0.0902169  -0.09256346
 -0.09108599 -0.08966647 -0.08885531 -0.09340359 -0.09192612 -0.08588115
 -0.09153677 -0.08862239 -0.08602542 -0.08859354 -0.08637169 -0.08290906
 -0.08478465 -0.08455381 -0.08251582 -0.08294729 -0.08277481 -0.07923892
 -0.07814653 -0.08027381 -0.08084875 -0.08194114 -0.08176866 -0.07763607
 -0.07806566 -0.076777   -0.07422805 -0.07588916 -0.07457173 -0.07070534
 -0.0723951  -0.07477221 -0.06559626 -0.07070499 -0.06810782 -0.06793677
 -0.07061956 -0.07150432 -0.07110475 -0.07164702 -0.07013438 -0.06428759
 -0.06445826 -0.06047608 -0.06653469 -0.06317792 -0.06363303 -0.06593701
 -0.06494146 -0.066961   -0.0615583  -0.06005581 -0.061615   -0.0601125
 -0.06082123 -0.06334456 -0.06314612 -0.06107665 -0.06317447 -0.05577944
 -0.05674029 -0.05722072 -0.05753158 -0.05787071 -0.0574468  -0.0582663
 -0.0566272  -0.05583591]
低温侧相对热浴温升 = 13.17210802368987K
设定电流=0.0003,期望温差=0.1,晶中温度=20.886017181563236,温度差=0.08185254210742259
单次测量结束，时间=263s	温度差=0.08185254210742259K	相对热导0.014965430621947853W/K	时间常数=1s	时间偏离=0.5s
结束小循环
等待30秒降温缓和
新设定点数=200个，设定电流=3.000000e-04A
开始取REL
REL=-1.2201241008969506K，开始升温。。。
[-0.04102477 -0.09045636 -0.107245   -0.11594589 -0.12893884 -0.13907042
 -0.1484432  -0.15384308 -0.16397271 -0.16692111 -0.17407315 -0.1778973
 -0.18361894 -0.18653814 -0.19009957 -0.18139776 -0.18633735 -0.18659888
 -0.18723812 -0.18866189 -0.19421166 -0.19357242 -0.19028905 -0.19159658
 -0.18711531 -0.18763562 -0.18778015 -0.19272312 -0.18613258 -0.19257859
 -0.18815599 -0.19095986 -0.18928332 -0.18336954 -0.17833565 -0.18466397
 -0.18377225 -0.18526806 -0.18219019 -0.18624607 -0.18641866 -0.18503794
 -0.17630851 -0.17945752 -0.17971517 -0.17799753 -0.17919988 -0.17742505
 -0.1771674  -0.17816936 -0.17985838 -0.17394637 -0.17371835 -0.17158062
 -0.17380386 -0.17457344 -0.1761126  -0.17175177 -0.17072566 -0.17457357
 -0.16883549 -0.16630911 -0.16963031 -0.17005611 -0.16838131 -0.16752972
 -0.16764327 -0.16928991 -0.16795575 -0.16240736 -0.15827968 -0.15827968
 -0.16167229 -0.15844931 -0.16373613 -0.16252044 -0.16223773 -0.16285984
 -0.16016651 -0.15740613 -0.15878632 -0.15478658 -0.15627944 -0.16171571
 -0.15565977 -0.16022285 -0.15602594 -0.15301184 -0.15250664 -0.15522913
 -0.15668862 -0.15696928 -0.15301184 -0.15360125 -0.15231017 -0.15402225
 -0.15073224 -0.14877443 -0.14958557 -0.14835488 -0.14919399 -0.14849473
 -0.14978136 -0.1489982  -0.14994918 -0.14238103 -0.14544769 -0.14812373
 -0.14667404 -0.14901585 -0.14631161 -0.15046555 -0.14606071 -0.14550313
 -0.14208196 -0.14127596 -0.13963617 -0.14619499 -0.14083094 -0.14188707
 -0.14263748 -0.14391596 -0.14124783 -0.13959339 -0.13588047 -0.13790318
 -0.14067401 -0.13926082 -0.13818019 -0.13995352 -0.13903915 -0.1388729
 -0.13477352 -0.1365141  -0.13344737 -0.13872434 -0.13546423 -0.13582326
 -0.13623768 -0.13797825 -0.13294994 -0.13202414 -0.13188639 -0.12811187
 -0.13045372 -0.13458641 -0.13125271 -0.13276815 -0.13411817 -0.13070181
 -0.12943021 -0.12717732 -0.12827629 -0.1280565  -0.12921042 -0.12838619
 -0.12594097 -0.12808418 -0.12822156 -0.12220181 -0.1234897  -0.12381852
 -0.12573666 -0.12521602 -0.12644911 -0.12318828 -0.12521602 -0.12477777
 -0.12177259 -0.12138993 -0.11964062 -0.12010528 -0.11761799 -0.12062461
 -0.12376789 -0.12251058 -0.12048794 -0.11761914 -0.12031838 -0.11581965
 -0.11887333 -0.11650128 -0.11895513 -0.11573786 -0.11920051 -0.12015479
 -0.11834455 -0.11684813 -0.11576007 -0.11516164 -0.11997631 -0.11717455
 -0.11556966 -0.11388316 -0.11597768 -0.11424816 -0.11308117 -0.11275547
 -0.115198   -0.11386818]
低温侧相对热浴温升 = 12.79430685017489K
设定电流=0.0003,期望温差=0.1,晶中温度=20.913104920725953,温度差=0.1304510463073767
单次测量结束，时间=403s	温度差=0.1304510463073767K	相对热导0.00925954244951808W/K	时间常数=1s	时间偏离=0.5s
结束小循环
等待30秒降温缓和
新设定点数=200个，设定电流=2.626621e-04A
开始取REL
REL=-1.1786721553388668K，开始升温。。。
[-0.03354755 -0.08120196 -0.09417891 -0.10162239 -0.10788616 -0.11527346
 -0.12372814 -0.1277163  -0.13218239 -0.13687319 -0.13735123 -0.13864169
 -0.14327048 -0.14366323 -0.14834813 -0.14618803 -0.15202311 -0.14705756
 -0.15132166 -0.14555949 -0.14706981 -0.14469245 -0.14866404 -0.14687403
 -0.14723762 -0.15034217 -0.14751731 -0.14849614 -0.14373473 -0.14261935
 -0.14273089 -0.14518472 -0.1471924  -0.14462703 -0.14473857 -0.14454338
 -0.1393011  -0.13954822 -0.13965944 -0.14043803 -0.1428016  -0.14263476
 -0.14355239 -0.13879744 -0.14015997 -0.13787982 -0.13707305 -0.14170499
 -0.14070651 -0.1376833  -0.13870953 -0.13796066 -0.13335652 -0.13893141
 -0.14220424 -0.13425904 -0.13348445 -0.14062169 -0.13799364 -0.13298652
 -0.13508896 -0.13376111 -0.13539326 -0.13602952 -0.13380739 -0.13176511
 -0.13239987 -0.13168217 -0.13361405 -0.13416602 -0.13375204 -0.13543554
 -0.13237213 -0.13044779 -0.13240287 -0.12945648 -0.13320143 -0.12849275
 -0.13300871 -0.13185219 -0.13510147 -0.12796956 -0.12681337 -0.12755514
 -0.12645622 -0.12560455 -0.1301651  -0.12961579 -0.12700584 -0.12554976
 -0.13041251 -0.1209576  -0.12306862 -0.12515221 -0.12238322 -0.12570053
 -0.12575536 -0.12589235 -0.12501504 -0.12339752 -0.12178795 -0.12165114
 -0.12178795 -0.12192475 -0.12356638 -0.12266348 -0.12364846 -0.12348473
 -0.12217143 -0.12268514 -0.12071908 -0.1216748  -0.12197517 -0.12249399
 -0.119108   -0.12014564 -0.12071908 -0.12115574 -0.11885212 -0.12089621
 -0.11991505 -0.11631744 -0.11500922 -0.1184433  -0.12029661 -0.1199423
 -0.11612666 -0.11554038 -0.11515951 -0.1156764  -0.11496907 -0.11466982
 -0.11679181 -0.11613889 -0.11271105 -0.11145962 -0.11206731 -0.11350611
 -0.11217556 -0.11461944 -0.11356042 -0.11415782 -0.11502675 -0.11567846
 -0.11236563 -0.11044136 -0.11353155 -0.11149841 -0.11206766 -0.11342301
 -0.11353144 -0.1126369  -0.11599817 -0.10973646 -0.10710963 -0.1091123
 -0.11003244 -0.11241455 -0.11144028 -0.10784088 -0.10878809 -0.11092608
 -0.11035775 -0.10907615 -0.11067021 -0.10826561 -0.10921124 -0.10634746
 -0.10621237 -0.10829276 -0.11199423 -0.10629342 -0.10371969 -0.10450198
 -0.10579679 -0.10768506 -0.10595864 -0.10741556 -0.10566217 -0.10180471
 -0.10649841 -0.10292438 -0.10556376 -0.10375928 -0.10284358 -0.10384008
 -0.1020356  -0.1007965  -0.10375907 -0.10338201 -0.10344255 -0.10166776
 -0.09792993 -0.10266272 -0.09975851 -0.09938204 -0.100377   -0.10322696
 -0.1034152  -0.10333736]
低温侧相对热浴温升 = 9.224894759072363K
设定电流=0.0002626621357866791,期望温差=0.1,晶中温度=17.478334247697,温度差=0.1118583353390096
单次测量结束，时间=544s	温度差=0.1118583353390096K	相对热导0.008246087560600935W/K	时间常数=1s	时间偏离=0.5s
结束小循环
等待30秒降温缓和
新设定点数=200个，设定电流=2.483495e-04A
开始取REL
REL=-1.1751898947064525K，开始升温。。。
[-0.03155831 -0.07293819 -0.08402258 -0.09151352 -0.09845163 -0.10962209
 -0.11451714 -0.11733822 -0.12311825 -0.12469462 -0.12654754 -0.12671348
 -0.12842813 -0.12834516 -0.1276347  -0.13216007 -0.13249119 -0.13163563
 -0.1330705  -0.13431222 -0.13111135 -0.13323607 -0.13445019 -0.13090848
 -0.12900942 -0.12554158 -0.12768834 -0.1331104  -0.12757837 -0.12757837
 -0.13022053 -0.13074346 -0.12442513 -0.12618231 -0.12771984 -0.13010851
 -0.12538609 -0.12609949 -0.12703299 -0.12747228 -0.1257151  -0.12337706
 -0.12337706 -0.12206227 -0.12745841 -0.12477403 -0.12173357 -0.12507505
 -0.12428069 -0.123952   -0.12097774 -0.1189551  -0.12447635 -0.12040375
 -0.12382036 -0.12269971 -0.12092307 -0.12168855 -0.12095057 -0.11974811
 -0.11884798 -0.11492017 -0.11857522 -0.12190295 -0.11942079 -0.11734778
 -0.1168568  -0.1163112  -0.10960929 -0.11538018 -0.11423689 -0.11777564
 -0.11638736 -0.11687734 -0.11456355 -0.11440022 -0.1154074  -0.11142632
 -0.11066559 -0.11292064 -0.11221423 -0.11254027 -0.11085577 -0.10922561
 -0.11245876 -0.10830186 -0.10842596 -0.1111109  -0.11173465 -0.10934812
 -0.10788365 -0.10872436 -0.10896844 -0.11246688 -0.11338895 -0.10789053
 -0.11086836 -0.10691594 -0.10778222 -0.1068618  -0.10594138 -0.10810707
 -0.108838   -0.10656402 -0.10605016 -0.10369919 -0.10548268 -0.10551014
 -0.10618571 -0.10634784 -0.106537   -0.10505075 -0.10580739 -0.10296887
 -0.10067578 -0.10145813 -0.10410193 -0.10075656 -0.10385898 -0.10159286
 -0.10099936 -0.1017817  -0.10013224 -0.10088638 -0.10002451 -0.09948583
 -0.10457629 -0.10045527 -0.10269076 -0.10188275 -0.10252916 -0.09762059
 -0.09810462 -0.09969118 -0.09996009 -0.09856176 -0.09888445 -0.10030967
 -0.09891135 -0.09856177 -0.09988851 -0.09841187 -0.09553914 -0.0954049
 -0.09744534 -0.09561968 -0.09752589 -0.09680104 -0.0959956  -0.09383827
 -0.09649254 -0.09743093 -0.09804758 -0.09370421 -0.096144   -0.09619763
 -0.09552735 -0.09740388 -0.09314666 -0.09475274 -0.0913532  -0.09389617
 -0.09207594 -0.09475274 -0.09151381 -0.09518103 -0.09336081 -0.09162786
 -0.09267032 -0.08825991 -0.09267032 -0.09160113 -0.09336529 -0.09117345
 -0.09176151 -0.09045175 -0.08981984 -0.08891223 -0.09139497 -0.08896562
 -0.09219585 -0.09219585 -0.08917919 -0.08835161 -0.0911814  -0.0860574
 -0.08669716 -0.08786953 -0.08882917 -0.0891224  -0.08608354 -0.08949559
 -0.08682993 -0.08613685 -0.08643199 -0.08289129 -0.08398278 -0.0874172
 -0.08874829 -0.0884022 ]
低温侧相对热浴温升 = 8.035578541335191K
设定电流=0.0002483495030820817,期望温差=0.1,晶中温度=16.398851800056725,温度差=0.0961980903312979
单次测量结束，时间=685s	温度差=0.0961980903312979K	相对热导0.008545786892633264W/K	时间常数=1s	时间偏离=0.5s
结束小循环
等待30秒降温缓和
新设定点数=200个，设定电流=2.532095e-04A
开始取REL
