
创建文件成功

新设定点数=200个，设定电流=8.000000e-05A
开始取REL
REL=-0.34050427466196687K，开始升温。。。
[-0.01133514 -0.01165667 -0.01151531 -0.01175922 -0.01151531 -0.01186732
 -0.01163449 -0.01190335 -0.01236112 -0.01257735 -0.01275199 -0.01264942
 -0.01272981 -0.01305136 -0.01293493 -0.01316224 -0.0133729  -0.01356105
 -0.01381608 -0.01348897 -0.01404617 -0.01388261 -0.01389925 -0.01424299
 -0.01444536 -0.01443427 -0.01426297 -0.01459565 -0.01488674 -0.01512229
 -0.01501971 -0.01491714 -0.01522486 -0.01505298 -0.01535794 -0.01558683
 -0.01546761 -0.01546761 -0.01602212 -0.01590013 -0.01614966 -0.01631047
 -0.01600826 -0.01604707 -0.01637684 -0.0160968  -0.01646003 -0.01664302
 -0.01615502 -0.0164267  -0.01664297 -0.01652652 -0.01652097 -0.01630176
 -0.01654855 -0.01679256 -0.01680088 -0.01680643 -0.01686188 -0.01725563
 -0.01696725 -0.01708926 -0.01709282 -0.01746719 -0.01737568 -0.01743391
 -0.01729526 -0.01745887 -0.01739509 -0.01731739 -0.01759747 -0.01753551
 -0.01808459 -0.01760206 -0.01804299 -0.01778509 -0.01776845 -0.01820106
 -0.01789047 -0.01791817 -0.01810204 -0.01804935 -0.01798279 -0.01798556
 -0.01846536 -0.01792177 -0.01840157 -0.01849587 -0.01819357 -0.01849394
 -0.01856606 -0.01861876 -0.01876853 -0.01880182 -0.01849394 -0.01894604
 -0.01905144 -0.01889889 -0.01877038 -0.0189146  -0.01877314 -0.01931125
 -0.01933899 -0.01909767 -0.01903942 -0.0193168  -0.01924468 -0.01919661
 -0.01949341 -0.01932428 -0.01936312 -0.01941027 -0.01964327 -0.01935757
 -0.01956561 -0.01994007 -0.01967761 -0.01976916 -0.01990232 -0.01980243
 -0.01995779 -0.02013533 -0.01996611 -0.01992727 -0.0198912  -0.01988667
 -0.01958981 -0.01979234 -0.01980899 -0.01968985 -0.0200311  -0.02006439
 -0.01960107 -0.02044171 -0.02020227 -0.02022724 -0.0197306  -0.01967511
 -0.0197084  -0.01968059 -0.01996915 -0.0201051  -0.01990533 -0.02005247
 -0.01982772 -0.01992483 -0.01971118 -0.02001085 -0.01980275 -0.0199443
 -0.01984441 -0.01989436 -0.01991019 -0.01986579 -0.01990187 -0.01995182
 -0.01951893 -0.01986857 -0.02044853 -0.01995733 -0.0202376  -0.02010172
 -0.0202488  -0.02001015 -0.0202266  -0.02013225 -0.02046527 -0.02038479
 -0.02028766 -0.02052623 -0.02060779 -0.01962255 -0.02020259 -0.02033581
 -0.0204496  -0.02048568 -0.0202692  -0.02033026 -0.02038576 -0.02014455
 -0.02024169 -0.01984756 -0.02033329 -0.02046096 -0.01996691 -0.02032773
 -0.01990585 -0.02007238 -0.02013816 -0.01993824 -0.02049616 -0.02034349
 -0.01992991 -0.01996599 -0.0200909  -0.02004649 -0.01995489 -0.01992907
 -0.01972365 -0.01972094]
设定电流=8e-05,期望温差=0.5,晶中温度=183.64926086774025,温度差=-0.02073381458386885
单次测量结束，时间=118s	设定温度=300	温度差=-0.02073381458386885K	相对热导-0.003133801676437852W/K	时间常数=29.612846684482268s	时间偏离=-22.661518028105085s
结束小循环
等待148.1秒降温缓和
