
创建文件成功

新设定点数=200个，设定电流=1.000000e-04A
开始取REL
REL=-0.03790545691442727K，开始升温。。。
[-0.0036733  -0.00342975 -0.00377023 -0.0045481  -0.00598454 -0.00751046
 -0.00839271 -0.00995356 -0.01109924 -0.01189451 -0.01261025 -0.01274445
 -0.0135422  -0.01336078 -0.01338066 -0.01354717 -0.01346576 -0.01314019
 -0.01341356 -0.01284941 -0.01299107 -0.01257604 -0.01232751 -0.01174348
 -0.01190999 -0.01124715 -0.01127697 -0.01065814 -0.01038724 -0.01050405
 -0.01031766 -0.00976095 -0.00972367 -0.00955219 -0.0094931  -0.00913521
 -0.00929179 -0.00864313 -0.00867295 -0.0090209  -0.0084617  -0.00881462
 -0.00832004 -0.00821606 -0.00873798 -0.00842732 -0.00849193 -0.00781095
 -0.00796752 -0.00800977 -0.00789048 -0.00798989 -0.00812242 -0.00809011
 -0.00786891 -0.00774713 -0.00777695 -0.00792857 -0.00753091 -0.00773719
 -0.00711833 -0.00773524 -0.00753392 -0.00735746 -0.00742954 -0.00721331
 -0.00760103 -0.00744197 -0.00760352 -0.00711886 -0.00747716 -0.00754675
 -0.00730318 -0.00759398 -0.00728827 -0.00730815 -0.00745728 -0.00708943
 -0.00786737 -0.00764657 -0.00757449 -0.00759189 -0.00756206 -0.00767888
 -0.00763662 -0.007572   -0.00787026 -0.00807407 -0.00777675 -0.00783392
 -0.00808744 -0.00774693 -0.00767982 -0.00777178 -0.00787866 -0.0080949
 -0.00766242 -0.00805097 -0.00791427 -0.00827218 -0.00829455 -0.00812057
 -0.00854559 -0.00846109 -0.00867981 -0.00857045 -0.00870978 -0.00851093
 -0.00841648 -0.00891607 -0.00868243 -0.00857058 -0.00864018 -0.00891607
 -0.00858798 -0.00913301 -0.00882231 -0.0086359  -0.0088248  -0.00877758
 -0.00827549 -0.00904602 -0.00877012 -0.00897642 -0.00866144 -0.00888018
 -0.00882798 -0.00854709 -0.00865646 -0.00885779 -0.00919335 -0.00844518
 -0.00902433 -0.00883625 -0.00900528 -0.00863243 -0.00876665 -0.00900279
 -0.00907238 -0.00899036 -0.00934084 -0.00905747 -0.00897848 -0.00935631
 -0.00910774 -0.00941348 -0.00906548 -0.00950048 -0.00919723 -0.0092718
 -0.0092022  -0.00988122 -0.00946362 -0.0092051  -0.0093965  -0.0093443
 -0.00912556 -0.0094661  -0.00921007 -0.00911064 -0.00893762 -0.00860452
 -0.00866667 -0.00890779 -0.00895502 -0.00912156 -0.00883818 -0.00891774
 -0.00873379 -0.00843066 -0.00846795 -0.00862704 -0.00867675 -0.00864693
 -0.00869167 -0.00854749 -0.00843812 -0.0089676  -0.00851118 -0.00858575
 -0.00860067 -0.00863299 -0.00897106 -0.00861807 -0.00871005 -0.00898846
 -0.00897603 -0.00909093 -0.0092202  -0.0094663  -0.00871308 -0.00913816
 -0.00921274 -0.00908347 -0.00918788 -0.00961545 -0.00939932 -0.00922779
 -0.00951615 -0.00989152]
低温侧相对热浴温升 = 0.5147634285594284K
设定电流=0.0001,期望温差=0.5,晶中温度=287.2694922551561,温度差=0.00896126008382494
单次测量结束，时间=138s	温度差=0.00896126008382494K	相对热导0.011268106050611019W/K	时间常数=1.2947672025431067s	时间偏离=0.29977673260084103s
结束小循环
等待30秒降温缓和
