
创建文件成功

新设定点数=200个，设定电流=8.000000e-05A
开始取REL
REL=0.38893833033788716K，开始升温。。。
[ 0.01081119  0.00034336  0.000357    0.00239272 -0.00450307 -0.01119419
 -0.01520286 -0.00976538 -0.0092332  -0.01421656 -0.01972657 -0.01355878
 -0.00764753 -0.00959066 -0.01806181 -0.01157472 -0.00494943 -0.0047884
 -0.01330107 -0.00942547 -0.00386856 -0.00424794 -0.01032881 -0.01381958
 -0.00870215 -0.00406092 -0.0063236  -0.01476018 -0.01404508 -0.00614345
 -0.0082476  -0.01665962 -0.01788513 -0.01148194 -0.01100569 -0.01891332
 -0.02198411 -0.01548768 -0.01419658 -0.01897337 -0.02833588 -0.02241539
 -0.02058111 -0.02206801 -0.0320205  -0.02990498 -0.02622262 -0.02354205
 -0.03118248 -0.03500406 -0.03269465 -0.02705236 -0.03269009 -0.03713703
 -0.03846921 -0.0301404  -0.03270374 -0.04015353 -0.04199346 -0.03272285
 -0.03495036 -0.03965653 -0.04499676 -0.03668882 -0.03551211 -0.03928522
 -0.04684782 -0.04249045 -0.03629294 -0.03837607 -0.04804829 -0.04714182
 -0.0409303  -0.03941222 -0.04604422 -0.04977933 -0.04636913 -0.04020129
 -0.0440265  -0.05288741 -0.04960527 -0.0419406  -0.04354343 -0.05157127
 -0.05199996 -0.04473395 -0.04329222 -0.04945235 -0.05340669 -0.04814471
 -0.0428091  -0.04971221 -0.05423692 -0.0525794  -0.04333065 -0.04811477
 -0.05413588 -0.05446791 -0.04705365 -0.04607874 -0.0525536  -0.05690657
 -0.05136568 -0.04626718 -0.05101613 -0.05798799 -0.05505944 -0.04781127
 -0.04828647 -0.0558651  -0.05729609 -0.05025275 -0.04900193 -0.05389049
 -0.05951096 -0.05321255 -0.04765456 -0.05129798 -0.05856843 -0.0559137
 -0.04884256 -0.05014808 -0.05721369 -0.05720003 -0.05214818 -0.04941404
 -0.05572361 -0.05985623 -0.05642011 -0.04891692 -0.05188594 -0.05962949
 -0.05849322 -0.051103   -0.05001586 -0.05773506 -0.0607561  -0.05319805
 -0.05067689 -0.05663427 -0.06123955 -0.05547063 -0.04978161 -0.05477517
 -0.06092698 -0.05920327 -0.05186044 -0.05087156 -0.05861596 -0.06068659
 -0.05372891 -0.05032378 -0.05632302 -0.06044819 -0.05713166 -0.05017079
 -0.05276609 -0.06210371 -0.05760155 -0.05137556 -0.05357638 -0.05880285
 -0.06077815 -0.05220214 -0.04996457 -0.05690952 -0.0609694  -0.05383319
 -0.04819418 -0.05501344 -0.06148328 -0.05896417 -0.04952983 -0.05397514
 -0.05892865 -0.06155431 -0.0517074  -0.05143418 -0.06039089 -0.0571283
 -0.06019154 -0.04540606 -0.05828426 -0.05554631 -0.06548983 -0.0472095
 -0.05700819 -0.05151258 -0.06808527 -0.04753131 -0.05187611 -0.05083503
 -0.06349749 -0.0532615  -0.0520428  -0.05153182 -0.06364812 -0.05567926
 -0.05226598 -0.05047326]
设定电流=8e-05,期望温差=0.5,晶中温度=191.1270223396801,温度差=-0.06089445611215903
单次测量结束，时间=118s	设定温度=300	温度差=-0.06089445611215903K	相对热导-0.0010663909635422002W/K	时间常数=29.845296107177205s	时间偏离=2.6086052655249854s
结束小循环
等待149.2秒降温缓和
新设定点数=229个，设定电流=nanA
开始取REL
REL=0.3776139313142639K，开始升温。。。
[-3.03674221e-03 -4.44023315e-03  5.85722085e-03 -3.93196670e-03
 -2.39684040e-03 -6.60473712e-03  6.08200625e-03 -5.45887412e-03
 -1.53607030e-03 -1.15500455e-02  4.42351924e-03 -2.83482558e-03
 -5.37409546e-04 -9.84770176e-03  1.97669239e-03 -1.44749940e-03
  1.72172930e-03 -1.08400402e-02 -1.13496253e-03 -3.12806815e-03
  1.72550658e-03 -6.24214133e-03 -1.07934744e-03 -7.06742188e-03
  5.29258576e-03 -8.19977488e-03 -4.14740545e-03 -8.91538312e-03
  4.24796287e-03 -6.63042675e-03 -4.02287828e-03 -7.74089537e-03
  4.33443947e-03 -5.78043540e-03 -2.96166561e-03 -8.19595705e-03
  1.71053601e-03 -2.33102760e-03 -2.31038764e-03 -1.11865428e-02
  2.55682813e-03 -2.50781848e-03  5.55100349e-04 -1.44989916e-02
  3.60390984e-04 -5.65850203e-03  2.70488136e-03 -1.24051559e-02
  1.95358561e-03 -4.65538386e-03  2.26620950e-03 -7.01377158e-03
 -4.20015879e-03 -8.47816437e-03  7.02675483e-03 -6.89869883e-03
 -5.89655050e-03 -9.96367971e-03  5.26817339e-03 -3.07330418e-04
 -7.24860226e-03 -1.05505737e-02 -1.83918014e-04 -5.64698107e-03
 -1.45504700e-04 -9.33926834e-03 -1.45755679e-05 -4.83599144e-03
  1.58159042e-03 -8.69202535e-03 -1.08143090e-03 -7.72664567e-03
  2.27820117e-03 -1.48216369e-02 -8.12683149e-04 -6.72353608e-03
  4.74160044e-03 -1.35669597e-02 -1.81931131e-03 -9.52947624e-03
  5.14754295e-03 -9.16741922e-03 -9.69023935e-04 -1.05105159e-02
  4.17527063e-03 -1.06778820e-02 -2.17743515e-03 -1.34482773e-02
  4.66900378e-03 -8.68649022e-03 -8.05954933e-04 -1.42163074e-02
  1.99616722e-04 -7.56900022e-03  1.99646290e-04 -1.34667559e-02
 -2.97418385e-03 -6.15350227e-03  1.48892978e-03 -1.29098948e-02
 -2.86720225e-03 -9.97560279e-03  2.41621822e-03 -1.09687053e-02
 -5.48741273e-03 -7.83848425e-03  1.26128846e-03 -9.11964080e-03
 -5.37219067e-03 -1.14926603e-02  1.62822574e-03 -9.12876170e-03
 -4.93405812e-03 -1.18859075e-02 -1.13980895e-03 -6.11090477e-03
 -3.39490814e-03 -1.31368293e-02 -1.20290882e-03 -6.43701506e-03
 -9.44174997e-04 -1.23907916e-02 -3.95398780e-03 -7.51802363e-03
 -1.97775855e-04 -1.00283701e-02 -5.72354044e-03 -8.96656615e-03
 -3.83741068e-04 -1.35816153e-02 -4.54066002e-03 -1.08734438e-02
  3.46120018e-04 -9.41097795e-03 -5.28964727e-03 -1.02367929e-02
  8.94970713e-04 -7.31251606e-03 -4.48339001e-03 -1.25756233e-02
 -2.81500112e-03 -1.13435401e-02 -7.09573403e-03 -1.91256941e-02
 -1.67624704e-03 -6.87623995e-03 -3.65701261e-04 -1.37878344e-02
 -3.40084326e-03 -1.01681683e-02  1.64034595e-03 -1.71852174e-02
 -7.14400272e-03 -1.13317306e-02 -1.62688289e-04 -1.28705534e-02
 -5.36999047e-03 -1.20636877e-02 -3.11983644e-04 -1.41796509e-02
 -6.41013424e-03 -1.53240844e-02  2.97282102e-04 -1.09439550e-02
 -6.75770815e-03 -1.79472457e-02 -4.45354231e-05 -1.60342924e-02
 -8.79691046e-03 -1.84220512e-02  5.62010235e-04 -8.05313817e-03
 -2.44601849e-03 -1.46266847e-02 -7.08392021e-03 -9.45817020e-03
 -3.96033960e-03 -1.29495534e-02 -1.00812404e-02 -1.02898447e-02
 -3.85329400e-03 -1.11517124e-02 -1.13310625e-02 -7.21091655e-03
 -1.15699130e-02 -1.06119303e-02 -1.62747311e-02 -5.17970470e-03
 -1.17428454e-02 -2.79710193e-03 -1.75621054e-02 -6.37252365e-03
 -1.67243947e-02  2.11266236e-03 -1.62796525e-02 -5.91252560e-04
 -1.75671168e-02  6.35817816e-04 -1.35015847e-02 -4.57992322e-03
 -1.78042525e-02 -1.42649689e-03 -1.33296053e-02 -4.11128475e-03
 -2.27895064e-02 -3.42157023e-04 -1.31786266e-02 -6.17292213e-03
 -1.49822111e-02 -7.12874003e-03 -1.10630173e-02 -6.18154745e-03
 -1.52141868e-02 -1.30232926e-02 -2.86788948e-03 -8.33414363e-03
 -6.74725562e-03 -1.94945278e-02  2.25427830e-03 -1.33740986e-02
 -3.68186909e-03 -2.25171924e-02 -9.14850537e-03 -1.55926012e-02
 -3.46505502e-03 -1.85278185e-02 -6.05422315e-03 -1.64203221e-02
 -3.02625875e-03]
设定电流=nan,期望温差=0.5,晶中温度=164.09671424051714,温度差=-24.72391237982019
单次测量结束，时间=353s	设定温度=300	温度差=-24.72391237982019K	相对热导nanW/K	时间常数=317235.8347045353s	时间偏离=-22.72340971462473s
结束小循环
等待600秒降温缓和
