
创建文件成功

新设定点数=200个，设定电流=8.000000e-05A
开始取REL
REL=0.5577153114163942K，开始升温。。。
[ 0.00054337  0.00587324 -0.00039883 -0.00116421 -0.00492543 -0.0004948
 -0.00352853 -0.00403121 -0.00145729 -0.00022451  0.00408262  0.00358749
  0.00927139  0.00866258  0.02113179  0.01339155  0.02519638  0.01935476
  0.02935884  0.02353323  0.02978073  0.03496971  0.03391373  0.03765262
  0.03289058  0.03832982  0.03426494  0.04308732  0.03219072  0.04601043
  0.03153131  0.04616454  0.03260758  0.04292815  0.03305476  0.04283757
  0.03657672  0.04020236  0.03259484  0.03875716  0.03676369  0.03461863
  0.03600319  0.03431038  0.03857562  0.03035647  0.03689556  0.02960352
  0.03675659  0.02678625  0.03650392  0.02697323  0.0335957   0.02855345
  0.03302596  0.02630472  0.02825544  0.02901855  0.02722954  0.02805077
  0.02621375  0.02896043  0.0265499   0.02707299  0.02565028  0.02801306
  0.02478605  0.02934733  0.02443479  0.02584487  0.02411133  0.02553588
  0.02328168  0.0252402   0.02317048  0.02595516  0.02167925  0.02401938
  0.02160091  0.02445152  0.02093045  0.02302811  0.02126658  0.02354115
  0.02083694  0.02034663  0.02055134  0.02243672  0.02117053  0.02110052
  0.02068096  0.02044844  0.02007943  0.02057734  0.01957647  0.02056467
  0.0204939   0.01967753  0.01963169  0.02060986  0.01930563  0.02015995
  0.0179736   0.01936882  0.01846142  0.0203595   0.01713938  0.01839675
  0.01892505  0.01974151  0.01745644  0.01885933  0.01799737  0.01950643
  0.01662481  0.01891243  0.01743434  0.01881203  0.01681248  0.01805872
  0.01729278  0.01769218  0.01696162  0.01692876  0.01620073  0.01568904
  0.01793642  0.01576741  0.01686708  0.01589128  0.01911193  0.0163362
  0.01931164  0.01573707  0.01784971  0.01658316  0.01754892  0.01524071
  0.01955122  0.0156351   0.01788769  0.01328138  0.01766016  0.01475536
  0.01845678  0.01271489  0.01884601  0.01278316  0.01735937  0.01273765
  0.01533168  0.01313459  0.01881904  0.01226784  0.01833358  0.0124095
  0.01637662  0.01268763  0.01519584  0.01154477  0.01775715  0.01374509
  0.01590704  0.01282216  0.01687801  0.01335059  0.0126881   0.01285246
  0.01499923  0.01434686  0.01427974  0.0149094   0.01223651  0.01489676
  0.01222134  0.01453002  0.01177621  0.01489922  0.01220357  0.01279434
  0.01044756  0.01766746  0.01099885  0.01684052  0.01147934  0.01689381
  0.01374538  0.01314351  0.01011792  0.01417197  0.013565    0.01252304
  0.01245728  0.01150383  0.01318817  0.01250283  0.01223222  0.0103061
  0.01266831  0.01291364]
设定电流=8e-05,期望温差=0.5,晶中温度=251.51579566628402,温度差=0.021225211954142873
单次测量结束，时间=118s	设定温度=300	温度差=0.021225211954142873K	相对热导0.0030488524860665007W/K	时间常数=3.5665177834548722s	时间偏离=1.437451439213643s
结束小循环
等待30秒降温缓和
新设定点数=200个，设定电流=2.000000e-04A
开始取REL
REL=0.5375184324715312K，开始升温。。。
[ 0.01997727  0.02164593  0.00098646  0.00045834 -0.01102534 -0.00728776
 -0.0138032  -0.00342612 -0.00121801  0.02279008  0.033271    0.05927196
  0.07425475  0.09554716  0.1145047   0.13175034  0.15171577  0.16832325
  0.18826335  0.19556679  0.21064976  0.22009903  0.23944761  0.23953372
  0.24534336  0.24598916  0.26503637  0.25257646  0.26670295  0.2539339
  0.27048325  0.26088679  0.26935366  0.25772342  0.26634226  0.26170232
  0.26396657  0.25921766  0.25539326  0.25895946  0.25433961  0.25352657
  0.24577109  0.25127997  0.24241511  0.24722493  0.23434557  0.24173889
  0.23369644  0.23732622  0.22748553  0.23207785  0.22823023  0.22449153
  0.22267284  0.21761192  0.22024623  0.21546214  0.21906679  0.20281674
  0.21512524  0.20954221  0.213081    0.19800378  0.20773355  0.19752249
  0.2051966   0.19193498  0.20016047  0.19072914  0.20059366  0.18919146
  0.193232    0.18845174  0.19298374  0.19086038  0.18673854  0.18442082
  0.1849047   0.19062258  0.18014951  0.18090446  0.17826466  0.18402308
  0.17853318  0.17826716  0.1756019   0.18147213  0.17208035  0.17841923
  0.1683586   0.18217392  0.16940241  0.17727937  0.16684061  0.17664848
  0.16828734  0.17532585  0.16211525  0.17390193  0.16704579  0.1734256
  0.16241878  0.17067663  0.16624997  0.1695972   0.16237063  0.1675042
  0.167826    0.16608017  0.16171179  0.16508988  0.16612627  0.16516083
  0.16434237  0.16189965  0.16231775  0.16468923  0.16381502  0.15999383
  0.16139713  0.16415426  0.16479539  0.15871349  0.16069264  0.16220298
  0.16369305  0.15835601  0.15841682  0.15808398  0.163117    0.15907487
  0.16021021  0.15690302  0.16208556  0.15979206  0.15966028  0.1548883
  0.16374273  0.15560213  0.16125645  0.15228456  0.16199144  0.1567553
  0.15949502  0.15387112  0.16052907  0.15709653  0.15775045  0.15475207
  0.15555299  0.1588175   0.15644515  0.15543893  0.15502833  0.15939284
  0.15972417  0.15549639  0.15277161  0.15917676  0.15613513  0.15656096
  0.14994036  0.15553948  0.15625426  0.15783635  0.15243216  0.1555249
  0.15648559  0.15853117  0.15239696  0.15303572  0.15395839  0.16272626
  0.14914749  0.16333586  0.15139857  0.15921131  0.15229077  0.15457227
  0.15283326  0.15910737  0.1492437   0.15793937  0.14803966  0.15742981
  0.15230376  0.15691767  0.1497407   0.15737399  0.15222259  0.15641571
  0.14940118  0.15535908  0.15409397  0.15615262  0.14892454  0.15630961
  0.15339658  0.15773444]
设定电流=0.0002,期望温差=0.5,晶中温度=248.42872516947477,温度差=0.1824147170987965
单次测量结束，时间=257s	设定温度=300	温度差=0.1824147170987965K	相对热导0.002217538445110882W/K	时间常数=4.104873021193826s	时间偏离=1.4077095434078168s
结束小循环
等待30秒降温缓和
新设定点数=200个，设定电流=2.000000e-04A
开始取REL
REL=0.5162259421550472K，开始升温。。。
[ 0.0358995   0.0221643   0.02029859  0.00241059  0.00479159 -0.00944621
  0.00361378 -0.00531009  0.0238906   0.0200092   0.0520099   0.06060536
  0.09755111  0.10190722  0.12918625  0.13970592  0.17021371  0.17378057
  0.20114254  0.20691823  0.2282026   0.2315562   0.24364544  0.24620189
  0.26127917  0.26011171  0.26758861  0.26689043  0.27433941  0.27532703
  0.27714992  0.27243528  0.2753905   0.28131871  0.27511877  0.27273721
  0.26583373  0.27542598  0.26139052  0.26858613  0.25608167  0.26718208
  0.25810777  0.25762509  0.25312328  0.25018301  0.24741032  0.24880682
  0.23706351  0.24684897  0.23767015  0.239869    0.22732428  0.23502583
  0.22715415  0.23225043  0.21900569  0.22961214  0.21552691  0.22537915
  0.20908477  0.21713797  0.2074908   0.21643963  0.20315351  0.21036286
  0.20180509  0.21112975  0.20274721  0.2023005   0.19660932  0.20241736
  0.1988086   0.19313009  0.19031115  0.19595411  0.19260439  0.19222854
  0.1857145   0.18504683  0.18997382  0.18130079  0.19062144  0.17885507
  0.19081192  0.1789211   0.18836366  0.17612236  0.19171592  0.17376194
  0.182692    0.16993949  0.18738815  0.17470168  0.18263104  0.16515699
  0.18181322  0.17108788  0.18327491  0.16611202  0.17751672  0.16655652
  0.18003896  0.16142313  0.17604605  0.1687638   0.18208777  0.16895779
  0.16979349  0.16753271  0.17248852  0.16597307  0.16815759  0.16604419
  0.17343854  0.16654589  0.16495311  0.16576855  0.16984068  0.16712491
  0.16334492  0.16196299  0.1627073   0.17381355  0.16285654  0.16682467
  0.15820757  0.17228656  0.16000873  0.16779254  0.15887823  0.17208077
  0.15873596  0.16675374  0.15371281  0.17097114  0.15922846  0.1683594
  0.15693684  0.16536408  0.16032606  0.16465017  0.15543703  0.1632675
  0.15986803  0.16430156  0.15858243  0.15539384  0.16436508  0.15771614
  0.16175841  0.15405424  0.16660105  0.15579219  0.16398141  0.15028359
  0.1643473   0.15188179  0.16743446  0.1501821   0.16387847  0.15570656
  0.16576898  0.14792596  0.16276804  0.15376014  0.17005059  0.15247947
  0.15877102  0.15674898  0.16358209  0.15482534  0.15640338  0.15512519
  0.16278417  0.15740967  0.15438827  0.1588632   0.15912208  0.16251972
  0.15599113  0.16085517  0.15003942  0.17309913  0.1492567   0.1610356
  0.14645873  0.16831192  0.14800799  0.1600469   0.14993433  0.16821269
  0.15043754  0.16325934  0.14753517  0.16459616  0.15074796  0.15713247
  0.15147995  0.15868543]
设定电流=0.0002,期望温差=0.5,晶中温度=245.30658286083957,温度差=0.18731764072823484
单次测量结束，时间=396s	设定温度=300	温度差=0.18731764072823484K	相对热导0.002159803010140837W/K	时间常数=3.977288977906017s	时间偏离=1.1599113030377786s
结束小循环
等待30秒降温缓和
新设定点数=200个，设定电流=2.000000e-04A
开始取REL
REL=0.4960741976312181K，开始升温。。。
[ 0.03831155  0.02142783  0.01879599  0.00097512  0.00046871 -0.00651153
  0.00255541 -0.00195643  0.01543438  0.0253818   0.05237904  0.06311861
  0.08788571  0.1042546   0.13240135  0.14629404  0.16654901  0.17783316
  0.20184442  0.2116627   0.22317081  0.23015951  0.23986633  0.25266029
  0.25677563  0.25862843  0.26376943  0.27129259  0.27175834  0.27014618
  0.27196855  0.27531092  0.27635955  0.27369725  0.26974708  0.27123348
  0.26919986  0.26802142  0.26260167  0.26359182  0.26300129  0.26147666
  0.25306931  0.25261624  0.25137919  0.2515141   0.24491905  0.24275298
  0.24014641  0.24216497  0.23566639  0.23281284  0.23080192  0.23240557
  0.22790008  0.22334114  0.21993609  0.22421531  0.21918513  0.2158707
  0.21203952  0.21364347  0.21129385  0.21069817  0.20430098  0.20640524
  0.20498213  0.20403508  0.19932277  0.19768581  0.19823316  0.20117559
  0.1928864   0.19284567  0.19257538  0.19401893  0.18933949  0.18675536
  0.18757516  0.18969592  0.18607814  0.18289573  0.18244256  0.18532065
  0.18297824  0.18036848  0.17806171  0.1801597   0.18067147  0.17712474
  0.17550033  0.17621571  0.17754149  0.17728432  0.17219436  0.17290221
  0.17404803  0.17514292  0.16990273  0.17035596  0.17118095  0.17176656
  0.16891205  0.16821944  0.16840023  0.17032785  0.16732056  0.1666534
  0.16601935  0.16897317  0.16688381  0.16581446  0.16319407  0.16669557
  0.16610732  0.16314568  0.1620685   0.16502758  0.16498938  0.16381491
  0.16063924  0.16022395  0.16278843  0.16380964  0.16103379  0.15845149
  0.16198623  0.16320863  0.15926249  0.15839402  0.15996288  0.16220407
  0.16082622  0.15628007  0.16144001  0.1564609   0.15855697  0.15653398
  0.15946554  0.15669444  0.16246332  0.15468738  0.15792966  0.15490132
  0.1625193   0.15500065  0.15813544  0.15362961  0.16133715  0.1545211
  0.15752923  0.14967917  0.16067756  0.15229759  0.1583597   0.15085002
  0.16037173  0.1537692   0.15909554  0.14973177  0.15911083  0.15506349
  0.15800304  0.15019819  0.15977321  0.15378927  0.16013749  0.14776712
  0.15362114  0.15145327  0.15844344  0.15186851  0.15723342  0.15043731
  0.1567961   0.15276072  0.15399884  0.15014179  0.15596049  0.15353518
  0.15078633  0.1533569   0.15269624  0.15500191  0.15309623  0.15470383
  0.15296629  0.15278796  0.15036764  0.15452039  0.14923646  0.16159671
  0.15073509  0.15605507  0.14582787  0.15743347  0.14929809  0.15525249
  0.14779229  0.1568551 ]
设定电流=0.0002,期望温差=0.5,晶中温度=242.32218257331087,温度差=0.1844526676043135
单次测量结束，时间=535s	设定温度=300	温度差=0.1844526676043135K	相对热导0.0021936547295764055W/K	时间常数=3.9278566400416546s	时间偏离=1.1500059825982019s
结束小循环
等待30秒降温缓和
新设定点数=200个，设定电流=2.000000e-04A
开始取REL
REL=0.473083017956189K，开始升温。。。
[ 0.03299047  0.02422748  0.01906918  0.00568376  0.00486486 -0.00354608
  0.00162263  0.00382433  0.02409882  0.03218872  0.05391996  0.07217644
  0.09389747  0.11082737  0.1361303   0.15060055  0.1740224   0.18615942
  0.21210461  0.21500045  0.23228619  0.23799622  0.2529857   0.2556391
  0.26523862  0.26578721  0.27509789  0.27593226  0.28108899  0.27774387
  0.28099458  0.27942281  0.27855017  0.27627044  0.28075374  0.27967183
  0.27422399  0.2773549   0.27070012  0.26812292  0.26580599  0.26578558
  0.25943017  0.26329356  0.25535475  0.2579806   0.24661976  0.25214196
  0.24413681  0.24722965  0.23595302  0.24190945  0.23400587  0.23945706
  0.22732736  0.23310256  0.22510967  0.22950933  0.22062579  0.22441297
  0.21732323  0.22180999  0.21429888  0.21664932  0.20834703  0.21697601
  0.21031477  0.20921223  0.20419971  0.21047866  0.20304644  0.20565742
  0.19777344  0.20188256  0.19476682  0.19882493  0.19303382  0.19668102
  0.19222578  0.19555678  0.18918576  0.1912252   0.18748325  0.18930329
  0.18635771  0.18862433  0.18422128  0.19053711  0.1810362   0.18550586
  0.1811766   0.18223594  0.18604447  0.17498376  0.18498754  0.17424095
  0.18753334  0.17013107  0.18655562  0.17163465  0.18454659  0.16949543
  0.18646373  0.17403943  0.17880036  0.17210442  0.17810633  0.17114708
  0.17633205  0.16955405  0.17586487  0.17047821  0.16833887  0.17320233
  0.1697887   0.17445053  0.16677358  0.17428203  0.16730971  0.17416204
  0.16369718  0.17687336  0.16357208  0.17348064  0.1627189   0.17442788
  0.16233592  0.17185681  0.16136826  0.17069     0.16101081  0.17100659
  0.16071543  0.17020897  0.16342469  0.17518802  0.1584099   0.16943785
  0.16018193  0.17286191  0.15947209  0.17079371  0.15905526  0.16969055
  0.15933866  0.17080643  0.15910629  0.17036467  0.15697157  0.16832443
  0.15773303  0.16869065  0.15726572  0.1706977   0.15730138  0.16973754
  0.15445153  0.1643264   0.15809811  0.17227375  0.16384622  0.1667933
  0.15998742  0.16472721  0.15971155  0.16151964  0.16284761  0.16655829
  0.15902793  0.16588275  0.1621744   0.16235829  0.16269796  0.15938547
  0.15796803  0.1597277   0.16558393  0.15683341  0.15999794  0.15790102
  0.16826812  0.15316572  0.1677292   0.15524236  0.16656468  0.15585789
  0.16719832  0.15643205  0.16583944  0.15626602  0.16681262  0.1528484
  0.16469257  0.15840645  0.16458524  0.15513373  0.16266926  0.15797679
  0.1636195   0.1566817 ]
设定电流=0.0002,期望温差=0.5,晶中温度=239.5230178246467,温度差=0.19124419404215717
单次测量结束，时间=674s	设定温度=300	温度差=0.19124419404215717K	相对热导0.0021160365064253834W/K	时间常数=3.9003540805468573s	时间偏离=1.1179976701705197s
结束小循环
等待30秒降温缓和
新设定点数=200个，设定电流=2.000000e-04A
开始取REL
REL=0.46208864444386555K，开始升温。。。
[ 0.02551163  0.02702531  0.0154671   0.01132876  0.00228476  0.00211872
  0.00166345  0.00965624  0.01863375  0.03727166  0.05360809  0.07612204
  0.09314691  0.11782222  0.13505427  0.15844296  0.17677488  0.19211414
  0.20674744  0.22280087  0.23382315  0.24366109  0.25227888  0.26186615
  0.26516337  0.27494476  0.2757275   0.28032161  0.28006622  0.28554576
  0.28259366  0.28538716  0.28103064  0.28352483  0.2796697   0.2813967
  0.27719111  0.27815541  0.2705904   0.27336875  0.26812416  0.26878933
  0.26140596  0.26317889  0.25639929  0.25687261  0.25351392  0.2526645
  0.24654976  0.24657279  0.24125117  0.24248691  0.23775886  0.23662546
  0.23301035  0.23169048  0.22799845  0.22700828  0.22466973  0.22160455
  0.22093676  0.21849843  0.21647715  0.21307423  0.21256859  0.21238973
  0.2124102   0.20505376  0.15086429  0.15184429  0.2873103   0.22377367
 -0.05322005  0.22507946  0.1662911   0.14873417  0.0918471   0.31009887
  0.19132974  0.18711266  0.18781124  0.21742292  0.19296294  0.18051563
  0.20621892  0.18684135  0.17154068  0.219687    0.18538268  0.19361264
  0.21051017  0.1822442   0.18228515  0.18104904  0.17974126  0.17889654
  0.17862781  0.17922668  0.17840516  0.17672373  0.17611955  0.17666981
  0.17517004  0.17515725  0.1739646   0.17351406  0.17410526  0.17360107
  0.1721141   0.17184147  0.16871627  0.16950461  0.13097075  0.17247112
  0.19072319  0.13636128  0.18094079  0.18077954  0.19486136  0.16974572
  0.16864249  0.17070816  0.16797185  0.16925682  0.16729354  0.1685069
  0.16839171  0.16726714  0.16813493  0.16698811  0.16747961  0.16731578
  0.16695996  0.16654014  0.16640191  0.1655701   0.1661525   0.16548946
  0.16617042  0.16589138  0.16473427  0.16525906  0.16557394  0.1654741
  0.16457299  0.16575166  0.16367279  0.16477879  0.16412594  0.16543164
  0.16338092  0.1651705   0.16325547  0.16465846  0.16348599  0.1661461
  0.16214173  0.16397749  0.16350383  0.16350639  0.16414903  0.16282021
  0.16321451  0.16308116  0.16323479  0.16258701  0.16298388  0.16172413
  0.16491446  0.16181887  0.16272015  0.14204959  0.23451765  0.14457962
  0.157782    0.14049539  0.12912895  0.11186292  0.15951286  0.15811478
  0.10803484  0.16093941  0.12947272  0.16085235  0.15758737  0.17475708
  0.19229577  0.15336701  0.16862661  0.15648859  0.16358355  0.1611481
  0.16404195  0.15993678  0.16328136  0.15971686  0.3075901   0.18589981
  0.20466887 -0.03054348]
设定电流=0.0002,期望温差=0.5,晶中温度=236.76755665162477,温度差=0.18997996067700892
单次测量结束，时间=813s	设定温度=300	温度差=0.18997996067700892K	相对热导0.0021304045702546784W/K	时间常数=3.79659943029647s	时间偏离=1.1045017642776842s
结束小循环
等待30秒降温缓和
新设定点数=200个，设定电流=2.000000e-04A
开始取REL
REL=0.459337381662867K，开始升温。。。
[ 0.01736306  0.03268429  0.02572756 -0.0030943  -0.00117113  0.01923879
  0.00318859 -0.01679023  0.00332957  0.10958036  0.08709881  0.03983549
  0.06983568  0.12628446  0.15139459  0.16336065  0.19556848  0.20020001
  0.21823373  0.22793788  0.24241204  0.25097498  0.26265381  0.26673807
  0.27512455  0.27740967  0.2839265   0.28469073  0.28817868  0.29024837
  0.2886275   0.29019708  0.2893221   0.28868345  0.28674184  0.2863212
  0.28065027  0.28297132  0.27744659  0.27764922  0.27145248  0.2720659
  0.26866731  0.2661203   0.26160082  0.26017213  0.25849463  0.25552172
  0.25278746  0.24984287  0.24916681  0.24507034  0.24282587  0.24031463
  0.23781621  0.23565383  0.23342219  0.23063656  0.22937453  0.22664581
  0.22427035  0.22273887  0.22223607  0.18340783  0.22929319  0.21583567
  0.21241358  0.21202357  0.2143346   0.21105336  0.20803123  0.20851867
  0.20641241  0.20444982  0.20231278  0.2016201   0.20192796  0.19854448
  0.1987446   0.19582754  0.19706414  0.19506043  0.19459606  0.19605331
  0.19147375  0.18287651  0.19315757  0.22054719  0.21726045  0.18311016
  0.18708966  0.17200298  0.1873565   0.18516021  0.1848831   0.18487324
  0.18305659  0.18091138  0.18487825  0.1853863   0.18087802  0.18008259
  0.17949244  0.17989785  0.17705101  0.17854448  0.17877286  0.17730772
  0.17829567  0.17872421  0.17305057  0.17832133  0.17468774  0.17843503
  0.17533498  0.17189875  0.19684542  0.17683103  0.17329728  0.17687722
  0.17293287  0.17393372  0.17414309  0.1743561   0.17213102  0.17219261
  0.17115321  0.17434337  0.17238262  0.17274449  0.17065542  0.17130352
  0.17235581  0.17087234  0.17077737  0.16997917  0.17065675  0.17134211
  0.17000749  0.17006395  0.16997999  0.17108366  0.1682449   0.17043429
  0.16948462  0.17017762  0.16708476  0.16847055  0.16588846  0.17061608
  0.16837011  0.16964325  0.16499217  0.17106527  0.16545677  0.16954828
  0.1643171   0.17044419  0.16544203  0.17098167  0.16367078  0.16993433
  0.16709263  0.16996513  0.16469503  0.17030141  0.16426377  0.17209053
  0.16538767  0.16903047  0.16555197  0.1698648   0.16533633  0.16808832
  0.16575991  0.16919991  0.16544014  0.1690602   0.16597429  0.1674813
  0.16640303  0.16729645  0.16715525  0.16789464  0.16805381  0.1649495
  0.16677752  0.16499079  0.15090576  0.1648162   0.16691637  0.16643626
  0.16933748  0.16333221  0.16868829  0.16411279  0.16954074  0.16524241
  0.20414184  0.16914262]
设定电流=0.0002,期望温差=0.5,晶中温度=234.17973075225535,温度差=0.197091418389834
单次测量结束，时间=952s	设定温度=300	温度差=0.197091418389834K	相对热导0.0020538016480945035W/K	时间常数=3.7813955655007225s	时间偏离=1.102703983249198s
结束小循环
等待30秒降温缓和
新设定点数=200个，设定电流=2.000000e-04A
开始取REL
REL=0.45957629349267665K，开始升温。。。
[0.03476193 0.02954023 0.01980641 0.01148408 0.00352426 0.00154201
 0.00462464 0.01182088 0.02233371 0.03954925 0.05989239 0.08182451
 0.09978416 0.12215081 0.14432205 0.16578879 0.18289739 0.19743481
 0.21410966 0.23275924 0.23976088 0.24925153 0.25877818 0.26775457
 0.27378169 0.27728894 0.28006594 0.28474937 0.28770913 0.28707159
 0.28681702 0.28787904 0.28842933 0.28705616 0.28337896 0.28234009
 0.28170362 0.28066984 0.27424596 0.27446164 0.27178974 0.27170744
 0.26449666 0.26369432 0.26065468 0.2607105  0.25551548 0.25288453
 0.24910656 0.25062642 0.24456213 0.24414292 0.23689046 0.24009234
 0.23447126 0.23558492 0.22734439 0.23011695 0.22625902 0.22537698
 0.21936119 0.2214599  0.21742708 0.21946204 0.21150914 0.21490173
 0.20983986 0.21270259 0.2045182  0.20700015 0.20308028 0.20606133
 0.19946458 0.2021706  0.19525378 0.20297057 0.19418115 0.19742735
 0.18887972 0.19429192 0.19174795 0.19307218 0.18469369 0.18866042
 0.18794527 0.19006755 0.18258942 0.18569437 0.18460108 0.18597465
 0.17973577 0.18190959 0.18134362 0.18237523 0.17857039 0.18027601
 0.17785521 0.18100662 0.1760364  0.17694455 0.17691624 0.1780148
 0.17539576 0.17632966 0.17333758 0.17759545 0.17359485 0.17364373
 0.172051   0.17446706 0.17414545 0.1728024  0.16968921 0.17312401
 0.17263516 0.1721386  0.16818921 0.16948136 0.17124388 0.17115656
 0.16800717 0.16818471 0.16976713 0.17083751 0.16776788 0.166345
 0.16876059 0.16914401 0.16730671 0.16675603 0.16688726 0.16796288
 0.16733758 0.16429087 0.16728611 0.16671379 0.16785377 0.16500769
 0.16397837 0.16508495 0.16828614 0.16523163 0.16354354 0.16414569
 0.16670645 0.16631785 0.16265061 0.16390648 0.16665498 0.1661145
 0.1640274  0.16427445 0.16458585 0.16666558 0.16274585 0.16399151
 0.16384481 0.16675308 0.16418711 0.16271234 0.16115011 0.1670104
 0.16328145 0.1640433  0.15917104 0.16687452 0.16301634 0.16360833
 0.15885704 0.16466881 0.16308848 0.16463136 0.15836624 0.16500974
 0.16334693 0.16464938 0.1593804  0.16053098 0.16456701 0.16457216
 0.16217936 0.1588355  0.16242648 0.16380367 0.16382169 0.15843393
 0.16193481 0.1629233  0.16214075 0.15726981 0.16074767 0.16327561
 0.1643285  0.15802408 0.16221501 0.15579989 0.16578811 0.15556821
 0.15823759 0.15913618]
设定电流=0.0002,期望温差=0.5,晶中温度=231.59657137995595,温度差=0.19284004568046606
单次测量结束，时间=1091s	设定温度=300	温度差=0.19284004568046606K	相对热导0.002099356615698567W/K	时间常数=3.756201646309806s	时间偏离=1.0209516310812177s
结束小循环
等待30秒降温缓和
新设定点数=200个，设定电流=2.000000e-04A
开始取REL
REL=0.4537426306719379K，开始升温。。。
[ 0.03703609  0.03040628  0.01708977  0.01044183 -0.00085807  0.00166313
  0.00320215  0.01297245  0.01749154  0.04267005  0.06090623  0.08162229
  0.09843803  0.12441384  0.14480084  0.16877129  0.18119994  0.19999373
  0.21527109  0.23127287  0.24041197  0.25174999  0.25889718  0.26929742
  0.27307956  0.2786432   0.28017978  0.28656327  0.28832414  0.28681077
  0.28521748  0.28878261  0.28887285  0.28647243  0.28193458  0.28386059
  0.28234969  0.27856729  0.27417898  0.2733797   0.27148332  0.27016823
  0.26460902  0.26165407  0.26121573  0.25891314  0.25484945  0.24971053
  0.24887768  0.24771687  0.2440397   0.23958367  0.23749237  0.23746916
  0.23501428  0.22952946  0.22734791  0.22728345  0.22572698  0.22169113
  0.21800857  0.21819165  0.21803434  0.21385407  0.21134229  0.21019472
  0.20998325  0.20785253  0.20522711  0.2031768   0.2042084   0.20176596
  0.20017988  0.19624174  0.19866858  0.19688649  0.19612818  0.19079451
  0.19324469  0.19139545  0.19316732  0.18678148  0.18802978  0.18563892
  0.19055477  0.18116471  0.18484531  0.18105896  0.18962982  0.17614291
  0.18365111  0.17538462  0.1848969   0.17566061  0.17954866  0.17378097
  0.17796486  0.17939389  0.17320059  0.17519452  0.17341726  0.17763208
  0.170959    0.17409535  0.16555673  0.17888576  0.17089918  0.17267397
  0.16579406  0.16942362  0.17185364  0.16756631  0.16755266  0.1666162
  0.171768    0.16579325  0.16816148  0.16219963  0.17252388  0.16420154
  0.16928368  0.15983512  0.17073822  0.16280471  0.17041314  0.1584961
  0.16715975  0.16334651  0.16740227  0.16024534  0.16470016  0.16334571
  0.16523952  0.16146737  0.15964838  0.16563686  0.15947035  0.16398816
  0.15557694  0.16533333  0.16069142  0.16370537  0.16191724  0.15939115
  0.16240233  0.16201787  0.16009815  0.15649092  0.1632985   0.15905621
  0.16290111  0.15300012  0.16427162  0.15188793  0.16531671  0.15035255
  0.16233627  0.15686099  0.16454865  0.15456425  0.1546365   0.15767658
  0.1565695   0.16239395  0.15453081  0.16114235  0.15400895  0.16241713
  0.15008101  0.1614674   0.15769172  0.16208923  0.15333523  0.15441915
  0.15795998  0.16017758  0.16035825  0.14781755  0.16108607  0.15572291
  0.16116866  0.14619916  0.15868566  0.15494848  0.16115206  0.15008688
  0.15433537  0.16125789  0.1582922   0.15292868  0.15353523  0.15698596
  0.15667881  0.15717417  0.15030041  0.15802081  0.15619589  0.15944563
  0.15000357  0.15583194]
设定电流=0.0002,期望温差=0.5,晶中温度=229.17521852908578,温度差=0.1897444910067017
单次测量结束，时间=1230s	设定温度=300	温度差=0.1897444910067017K	相对热导0.00213387560187735W/K	时间常数=3.6951980553902533s	时间偏离=1.0123503821050823s
结束小循环
等待30秒降温缓和
新设定点数=200个，设定电流=2.000000e-04A
开始取REL
REL=0.44167258048373226K，开始升温。。。
[ 3.98234645e-02  2.47444478e-02  1.83008432e-02  1.04772249e-02
 -1.30302843e-04 -5.13165721e-03  4.12925013e-03  1.20409568e-02
  2.16396653e-02  3.55953409e-02  5.99189021e-02  8.33946296e-02
  1.02706141e-01  1.20549121e-01  1.45560242e-01  1.65882424e-01
  1.86747427e-01  1.98588152e-01  2.14361983e-01  2.31162071e-01
  2.44756725e-01  2.50601469e-01  2.58829609e-01  2.67427485e-01
  2.76208819e-01  2.78643915e-01  2.78873553e-01  2.83332945e-01
  2.88304198e-01  2.88738505e-01  2.84871112e-01  2.84297208e-01
  2.88686801e-01  2.87104774e-01  2.81732822e-01  2.79041269e-01
  2.80719119e-01  2.79979727e-01  2.73857774e-01  2.69573961e-01
  2.69449866e-01  2.69548108e-01  2.64770503e-01  2.58694907e-01
  2.56301138e-01  2.57643004e-01  2.54682624e-01  2.48715324e-01
  2.44519082e-01  2.45033595e-01  2.44115748e-01  2.38898239e-01
  2.32837861e-01  2.33518274e-01  2.34216390e-01  2.29950124e-01
  2.24556531e-01  2.23095658e-01  2.24403980e-01  2.21552047e-01
  2.16096399e-01  2.13885696e-01  2.15216927e-01  2.14973789e-01
  2.09934030e-01  2.06531095e-01  2.06381117e-01  2.07663682e-01
  2.02885093e-01  2.00079482e-01  1.98649523e-01  2.00964188e-01
  1.98704056e-01  1.94706065e-01  1.91928740e-01  1.94002682e-01
  1.94419022e-01  1.90912454e-01  1.86495629e-01  1.88616118e-01
  1.88896311e-01  1.86258439e-01  1.82361114e-01  1.82790345e-01
  1.85335115e-01  1.83493777e-01  1.78352515e-01  1.78106832e-01
  1.80685220e-01  1.80771658e-01  1.76276647e-01  1.74057590e-01
  1.76949088e-01  1.77851564e-01  1.74026408e-01  1.72014255e-01
  1.72275473e-01  1.74347110e-01  1.72800896e-01  1.70868838e-01
  1.68251378e-01  1.71999105e-01  1.70436906e-01  1.70646266e-01
  1.64431094e-01  1.70307446e-01  1.68486605e-01  1.69110316e-01
  1.62305002e-01  1.68652490e-01  1.66314213e-01  1.68732674e-01
  1.61166901e-01  1.66549637e-01  1.65465858e-01  1.67048850e-01
  1.59787220e-01  1.64034702e-01  1.63706181e-01  1.65726452e-01
  1.60242492e-01  1.60154541e-01  1.60219211e-01  1.64500419e-01
  1.62472388e-01  1.59315380e-01  1.59178268e-01  1.62329252e-01
  1.62802674e-01  1.57874414e-01  1.58580667e-01  1.60451079e-01
  1.62073137e-01  1.58785034e-01  1.57648256e-01  1.58949590e-01
  1.60964974e-01  1.58755552e-01  1.56186519e-01  1.56747930e-01
  1.59738667e-01  1.59234175e-01  1.55632872e-01  1.55927713e-01
  1.58214847e-01  1.58196735e-01  1.57345530e-01  1.54173554e-01
  1.56972965e-01  1.56910870e-01  1.57254975e-01  1.54600452e-01
  1.54874277e-01  1.57306284e-01  1.57070829e-01  1.54232429e-01
  1.53777041e-01  1.56361875e-01  1.56980268e-01  1.53831378e-01
  1.52273751e-01  1.55651669e-01  1.55506762e-01  1.55837831e-01
  1.50199438e-01  1.53723757e-01  1.54119661e-01  1.56350175e-01
  1.51539819e-01  1.52510170e-01  1.52955489e-01  1.55664924e-01
  1.51992823e-01  1.53260945e-01  1.50543745e-01  1.55589974e-01
  1.52497542e-01  1.52753735e-01  1.50116757e-01  1.55307576e-01
  1.53265662e-01  1.52815354e-01  1.49155958e-01  1.53366468e-01
  1.54911490e-01  1.52936864e-01  1.49991747e-01  1.52388212e-01
  1.54207432e-01  1.52918593e-01  1.49574856e-01  1.52059366e-01
  1.52504507e-01  1.54142860e-01  1.49706974e-01  1.50620549e-01
  1.51604001e-01  1.52743946e-01  1.52562771e-01  1.49767496e-01]
设定电流=0.0002,期望温差=0.5,晶中温度=226.76404724421883,温度差=0.18684104286952585
单次测量结束，时间=1369s	设定温度=300	温度差=0.18684104286952585K	相对热导0.002167313568783689W/K	时间常数=3.6470736149721485s	时间偏离=1.0116259580795517s
结束小循环
等待30秒降温缓和
新设定点数=200个，设定电流=2.000000e-04A
开始取REL
REL=0.43339803233342067K，开始升温。。。
[ 0.03961036  0.02449377  0.01866275  0.00358508  0.00137952 -0.00396215
  0.00218544  0.00638664  0.02095736  0.03498381  0.05844159  0.07434445
  0.0982348   0.11528704  0.13943597  0.15614063  0.17573814  0.18858628
  0.20608433  0.21140813  0.22254302  0.22322783  0.2343994   0.22728951
  0.23016146  0.22014832  0.22001353  0.2068798   0.2070094   0.19929039
  0.20278663  0.19799365  0.20677603  0.21143162  0.22384049  0.22715091
  0.23528783  0.23720347  0.24542334  0.2453198   0.25191225  0.24861214
  0.25244369  0.24933023  0.2506679   0.24762707  0.24841775  0.24455768
  0.24555902  0.24142132  0.24122169  0.23709696  0.23839841  0.23234224
  0.23032264  0.23020362  0.22601148  0.22601767  0.21995064  0.22256932
  0.21826276  0.21766642  0.21158383  0.21335468  0.20801102  0.2105829
  0.2043908   0.20595689  0.20127936  0.20399409  0.19879799  0.19953437
  0.1951991   0.19703744  0.19024413  0.19438697  0.18888455  0.1923281
  0.18554732  0.1919184   0.18288687  0.18814813  0.18125067  0.18785771
  0.17742904  0.18481215  0.17686911  0.1803907   0.17447556  0.18076672
  0.17527946  0.17879846  0.17109659  0.17719522  0.17105411  0.17781496
  0.16897414  0.17455249  0.16531749  0.1732584   0.16603066  0.17101513
  0.16151667  0.17138503  0.16392346  0.168688    0.16510893  0.17254976
  0.16410783  0.1694894   0.16029275  0.16676499  0.157241    0.16772984
  0.1576923   0.17066095  0.16011245  0.16545803  0.15792079  0.16425456
  0.15719368  0.16428272  0.15228348  0.16037636  0.15584227  0.16330219
  0.15749971  0.16508677  0.15276849  0.16232536  0.15471207  0.16048883
  0.15122578  0.16254325  0.15406099  0.16090643  0.15173417  0.16172871
  0.15282676  0.16005672  0.15112758  0.15991664  0.15220156  0.16016827
  0.15204851  0.15729646  0.15168267  0.15916962  0.1516564   0.15818117
  0.15414437  0.15947056  0.15217008  0.15760523  0.15182763  0.15554534
  0.15688146  0.15448413  0.15272245  0.15601749  0.15594484  0.15207901
  0.15271726  0.15360718  0.15262386  0.14948339  0.15436911  0.15171479
  0.15445214  0.15144494  0.15792378  0.14638278  0.15477647  0.15143975
  0.15406111  0.14986805  0.15506284  0.14807764  0.15689477  0.14917783
  0.15314788  0.14898322  0.15371873  0.14603138  0.15517872  0.1491609
  0.15616998  0.14889362  0.15360613  0.14910122  0.15339334  0.14809436
  0.1540351   0.15006193  0.15357835  0.14840118  0.15068231  0.15141154
  0.1526624   0.15018923]
设定电流=0.0002,期望温差=0.5,晶中温度=224.47567225232615,温度差=0.18009494358878642
单次测量结束，时间=1508s	设定温度=300	温度差=0.18009494358878642K	相对热导0.0022487772444706737W/K	时间常数=4.067296718353022s	时间偏离=1.0493083124867277s
结束小循环
等待30秒降温缓和
新设定点数=200个，设定电流=2.000000e-04A
开始取REL
REL=0.4363821764190605K，开始升温。。。
[ 0.02027358  0.01437463  0.00969964 -0.00246728 -0.00480867 -0.01380522
 -0.00838182 -0.00404431  0.01186574  0.02350071  0.04728262  0.06402429
  0.08908483  0.10533272  0.13131585  0.14701799  0.16842472  0.17944213
  0.19896096  0.20618631  0.22155706  0.22504238  0.23801681  0.2377803
  0.24557483  0.24454226  0.25084263  0.24740148  0.25059585  0.2460733
  0.24984209  0.24420191  0.24571722  0.23763643  0.2374373   0.22990703
  0.22711534  0.21707151  0.2143656   0.20415281  0.19889435  0.1900774
  0.18259651  0.17264814  0.16584262  0.15649998  0.15064848  0.14025024
  0.13512141  0.12661062  0.12272695  0.11614759  0.11374359  0.10937352
  0.10618111  0.10406757  0.10357103  0.10130674  0.10389082  0.10132493
  0.10420279  0.10412848  0.10910717  0.10622655  0.11367769  0.11267415
  0.11905936  0.11852378  0.12689786  0.12598272  0.13166941  0.13481545
  0.14241274  0.14052252  0.14859042  0.14853062  0.15336409  0.1554257
  0.16147857  0.15793018  0.16383512  0.16092035  0.16749613  0.16333589
  0.16907962  0.16478157  0.1687156   0.165783    0.16901798  0.16618618
  0.16923121  0.16513563  0.16830028  0.16597035  0.16808965  0.16481319
  0.16770219  0.16289225  0.16592442  0.16180785  0.16484261  0.16059863
  0.1631107   0.16383623  0.16323552  0.16144639  0.16057124  0.16203784
  0.15877401  0.16076352  0.15758812  0.15813685  0.15624618  0.15951
  0.15858677  0.15778681  0.15419506  0.15828106  0.15274909  0.15848393
  0.15165674  0.15744619  0.15226534  0.15634604  0.15160436  0.15264995
  0.14950278  0.15552926  0.14444914  0.15972722  0.14812171  0.15355773
  0.14342696  0.15404311  0.14974085  0.15504454  0.14704088  0.15463631
  0.14707744  0.15581462  0.14553237  0.15423053  0.14362939  0.1529682
  0.14161075  0.15126692  0.14097342  0.15055158  0.14135845  0.15054117
  0.14542694  0.14862189  0.14632995  0.14954022  0.14508123  0.14758909
  0.14622069  0.14789609  0.14286996  0.15069012  0.14445444  0.14977218
  0.14277639  0.14874193  0.13936825  0.15070356  0.14316403  0.1480081
  0.14249264  0.1483226   0.14275469  0.14894704  0.13947379  0.14900688
  0.14060558  0.14912656  0.13826654  0.14812241  0.14239502  0.15214719
  0.14162224  0.14599354  0.14003244  0.14851485  0.1398477   0.1488453
  0.14162224  0.14902207  0.14065613  0.14974808  0.13976098  0.15103875
  0.13956842  0.14951648  0.14057026  0.14918081  0.13712316  0.14660062
  0.13912693  0.15067315]
设定电流=0.0002,期望温差=0.5,晶中温度=222.2014705725,温度差=0.1569156215685493
单次测量结束，时间=1647s	设定温度=300	温度差=0.1569156215685493K	相对热导0.002581285589471642W/K	时间常数=3.566620588253562s	时间偏离=1.1972081926176357s
结束小循环
等待30秒降温缓和
新设定点数=200个，设定电流=2.000000e-04A
开始取REL
REL=0.42554060928170523K，开始升温。。。
[0.03020063 0.02662302 0.01675171 0.01009893 0.0033732  0.00074388
 0.001953   0.01229828 0.0241237  0.04378495 0.06135109 0.08443492
 0.10524679 0.1306479  0.14947136 0.17041353 0.18646936 0.20780505
 0.21761159 0.23626064 0.24378351 0.25660593 0.25977505 0.27307441
 0.27304313 0.28143244 0.27832326 0.28702792 0.28065319 0.28976678
 0.28345678 0.28597192 0.27765501 0.28259407 0.27573673 0.27872102
 0.26561361 0.27323983 0.26336735 0.26730067 0.25592303 0.26210058
 0.25120255 0.25486216 0.24442027 0.248841   0.23996566 0.24260791
 0.23498592 0.23670103 0.23235044 0.23313767 0.22598488 0.22716572
 0.22255185 0.22335733 0.21974532 0.21840542 0.2150739  0.2162206
 0.21316802 0.2098756  0.20859044 0.20638246 0.20669268 0.20337751
 0.20164122 0.200893   0.19963902 0.19796012 0.19618212 0.19480039
 0.19441455 0.1936585  0.18986849 0.19162576 0.18837977 0.191206
 0.18522765 0.18634883 0.18519123 0.18589257 0.18266223 0.18220517
 0.18095626 0.18190272 0.1802627  0.17920934 0.17845582 0.17766849
 0.1793059  0.17659948 0.17554456 0.17665277 0.17649371 0.17489788
 0.17438419 0.17481705 0.17483009 0.17379251 0.17134662 0.17333241
 0.17246405 0.17303774 0.17050829 0.17313422 0.17113153 0.17293082
 0.17009367 0.17092279 0.17053752 0.17182317 0.17085828 0.16904063
 0.17122598 0.16973953 0.17076961 0.16888155 0.16921535 0.16980918
 0.1700126  0.16825742 0.16899809 0.16924324 0.16936582 0.16855734
 0.16877641 0.16805399 0.1703119  0.16685863 0.16758632 0.16826444
 0.16878086 0.16811838 0.16566148 0.1674533  0.16699687 0.16752226
 0.16609548 0.16691182 0.16515377 0.16860205 0.16586847 0.16616582
 0.16364874 0.1684925  0.16574373 0.16714711 0.16210224 0.16909301
 0.16337253 0.16763746 0.16104052 0.16901736 0.16283518 0.16778346
 0.16010613 0.16917388 0.16323132 0.16657822 0.16267825 0.16653648
 0.16295477 0.16674778 0.16474861 0.16361115 0.16465991 0.1641564
 0.16423728 0.16289372 0.16374682 0.1632407  0.16628262 0.16269457
 0.16574966 0.16292416 0.16551485 0.16180231 0.16378772 0.16315891
 0.16466427 0.16085259 0.16399997 0.16238751 0.16322766 0.16229358
 0.1621579  0.16231185 0.16307894 0.16313108 0.16176389 0.16262197
 0.1627133  0.16413799 0.16042754 0.16160434 0.1635248  0.16398404
 0.16161217 0.16167491]
设定电流=0.0002,期望温差=0.5,晶中温度=220.03139855403495,温度差=0.1901565766856232
单次测量结束，时间=1786s	设定温度=300	温度差=0.1901565766856232K	相对热导0.0021303211939547335W/K	时间常数=3.6480990048113915s	时间偏离=1.0272547158776757s
结束小循环
等待30秒降温缓和
新设定点数=200个，设定电流=2.000000e-04A
开始取REL
REL=0.4235952823828193K，开始升温。。。
[ 0.03771512  0.02481795  0.02068696  0.00978074  0.00639704 -0.00039126
  0.0036972   0.01768511  0.02725689  0.04402775  0.06471041  0.09177951
  0.10960606  0.13476235  0.15152014  0.17793105  0.19375185  0.21430269
  0.22118346  0.24447302  0.25085726  0.26519122  0.26556492  0.27928726
  0.28192359  0.29332082  0.28623578  0.29329207  0.29231726  0.29868884
  0.29153845  0.29448901  0.29138947  0.29465625  0.28808308  0.28752116
  0.28559233  0.28412611  0.28131389  0.27449766  0.27407426  0.27231013
  0.27184928  0.26359238  0.26223061  0.26088713  0.26013698  0.25269035
  0.25179121  0.24785749  0.24891084  0.24268731  0.24129931  0.23562446
  0.24025112  0.23000973  0.23327192  0.22310372  0.2314474   0.22232738
  0.2249372   0.21636563  0.22114946  0.21637086  0.21898759  0.20812593
  0.21294898  0.21002901  0.21181184  0.20395411  0.20589128  0.20416056
  0.20347824  0.20022349  0.19800921  0.19921961  0.19877257  0.19797522
  0.19479793  0.1953365   0.19564762  0.19367878  0.19079244  0.19123166
  0.19138591  0.19117676  0.18782766  0.18852738  0.18685142  0.18997849
  0.18495845  0.18372447  0.18444348  0.18890139  0.18238056  0.18234918
  0.18124493  0.18336549  0.18136783  0.18126062  0.17943814  0.18336286
  0.18054677  0.17895439  0.17734632  0.17991465  0.17982836  0.17864903
  0.17621191  0.17686564  0.17936029  0.17758751  0.17402858  0.1764657
  0.17611886  0.17748132  0.17362405  0.17366067  0.1758312   0.17591488
  0.17386987  0.17231918  0.17403992  0.17522754  0.17348837  0.17112939
  0.17290778  0.17466002  0.17345437  0.17082863  0.16994205  0.17295733
  0.17268722  0.17027843  0.16873272  0.17170905  0.17272383  0.17032289
  0.16870395  0.16988612  0.17191567  0.17151725  0.16828955  0.16807507
  0.17106997  0.17153032  0.16674633  0.16759641  0.17047622  0.17003418
  0.16749868  0.16683956  0.16917281  0.17140928  0.16771845  0.16610453
  0.16682909  0.16984244  0.17054608  0.16507102  0.16649671  0.16887459
  0.17041015  0.16689956  0.16485912  0.16729456  0.16970907  0.16732595
  0.16406492  0.16630174  0.16926847  0.16828469  0.16455666  0.16528657
  0.16944889  0.16898583  0.16487321  0.16393939  0.16809399  0.16831375
  0.1666786   0.1637875   0.16543051  0.16977871  0.16750781  0.16465871
  0.16370607  0.16910638  0.16837378  0.16545384  0.16286619  0.1684286
  0.16930248  0.16588019  0.16352279  0.16489417  0.1689499   0.16526311
  0.1647398   0.16464037]
设定电流=0.0002,期望温差=0.5,晶中温度=217.95807555162548,温度差=0.1968964246954744
单次测量结束，时间=1926s	设定温度=300	温度差=0.1968964246954744K	相对热导0.002057646550866238W/K	时间常数=3.6509825999064924s	时间偏离=0.9908869330832193s
结束小循环
等待30秒降温缓和
新设定点数=200个，设定电流=2.000000e-04A
开始取REL
REL=0.4204275753711141K，开始升温。。。
[ 0.0345972   0.02966537  0.01431601  0.01720599 -0.00148679  0.00373797
  0.00059106  0.0221137   0.02532611  0.04671249  0.06116652  0.09584412
  0.10953803  0.13667963  0.14984685  0.18423361  0.195619    0.21511697
  0.2230173   0.2480265   0.25407468  0.26639379  0.26577273  0.27985806
  0.28598748  0.2945802   0.28554461  0.2936604   0.29568183  0.3026162
  0.29041947  0.2966279   0.29372679  0.29942696  0.29117963  0.28879742
  0.28682403  0.29074352  0.28314027  0.27960205  0.27568117  0.27979338
  0.27339837  0.26289119  0.26351496  0.26647397  0.2666433   0.25392857
  0.25081476  0.25101921  0.25780511  0.24497506  0.24671282  0.2348497
  0.24547807  0.23520602  0.2378377   0.22052469  0.23425977  0.22832538
  0.22881292  0.21640417  0.22764911  0.22343139  0.22000175  0.21262261
  0.21569485  0.21473281  0.2139831   0.20892387  0.20753717  0.21229494
  0.21060416  0.20378356  0.19974113  0.20606431  0.20382027  0.19907788
  0.19414936  0.19858765  0.19913555  0.19810528  0.19026161  0.192207
  0.19306954  0.19719347  0.18544039  0.18703439  0.18919467  0.19455342
  0.18612466  0.18496435  0.18564081  0.19090579  0.18265465  0.18426974
  0.18140924  0.18787224  0.18202801  0.18098973  0.17846421  0.18429566
  0.18201185  0.17845394  0.17466769  0.18068007  0.18046768  0.18075611
  0.1730158   0.17666809  0.17928502  0.18062234  0.17159417  0.17610957
  0.17783759  0.17972556  0.17028309  0.17351099  0.17649123  0.1791634
  0.17281469  0.16967574  0.17395279  0.17656728  0.17334703  0.16697472
  0.17238201  0.17561056  0.17392687  0.16815987  0.17049132  0.17214616
  0.17765615  0.16723669  0.17033655  0.1666912   0.17585537  0.17070954
  0.17001189  0.16415792  0.17760999  0.16835693  0.16652364  0.16397417
  0.17580275  0.16861585  0.1712938   0.16020692  0.17736051  0.16745917
  0.17042563  0.16168622  0.17276523  0.1711182   0.17307352  0.15881205
  0.16893698  0.16787728  0.17379486  0.16220364  0.16695659  0.16664969
  0.17245973  0.16352204  0.15966583  0.16681162  0.17431418  0.16626336
  0.16067054  0.16666472  0.17078063  0.16884466  0.16213085  0.16433448
  0.16923761  0.17004037  0.16304639  0.1622856   0.16753765  0.17085887
  0.16518446  0.16187056  0.16501102  0.17023202  0.16554101  0.16594766
  0.16126977  0.16894645  0.16695251  0.16594242  0.16123858  0.16752495
  0.16968424  0.16555971  0.1596223   0.16625237  0.16863993  0.16615267
  0.15914741  0.16526561]
设定电流=0.0002,期望温差=0.5,晶中温度=215.89284339115537,温度差=0.1979125032013684
单次测量结束，时间=2065s	设定温度=300	温度差=0.1979125032013684K	相对热导0.002047331585025227W/K	时间常数=3.6341640768893737s	时间偏离=0.9958399059309246s
结束小循环
等待30秒降温缓和
新设定点数=200个，设定电流=2.000000e-04A
开始取REL
REL=0.4554433076642448K，开始升温。。。
[ 0.03689093  0.01255095  0.00523635 -0.0028402  -0.01802378 -0.02368409
 -0.02097247 -0.0122464  -0.01568323 -0.01405152 -0.00185972  0.01105202
  0.00886065  0.00417049  0.00132557 -0.00643137 -0.027256   -0.05662595
 -0.0850184  -0.10844709 -0.13827952 -0.1789066  -0.22005133 -0.24981165
 -0.25962409 -0.21722089 -0.15172666 -0.07768663 -0.00796943  0.04965697
  0.08677553  0.12447223  0.15945112  0.18938802  0.20231574  0.21540127
  0.23214239  0.2473592   0.25037102  0.24891505  0.25739861  0.26538115
  0.26543108  0.25820078  0.25902867  0.26155413  0.26542291  0.25518852
  0.25307541  0.25191898  0.25859272  0.24940129  0.24332975  0.24058835
  0.24728808  0.24058043  0.23360998  0.22919169  0.23701636  0.23122893
  0.22511752  0.2179757   0.22618209  0.22526472  0.21957124  0.20820801
  0.21506594  0.21411177  0.21522256  0.20106681  0.20478385  0.20574071
  0.20963649  0.19626674  0.19815154  0.19622989  0.20277019  0.19378011
  0.19145875  0.18741805  0.19712677  0.19111699  0.18527283  0.18245985
  0.18894547  0.18771     0.17998017  0.17986712  0.18272235  0.1865188
  0.17779537  0.17516625  0.17716964  0.18241737  0.17862092  0.17169209
  0.16980164  0.17801286  0.17740287  0.16909174  0.16528455  0.17369822
  0.17460269  0.17051943  0.16086067  0.16946936  0.16951144  0.1736133
  0.15909112  0.16757094  0.16396603  0.17447048  0.15771857  0.16446898
  0.16311474  0.1716532   0.16043009  0.16027494  0.15930988  0.17054351
  0.16538424  0.15888389  0.15924427  0.16617381  0.16370442  0.15828164
  0.15641711  0.16091145  0.16264975  0.16022507  0.15490234  0.15735068
  0.16442018  0.15836061  0.15487583  0.15459971  0.16320515  0.16006227
  0.15450503  0.15163831  0.16054764  0.15800168  0.15923258  0.15006658
  0.15679445  0.15985059  0.15865914  0.14970092  0.15486649  0.15736355
  0.16023842  0.15089312  0.15334978  0.15661393  0.15987545  0.15254234
  0.14981477  0.15333931  0.15848473  0.15363422  0.14958861  0.15075916
  0.15857153  0.15492576  0.15120633  0.14786316  0.15622003  0.15577859
  0.15219308  0.14709497  0.15196685  0.15691501  0.15237722  0.14811038
  0.15045951  0.15455519  0.15467163  0.14890502  0.14859196  0.15208034
  0.1560633   0.15038087  0.14741338  0.1518462   0.15469267  0.15138443
  0.14736158  0.15111606  0.15374709  0.15499157  0.1460066   0.15021888
  0.1483219   0.15787255  0.14587927  0.14939699  0.14736315  0.15807171
  0.14686588  0.15099407]
设定电流=0.0002,期望温差=0.5,晶中温度=213.90610452846164,温度差=0.17694369041320715
单次测量结束，时间=2204s	设定温度=300	温度差=0.17694369041320715K	相对热导0.0022902216859311134W/K	时间常数=11.30630471734768s	时间偏离=5.628063592056655s
结束小循环
等待56.53秒降温缓和
新设定点数=200个，设定电流=2.000000e-04A
开始取REL
REL=0.41410958342164167K，开始升温。。。
[ 0.04381044  0.01163025  0.00521741 -0.00062347 -0.00938737 -0.01709174
 -0.01271635 -0.00447578  0.0092071   0.01356158  0.03682591  0.05954724
  0.0831305   0.09846081  0.11614228  0.13222645  0.15574993  0.16452273
  0.17085455  0.17918713  0.19025067  0.19591029  0.19524864  0.19838028
  0.20625652  0.21265102  0.20787421  0.20614749  0.20584433  0.20763958
  0.19396819  0.18214742  0.16796197  0.15768866  0.13611802  0.11400119
  0.08767666  0.07374852  0.05015794  0.02737938 -0.00035826 -0.01651681
 -0.03418601 -0.05520142 -0.08155888 -0.09833782 -0.113345   -0.12540189
 -0.13448213 -0.11077701 -0.05495621  0.00291319  0.04813029  0.08852441
  0.12827517  0.16164778  0.18256729  0.1981976   0.21422869  0.23240604
  0.2405086   0.24383568  0.24696838  0.2569809   0.26017692  0.26037206
  0.25608964  0.26138728  0.26460964  0.26224429  0.25620505  0.25686961
  0.25889227  0.25914543  0.25340985  0.24835452  0.25321734  0.25132917
  0.25065407  0.2439758   0.24583772  0.24469841  0.24549224  0.23550484
  0.24048923  0.23861413  0.23992222  0.23152511  0.23183167  0.23354073
  0.23420009  0.22757748  0.22650668  0.22509038  0.22779641  0.22742189
  0.22056192  0.22080721  0.22285136  0.22574745  0.2131555   0.21644196
  0.21684815  0.22159058  0.21370672  0.21430545  0.21060942  0.22163019
  0.21345562  0.21171994  0.20734118  0.21474023  0.2107334   0.2101821
  0.20273016  0.21151883  0.20693141  0.21067204  0.19991971  0.21125239
  0.20455197  0.20927392  0.20060822  0.2052352   0.20188631  0.20796721
  0.19664433  0.20156445  0.19898436  0.20608095  0.19911099  0.19850158
  0.19867042  0.20369777  0.20122308  0.19608632  0.19838955  0.19972717
  0.20185363  0.1944796   0.19860589  0.19687253  0.20087125  0.19554427
  0.19367631  0.19465253  0.2006998   0.1956393   0.19388211  0.19251804
  0.19817746  0.19620971  0.19286653  0.19194035  0.19570577  0.19528622
  0.19480862  0.18921729  0.19744465  0.19691164  0.19858667  0.19065729
  0.19124045  0.19523549  0.19473946  0.19221684  0.19184214  0.19397687
  0.19467877  0.19410632  0.18897875  0.18957517  0.19743145  0.1922775
  0.1896067   0.18868569  0.19311656  0.1941616   0.18695134  0.18966427
  0.19212122  0.19360172  0.18960621  0.18804918  0.18980944  0.19244584
  0.19033197  0.18744465  0.18985167  0.19078598  0.19163319  0.18892264
  0.18818628  0.18869039  0.19213472  0.18913913  0.18678279  0.18775411
  0.19113262  0.18989207]
设定电流=0.0002,期望温差=0.5,晶中温度=211.73214094843019,温度差=0.20823469330397162
单次测量结束，时间=2362s	设定温度=300	温度差=0.20823469330397162K	相对热导0.0019463371033407982W/K	时间常数=18.280363470253324s	时间偏离=-1.16833160096371s
结束小循环
等待91.4秒降温缓和
新设定点数=200个，设定电流=2.000000e-04A
开始取REL
REL=0.3985066433496669K，开始升温。。。
[ 0.02834857  0.01575102  0.00288892 -0.00405269 -0.0117853  -0.01735129
 -0.01835391 -0.00972186  0.00028181  0.01656305  0.03175693  0.05221562
  0.07344419  0.09365154  0.11141965  0.12925387  0.14728387  0.16336825
  0.17434829  0.1844314   0.19651473  0.20598137  0.21185503  0.2154533
  0.22038771  0.22458393  0.22680909  0.22538558  0.22568986  0.22622434
  0.22479289  0.22148284  0.22154899  0.21908299  0.21822822  0.21627481
  0.21227386  0.20805858  0.20572205  0.2014512   0.19955393  0.19612984
  0.19952747  0.19674109  0.19730843  0.19299763  0.19732431  0.1944822
  0.19378623  0.19088061  0.18830842  0.1883931   0.18714934  0.18144627
  0.18347107  0.17962841  0.1756296   0.16999262  0.16874614  0.16310387
  0.16092848  0.1553365   0.15132209  0.14791057  0.14737325  0.13763095
  0.13479904  0.12676648  0.13034474  0.11663247  0.11594699  0.1027912
  0.10737282  0.09344005  0.09457578  0.07886435  0.08710121  0.07298051
  0.07537851  0.06067817  0.06773049  0.05483957  0.06153385  0.04988702
  0.05127665  0.04370621  0.04518324  0.03744605  0.03831162  0.03341695
  0.03785106  0.03193715  0.02974259  0.03167772  0.03456571  0.02693904
  0.03134138  0.02833942  0.03441469  0.02759513  0.03708056  0.02950916
  0.03988674  0.03463177  0.04044009  0.04147255  0.05223929  0.05869567
  0.07422577  0.0824912   0.10635821  0.11794622  0.13441883  0.14280339
  0.15218331  0.16224637  0.16905413  0.17547211  0.17531854  0.18465691
  0.187294    0.18993903  0.18820215  0.19381524  0.19151178  0.1958386
  0.1910936   0.1970937   0.19292858  0.19779009  0.19258171  0.19821905
  0.19163376  0.20135679  0.19382996  0.19513279  0.19139643  0.1963191
  0.19012009  0.19495272  0.19614433  0.19252449  0.19126668  0.19572671
  0.18735578  0.19540895  0.1902741   0.19592535  0.18277175  0.1922576
  0.19047536  0.19242973  0.18395779  0.19361386  0.18530305  0.18781903
  0.18954049  0.18943191  0.18515474  0.18316579  0.1848078   0.18505152
  0.18793848  0.1862116   0.18605273  0.18373522  0.18755978  0.18558393
  0.18651888  0.183865    0.18592107  0.18390805  0.18590253  0.18285121
  0.18460227  0.18477179  0.18647492  0.18351894  0.18435859  0.18307724
  0.18577907  0.18230642  0.18482813  0.17962049  0.1862453   0.1790669
  0.18431958  0.17895035  0.17819129  0.18006156  0.18427893  0.17886152
  0.18505512  0.18079006  0.18349475  0.17870782  0.18386828  0.18059416
  0.18214927  0.1781065 ]
设定电流=0.0002,期望温差=0.5,晶中温度=209.19483563700533,温度差=0.15605735807175555
单次测量结束，时间=2545s	设定温度=300	温度差=0.15605735807175555K	相对热导0.0025974927589163975W/K	时间常数=3.978196779190012s	时间偏离=1.3575620195188363s
结束小循环
等待30秒降温缓和
新设定点数=200个，设定电流=2.000000e-04A
开始取REL
REL=0.3713860070168575K，开始升温。。。
[0.04026252 0.02709688 0.02877343 0.01593285 0.00948632 0.00366852
 0.00554948 0.01126382 0.02144829 0.03650613 0.05300449 0.07354056
 0.09272647 0.11269919 0.13137718 0.15020906 0.16834602 0.18168063
 0.19441298 0.20664654 0.21729354 0.22604805 0.23197804 0.23687061
 0.24118743 0.24454643 0.24651242 0.24897463 0.24614627 0.25060106
 0.2473352  0.24890606 0.24572188 0.24381667 0.24112868 0.24220335
 0.23425868 0.23490083 0.2332079  0.23123027 0.22599196 0.22290842
 0.22155771 0.2187475  0.21502443 0.21207887 0.20942257 0.20623288
 0.20363747 0.20080849 0.19442336 0.19322648 0.1873907  0.19209595
 0.18640613 0.18523579 0.18278078 0.18236944 0.17919001 0.18008705
 0.17759499 0.17762949 0.17410505 0.17617513 0.17332744 0.17388477
 0.1709043  0.17369382 0.16976302 0.17228446 0.17044248 0.17213053
 0.16925873 0.17251007 0.17050618 0.17217399 0.17055231 0.17134595
 0.17169632 0.17206793 0.17173879 0.17151848 0.17040898 0.17109645
 0.16822926 0.17088113 0.1683594  0.1683302  0.16654105 0.16868325
 0.16607386 0.16829304 0.1657208  0.16730428 0.16533452 0.16707863
 0.1626189  0.16570892 0.16229768 0.166723   0.16213575 0.16445858
 0.16120433 0.16616088 0.16079548 0.16285828 0.16068923 0.16332546
 0.16004676 0.16274671 0.15814591 0.16155244 0.15726199 0.16136128
 0.15715314 0.1595612  0.15942817 0.15980518 0.15533419 0.15647318
 0.16006885 0.15574617 0.15896959 0.15416632 0.16079107 0.15167839
 0.16289668 0.14841517 0.16067692 0.15063919 0.16114924 0.15121541
 0.16031279 0.1500258  0.15792559 0.1504188  0.16130058 0.15210229
 0.1567088  0.15192079 0.15686813 0.15176411 0.15658664 0.15141623
 0.15544209 0.15225008 0.15581373 0.15228214 0.17042817 0.15231401
 0.15305493 0.15334971 0.15495903 0.15138984 0.14627241 0.15347453
 0.15238625 0.15434363 0.15337423 0.15257216 0.15322019 0.15216581
 0.15258809 0.15278994 0.15281384 0.15169479 0.15293775 0.15220999
 0.15258981 0.15161769 0.15211703 0.15125647 0.15288463 0.1502392
 0.15124943 0.15102896 0.15151783 0.15176486 0.15144345 0.14958406
 0.15402535 0.14767952 0.15196408 0.15231274 0.15131127 0.14912505
 0.15086266 0.1488677  0.14985323 0.14969384 0.15110971 0.14929273
 0.14980439 0.14902335 0.15024007 0.1491429  0.14960787 0.14816268
 0.14990009 0.1504872 ]
设定电流=0.0002,期望温差=0.5,晶中温度=207.41748132718507,温度差=0.17187690363215533
单次测量结束，时间=2684s	设定温度=300	温度差=0.17187690363215533K	相对热导0.002358689314143331W/K	时间常数=3.81013559710811s	时间偏离=0.8896376979782876s
结束小循环
等待30秒降温缓和
新设定点数=200个，设定电流=2.000000e-04A
开始取REL
REL=0.376011494223912K，开始升温。。。
[0.02623484 0.03630141 0.01981022 0.02042209 0.0034361  0.00472634
 0.00345738 0.00848031 0.01687152 0.03217728 0.05147377 0.07157372
 0.09284162 0.11176032 0.12585024 0.14559369 0.16171129 0.17758218
 0.19453058 0.20812128 0.21367675 0.21622302 0.23254356 0.2310456
 0.24060539 0.23511933 0.24809378 0.23854122 0.2531094  0.23809407
 0.25035806 0.23629797 0.24851407 0.22956063 0.2446007  0.22889257
 0.23953674 0.223645   0.23940102 0.22075244 0.22964298 0.2135357
 0.22295046 0.20361677 0.21948791 0.2016688  0.21454348 0.20185774
 0.20608618 0.19537768 0.19944393 0.19145513 0.19293769 0.18630568
 0.18939281 0.18488187 0.18478607 0.18501228 0.17190267 0.17772564
 0.16890869 0.17877272 0.16099635 0.17328464 0.16355675 0.17615111
 0.15645046 0.16881593 0.1557904  0.16467193 0.15251189 0.1641222
 0.1495441  0.16078976 0.14887601 0.15979162 0.14701815 0.15386137
 0.14533324 0.15246837 0.14524928 0.14910905 0.14340459 0.14845688
 0.14109405 0.14501237 0.14139219 0.14387308 0.14084443 0.14178679
 0.13812648 0.14029871 0.13917799 0.13958262 0.13570934 0.1361752
 0.13965183 0.1345987  0.13838443 0.13807828 0.13459345 0.13257283
 0.13706664 0.13218148 0.13660075 0.13017152 0.13524166 0.12727311
 0.13789616 0.12916616 0.13646645 0.12698832 0.13742758 0.12707086
 0.13681256 0.12115363 0.13459157 0.1254723  0.13714225 0.12531251
 0.13825521 0.12464953 0.13680411 0.12296946 0.13679059 0.12295738
 0.13657757 0.12142095 0.13289765 0.12129319 0.140215   0.12504241
 0.13219201 0.12140559 0.1387145  0.12510437 0.13225961 0.12393269
 0.13169233 0.12408439 0.13186009 0.13024637 0.12599173 0.12573075
 0.12587189 0.13100102 0.12538454 0.13213017 0.12081987 0.12839105
 0.12221533 0.13284312 0.11882372 0.13165797 0.12193707 0.13550371
 0.12073061 0.13376993 0.12002492 0.13232918 0.11734775 0.12855002
 0.12310869 0.1315277  0.12096998 0.12796407 0.12420068 0.12674956
 0.12346295 0.12681248 0.12403431 0.12743045 0.12333644 0.12703623
 0.12434862 0.12617321 0.12435395 0.12614391 0.12556768 0.12523737
 0.12325018 0.12553838 0.12329546 0.12841263 0.12247501 0.12526135
 0.12377495 0.12439983 0.12389923 0.1258306  0.125772   0.12532179
 0.12719988 0.12581462 0.12657651 0.12464247 0.12622388 0.12377821
 0.12568847 0.12600284]
设定电流=0.0002,期望温差=0.5,晶中温度=205.60817129942419,温度差=0.15220105642580695
单次测量结束，时间=2823s	设定温度=300	温度差=0.15220105642580695K	相对热导0.002663919023634432W/K	时间常数=3.4299280193096946s	时间偏离=0.853737486076069s
结束小循环
等待30秒降温缓和
新设定点数=200个，设定电流=2.000000e-04A
开始取REL
REL=0.38721553015746657K，开始升温。。。
[ 0.03306954  0.0320158   0.02010587  0.01110987  0.00383996 -0.00197862
 -0.00143438  0.001671    0.01725127  0.02937133  0.04820896  0.0643802
  0.08665283  0.1055344   0.12509632  0.14152065  0.15918027  0.17403847
  0.18819498  0.19768513  0.20668914  0.21704474  0.22416371  0.2288919
  0.23179232  0.23614696  0.23894598  0.23918079  0.23981317  0.23875255
  0.23993203  0.23858714  0.23561452  0.23443507  0.23270594  0.23303415
  0.22575203  0.2259148   0.22145386  0.22311375  0.21548944  0.21576164
  0.21113422  0.21199353  0.20358999  0.20321905  0.19966176  0.19955162
  0.19500936  0.19401124  0.18759032  0.1867977   0.18609848  0.18427837
  0.17822558  0.17678977  0.17636947  0.17388208  0.1709223   0.16888595
  0.16753552  0.16666013  0.16317724  0.16140511  0.16068185  0.15850455
  0.15741556  0.15453024  0.15389767  0.15384162  0.15138618  0.14926423
  0.14742788  0.14677662  0.14665091  0.14423525  0.14258833  0.14185697
  0.14083999  0.14138184  0.13715367  0.13792241  0.13726578  0.1364796
  0.13427996  0.1325795   0.13104189  0.13395428  0.13141562  0.12908517
  0.1287701   0.13113258  0.12988688  0.12633095  0.12609603  0.1280048
  0.12650181  0.12542062  0.12296991  0.12401907  0.12502003  0.12420064
  0.12092741  0.12146672  0.12224631  0.12266548  0.12017718  0.11847382
  0.12017451  0.12127716  0.11861456  0.11733566  0.11788567  0.11994152
  0.11785096  0.11532519  0.11619559  0.11751454  0.11806722  0.11505397
  0.11454675  0.11538517  0.11703799  0.11564151  0.1140955   0.11309954
  0.11562549  0.11308085  0.11484166  0.11064646  0.11563204  0.11304176
  0.11321266  0.11013103  0.11343965  0.11264921  0.11457456  0.10887755
  0.11231723  0.11171369  0.11310764  0.10963591  0.11112876  0.11089642
  0.11274178  0.10986558  0.10978356  0.10969543  0.11166644  0.11206972
  0.10755079  0.10893691  0.10999186  0.11110289  0.10858437  0.10850761
  0.1091059   0.11204394  0.10821381  0.1081043   0.10721766  0.11167012
  0.10846766  0.10816317  0.10474479  0.11136386  0.10877286  0.10945667
  0.10545531  0.10930442  0.10894654  0.10813719  0.10584803  0.10980568
  0.10754041  0.10944238  0.10545413  0.10802392  0.10775412  0.11136305
  0.10567867  0.10626102  0.10686985  0.11070338  0.10719577  0.10605506
  0.10677902  0.11065262  0.10793309  0.10815749  0.10346384  0.10970424
  0.10777263  0.10917793  0.10275258  0.10831765  0.10801843  0.10965348
  0.10417123  0.10923403]
设定电流=0.0002,期望温差=0.5,晶中温度=203.8265914635219,温度差=0.14005251055581733
单次测量结束，时间=2962s	设定温度=300	温度差=0.14005251055581733K	相对热导0.002895332925793415W/K	时间常数=3.307781329063615s	时间偏离=0.8354717989901093s
结束小循环
等待30秒降温缓和
新设定点数=200个，设定电流=2.000000e-04A
开始取REL
REL=0.3900088815413405K，开始升温。。。
[ 0.04513536  0.03051761  0.01735537  0.01022574  0.00606567 -0.00188795
 -0.0047819   0.0015752   0.01805123  0.0311748   0.0445793   0.06245197
  0.08836193  0.10748408  0.12240562  0.13850829  0.15877953  0.17558035
  0.18555275  0.19390099  0.20570626  0.21633688  0.22305013  0.22391706
  0.22864349  0.23568362  0.23810258  0.23706168  0.23434571  0.23662284
  0.24010143  0.23768247  0.23125228  0.22964039  0.23302018  0.23098107
  0.22368627  0.21964283  0.22025028  0.22073196  0.21411153  0.20796474
  0.20812289  0.20921476  0.20463315  0.19691774  0.19545388  0.19545388
  0.19565994  0.18731563  0.18442804  0.18369352  0.183846    0.17989304
  0.17353405  0.17303625  0.17396227  0.17108252  0.16614734  0.16345227
  0.16538988  0.16466989  0.1585567   0.15395038  0.15575437  0.15785277
  0.15160038  0.1480165   0.14745175  0.14983901  0.14734434  0.14304559
  0.1394054   0.14352214  0.14323306  0.13907082  0.13471853  0.1359391
  0.13877058  0.13648449  0.13069431  0.12969581  0.13326141  0.13415282
  0.12857144  0.12525206  0.12795039  0.13063078  0.12564068  0.12203999
  0.12361412  0.12717733  0.12541056  0.11954505  0.11928537  0.12292385
  0.12435083  0.11895882  0.11556405  0.11866165  0.12196539  0.11798162
  0.11438879  0.11394704  0.11798856  0.11790021  0.11372617  0.11262041
  0.1149417   0.11670877  0.11218667  0.10904342  0.11136474  0.11559866
  0.11250871  0.10838788  0.1082058   0.11352887  0.11217669  0.10873329
  0.10603427  0.11016581  0.11218078  0.1099797   0.10482508  0.10762062
  0.11038403  0.10986723  0.10522674  0.1060006   0.10782413  0.10927042
  0.1069728   0.10390396  0.10587219  0.10902672  0.10775473  0.1036576
  0.10341659  0.10677196  0.10721134  0.10372188  0.10219793  0.10521873
  0.10753521  0.10440194  0.10164626  0.10281655  0.10734775  0.1045172
  0.10162471  0.1015524   0.10502601  0.10500459  0.10257544  0.10060961
  0.10239867  0.10534472  0.10293431  0.10071387  0.10143437  0.10412086
  0.10348591  0.10126815  0.09982179  0.10383411  0.10390642  0.10141803
  0.09876079  0.10162696  0.10342703  0.10312434  0.09901796  0.09954566
  0.10240915  0.10363063  0.09979729  0.09847664  0.10195374  0.1024386
  0.10136708  0.09829716  0.10072929  0.10180081  0.10286162  0.09698132
  0.10057916  0.10031394  0.10355548  0.09866906  0.09963081  0.0996067
  0.10245443  0.09910038  0.09895552  0.09765348  0.10272502  0.10013432
  0.09927969  0.09580222]
设定电流=0.0002,期望温差=0.5,晶中温度=202.18464630893052,温度差=0.13472777868647312
单次测量结束，时间=3101s	设定温度=300	温度差=0.13472777868647312K	相对热导0.0030100933049556446W/K	时间常数=3.2545310552836884s	时间偏离=0.7546438944976334s
结束小循环
等待30秒降温缓和
新设定点数=200个，设定电流=2.000000e-04A
开始取REL
REL=0.3846512833457288K，开始升温。。。
[ 0.01405115  0.0341948   0.01547848  0.01133331  0.002823   -0.0015073
 -0.01030203 -0.00082314  0.01169822  0.0300214   0.03674526  0.05872257
  0.08023034  0.10514566  0.11406424  0.13339601  0.15173235  0.17322134
  0.17796861  0.18868571  0.19840463  0.21535236  0.21721993  0.22159103
  0.21979864  0.23242894  0.2319379   0.23429287  0.22596345  0.23288138
  0.23546822  0.23572583  0.22388109  0.22739373  0.22711461  0.22704752
  0.21919397  0.21459965  0.2147875   0.21484386  0.21037836  0.20115753
  0.20286966  0.20391089  0.19925762  0.19195995  0.18905335  0.18979946
  0.19015641  0.18120849  0.17763093  0.17593742  0.17914461  0.17382255
  0.16664803  0.16461364  0.16837377  0.16514505  0.15969944  0.15374926
  0.15781803  0.15727857  0.1542592   0.14591467  0.14894499  0.15138758
  0.14864437  0.14073147  0.13933839  0.14256206  0.14345857  0.13548393
  0.13330062  0.13455687  0.13683842  0.13270995  0.12710781  0.12778425
  0.13162013  0.13030482  0.1240477   0.12151661  0.12516213  0.12669228
  0.1212454   0.1176133   0.1196884   0.12198095  0.11983336  0.11398389
  0.11384939  0.11591926  0.11848847  0.11132582  0.11105212  0.11255821
  0.11551132  0.11006148  0.10900373  0.10824152  0.1134554   0.10984971
  0.10581178  0.10266519  0.11011016  0.10781198  0.10589771  0.10078317
  0.10602944  0.10513533  0.10608314  0.09888729  0.10318601  0.10472721
  0.10570741  0.09870756  0.1003669   0.10244326  0.10477665  0.0984773
  0.09801009  0.09917544  0.1033025   0.10040792  0.09364943  0.09792686
  0.09936399  0.10414927  0.09265064  0.09642354  0.09739295  0.10442317
  0.09352606  0.09777695  0.09058804  0.10113231  0.09161486  0.09734574
  0.08982094  0.10220652  0.09374447  0.09821585  0.08823649  0.100375
  0.0942156   0.09819578  0.08819429  0.09501056  0.09358715  0.09773115
  0.0887368   0.09419948  0.09201333  0.09628126  0.09134715  0.09132298
  0.09024057  0.0967968   0.09154053  0.09123166  0.08767018  0.09559084
  0.09196597  0.09057997  0.08843101  0.09348079  0.09360435  0.091939
  0.08755805  0.09179664  0.09352108  0.09198106  0.08739827  0.0910516
  0.09251034  0.09316847  0.08715928  0.0893271   0.09180116  0.09382124
  0.08870207  0.08838507  0.08944085  0.09322336  0.09273161  0.08738827
  0.08817002  0.09235282  0.09289011  0.08891813  0.0870671   0.08928619
  0.0916611   0.0886656   0.0865539   0.08797239  0.09190549  0.09039565
  0.08738918  0.08680615]
设定电流=0.0002,期望温差=0.5,晶中温度=200.50920187358997,温度差=0.1263549615573163
单次测量结束，时间=3240s	设定温度=300	温度差=0.1263549615573163K	相对热导0.003209919862017634W/K	时间常数=3.1355031517103047s	时间偏离=0.906738256326643s
结束小循环
等待30秒降温缓和
新设定点数=200个，设定电流=2.000000e-04A
开始取REL
REL=0.37313088499426605K，开始升温。。。
[ 0.04926558  0.02774578  0.01875476  0.00252949  0.00393671 -0.00884309
  0.00206955 -0.00279754  0.01738648  0.02447053  0.053439    0.05917242
  0.088418    0.10022658  0.1293102   0.1360961   0.16360559  0.16765776
  0.18996892  0.18724864  0.20573633  0.20778932  0.22456976  0.21766758
  0.22971208  0.22108234  0.2352904   0.22847433  0.23569672  0.22421731
  0.23452618  0.22705152  0.23080817  0.21950324  0.22622269  0.21482896
  0.22312287  0.20951712  0.21285128  0.20170512  0.21165675  0.19939011
  0.20149196  0.19227718  0.19919096  0.18724457  0.18863597  0.18063494
  0.18593936  0.17625482  0.17836753  0.16828302  0.17369534  0.16546247
  0.16963677  0.16047539  0.16171873  0.15748253  0.15888332  0.15054748
  0.15087586  0.14857994  0.1497104   0.14300298  0.14391273  0.14007454
  0.14087406  0.13668671  0.13292633  0.13683207  0.13148893  0.1319223
  0.12949434  0.13137857  0.12359131  0.13152392  0.11766523  0.12916526
  0.11774598  0.12698747  0.11498942  0.12406131  0.11199597  0.12260496
  0.11106724  0.11522215  0.11087698  0.11544019  0.11167386  0.11194577
  0.10492194  0.11307378  0.10294051  0.1135476   0.1035145   0.11012674
  0.10163545  0.11046074  0.09829971  0.10535349  0.10184275  0.10945922
  0.10042123  0.10256922  0.10021334  0.10334464  0.09924663  0.1013198
  0.09675075  0.10150558  0.09787349  0.09976089  0.09438604  0.09906058
  0.0967637   0.09812621  0.09385555  0.09550887  0.09434024  0.09609588
  0.09315545  0.09394678  0.09392254  0.09488391  0.09258417  0.09384714
  0.09216413  0.09404916  0.0920995   0.09253844  0.09210331  0.09396687
  0.09071641  0.09171013  0.09157278  0.09215717  0.09201171  0.09174779
  0.08859159  0.0907643   0.09231558  0.09108479  0.08763749  0.08995903
  0.09065926  0.09114943  0.0875271   0.08847241  0.08779407  0.08929967
  0.08766748  0.08846472  0.0863181   0.09040126  0.0857875   0.08503874
  0.08855298  0.08840754  0.0899455   0.08512691  0.08966807  0.08608039
  0.08903242  0.08372901  0.08820283  0.08172773  0.09011023  0.08481724
  0.08751087  0.08245493  0.08820852  0.08558223  0.08699639  0.08281857
  0.08778317  0.0851485   0.08782899  0.08312808  0.08651704  0.08528592
  0.08703698  0.08417333  0.08676219  0.08381473  0.0874086   0.08293916
  0.08517791  0.08162984  0.08605348  0.08469298  0.08594032  0.08075427
  0.0857466   0.08435907  0.0844372   0.08162442  0.08635826  0.08280457
  0.08709918  0.0820421 ]
设定电流=0.0002,期望温差=0.5,晶中温度=198.9135885477882,温度差=0.12170391734012534
单次测量结束，时间=3379s	设定温度=300	温度差=0.12170391734012534K	相对热导0.0033329579003978723W/K	时间常数=3.0636050104233186s	时间偏离=0.6804363299053693s
结束小循环
等待30秒降温缓和
新设定点数=200个，设定电流=2.000000e-04A
开始取REL
REL=0.3626671324552545K，开始升温。。。
[0.04031321 0.03706206 0.02922151 0.02321564 0.01815678 0.01268242
 0.01429316 0.01600157 0.02879122 0.0404341  0.05587338 0.07170661
 0.08881071 0.10362131 0.11731754 0.13270826 0.14858701 0.16065677
 0.17627229 0.18550607 0.19748409 0.20329636 0.21239523 0.21711196
 0.22109204 0.22292772 0.22608237 0.2262092  0.226482   0.22644422
 0.22618516 0.22408295 0.22351086 0.22013492 0.21813292 0.21517235
 0.21244657 0.20965872 0.2066278  0.203284   0.19983495 0.19699042
 0.1932445  0.19073357 0.18787272 0.1854356  0.18131166 0.17927938
 0.17607831 0.17322826 0.17041329 0.16768468 0.16507888 0.16386696
 0.15948895 0.15801522 0.15495439 0.15439836 0.15004476 0.1489705
 0.14660605 0.14392051 0.14298117 0.14069491 0.13732086 0.13782292
 0.13500491 0.13277263 0.13277793 0.12899089 0.12916815 0.12837991
 0.12511358 0.12429835 0.12395012 0.12206051 0.12027617 0.11951493
 0.11798714 0.11650781 0.11478271 0.1157276  0.11357326 0.11385673
 0.11133793 0.1124016  0.10963713 0.10977212 0.10649117 0.10989575
 0.10530591 0.10732544 0.10308659 0.10803281 0.10301369 0.10378317
 0.1028058  0.10314253 0.09948112 0.10213798 0.09779359 0.10031544
 0.09729678 0.09935962 0.09478573 0.09782059 0.09410786 0.09635441
 0.09674853 0.0963327  0.09499341 0.09343001 0.09591147 0.0933328
 0.09366222 0.09079858 0.09362043 0.08871122 0.09433598 0.0887922
 0.09274279 0.08593525 0.09562134 0.08764456 0.09213429 0.08453498
 0.09335763 0.08297407 0.09146177 0.08396238 0.08982524 0.08382735
 0.09037345 0.08318695 0.08903129 0.08347593 0.093979   0.08069419
 0.09045724 0.078936   0.09040863 0.0797003  0.08913971 0.0796324
 0.09034433 0.07929748 0.08817817 0.07828192 0.08940722 0.07875471
 0.08880491 0.0770088  0.08625979 0.07856999 0.09246943 0.08236762
 0.08802625 0.08016089 0.0849444  0.07883739 0.08678907 0.07934187
 0.09055994 0.07855583 0.08840979 0.07853422 0.08725908 0.07914739
 0.08793449 0.07801519 0.08888573 0.08050861 0.08720544 0.07786391
 0.08694341 0.07837448 0.0856116  0.07978733 0.08369094 0.07848485
 0.08635207 0.07717185 0.08515254 0.07967898 0.08853501 0.08143236
 0.08628183 0.07996458 0.08441977 0.08070753 0.08322829 0.0794566
 0.08253393 0.07977271 0.0859787  0.0788568  0.08396679 0.07984094
 0.08289695 0.07990861]
设定电流=0.0002,期望温差=0.5,晶中温度=197.31474293614806,温度差=0.11772416732142119
单次测量结束，时间=3518s	设定温度=300	温度差=0.11772416732142119K	相对热导0.003446017995098939W/K	时间常数=2.913412188927392s	时间偏离=0.3624430216555522s
结束小循环
等待30秒降温缓和
新设定点数=200个，设定电流=2.000000e-04A
开始取REL
REL=0.3853448806079475K，开始升温。。。
[ 0.00366674  0.00239239 -0.00650195 -0.01756031 -0.03268811 -0.04822176
 -0.06136354 -0.0700192  -0.07588795 -0.07516011 -0.07194563 -0.06715671
 -0.05872769 -0.05120516 -0.04399382 -0.03499114 -0.03108375 -0.02760391
 -0.02740637 -0.02752002 -0.03009834 -0.04054147 -0.05168821 -0.0663205
 -0.08514466 -0.11089663 -0.13894884 -0.17588814 -0.20801315 -0.24712175
 -0.27709468 -0.30756281 -0.32188484 -0.31885643 -0.30741667 -0.28284027
 -0.26295398 -0.23855619 -0.22185681 -0.1984428  -0.18991729 -0.17016249
 -0.16725028 -0.15270821 -0.15454052 -0.1412651  -0.14799618 -0.13931632
 -0.14658919 -0.14103236 -0.14904412 -0.1443805  -0.15302025 -0.15091174
 -0.15647128 -0.15394323 -0.16310565 -0.16228549 -0.1687602  -0.16893614
 -0.17490192 -0.17424146 -0.18334448 -0.17918952 -0.18902339 -0.18357357
 -0.19704926 -0.19174886 -0.19979962 -0.19720627 -0.20621794 -0.20533544
 -0.21001593 -0.20990764 -0.21715726 -0.21938798 -0.22100687 -0.2246778
 -0.22740393 -0.23162984 -0.2341529  -0.23678428 -0.2374719  -0.24573173
 -0.24395298 -0.25126833 -0.24821982 -0.25679681 -0.25765235 -0.26178652
 -0.2654334  -0.26716883 -0.27255337 -0.2738151  -0.27686114 -0.27826909
 -0.28282867 -0.28353806 -0.28755612 -0.28602363 -0.29120868 -0.29030074
 -0.29509877 -0.2936312  -0.29897347 -0.29786874 -0.30040314 -0.29976954
 -0.30295107 -0.30365778 -0.30441328 -0.30693973 -0.30789831 -0.30994276
 -0.30972342 -0.31364983 -0.31211447 -0.3150498  -0.31664203 -0.31726031
 -0.31698411 -0.32080517 -0.31861165 -0.32493495 -0.31914513 -0.32432293
 -0.31956217 -0.32349697 -0.32065463 -0.3256134  -0.32272642 -0.32511237
 -0.32557277 -0.32500405 -0.3265342  -0.3233114  -0.32912056 -0.32348932
 -0.32845109 -0.32343516 -0.32889254 -0.3207728  -0.32919046 -0.32141469
 -0.32762773 -0.3207403  -0.32777015 -0.32094185 -0.32697383 -0.32103123
 -0.32664067 -0.32028637 -0.32902963 -0.32340123 -0.32793537 -0.32410563
 -0.3224045  -0.32359637 -0.32319547 -0.32403791 -0.32201987 -0.32286501
 -0.3223991  -0.32284063 -0.31925041 -0.32355223 -0.32147175 -0.32389084
 -0.31975157 -0.32369038 -0.3200658  -0.32179953 -0.31932626 -0.32224411
 -0.31861668 -0.32097627 -0.31983305 -0.31908806 -0.32033693 -0.32031797
 -0.320383   -0.31994142 -0.32051684 -0.31963634 -0.31940334 -0.32080402
 -0.31936    -0.32094219 -0.32050058 -0.32016464 -0.31980429 -0.32007566
 -0.32030055 -0.32093727 -0.31943353 -0.32056336 -0.32067174 -0.31999438
 -0.32059317 -0.31941456]
设定电流=0.0002,期望温差=0.5,晶中温度=195.29825840357782,温度差=-0.3519950649131986
单次测量结束，时间=3658s	设定温度=300	温度差=-0.3519950649131986K	相对热导-0.001152642582457613W/K	时间常数=32.84870879583582s	时间偏离=-1.194202631647321s
结束小循环
等待164.2秒降温缓和
新设定点数=252个，设定电流=nanA
开始取REL
REL=0.3880412047968077K，开始升温。。。
[ 3.11813700e-03 -1.47705543e-03  2.69096349e-03 -3.54611087e-03
  3.66979147e-03  2.19616732e-03  5.50230788e-03 -2.96423707e-03
  2.66924989e-03  1.14124928e-03  3.51256171e-03 -9.49222882e-04
 -2.60777861e-03  2.00626715e-03  2.66966510e-03  6.33175207e-04
 -2.02595109e-03  1.14705556e-03  3.62129521e-03 -3.03481417e-04
 -5.53633155e-04  7.35196808e-04  2.40741106e-03  1.79562393e-03
 -1.92671275e-03 -8.20059929e-04  3.32920842e-03  1.57542285e-03
 -1.30028256e-04 -1.65828196e-03  2.88296814e-03  2.18410442e-03
  3.56727756e-04 -2.73512868e-03  2.67362919e-03  1.68379998e-03
  3.42143998e-03 -3.87568833e-03  1.78630010e-03  1.44908389e-03
  3.68178835e-03 -4.54740366e-03  2.89041530e-03 -4.98076324e-04
  5.96615124e-03 -2.48604017e-03  4.09300961e-04  3.05952285e-04
  4.95388487e-03 -8.25435089e-04  2.27500040e-03 -1.04572781e-03
  7.38799639e-03  9.38181387e-05  3.42003726e-03 -1.68553470e-03
  7.37187422e-03 -1.16058652e-03  1.92654972e-03 -5.38465681e-03
  6.54501165e-03 -7.36274963e-04  2.74797045e-03 -5.67297000e-03
  4.26671360e-03  3.60838653e-04  4.55774939e-03 -5.63669213e-03
  3.04816740e-03  1.29650850e-03  3.22224446e-03 -3.02552266e-03
  1.29378869e-03  9.50198002e-04  4.94063467e-03 -2.64859064e-03
  1.06924433e-04  1.54860416e-03  4.91071245e-03 -2.19976629e-03
  2.86453272e-04 -9.89297602e-04  6.35733133e-03  5.76616597e-04
 -1.30043035e-03 -1.68127830e-03  5.61194299e-03 -7.37321230e-04
  2.35842111e-03 -4.00444402e-03  6.28114595e-03 -1.46161851e-03
  3.38376843e-03 -7.98561672e-03  6.00365803e-03  5.09870063e-05
  4.08563635e-03 -7.73808785e-03  5.84858367e-03  1.18819824e-03
  6.85688704e-03 -6.04741402e-03  3.39887193e-03  8.16923497e-04
  6.19034556e-03 -1.72962620e-03  3.33632635e-03  4.15532572e-05
  6.42160357e-03 -1.43408451e-03 -1.65719825e-03  3.22951780e-03
  5.63750515e-03  1.10178411e-03 -2.87622703e-03  8.56830054e-04
  2.79954479e-03  2.33971590e-03 -2.46101328e-03  8.01553064e-04
  3.23147095e-03  4.10765636e-03 -7.63063089e-04 -9.63996913e-05
  3.46282122e-03  6.11586797e-03 -1.01878657e-03  2.85589866e-03
  2.15382707e-03  7.17717244e-03 -1.37425872e-04  2.48309446e-03
 -1.82457407e-03  9.60176587e-03  3.01654667e-03  7.36175669e-04
 -4.59834753e-03  6.61138503e-03  2.94012280e-03  2.26247729e-03
 -2.32591960e-03  4.89141765e-03  2.73057035e-03  3.01632410e-03
 -2.90018903e-03  2.72058837e-03  3.58878534e-03  4.27191544e-03
 -5.08776172e-03  5.39866805e-03  1.64826520e-03  4.48692301e-03
 -4.07259398e-03  1.37882593e-03  1.04863363e-03  5.68115730e-03
 -3.10484912e-03 -7.15099175e-04  1.56033442e-03  3.93919775e-03
  2.21629204e-03 -3.05857870e-03  1.48412352e-03  4.09321180e-03
  4.89076034e-03 -4.72033032e-03 -3.02657540e-04  4.48591701e-04
  4.90981267e-03 -3.78671173e-03  2.27771970e-03  1.94564440e-03
  6.69172342e-03 -1.87217506e-03 -9.60255515e-04  1.68567938e-03
  8.47745451e-03  1.20657810e-03 -1.10944220e-04 -4.46366996e-03
  9.31859980e-03 -4.39434481e-03  2.42219497e-03 -6.84982369e-03
  5.33770286e-03  3.17856379e-04  4.28418944e-03 -5.22194380e-03
  7.74145948e-03 -2.24270913e-05  4.50628908e-03 -9.05174823e-03
  2.18672202e-03  2.72305517e-03  4.91213261e-03 -3.97954940e-03
  6.73200952e-04  4.01098520e-03  3.26774270e-03 -1.67935377e-03
  9.07146421e-04  3.01446167e-03  5.69625300e-03 -1.30090717e-03
 -1.24712216e-04  2.23104602e-05  5.19531083e-03 -6.75357278e-05
  4.93959888e-04 -4.22214102e-03  6.04599724e-03  1.25637940e-03
 -1.17791300e-03 -3.39981840e-03  3.64705337e-03  4.19980640e-03
  1.06844762e-03 -4.59195614e-03  3.20422055e-03  2.59697459e-03
  3.21783743e-03 -4.18894078e-03  2.93463525e-03  2.13405039e-03
  4.00198766e-03 -5.48521977e-03  1.47799638e-03  3.66207539e-03
  4.19311621e-03 -3.02632746e-03 -1.13636291e-03  6.20158961e-04
  5.92240672e-03 -6.18937776e-04 -1.59120560e-03  2.15174229e-04
  5.44692081e-03  1.60957999e-03 -7.65268202e-04 -1.89549860e-03
  4.30851827e-03  3.29811960e-03 -1.05667651e-03 -2.69346901e-03
  3.93736819e-03  4.13074653e-03 -9.59723594e-04 -2.88533205e-03
  1.90281604e-03  6.20887888e-03  8.97793358e-04 -2.83630716e-03]
设定电流=nan,期望温差=0.5,晶中温度=192.91473598101413,温度差=0.0012368534021828348
单次测量结束，时间=3911s	设定温度=300	温度差=0.0012368534021828348K	相对热导nanW/K	时间常数=22.639343358941144s	时间偏离=-25.555066979864094s
结束小循环
等待113.2秒降温缓和
