
创建文件成功

新设定点数=200个，设定电流=4.000000e-05A
开始取REL
REL=-0.5393823809214611K，开始升温。。。
[ 3.59167887e-03  2.85288790e-03  3.13181804e-03  3.55147274e-03
  3.63691050e-03  3.96861261e-03  3.93594474e-03  3.63691050e-03
  3.16944861e-03  2.64924544e-03  2.44320284e-03  1.76718834e-03
  6.86573231e-04  4.32287480e-05 -4.46817326e-04 -8.81577123e-04
 -1.43947615e-03 -2.06062702e-03 -2.51049183e-03 -3.18152150e-03
 -3.45552131e-03 -3.81993752e-03 -3.72443455e-03 -4.18937986e-03
 -4.30750047e-03 -4.51861098e-03 -4.94655693e-03 -4.96163636e-03
 -5.15265280e-03 -5.15516812e-03 -5.00436347e-03 -5.01944289e-03
 -4.95660780e-03 -5.05463030e-03 -4.49163391e-03 -4.85671000e-03
 -4.80141149e-03 -4.59279058e-03 -4.63803349e-03 -4.03227363e-03
 -4.39426903e-03 -3.94434912e-03 -4.25854030e-03 -3.60502414e-03
 -4.06579171e-03 -3.74906680e-03 -3.42479913e-03 -3.32425058e-03
 -3.23878545e-03 -2.70588001e-03 -3.16343501e-03 -3.08299491e-03
 -2.85173512e-03 -2.55073552e-03 -2.33957121e-03 -2.43258481e-03
 -2.56330408e-03 -2.05801879e-03 -2.32448894e-03 -2.25410083e-03
 -1.96009866e-03 -2.23913737e-03 -1.89041128e-03 -1.69180444e-03
 -1.87784188e-03 -1.51079475e-03 -1.41526110e-03 -1.24430901e-03
 -9.04914541e-04 -7.69156752e-04 -7.79241450e-04 -5.88744364e-04
 -1.12677630e-03 -6.28970798e-04 -9.78438593e-04 -7.52164121e-04
 -2.09104138e-04 -9.09388590e-05  7.75110261e-05  1.15223438e-04
  2.35150728e-04  2.85436832e-04  7.48076914e-04  2.37664929e-04
  7.17904417e-04  9.79395912e-04  9.26595607e-04  7.38020110e-04
  1.17048770e-03  8.63065105e-04  1.18989339e-03  1.14463268e-03
  1.37596708e-03  9.91247860e-04  1.35836650e-03  1.32064889e-03
  1.88389870e-03  1.62490416e-03  1.53878334e-03  1.58404686e-03
  1.70266944e-03  1.97676718e-03  1.99939998e-03  2.04214898e-03
  1.99688546e-03  1.99688546e-03  2.32127785e-03  2.26789089e-03
  2.40369131e-03  2.37602788e-03  2.29571071e-03  2.33594749e-03
  2.24038384e-03  2.48935059e-03  2.53713137e-03  2.85651300e-03
  2.91120853e-03  2.55156987e-03  2.44594099e-03  2.65468184e-03
  2.69003326e-03  3.04212953e-03  2.79566214e-03  2.95913616e-03
  2.86608140e-03  2.72466598e-03  2.98372113e-03  2.61148667e-03
  2.83281538e-03  3.04911418e-03  2.77248353e-03  2.84793640e-03
  3.08938476e-03  2.97117554e-03  3.02820438e-03  3.40549794e-03
  2.82446781e-03  2.86722723e-03  2.83201322e-03  2.78422352e-03
  2.76639858e-03  2.80915800e-03  3.03553498e-03  2.88630768e-03
  2.83096677e-03  2.75801871e-03  2.72783295e-03  2.86115253e-03
  2.62721652e-03  2.73789626e-03  2.82836387e-03  2.77805565e-03
  2.62668679e-03  2.39274291e-03  2.68957574e-03  2.37513309e-03
  2.40028908e-03  2.38519674e-03  2.52606698e-03  2.58643845e-03
  2.74991801e-03  2.52993303e-03  2.25571629e-03  2.46200774e-03
  2.23559152e-03  2.22301145e-03  2.10225655e-03  2.13747699e-03
  2.37647328e-03  2.19533989e-03  2.19717754e-03  1.87514896e-03
  1.54053970e-03  2.13428251e-03  1.96320326e-03  1.81476755e-03
  2.16447112e-03  1.78206113e-03  1.99339396e-03  2.08031288e-03
  2.34687728e-03  2.04243670e-03  2.05753210e-03  2.04243670e-03
  2.13552917e-03  2.00218021e-03  2.10785218e-03  1.81347520e-03
  1.94335174e-03  1.79992879e-03  1.93582238e-03  1.65652461e-03
  1.59110324e-03  1.74962456e-03  1.60620160e-03  1.59110324e-03
  1.69678343e-03  1.51711240e-03  1.85933327e-03  2.08077067e-03]
设定电流=4e-05,期望温差=0.5,晶中温度=259.14902083882663,温度差=0.0506263185087811
单次测量结束，时间=118s	设定温度=300	温度差=0.0506263185087811K	相对热导0.00031945651514062864W/K	时间常数=899.8777170893834s	时间偏离=39.153642945850464s
结束小循环
等待600秒降温缓和
