
创建文件成功

新设定点数=200个，设定电流=2.000000e-04A
开始取REL
REL=0.04652364969999024K，开始升温。。。
[-0.0122514  -0.00809612  0.0240823   0.09417262  0.19709812  0.32141929
  0.45883308  0.60371092  0.74807487  0.88921497  1.02578775  1.15525607
  1.27687806  1.39096879  1.49573258  1.59272269  1.68171857  1.76424788
  1.83919824  1.90758852  1.96997058  2.02690628  2.07884809  2.12652927
  2.16952571  2.20933836  2.24511603  2.27859124  2.30875268  2.33622207
  2.36160134  2.38462818  2.40596618  2.42564677  2.44388583  2.46002299
  2.47554832  2.48923817  2.50230124  2.51406572  2.52533826  2.5351574
  2.54469867  2.55334507  2.56105928  2.56888587  2.57570604  2.58179199
  2.58794537  2.59326465  2.59878121  2.6030891   2.60747299  2.61107917
  2.61546952  2.61874105  2.62206502  2.6248171   2.62789884  2.63045115
  2.63292352  2.63515411  2.63676879  2.63862432  2.64059723  2.64220554
  2.64372893  2.64515742  2.6465959   2.6472602   2.64874516  2.64963424
  2.65079127  2.65159544  2.65222727  2.65284913  2.65386057  2.65470219
  2.65511176  2.65556704  2.65589172  2.65703554  2.65732034  2.65751263
  2.65827185  2.65815198  2.65796718  2.65914348  2.65964909  2.65931693
  2.65979644  2.65995626  2.66020699  2.66051919  2.66036185  2.66067402
  2.66100868  2.66109282  2.66096545  2.66198942  2.66187954  2.66191949
  2.66168855  2.66225548  2.66212812  2.66226049  2.66264495  2.66284725
  2.66289469  2.66280979  2.66317693  2.66311698  2.66295441  2.66361625
  2.66349888  2.66378099  2.66348877  2.66357618  2.66355371  2.66363613
  2.66344631  2.66354373  2.66355216  2.66389934  2.66386367  2.66367884
  2.6637238   2.66369634  2.66382621  2.6640335   2.6640335   2.66381372
  2.6642951   2.6645473   2.66445738  2.66442491  2.66468218  2.66479956
  2.66489946  2.6645548   2.66518171  2.66511178  2.66489087  2.66493583
  2.6650757   2.66510068  2.66569265  2.66550282  2.66563019  2.66568016
  2.66547035  2.66579009  2.66525291  2.66555014  2.66579243  2.66550018
  2.66575496  2.66635692  2.66586236  2.66610714  2.6657431   2.66562072
  2.66589513  2.66586516  2.66589513  2.66596256  2.66615989  2.66615741
  2.66618737  2.66613491  2.66599504  2.66639719  2.66621523  2.66615279
  2.66630513  2.66676473  2.66642254  2.66641005  2.6664527   2.66664003
  2.66680988  2.66670498  2.66674917  2.66678664  2.66674669  2.66669423
  2.66682912  2.66667424  2.6668241   2.66687408  2.66646943  2.66633454
  2.6668427   2.6662507   2.66627568  2.66617329  2.66671426  2.66621468
  2.66641453  2.66602236]
低温侧相对热浴温升 = 5.249980282833339K
设定电流=0.0002,期望温差=0.5,晶中温度=277.12048234693657,温度差=2.6728367282916548
单次测量结束，时间=122s	温度差=2.6728367282916548K	相对热导0.00015118748281205282W/K	时间常数=7.097736778724431s	时间偏离=1.0401088604916964s
结束小循环
等待35.49秒降温缓和
新设定点数=200个，设定电流=8.650252e-05A
开始取REL
REL=0.037332273458322254K，开始升温。。。
[0.00153531 0.00187325 0.00850725 0.02139295 0.04076023 0.0645077
 0.09038904 0.11801197 0.14457795 0.17116142 0.19718392 0.22139653
 0.24376515 0.2651717  0.28493659 0.30304483 0.31963884 0.33517589
 0.34915374 0.36223273 0.37356203 0.38436159 0.39386425 0.40326452
 0.41082071 0.41824697 0.42532591 0.43139785 0.43726245 0.442285
 0.44688526 0.45143554 0.45544607 0.45903932 0.46234521 0.46509637
 0.46814238 0.47132501 0.47370142 0.4759154  0.47783952 0.4800485
 0.48159789 0.48323214 0.4848339  0.48638069 0.48739813 0.4887625
 0.48989947 0.49072658 0.49195102 0.49279313 0.49355027 0.49441736
 0.49511204 0.49590443 0.49648917 0.49731381 0.49726883 0.49834086
 0.49897058 0.49930793 0.49971776 0.50020005 0.50036712 0.50075945
 0.50103433 0.50174652 0.50168405 0.50203889 0.50191395 0.50239874
 0.50305836 0.50281174 0.50344148 0.50319408 0.50377134 0.50346897
 0.50357392 0.50390379 0.50400874 0.50381133 0.50446967 0.50450966
 0.50456713 0.5046571  0.50458962 0.50487451 0.50507443 0.50526185
 0.5051569  0.50537365 0.50485391 0.50524126 0.50502135 0.50543119
 0.50544618 0.50538871 0.50524626 0.50541869 0.50582656 0.50521429
 0.50558418 0.50567914 0.50609149 0.50585408 0.50575412 0.50589656
 0.5060815  0.50620048 0.50617049 0.50604553 0.50585567 0.50595563
 0.50615306 0.50646795 0.5063055  0.506308   0.50637701 0.5063995
 0.50637701 0.50662692 0.50646199 0.50636202 0.50651947 0.50647198
 0.50627955 0.50655913 0.50675407 0.50672158 0.50650915 0.50649166
 0.50676883 0.50716869 0.50713121 0.50639396 0.50706431 0.50687687
 0.50691686 0.50693185 0.50680939 0.50702682 0.50683925 0.50689174
 0.50717665 0.50714538 0.50707041 0.50749778 0.50732033 0.50738031
 0.50751027 0.50768522 0.50755532 0.5076178  0.5075072  0.50776212
 0.50739473 0.50791958 0.50766465 0.50771964 0.50740723 0.50739473
 0.50743723 0.5076606  0.50780056 0.50739317 0.50772558 0.50763561
 0.50787804 0.50780306 0.50796302 0.50796801 0.50754726 0.50771222
 0.50789717 0.50807712 0.50770972 0.50800714 0.50785468 0.50812211
 0.50793216 0.50795872 0.50815876 0.50815876 0.50802379 0.50789632
 0.50781884 0.50803129 0.50819125 0.5084062  0.50834529 0.50844277
 0.50838527 0.50792288 0.50827779 0.5082503  0.50822031 0.50844275
 0.50797286 0.50819658]
低温侧相对热浴温升 = 0.9880540383949422K
设定电流=8.650252459083208e-05,期望温差=0.5,晶中温度=272.53412385808264,温度差=0.5080923335276472
单次测量结束，时间=266s	温度差=0.5080923335276472K	相对热导0.00014878734762037332W/K	时间常数=7.194207265485895s	时间偏离=0.9746612484007899s
结束小循环
等待35.97秒降温缓和
新设定点数=200个，设定电流=8.581090e-05A
开始取REL
