
创建文件成功

新设定点数=200个，设定电流=1.000000e-04A
开始取REL
REL=6.078369976050532K，开始升温。。。
[ 0.2350136   0.288554    0.28851852  0.28937007  0.29000922  0.29036404
  0.29082527  0.2921843   0.2932846   0.29445591  0.29420747  0.29079999
  0.29271672  0.29392352  0.29413651  0.29023211  0.28134788  0.28688027
  0.2806386   0.28258912  0.2837949   0.28226993  0.2788654   0.28166704
  0.27695047  0.2727118   0.27292443  0.27175508  0.26874314  0.27051487
  0.26679421  0.27161332  0.26817618  0.27342049  0.26432576  0.26414874
  0.26011253  0.26489224  0.2626617   0.26379467  0.2572801   0.26521087
  0.26567115  0.25583162  0.25869685  0.25583124  0.25469915  0.25098449
  0.24910944  0.2494986   0.25130287  0.24730517  0.24239984  0.24126891
  0.24102253  0.23883135  0.24568761  0.23695826  0.23897271  0.2323992
  0.23575665  0.22488502  0.23025095  0.22562639  0.22926529  0.22845335
  0.22467603  0.22492313  0.22545267  0.22848865  0.21648718  0.21602879
  0.21659296  0.22523188  0.21662813  0.21553507  0.21655762  0.21652236
  0.22018951  0.21621652  0.21118057  0.21111014  0.21505437  0.21241315
  0.21230733  0.21125083  0.21068736  0.20727135  0.20100044  0.19671077
  0.19780078  0.19421433  0.19442529  0.19706237  0.19432013  0.19323012
  0.19221044  0.18122021  0.17816643  0.18167653  0.17184823  0.17500732
  0.17774521  0.17532324  0.1720914   0.17286361  0.16368692  0.16403728
  0.16140968  0.1582215   0.158712    0.15818647  0.15745075  0.15776605
  0.15037556  0.14251805  0.14003551  0.13982573  0.13681871  0.13919635
  0.14059496  0.13751801  0.14209848  0.13482566  0.12182712  0.117885
  0.11910604  0.12036193  0.11812922  0.12018748  0.12001306  0.11711752
  0.11938511  0.10248717  0.10088701  0.09872922  0.09932088  0.10398453
  0.10245317  0.10015615  0.09897283  0.10036496  0.08446123  0.08130248
  0.08282865  0.08067652  0.07609458  0.07644171  0.07546977  0.07973932
  0.07654584  0.05725695  0.05784545  0.0573608   0.05843226  0.05625136
  0.05597441  0.05732449  0.05760144  0.05251263  0.03315754  0.03243264
  0.02870452  0.03132801  0.03246661  0.03167265  0.03153458  0.02490684
  0.02670185  0.01232437  0.01253085  0.00919258  0.01246202  0.00664587
  0.00791791  0.00936336  0.00984518  0.01046465 -0.00710901 -0.01174009
 -0.01640548 -0.01469026 -0.0133867  -0.01565079 -0.01225256 -0.01077746
 -0.01479106 -0.03256928 -0.03592032 -0.0342448  -0.03506545 -0.034279
 -0.02949181 -0.03397126 -0.03605644 -0.03615902 -0.05968166 -0.05429767
 -0.05552442 -0.05685336]
低温侧相对热浴温升 = 1.8504508353527251K
设定电流=0.0001,期望温差=0.5,晶中温度=7.637861432378391,温度差=0.06646379035579715
单次测量结束，时间=128s	温度差=0.06646379035579715K	相对热导0.002228351022185739W/K	时间常数=1s	时间偏离=0.5s
结束小循环
等待30秒降温缓和
新设定点数=200个，设定电流=2.000000e-04A
开始取REL
