
创建文件成功

新设定点数=200个，设定电流=1.000000e-05A
开始取REL
REL=2.7510362175501992K，开始升温。。。
[-0.04486341  0.01185878  0.03666413  0.04557172  0.04479503  0.04443211
  0.04472337  0.04362097  0.04061278  0.03855072  0.03896313  0.03799276
  0.03758035  0.04211687  0.03748331  0.0401263   0.03359377  0.03415145
  0.03318156  0.03541233  0.03286633  0.03332704  0.02952017  0.0316782
  0.02925344  0.02663019  0.02769655  0.02646053  0.02912647  0.02483674
  0.02122563  0.02510334  0.02202541  0.02314024  0.02356259  0.01835444
  0.01985638  0.01733698  0.01942033  0.01515674  0.0128796   0.00067018
 -0.02018755  0.00393417  0.01105317  0.00054405 -0.00333023 -0.03376761
 -0.06892679 -0.07485929 -0.07994429 -0.08381859 -0.073283   -0.07880142
 -0.03736485 -0.005343    0.00646835  0.00063528  0.00504034  0.00755752
  0.00847725 -0.01433382 -0.0484233  -0.05802835 -0.06119779 -0.0579319
 -0.06078681 -0.04085088 -0.02664896 -0.00780175 -0.03908717 -0.03628177
 -0.03040491 -0.03362146 -0.02331883 -0.01357354 -0.03599264 -0.0283745
 -0.00305326 -0.00262585  0.00148371  0.00276492 -0.01858059 -0.03231135
 -0.01188443 -0.00303655  0.00305526  0.00228171 -0.00104951  0.00143942
  0.00032787  0.00230934  0.00110112 -0.00078369 -0.00027624 -0.00143642
  0.00127    -0.00229244 -0.00036015 -0.00323443 -0.00091569 -0.00296873
 -0.00306536 -0.00463534 -0.00238905 -0.00668788 -0.00093655 -0.00397871
 -0.00308538 -0.00472718 -0.00419601 -0.00236105 -0.00168502 -0.00354411
 -0.0050652  -0.00321129 -0.00164246  0.00163999 -0.00190796  0.00135038
  0.00180895  0.00151932  0.00388463  0.00347432  0.00369073  0.00313598
  0.00562098  0.00793711  0.00588638  0.00726157  0.00895043  0.00791299
  0.00750284  0.00774933  0.00912391  0.00960718  0.0102824   0.0085702
  0.01250105  0.01163289  0.01004126  0.00635158  0.00768922  0.00985889
  0.00643564  0.00969004  0.01077486  0.01137755  0.01296863  0.01116057
  0.01265523 -0.00161777 -0.02636614 -0.0512109  -0.06272961 -0.07183945
 -0.0702249  -0.07256239 -0.07155027 -0.07408053 -0.07250055 -0.07115166
 -0.06635836 -0.02553087  0.00125388 -0.02027969 -0.03897122 -0.06344361
 -0.02680728 -0.05854629 -0.07159694 -0.072536   -0.0175403   0.00954821
 -0.00935355 -0.06138818 -0.0744629  -0.07398133 -0.08501731 -0.07952928
 -0.08208073 -0.0787831  -0.08200853 -0.08094942 -0.08164747 -0.08102203
 -0.08174412 -0.08095986 -0.08110425 -0.08209078 -0.08230735 -0.08254796
 -0.08449699 -0.08329388 -0.08687913 -0.08615692 -0.09062722 -0.09110828
 -0.08735608 -0.08658641]
设定电流=1e-05,期望温差=1,设定温度=180,晶中温度=-930.4520261170026,温度差=-940.142648250276
单次测量结束，时间=118s	设定温度=180	温度差=-940.142648250276K	相对热导-1.170035209068793e-09V/W	时间常数=1081885.8045029528s	时间偏离=32.64981162264695s
结束小循环
等待600秒降温缓和
