
创建文件成功

新设定点数=200个，设定电流=1.000000e-04A
开始取REL
REL=0.006411654370757735K，开始升温。。。
[0.00470198 0.00497077 0.00479158 0.00563527 0.00652874 0.00841524
 0.01045603 0.01312661 0.01527942 0.0173476  0.01988119 0.02169054
 0.02368904 0.02495584 0.02613055 0.02677017 0.02814432 0.02885612
 0.0292394  0.0301055  0.03067046 0.03088948 0.03148431 0.03162368
 0.03227326 0.03277888 0.03346829 0.03341851 0.03412285 0.03474755
 0.03491181 0.03559127 0.03581029 0.03637525 0.03684372 0.03730665
 0.03788655 0.03833206 0.03869544 0.03880495 0.03970592 0.04003445
 0.04080351 0.04084131 0.04109518 0.04164771 0.041919   0.04299669
 0.04299172 0.04326549 0.04352683 0.04399474 0.0444907  0.04455043
 0.04512289 0.04521001 0.0455485  0.04561073 0.04607367 0.04617323
 0.04638727 0.04673874 0.04701501 0.04713448 0.04743315 0.0477393
 0.04755512 0.04797575 0.04791851 0.04819727 0.04859125 0.04817061
 0.04858129 0.04895464 0.04920851 0.04940512 0.04948477 0.04943748
 0.04990043 0.05026955 0.05045125 0.05011523 0.05053836 0.05072504
 0.05061054 0.05087935 0.05065783 0.05115812 0.05139304 0.05157972
 0.05139055 0.05164693 0.05130095 0.05142042 0.05169671 0.05181617
 0.05222189 0.05199366 0.05233218 0.05238943 0.05231973 0.05233218
 0.05250144 0.05242428 0.05266821 0.05276776 0.05282081 0.0528233
 0.05285068 0.05278098 0.05321907 0.05351029 0.05299256 0.05323649
 0.0535775  0.05299584 0.05335925 0.0534165  0.05360319 0.05353349
 0.05366293 0.05374756 0.05359572 0.0537625  0.0537139  0.05368652
 0.053577   0.05404248 0.05384583 0.05399767 0.05395038 0.05389313
 0.05386077 0.0538765  0.05408062 0.05398104 0.05457597 0.05400344
 0.05400095 0.05398851 0.05403331 0.05414035 0.05434298 0.05432058
 0.05456702 0.05420609 0.05408661 0.05441271 0.05413888 0.0545073
 0.05420112 0.05433654 0.05450084 0.05422701 0.05433654 0.05441372
 0.05450085 0.05451081 0.05462034 0.05473485 0.05458381 0.05469832
 0.05470579 0.05468836 0.0547954  0.05458631 0.05450416 0.05438716
 0.05439214 0.05481385 0.05423631 0.05434834 0.05454749 0.05500305
 0.05453753 0.05446534 0.05509267 0.05503293 0.05491445 0.05515095
 0.05448876 0.05485968 0.05526546 0.05514099 0.05524057 0.0550215
 0.05527045 0.05495033 0.05482585 0.05511712 0.05545818 0.05516193
 0.05513704 0.05526151 0.05541337 0.05503495 0.055337   0.05518763
 0.05530712 0.05504821]
设定电流=0.0001,期望温差=0.5,晶中温度=0.6190132066422926,温度差=0.05472239376424538
单次测量结束，时间=127s	设定温度=300	温度差=0.05472239376424538K	相对热导0.0018455480846424645W/K	时间常数=16.003275688076286s	时间偏离=-1.4772181353925822s
结束小循环
等待80.02秒降温缓和
新设定点数=200个，设定电流=2.000000e-04A
开始取REL
