
创建文件成功

新设定点数=200个，设定电流=5.000000e-05A
开始取REL
REL=-0.06469407620953144K，开始升温。。。
[-4.44812897e-04 -1.20684691e-04  1.11194419e-04  2.36765116e-03
  5.61395726e-03  1.03886698e-02  1.57144067e-02  2.25275890e-02
  2.93594659e-02  3.73732076e-02  4.51351172e-02  5.33682768e-02
  6.20527407e-02  7.05551878e-02  7.84991163e-02  8.68045859e-02
  9.49109128e-02  1.03233926e-01  1.11162981e-01  1.18613300e-01
  1.25928975e-01  1.33020221e-01  1.40310959e-01  1.46876115e-01
  1.53299146e-01  1.59612038e-01  1.65676149e-01  1.71451018e-01
  1.76607508e-01  1.81955994e-01  1.86987811e-01  1.91588246e-01
  1.96208640e-01  2.00325353e-01  2.04537370e-01  2.08517030e-01
  2.11988011e-01  2.15748240e-01  2.19398755e-01  2.22263811e-01
  2.25612609e-01  2.28475139e-01  2.31185596e-01  2.33970176e-01
  2.36558516e-01  2.38473589e-01  2.41032006e-01  2.43341065e-01
  2.45153900e-01  2.47173703e-01  2.48634943e-01  2.50761985e-01
  2.52155686e-01  2.53986023e-01  2.55197936e-01  2.56556974e-01
  2.58237692e-01  2.59664059e-01  2.60691441e-01  2.61855975e-01
  2.63005546e-01  2.64230300e-01  2.64931025e-01  2.65911043e-01
  2.66601793e-01  2.67624204e-01  2.68469562e-01  2.69359807e-01
  2.69579251e-01  2.70766245e-01  2.71236327e-01  2.71949556e-01
  2.72428351e-01  2.72909642e-01  2.73592923e-01  2.73949526e-01
  2.74296155e-01  2.75061728e-01  2.75326065e-01  2.75712223e-01
  2.76188535e-01  2.76754653e-01  2.77111263e-01  2.77056401e-01
  2.77592565e-01  2.78021495e-01  2.78073864e-01  2.78353168e-01
  2.78024610e-01  2.79017150e-01  2.78947323e-01  2.79308905e-01
  2.79772756e-01  2.79478485e-01  2.79892459e-01  2.80291471e-01
  2.80478507e-01  2.80326912e-01  2.80561337e-01  2.80503979e-01
  2.80666082e-01  2.80915556e-01  2.81257218e-01  2.81244748e-01
  2.81202354e-01  2.81075164e-01  2.81462396e-01  2.81360144e-01
  2.81604549e-01  2.81861423e-01  2.81911301e-01  2.81891316e-01
  2.81731705e-01  2.82073373e-01  2.82038457e-01  2.82242751e-01
  2.82180401e-01  2.82345003e-01  2.82305099e-01  2.82594402e-01
  2.82267691e-01  2.82527047e-01  2.82432276e-01  2.82487145e-01
  2.83019776e-01  2.82615741e-01  2.82550895e-01  2.82715502e-01
  2.82760395e-01  2.82418710e-01  2.83037235e-01  2.82752959e-01
  2.82780393e-01  2.82571504e-01  2.82708680e-01  2.82833385e-01
  2.82693715e-01  2.82731128e-01  2.82865810e-01  2.82943127e-01
  2.82716162e-01  2.82571363e-01  2.82781670e-01  2.83093435e-01
  2.82674422e-01  2.82482375e-01  2.82908869e-01  2.82861481e-01
  2.82794139e-01  2.82976211e-01  2.83095928e-01  2.82982678e-01
  2.83055010e-01  2.82583607e-01  2.82728270e-01  2.82897875e-01
  2.82810579e-01  2.82803095e-01  2.82758200e-01  2.82870439e-01
  2.82971729e-01  2.83014123e-01  2.82986687e-01  2.82869458e-01
  2.83066504e-01  2.83136343e-01  2.82991675e-01  2.83300962e-01
  2.83024101e-01  2.83028927e-01  2.82821900e-01  2.82909145e-01
  2.82996446e-01  2.82906651e-01  2.83101206e-01  2.82781937e-01
  2.82924112e-01  2.83250865e-01  2.83050358e-01  2.82975528e-01
  2.83202514e-01  2.82930698e-01  2.83110291e-01  2.83205076e-01
  2.83160178e-01  2.82915731e-01  2.82995551e-01  2.83031124e-01
  2.83086000e-01  2.83016157e-01  2.83245643e-01  2.82968765e-01
  2.83073530e-01  2.83041103e-01  2.83016159e-01  2.83003686e-01
  2.83038533e-01  2.82956217e-01  2.82908823e-01  2.82878890e-01]
低温侧相对热浴温升 = 0.14069976201311066K
设定电流=5e-05,期望温差=0.2,晶中温度=276.68373184321234,温度差=0.28612028249634325
单次测量结束，时间=122s	温度差=0.28612028249634325K	相对热导8.826006344050491e-05W/K	时间常数=12.48831279358336s	时间偏离=1.9038237790318162s
结束小循环
等待62.44秒降温缓和
新设定点数=200个，设定电流=4.180331e-05A
开始取REL
REL=-0.06847326364722862K，开始升温。。。
[-9.06354143e-05 -7.64404859e-05  5.84986872e-04  2.11750155e-03
  4.35137890e-03  7.99047754e-03  1.14673392e-02  1.60274358e-02
  2.17731194e-02  2.67575371e-02  3.22880189e-02  3.80063338e-02
  4.40665994e-02  5.00644653e-02  5.58127321e-02  6.18655105e-02
  6.75838265e-02  7.35941749e-02  7.88083012e-02  8.42051733e-02
  8.94868722e-02  9.44365927e-02  9.95635349e-02  1.04166301e-01
  1.08896366e-01  1.13177139e-01  1.17233263e-01  1.21424169e-01
  1.25022092e-01  1.28581565e-01  1.32525442e-01  1.35732961e-01
  1.39005380e-01  1.41833489e-01  1.44971117e-01  1.47689396e-01
  1.50480063e-01  1.52575605e-01  1.55116698e-01  1.57480564e-01
  1.59719622e-01  1.61486905e-01  1.63411446e-01  1.65523200e-01
  1.67220590e-01  1.69002850e-01  1.70510760e-01  1.72245618e-01
  1.73680950e-01  1.75143740e-01  1.76192156e-01  1.77522646e-01
  1.78603513e-01  1.79781733e-01  1.80944975e-01  1.81707287e-01
  1.82798173e-01  1.83834137e-01  1.84241035e-01  1.85234564e-01
  1.86305479e-01  1.86617517e-01  1.87373897e-01  1.88222641e-01
  1.89066200e-01  1.89580449e-01  1.90019807e-01  1.90636451e-01
  1.91015897e-01  1.91263036e-01  1.92154234e-01  1.92418848e-01
  1.93082878e-01  1.93342868e-01  1.93797215e-01  1.94064331e-01
  1.94573599e-01  1.94471270e-01  1.94983034e-01  1.95082890e-01
  1.95260135e-01  1.95994080e-01  1.95866218e-01  1.96520287e-01
  1.96545252e-01  1.96764940e-01  1.96989620e-01  1.97069537e-01
  1.97336657e-01  1.97691153e-01  1.97868401e-01  1.97635713e-01
  1.97962753e-01  1.98222388e-01  1.98566904e-01  1.98387156e-01
  1.98521967e-01  1.98691733e-01  1.98978829e-01  1.99078689e-01
  1.99133119e-01  1.99015782e-01  1.99038251e-01  1.99218000e-01
  1.98995810e-01  1.99315365e-01  1.99347820e-01  1.99669841e-01
  1.99550008e-01  1.99633923e-01  1.99426705e-01  1.99444181e-01
  1.99806188e-01  1.99683855e-01  1.99746270e-01  1.99963474e-01
  1.99866107e-01  1.99871081e-01  1.99826673e-01  1.99896580e-01
  2.00243615e-01  2.00108796e-01  2.00068849e-01  2.00121279e-01
  2.00303535e-01  2.00553201e-01  2.00031399e-01  2.00135735e-01
  2.00392895e-01  2.00198153e-01  2.00148219e-01  2.00507743e-01
  2.00225616e-01  2.00170689e-01  2.00655048e-01  2.00450319e-01
  2.00609644e-01  2.00527241e-01  2.00532235e-01  2.00667059e-01
  2.00417385e-01  2.00222640e-01  2.00587163e-01  2.00325006e-01
  2.00267581e-01  2.00672659e-01  2.00590263e-01  2.00420454e-01
  2.00425448e-01  2.00527818e-01  2.00567768e-01  2.00195739e-01
  2.00397983e-01  2.00727566e-01  2.00516862e-01  2.00754064e-01
  2.00581780e-01  2.00771523e-01  2.00621711e-01  2.00709102e-01
  2.00766530e-01  2.00891373e-01  2.00566780e-01  2.00712163e-01
  2.00911917e-01  2.00320145e-01  2.00657231e-01  2.00612286e-01
  2.00729642e-01  2.00235250e-01  2.00569838e-01  2.00659728e-01
  2.00776178e-01  2.00566429e-01  2.00930992e-01  2.00906022e-01
  2.00476537e-01  2.00771169e-01  2.00508983e-01  2.00686271e-01
  2.00836091e-01  2.00650860e-01  2.00938020e-01  2.00795688e-01
  2.00488552e-01  2.00570954e-01  2.00638374e-01  2.00725762e-01
  2.00888069e-01  2.00785691e-01  2.00802209e-01  2.00924565e-01
  2.00642396e-01  2.00607437e-01  2.00764753e-01  2.00844659e-01
  2.00622419e-01  2.00552494e-01  2.00852143e-01  2.00954590e-01]
低温侧相对热浴温升 = 0.09858403062161164K
设定电流=4.180331085346625e-05,期望温差=0.2,晶中温度=274.03446413590984,温度差=0.20279962042740104
单次测量结束，时间=286s	温度差=0.20279962042740104K	相对热导8.705007440910009e-05W/K	时间常数=12.532532747272949s	时间偏离=1.8769781587750052s
结束小循环
等待62.66秒降温缓和
新设定点数=200个，设定电流=4.151376e-05A
开始取REL
REL=-0.06991564436063807K，开始升温。。。
[1.40376329e-04 6.04201742e-05 4.70219087e-04 1.85007366e-03
 4.67610747e-03 7.47465560e-03 1.18973611e-02 1.62800873e-02
 2.13824402e-02 2.69820350e-02 3.24941752e-02 3.83261496e-02
 4.39900941e-02 5.01070661e-02 5.60016481e-02 6.17463047e-02
 6.73310412e-02 7.31506615e-02 7.84580353e-02 8.39952953e-02
 8.90527927e-02 9.42457069e-02 9.90209187e-02 1.03756167e-01
 1.08189060e-01 1.12282114e-01 1.16672526e-01 1.20680620e-01
 1.24506302e-01 1.28184553e-01 1.31663636e-01 1.35049566e-01
 1.38108138e-01 1.41219196e-01 1.44117852e-01 1.46554222e-01
 1.49390407e-01 1.51969212e-01 1.54368099e-01 1.56687288e-01
 1.58813870e-01 1.60872981e-01 1.62652204e-01 1.64411444e-01
 1.66538026e-01 1.68147331e-01 1.69409286e-01 1.71203511e-01
 1.72607451e-01 1.73871930e-01 1.75306339e-01 1.76593309e-01
 1.77860263e-01 1.78724907e-01 1.79811959e-01 1.80956487e-01
 1.81813634e-01 1.82860455e-01 1.83795088e-01 1.84262405e-01
 1.85069589e-01 1.86056701e-01 1.86566550e-01 1.87198802e-01
 1.88050969e-01 1.88588258e-01 1.89178383e-01 1.89495766e-01
 1.90048063e-01 1.90717817e-01 1.91145160e-01 1.91512525e-01
 1.92089811e-01 1.92069818e-01 1.92772060e-01 1.93359309e-01
 1.93216859e-01 1.93911617e-01 1.94204015e-01 1.94371457e-01
 1.94741329e-01 1.95076212e-01 1.95118685e-01 1.95596019e-01
 1.95452574e-01 1.95744976e-01 1.96032379e-01 1.96079863e-01
 1.96459736e-01 1.96772131e-01 1.96662168e-01 1.96539709e-01
 1.97291967e-01 1.97356534e-01 1.97411518e-01 1.97488994e-01
 1.97688934e-01 1.97623954e-01 1.97673939e-01 1.98128802e-01
 1.97928862e-01 1.97918865e-01 1.98375784e-01 1.98583225e-01
 1.98090865e-01 1.98253318e-01 1.98523242e-01 1.98408274e-01
 1.98733182e-01 1.98725684e-01 1.98805662e-01 1.98779801e-01
 1.98884745e-01 1.98884745e-01 1.98992218e-01 1.98979721e-01
 1.99074698e-01 1.99097192e-01 1.99427109e-01 1.99057202e-01
 1.98793819e-01 1.99301197e-01 1.99228754e-01 1.99358722e-01
 1.99296238e-01 1.99358722e-01 1.99016305e-01 1.99163769e-01
 1.99386216e-01 1.99473794e-01 1.99286336e-01 1.99446301e-01
 1.99386344e-01 1.99411338e-01 1.99506318e-01 1.99528813e-01
 1.99466326e-01 1.99423836e-01 1.99839897e-01 1.99602443e-01
 1.99784908e-01 1.99664931e-01 1.99492423e-01 1.99999826e-01
 1.99917341e-01 1.99777368e-01 1.99657391e-01 1.99736030e-01
 1.99771024e-01 1.99731030e-01 1.99841012e-01 1.99726031e-01
 1.99791002e-01 1.99910982e-01 1.99880987e-01 1.99958474e-01
 1.99698628e-01 1.99878602e-01 1.99778616e-01 1.99738622e-01
 2.00013583e-01 1.99751120e-01 1.99946077e-01 1.99916081e-01
 1.99786100e-01 1.99928173e-01 1.99690703e-01 1.99935672e-01
 1.99783192e-01 1.99658207e-01 2.00220636e-01 2.00050657e-01
 1.99878127e-01 1.99823134e-01 2.00283727e-01 1.99871270e-01
 2.00106245e-01 1.99868770e-01 1.99833774e-01 1.99996257e-01
 1.99826274e-01 1.99873769e-01 2.00081237e-01 1.99982419e-01
 2.00022416e-01 1.99954921e-01 2.00119908e-01 1.99972419e-01
 2.00249898e-01 2.00189903e-01 2.00149906e-01 1.99744937e-01
 1.99932595e-01 2.00002591e-01 2.00147583e-01 1.99970093e-01
 2.00125085e-01 2.00040089e-01 1.99950094e-01 2.00097586e-01]
低温侧相对热浴温升 = 0.09648471471819482K
设定电流=4.151376365799413e-05,期望温差=0.2,晶中温度=271.482814978293,温度差=0.20197227965104453
单次测量结束，时间=450s	温度差=0.20197227965104453K	相对热导8.620821055993663e-05W/K	时间常数=12.56915311446013s	时间偏离=1.86576904960932s
结束小循环
等待62.85秒降温缓和
新设定点数=200个，设定电流=4.131057e-05A
开始取REL
REL=-0.07022310691149147K，开始升温。。。
[0.00035361 0.00028107 0.00086141 0.00231977 0.00432459 0.00788676
 0.01193172 0.01645946 0.02159008 0.02653059 0.03226408 0.03798006
 0.04422136 0.04984471 0.05556821 0.0618996  0.06727539 0.07316901
 0.07864987 0.08432335 0.0892939  0.09410685 0.09901581 0.10354624
 0.10800913 0.11252705 0.11642457 0.12032959 0.1246724  0.12801706
 0.13155435 0.13463214 0.13774169 0.14096881 0.14381069 0.14662254
 0.14922425 0.15188349 0.15406243 0.156444   0.15862696 0.1605233
 0.16273485 0.1642159  0.16629486 0.16781343 0.16949962 0.17114825
 0.17228405 0.17361084 0.17512442 0.17598503 0.17741355 0.17844929
 0.17965765 0.18044821 0.1812763  0.18217194 0.18329258 0.1838655
 0.18468861 0.18586447 0.1865925  0.18689272 0.1876808  0.18823871
 0.18878661 0.18936099 0.18968624 0.19005152 0.19069951 0.19140505
 0.19157769 0.19204805 0.19245836 0.19279612 0.19323401 0.19350674
 0.19407468 0.19376944 0.19454505 0.19437992 0.19495287 0.19482777
 0.19513552 0.19551696 0.19570211 0.19592728 0.19621251 0.1960749
 0.19617498 0.19648023 0.1968105  0.1970532  0.19688951 0.19705965
 0.1971222  0.19725229 0.19756755 0.19752001 0.19768014 0.1978828
 0.19787279 0.1978361  0.19801125 0.1980688  0.19823394 0.19830398
 0.19828146 0.19833901 0.19857421 0.19851166 0.1984725  0.19861513
 0.19857259 0.19867018 0.19882782 0.19884782 0.19879277 0.1989304
 0.19894291 0.19869769 0.19914309 0.19900797 0.19908304 0.19930073
 0.19955846 0.19908803 0.19925067 0.19932073 0.19945443 0.1993118
 0.19936185 0.19921672 0.19917918 0.19937686 0.19935935 0.19941186
 0.19938183 0.19953236 0.19944478 0.19941475 0.19939223 0.19943727
 0.19973005 0.1997826  0.19950984 0.19940477 0.19952062 0.19959319
 0.19957567 0.19969579 0.19989348 0.19941802 0.19958818 0.19969329
 0.19972081 0.1996704  0.19957531 0.19990063 0.19965789 0.19993316
 0.20002576 0.19985309 0.1999657  0.19990564 0.19971795 0.19977802
 0.19958032 0.19978052 0.19978302 0.20015339 0.19991065 0.19969794
 0.2001609  0.20005067 0.20011324 0.19985551 0.19978043 0.19971536
 0.19966531 0.19979294 0.19968533 0.19977543 0.19977814 0.19995833
 0.20000338 0.19989575 0.19991076 0.20008845 0.20003339 0.19974058
 0.19997083 0.19984896 0.19985646 0.19991403 0.2000767  0.20014431
 0.2000442  0.19983147]
低温侧相对热浴温升 = 0.09523807930626356K
设定电流=4.13105733561795e-05,期望温差=0.2,晶中温度=269.0326283027045,温度差=0.20178536545701103
单次测量结束，时间=613s	温度差=0.20178536545701103K	相对热导8.545339377771823e-05W/K	时间常数=12.59791441844794s	时间偏离=1.853893851386076s
结束小循环
等待62.99秒降温缓和
新设定点数=200个，设定电流=4.112741e-05A
开始取REL
REL=-0.06935791417430656K，开始升温。。。
[1.29191022e-04 5.07348189e-04 8.37926298e-04 2.38811991e-03
 4.88245426e-03 7.94949597e-03 1.19439881e-02 1.65470457e-02
 2.15958835e-02 2.67198529e-02 3.27003215e-02 3.85555709e-02
 4.42280036e-02 5.02159841e-02 5.62986273e-02 6.18385374e-02
 6.74059974e-02 7.31763203e-02 7.86836727e-02 8.40607922e-02
 8.92425622e-02 9.43291619e-02 9.84740858e-02 1.03869478e-01
 1.08004465e-01 1.12652882e-01 1.16497342e-01 1.20862746e-01
 1.24278932e-01 1.27965607e-01 1.31527055e-01 1.34802986e-01
 1.37801180e-01 1.40974438e-01 1.43997423e-01 1.46389264e-01
 1.49322085e-01 1.50899948e-01 1.54246020e-01 1.56119419e-01
 1.58526287e-01 1.60487580e-01 1.62215808e-01 1.64074236e-01
 1.66138044e-01 1.68029033e-01 1.69243774e-01 1.70653875e-01
 1.72219264e-01 1.73486602e-01 1.74941550e-01 1.75795644e-01
 1.77393619e-01 1.78145022e-01 1.79439939e-01 1.80211378e-01
 1.81381061e-01 1.82217623e-01 1.83161885e-01 1.84011423e-01
 1.84667665e-01 1.85489219e-01 1.85995149e-01 1.86889340e-01
 1.87179890e-01 1.88352108e-01 1.88419736e-01 1.89238785e-01
 1.89572515e-01 1.90276365e-01 1.90782335e-01 1.90985224e-01
 1.91503715e-01 1.91861902e-01 1.92340319e-01 1.92633382e-01
 1.92928948e-01 1.93197658e-01 1.93886496e-01 1.93618476e-01
 1.94382460e-01 1.94470131e-01 1.94582806e-01 1.95091295e-01
 1.95093799e-01 1.95324247e-01 1.95494248e-01 1.95804857e-01
 1.96030299e-01 1.96278285e-01 1.96370966e-01 1.96486192e-01
 1.96947154e-01 1.96546368e-01 1.97074905e-01 1.97099652e-01
 1.96869196e-01 1.97164781e-01 1.97480405e-01 1.97167286e-01
 1.97978891e-01 1.97703346e-01 1.97700837e-01 1.97853639e-01
 1.98014782e-01 1.98365485e-01 1.97979712e-01 1.98440636e-01
 1.98327910e-01 1.98623502e-01 1.98433121e-01 1.98595947e-01
 1.98748778e-01 1.98523337e-01 1.98869043e-01 1.98673644e-01
 1.98708715e-01 1.98753807e-01 1.99154626e-01 1.98636067e-01
 1.98666128e-01 1.98826456e-01 1.99185853e-01 1.98674805e-01
 1.99133245e-01 1.99115709e-01 1.99078132e-01 1.98950370e-01
 1.99130740e-01 1.99316121e-01 1.99293574e-01 1.99224857e-01
 1.99169688e-01 1.99367600e-01 1.99427725e-01 1.99167183e-01
 1.99447767e-01 1.99530439e-01 1.98981797e-01 1.99497871e-01
 1.99801319e-01 1.99305276e-01 1.99620927e-01 1.99595875e-01
 1.99573327e-01 1.99500674e-01 1.99716128e-01 1.99490653e-01
 1.99856423e-01 1.99656317e-01 1.99528546e-01 2.00009568e-01
 1.99891775e-01 1.99919334e-01 1.99764004e-01 1.99841669e-01
 1.99774025e-01 1.99583621e-01 1.99872621e-01 1.99845062e-01
 1.99581996e-01 1.99832535e-01 1.99511773e-01 1.99857516e-01
 1.99591945e-01 1.99634536e-01 1.99571902e-01 1.99850324e-01
 1.99795204e-01 1.99770150e-01 1.99988123e-01 1.99825269e-01
 2.00063269e-01 1.99927975e-01 1.99955535e-01 1.99762616e-01
 1.99872049e-01 1.99759303e-01 1.99922158e-01 1.99744270e-01
 1.99656578e-01 1.99548843e-01 1.99927158e-01 2.00200254e-01
 1.99796873e-01 1.99909948e-01 1.99864848e-01 2.00082829e-01
 2.00210611e-01 1.99722033e-01 1.99955047e-01 2.00165511e-01
 1.99809736e-01 1.99985123e-01 2.00198198e-01 2.00077928e-01
 2.00178153e-01 2.00140568e-01 2.00138063e-01 2.00185670e-01]
低温侧相对热浴温升 = 0.09327074915128379K
设定电流=4.112741255492347e-05,期望温差=0.2,晶中温度=266.72665209856046,温度差=0.20177719209077188
单次测量结束，时间=777s	温度差=0.20177719209077188K	相对热导8.470828229330421e-05W/K	时间常数=12.620273170186653s	时间偏离=1.841023485666733s
结束小循环
等待63.1秒降温缓和
新设定点数=200个，设定电流=4.094589e-05A
开始取REL
REL=-0.06737135082094373K，开始升温。。。
[0.00032563 0.00057636 0.00106779 0.0024844  0.00478609 0.00834142
 0.01232428 0.01678483 0.02187223 0.02707245 0.03291706 0.03857863
 0.04472662 0.05046091 0.05645847 0.06217515 0.06773899 0.07343321
 0.07908731 0.08398168 0.08940009 0.09411644 0.09901332 0.10372966
 0.10823917 0.11261967 0.11664913 0.12049805 0.1244573  0.12777465
 0.13174142 0.13464754 0.13764393 0.14078989 0.1438039  0.14644931
 0.14905957 0.15163226 0.15399432 0.15614826 0.15837993 0.16046115
 0.16233929 0.16422748 0.16560664 0.1673168  0.16918744 0.17062929
 0.17201597 0.17347036 0.17467649 0.1758564  0.17717542 0.17820857
 0.17907873 0.18013445 0.18123034 0.18195254 0.18288288 0.18352233
 0.18463635 0.1852056  0.18598049 0.18655225 0.18733967 0.18788134
 0.18842799 0.18902232 0.18951885 0.19014796 0.19050657 0.19067459
 0.19115107 0.19185575 0.19186829 0.19256545 0.19279619 0.19339554
 0.19351315 0.19386173 0.19398712 0.19415765 0.19449621 0.19486235
 0.19498272 0.19528115 0.19527111 0.19583959 0.19581702 0.19598504
 0.19602015 0.19652674 0.19623833 0.19639633 0.19689288 0.19680009
 0.19700218 0.19739592 0.19740094 0.19734075 0.19756145 0.197579
 0.19769938 0.19777211 0.19789249 0.19836439 0.19813366 0.19789791
 0.19834684 0.19840201 0.1984296  0.19835938 0.19832928 0.19848979
 0.198813   0.19852959 0.19898607 0.19874028 0.19896852 0.19861739
 0.19898106 0.19909893 0.19891083 0.19881595 0.19930253 0.19905924
 0.19921474 0.19908934 0.19910438 0.19932761 0.19945552 0.19961604
 0.19962534 0.19911869 0.19940462 0.19937954 0.19953254 0.19952251
 0.19889798 0.19938707 0.19977082 0.19971609 0.1995355  0.1995355
 0.199538   0.1997211  0.19976881 0.19982399 0.19977382 0.1994302
 0.19965005 0.19983065 0.19971777 0.19979804 0.19973533 0.19995606
 0.19985066 0.19969013 0.19963997 0.1999333  0.19987059 0.19958966
 0.20004869 0.19967745 0.20012644 0.19992578 0.19993329 0.19968496
 0.19990867 0.19990114 0.20010683 0.20007673 0.19995382 0.19985348
 0.20022222 0.2000391  0.20022977 0.20034623 0.20015057 0.19958366
 0.20003016 0.20032867 0.19984705 0.20002766 0.19968651 0.20031864
 0.2002388  0.20038931 0.19996036 0.20022375 0.20008076 0.20021622
 0.20024883 0.20016605 0.19996788 0.20022171 0.20009379 0.20013644
 0.20014396 0.20009128]
低温侧相对热浴温升 = 0.09322018360681043K
设定电流=4.094589311324871e-05,期望温差=0.2,晶中温度=264.491391038149,温度差=0.20180466048700482
单次测量结束，时间=942s	温度差=0.20180466048700482K	相对热导8.395813899236591e-05W/K	时间常数=12.653045150373819s	时间偏离=1.8212512427840362s
结束小循环
等待63.27秒降温缓和
新设定点数=200个，设定电流=4.076240e-05A
开始取REL
REL=-0.0642443603381254K，开始升温。。。
[0.00036703 0.00083645 0.00120797 0.00273924 0.00525955 0.00855805
 0.01236111 0.01665259 0.02219539 0.02740181 0.03293207 0.0387008
 0.04474819 0.0504642  0.05621788 0.0617155  0.06739142 0.07311008
 0.07890657 0.08389973 0.08897322 0.09422997 0.09901728 0.10342301
 0.10811493 0.1122682  0.11632759 0.12015853 0.12425558 0.127602
 0.13116932 0.13403876 0.13751321 0.14070399 0.14329192 0.14572962
 0.14842591 0.15108455 0.15335405 0.15554573 0.15775501 0.15992159
 0.16177937 0.16361729 0.16486505 0.166989   0.16864096 0.16991634
 0.17160596 0.17292402 0.17426467 0.17549987 0.17661914 0.17773888
 0.17872054 0.17972228 0.18048551 0.18150985 0.18242372 0.18335767
 0.18378447 0.1847954  0.18539043 0.18621895 0.18685414 0.18733619
 0.18804922 0.18822246 0.18923676 0.18916647 0.18999094 0.19031482
 0.19058849 0.19136431 0.19142959 0.19202714 0.19200705 0.19298373
 0.19299377 0.19367464 0.19387798 0.19400603 0.19389054 0.19445546
 0.1948823  0.19442785 0.19490238 0.19499026 0.19538868 0.19524053
 0.19560458 0.19576277 0.19615195 0.19593351 0.19624486 0.19629758
 0.19664659 0.19660323 0.19704263 0.19713303 0.19690206 0.19697738
 0.19720336 0.19740675 0.19745194 0.19744943 0.19782791 0.19769232
 0.19786307 0.19763206 0.19772244 0.19796098 0.1982648  0.19801873
 0.19818445 0.1982823  0.1980789  0.19815172 0.19843296 0.19826472
 0.19854846 0.19843044 0.19832247 0.19854093 0.19842975 0.1987587
 0.19849252 0.19859046 0.1988265  0.19885161 0.19892196 0.19883156
 0.19900482 0.19895647 0.19886355 0.19867019 0.19900669 0.1990092
 0.19907198 0.19901673 0.19897152 0.19942353 0.19935571 0.19909956
 0.19918494 0.19914477 0.19906441 0.1995792  0.19906692 0.19896898
 0.19916231 0.19916667 0.19893563 0.19903106 0.19919178 0.1992847
 0.19920434 0.1992621  0.1991968  0.19931986 0.19936063 0.19935561
 0.19952889 0.19912457 0.19945104 0.19925767 0.19941337 0.19943095
 0.19930036 0.19930788 0.19965694 0.19943343 0.19937818 0.19961927
 0.1994937  0.19935558 0.19945352 0.19923001 0.19951378 0.19969712
 0.19972725 0.19959665 0.19948615 0.19938569 0.19941081 0.19979003
 0.19939574 0.199785   0.19967198 0.19981514 0.19940328 0.19965443
 0.19989303 0.19962681 0.20004623 0.19996084 0.19972915 0.19969399
 0.1999351  0.20006821]
低温侧相对热浴温升 = 0.09333141696021872K
设定电流=4.076240037800638e-05,期望温差=0.2,晶中温度=262.345260097474,温度差=0.20131184980536965
单次测量结束，时间=1106s	温度差=0.20131184980536965K	相对热导8.341817400911134e-05W/K	时间常数=12.673871862148216s	时间偏离=1.8088646158678499s
结束小循环
等待63.37秒降温缓和
新设定点数=200个，设定电流=4.062937e-05A
开始取REL
REL=-0.060420646756708295K，开始升温。。。
[0.00027898 0.00087715 0.00142253 0.00273447 0.00514222 0.00855528
 0.01280024 0.01715327 0.02246046 0.02769829 0.03350163 0.039217
 0.04468606 0.05091667 0.05661193 0.06221923 0.06807535 0.07373071
 0.07892594 0.0845208  0.08949233 0.09425023 0.09902823 0.1037057
 0.1081243  0.1124147  0.1163691  0.12077518 0.12404769 0.12778771
 0.13123114 0.13425985 0.13792949 0.14069931 0.14363752 0.14618316
 0.14869416 0.15144394 0.1535025  0.15580236 0.15802682 0.1601256
 0.16236514 0.16385565 0.16521698 0.16705941 0.16877616 0.17024156
 0.17166674 0.17305673 0.17428083 0.17520833 0.17674159 0.17766794
 0.17867089 0.17982213 0.18106135 0.18158921 0.18248909 0.18327334
 0.18402995 0.18505299 0.18545    0.1864253  0.18681237 0.1875539
 0.18817981 0.18855435 0.18902189 0.18959501 0.18995949 0.19027236
 0.19084298 0.19138595 0.19177057 0.1920496  0.19271072 0.19273837
 0.19334418 0.19331653 0.19342525 0.1939456  0.19404363 0.19441567
 0.19461924 0.19503401 0.195215   0.19498122 0.19532058 0.19559407
 0.19601892 0.19573234 0.19601389 0.19594099 0.19644629 0.19652422
 0.19701191 0.19668259 0.19704215 0.19696422 0.19720556 0.19766561
 0.19725584 0.19743684 0.19743181 0.19739661 0.1978089  0.19758086
 0.19775433 0.19790517 0.19832501 0.19835769 0.19792277 0.19820685
 0.19803332 0.19827215 0.19860225 0.19859722 0.19844638 0.19836844
 0.19871789 0.19846146 0.19874052 0.19886119 0.19886619 0.1988581
 0.19877514 0.19871983 0.19881034 0.1992151  0.19886313 0.199107
 0.19900141 0.1987852  0.1991549  0.19926301 0.19896131 0.19965019
 0.19906188 0.19929067 0.19932838 0.19940632 0.19935352 0.1991218
 0.19957935 0.19937821 0.19955421 0.19941341 0.19924245 0.19907399
 0.19940084 0.19963466 0.19953039 0.19938456 0.19945755 0.1993796
 0.19995788 0.19971651 0.19932429 0.19972909 0.19984725 0.19965273
 0.19969296 0.19966782 0.19985136 0.19950689 0.19978598 0.19976084
 0.19999971 0.19973821 0.19971942 0.19974205 0.19956353 0.19973451
 0.20001607 0.19987275 0.20006887 0.2000035  0.19990041 0.19998353
 0.19996593 0.2000489  0.19979243 0.20007907 0.19943793 0.20000619
 0.1999735  0.20011431 0.19980214 0.20042322 0.20025727 0.19987506
 0.20021703 0.20014914 0.20012647 0.20006864 0.19986496 0.1999117
 0.20022854 0.20029392]
低温侧相对热浴温升 = 0.09032004739006269K
设定电流=4.0629369092945335e-05,期望温差=0.2,晶中温度=260.2627773561218,温度差=0.20154275853334402
单次测量结束，时间=1270s	温度差=0.20154275853334402K	相对热导8.278661280347031e-05W/K	时间常数=12.683012704735875s	时间偏离=1.7924379718211505s
结束小循环
等待63.42秒降温缓和
新设定点数=200个，设定电流=4.047357e-05A
开始取REL
REL=-0.055828655204878605K，开始升温。。。
[0.0006305  0.00056759 0.0017276  0.00296561 0.00538376 0.0084511
 0.01209468 0.01691336 0.02210948 0.02757416 0.03312522 0.03899585
 0.04474821 0.05080505 0.05639133 0.06230474 0.06809736 0.0733993
 0.07878231 0.08389816 0.08937889 0.09401914 0.09909221 0.10364942
 0.10813113 0.1124669  0.11631951 0.12024666 0.12415975 0.12765511
 0.13093155 0.13411236 0.13709689 0.14028525 0.14291496 0.14588187
 0.14852775 0.15081279 0.15337714 0.15535768 0.15742126 0.15959305
 0.16144776 0.16317663 0.16509426 0.16687706 0.16832158 0.16990703
 0.17114769 0.17238082 0.17391342 0.17485966 0.1760349  0.1769912
 0.17873566 0.17931701 0.18050235 0.18130516 0.18212812 0.18275225
 0.18366579 0.18444595 0.18498451 0.18577601 0.18623657 0.18648824
 0.18733889 0.18791774 0.18849664 0.18902515 0.18924662 0.19038921
 0.19032639 0.19086246 0.19101095 0.19159232 0.19189685 0.1922341
 0.1925236  0.1929741  0.19336671 0.19348146 0.19370546 0.19399993
 0.1941585  0.19448317 0.19437998 0.19487328 0.19479274 0.19499157
 0.1951238  0.19517413 0.19518923 0.19559948 0.19585117 0.19623877
 0.19616075 0.19616075 0.19635704 0.19672038 0.19653916 0.19656936
 0.19685126 0.19710295 0.19678078 0.19731437 0.19698717 0.19739995
 0.19730544 0.19720224 0.19775599 0.19729789 0.19751436 0.19773334
 0.1977862  0.19765279 0.19775096 0.1981187  0.19822937 0.1980431
 0.19816896 0.19815385 0.19818406 0.19797262 0.19801038 0.19824699
 0.19850512 0.19839437 0.19840191 0.19849001 0.19843211 0.1984598
 0.19840694 0.19850259 0.19849504 0.19860059 0.19856032 0.19885986
 0.1985603  0.19871384 0.1985175  0.19861567 0.19871636 0.19889257
 0.19861776 0.19875873 0.1989299  0.19892235 0.19849947 0.19914892
 0.19890978 0.19867819 0.19892992 0.19897802 0.19891509 0.19910137
 0.19894026 0.19902333 0.19913412 0.19919705 0.1989856  0.19907874
 0.19936417 0.19888336 0.19917286 0.19900168 0.19929872 0.19928614
 0.198974   0.19935161 0.19911497 0.19923539 0.19958782 0.19929329
 0.19907428 0.19924798 0.19903903 0.19922029 0.19944436 0.19933863
 0.19953095 0.19950829 0.19958381 0.19956871 0.19915836 0.19931696
 0.1994227  0.19897963 0.19960894 0.19954197 0.19954448 0.19937329
 0.19879175 0.19987176 0.19946896 0.19952686 0.19959483 0.19960239
 0.19934044 0.19991949]
低温侧相对热浴温升 = 0.09098409728711015K
设定电流=4.047356662204046e-05,期望温差=0.2,晶中温度=258.31002541461027,温度差=0.20096642579061197
单次测量结束，时间=1435s	温度差=0.20096642579061197K	相对热导8.239513301944707e-05W/K	时间常数=12.676043909194314s	时间偏离=1.792398451677834s
结束小循环
等待63.38秒降温缓和
新设定点数=200个，设定电流=4.037613e-05A
开始取REL
REL=-0.05123807200013044K，开始升温。。。
[0.00067899 0.00080824 0.00128942 0.00297735 0.00533038 0.0089884
 0.01264894 0.01739027 0.02246414 0.02769924 0.03352873 0.0390259
 0.04531917 0.05097002 0.05670905 0.06234478 0.06830803 0.07355075
 0.07892951 0.08430706 0.08940386 0.09437217 0.09912128 0.10397874
 0.10819878 0.11244149 0.11665649 0.12051121 0.12399918 0.12764485
 0.13118721 0.13449275 0.13756648 0.14055204 0.14318992 0.14604195
 0.14874534 0.15080774 0.15329701 0.1556729  0.15779432 0.15997368
 0.16147782 0.16330446 0.16514117 0.16679648 0.16853205 0.16990271
 0.17159084 0.17271458 0.17394919 0.17514348 0.17635033 0.17740353
 0.17835593 0.1798129  0.18062926 0.18131963 0.18222921 0.18333532
 0.18380397 0.18446663 0.18500833 0.18603381 0.18653237 0.18726812
 0.18764356 0.18800891 0.1887875  0.18930404 0.18972483 0.19024893
 0.19076045 0.19102206 0.19141766 0.1918561  0.19219626 0.19233737
 0.19260194 0.19290179 0.19327471 0.19360228 0.19361156 0.19403489
 0.19418104 0.19453634 0.19457161 0.19514361 0.19527464 0.19552914
 0.1955367  0.19544634 0.19557235 0.19598813 0.19607632 0.19624767
 0.19635603 0.19634091 0.19659542 0.1965047  0.19646369 0.19716171
 0.1967157  0.19710125 0.19688201 0.19720457 0.19719701 0.19702817
 0.19754476 0.19738242 0.19743534 0.19753362 0.19784103 0.19809303
 0.19801995 0.19758903 0.19795191 0.19801743 0.19797037 0.19802077
 0.19807873 0.19830554 0.19826776 0.19807371 0.19805859 0.19810143
 0.19830808 0.19842694 0.19831353 0.19830345 0.1983589  0.19870415
 0.19831855 0.19838408 0.19860585 0.1983992  0.19869595 0.19866319
 0.19876147 0.19874635 0.19897569 0.1986027  0.19875895 0.19899333
 0.19892528 0.1989149  0.19895774 0.19903083 0.1989401  0.19889977
 0.19870068 0.19914676 0.19858473 0.19908626 0.19901183 0.19922353
 0.19889589 0.19894126 0.1991454  0.19906727 0.19909247 0.19923613
 0.19923104 0.19926173 0.19927685 0.19925921 0.19926173 0.199234
 0.19946335 0.19943815 0.1993827  0.1993701  0.19932162 0.19941991
 0.19936699 0.19935186 0.19962911 0.19954341 0.19942748 0.19949805
 0.1997148  0.19945061 0.19917331 0.19948081 0.19948333 0.1993321
 0.1995161  0.19973286 0.19943796 0.199627   0.19934589 0.19999367
 0.19947945 0.19961052 0.19961556 0.1995828  0.19986258 0.19976175
 0.19979704 0.19963573]
低温侧相对热浴温升 = 0.09134518284057558K
设定电流=4.037613284307804e-05,期望温差=0.2,晶中温度=256.4753419583355,温度差=0.2010571496580827
单次测量结束，时间=1599s	温度差=0.2010571496580827K	相对热导8.196819092771582e-05W/K	时间常数=12.657442420922107s	时间偏离=1.7823553521445978s
结束小循环
等待63.29秒降温缓和
新设定点数=200个，设定电流=4.026984e-05A
开始取REL
REL=-0.04613999527149042K，开始升温。。。
[0.00067392 0.00061339 0.00141431 0.00296802 0.00536164 0.0087566
 0.01289815 0.01744578 0.02237931 0.02799133 0.03335617 0.03913957
 0.04517545 0.05105999 0.0565788  0.06247848 0.06806793 0.0734808
 0.07901475 0.08434943 0.08937958 0.09455291 0.09914358 0.10404703
 0.10813071 0.11241618 0.11664869 0.1204978  0.12423844 0.12761624
 0.13116279 0.13441673 0.13745627 0.14042266 0.14327301 0.14586608
 0.14831281 0.15106479 0.15332906 0.15550847 0.15749366 0.15991524
 0.16148422 0.16340382 0.16503082 0.16678899 0.16860267 0.16965074
 0.17141401 0.17244573 0.17393656 0.17510702 0.17607316 0.17721588
 0.1781694  0.17927681 0.18036358 0.18096648 0.18185443 0.18329483
 0.18368331 0.18438964 0.18515903 0.18584265 0.18642284 0.18677563
 0.18705814 0.18801674 0.18864992 0.1891494  0.18949752 0.18985069
 0.19025179 0.19062514 0.19078196 0.19145047 0.191897   0.19208368
 0.19221234 0.19279003 0.19294391 0.19332736 0.19347116 0.19368403
 0.19426175 0.194234   0.19416087 0.19485211 0.19497573 0.19492275
 0.19528603 0.19552065 0.19547676 0.19557767 0.19576689 0.19602169
 0.19598127 0.19633194 0.19627644 0.1962941  0.19610741 0.19662086
 0.19665618 0.19668898 0.19675457 0.19697406 0.19699174 0.19685551
 0.19691101 0.19732729 0.19705769 0.19743108 0.19734278 0.19716617
 0.19741595 0.19742352 0.19772379 0.19770865 0.19750429 0.19794988
 0.19780103 0.1980281  0.19780355 0.19781869 0.19818452 0.19797007
 0.19819205 0.19838632 0.19823378 0.19856935 0.19844572 0.19871316
 0.19840787 0.19851888 0.19855421 0.19871316 0.19855671 0.19876498
 0.19866658 0.19879526 0.19864639 0.19849753 0.19897188 0.19858332
 0.1989088  0.19885077 0.19896414 0.19883546 0.19898685 0.19876481
 0.19915337 0.1990903  0.19909282 0.19902974 0.19902722 0.19901503
 0.19898221 0.1988283  0.19904025 0.19896203 0.19896707 0.19927996
 0.19920931 0.19922697 0.19917885 0.19930502 0.19927222 0.19905774
 0.19933782 0.19938324 0.19928736 0.19906026 0.19939838 0.19947139
 0.19949662 0.19966569 0.1990399  0.19943858 0.19922158 0.19953952
 0.1997111  0.19976157 0.19938116 0.19938621 0.19932313 0.19950229
 0.19914645 0.19953757 0.19974701 0.19935589 0.19939626 0.19976025
 0.19964417 0.19970221 0.19965427 0.19934389 0.19980568 0.20005298
 0.19990157 0.19974007]
低温侧相对热浴温升 = 0.09047826789505783K
设定电流=4.02698449785667e-05,期望温差=0.2,晶中温度=254.69142911265584,温度差=0.20093674284616755
单次测量结束，时间=1763s	温度差=0.20093674284616755K	相对热导8.159223309767265e-05W/K	时间常数=12.669546285069822s	时间偏离=1.7775170425230709s
结束小循环
等待63.35秒降温缓和
新设定点数=200个，设定电流=4.017587e-05A
开始取REL
REL=-0.04047278557951417K，开始升温。。。
[0.00071374 0.00082737 0.00170359 0.00310697 0.0055589  0.00897039
 0.0129854  0.01770492 0.02245727 0.02801262 0.03372706 0.03944402
 0.04524696 0.05099689 0.0568933  0.06275434 0.06820378 0.07388301
 0.07944861 0.0841935  0.08947877 0.09458954 0.09976874 0.104001
 0.10831406 0.11255389 0.11658412 0.1205386  0.124185   0.12780111
 0.13090533 0.13429429 0.13761506 0.14086765 0.14328689 0.14604957
 0.14860012 0.15078198 0.15309516 0.15557487 0.15780222 0.15932501
 0.16146651 0.16338326 0.16494393 0.16650207 0.16813345 0.16961331
 0.17134658 0.17209663 0.17388967 0.17480892 0.17606153 0.17717019
 0.17811217 0.17926124 0.1800618  0.18084002 0.18169868 0.18268362
 0.1832519  0.18412318 0.18464091 0.18562837 0.18609305 0.18639864
 0.18700956 0.18786319 0.18821928 0.18870166 0.18915368 0.18962848
 0.19001236 0.19059575 0.19100488 0.19083297 0.19170681 0.19218667
 0.19243417 0.19265642 0.19266152 0.19316663 0.19302773 0.19327018
 0.19353855 0.19378859 0.19427098 0.19450839 0.19473822 0.19447808
 0.19487967 0.19499333 0.19530398 0.19558331 0.19547723 0.19573485
 0.19578536 0.19623241 0.19596721 0.1959369  0.19645974 0.19621223
 0.19654292 0.19649493 0.19654545 0.19628782 0.19665153 0.19686874
 0.19700261 0.19713395 0.19712142 0.19677532 0.19703547 0.19727037
 0.19741434 0.19724764 0.19753053 0.19736635 0.19732594 0.19759115
 0.19747054 0.19767767 0.19760947 0.19759684 0.19795299 0.19757158
 0.19793531 0.19781911 0.19805402 0.19809691 0.19794025 0.19781143
 0.19798067 0.19834693 0.19796299 0.19804634 0.19829894 0.19830399
 0.1981035  0.19829043 0.19801754 0.19832571 0.19852273 0.19835097
 0.19809584 0.19834592 0.19885869 0.19824395 0.19833488 0.19834751
 0.19868093 0.19855462 0.19840053 0.19839548 0.19865819 0.19876429
 0.19837945 0.19829104 0.19863711 0.19868258 0.19874574 0.19868764
 0.1988392  0.1989453  0.19848303 0.19876926 0.19868842 0.19923912
 0.19873895 0.19907239 0.19902943 0.19892586 0.19900417 0.19899911
 0.19889041 0.19915566 0.19879694 0.1988702  0.19891062 0.19923145
 0.1989865  0.19908502 0.19934017 0.19915233 0.19934938 0.19929633
 0.19907907 0.19925338 0.19946559 0.19917506 0.19962978 0.1989679
 0.19933418 0.19918007 0.19903355 0.1991447  0.19952112 0.19927607
 0.19925333 0.19957923]
低温侧相对热浴温升 = 0.0937669114083105K
设定电流=4.017586874538489e-05,期望温差=0.2,晶中温度=253.0433429979172,温度差=0.20055978238339672
单次测量结束，时间=1928s	温度差=0.20055978238339672K	相对热导8.137027536786983e-05W/K	时间常数=12.635857189122177s	时间偏离=1.7641371594257569s
结束小循环
等待63.18秒降温缓和
新设定点数=200个，设定电流=4.011976e-05A
开始取REL
REL=-0.03380352252577805K，开始升温。。。
[0.00081592 0.00097771 0.00159199 0.0034266  0.00559558 0.00891226
 0.01320472 0.0175528  0.02265168 0.02821318 0.03391118 0.03972295
 0.04532002 0.05135434 0.05712575 0.06289463 0.06842841 0.07357287
 0.07914963 0.08467329 0.08982787 0.09466365 0.09915101 0.10372938
 0.10786535 0.11235018 0.11655186 0.12018472 0.12384286 0.12706112
 0.13070161 0.13391489 0.13721666 0.13986111 0.14273563 0.14520311
 0.14809026 0.15021644 0.15268139 0.15489357 0.15718413 0.15874403
 0.16044299 0.16228858 0.16425299 0.16584577 0.16735763 0.1689049
 0.16999347 0.17142446 0.17257986 0.17389201 0.17483505 0.17618765
 0.17697394 0.17817485 0.17869314 0.17989462 0.1808933  0.18154054
 0.18226363 0.1828957  0.18396517 0.1843343  0.18510796 0.18565912
 0.18583509 0.18682367 0.18702594 0.18749369 0.18792856 0.1886719
 0.18884636 0.18944811 0.18923312 0.189571   0.19051916 0.19075936
 0.19077453 0.19149007 0.19168476 0.19157098 0.19211965 0.19222079
 0.19269866 0.19257224 0.19262533 0.19308803 0.1933611  0.1933788
 0.19364176 0.19383392 0.19379599 0.1939646  0.19430083 0.19431347
 0.19415923 0.19442725 0.19432864 0.19471297 0.1947509  0.19507202
 0.1955365  0.19519768 0.19524317 0.19528615 0.19514202 0.19508639
 0.19529121 0.19573118 0.19544798 0.19591835 0.19587536 0.19563515
 0.19577927 0.19582225 0.19615855 0.19603212 0.19615855 0.19632291
 0.19639219 0.19648322 0.19654138 0.19617219 0.19646302 0.19640486
 0.19643773 0.19668048 0.19660715 0.19649769 0.19630045 0.19658114
 0.19666712 0.19667471 0.19642945 0.19663175 0.19699083 0.19686945
 0.19712241 0.19657113 0.19687459 0.19684677 0.19689988 0.19709459
 0.19708195 0.19701114 0.19711229 0.19726158 0.19728939 0.19720847
 0.19701122 0.19733744 0.19698593 0.19714778 0.19714027 0.19738557
 0.19708219 0.19669021 0.19735531 0.19729967 0.19715805 0.19733255
 0.19748428 0.19725921 0.1970897  0.19733099 0.19712867 0.19753837
 0.19731329 0.19744227 0.19747262 0.1975586  0.19736893 0.19731835
 0.19727215 0.19736319 0.19698636 0.19761357 0.19747953 0.19759333
 0.19768438 0.19756299 0.19767932 0.19747281 0.19769792 0.19743996
 0.19751077 0.19759676 0.19757905 0.19772321 0.19742731 0.19780414
 0.19784986 0.19775122 0.19773601 0.19781189 0.1977006  0.19768543
 0.19778406 0.19792823]
低温侧相对热浴温升 = 0.08928485239396584K
设定电流=4.0119762137139904e-05,期望温差=0.2,晶中温度=251.484322087764,温度差=0.19906643791964196
单次测量结束，时间=2092s	温度差=0.19906643791964196K	相对热导8.175741052354991e-05W/K	时间常数=12.56414635252034s	时间偏离=1.7485895087001027s
结束小循环
等待62.82秒降温缓和
新设定点数=200个，设定电流=4.021373e-05A
开始取REL
REL=-0.026900343665612864K，开始升温。。。
[0.00102825 0.00101054 0.00143822 0.00328561 0.00586667 0.00892375
 0.01317532 0.01762429 0.02311084 0.02834432 0.0340966  0.04002856
 0.04583904 0.05159958 0.05730646 0.06300574 0.06899354 0.0744195
 0.07954683 0.08486142 0.08985715 0.09487566 0.09988349 0.1042669
 0.10840228 0.11283377 0.11711341 0.12060849 0.12414154 0.12797065
 0.13152647 0.13441083 0.13729349 0.14036344 0.14345617 0.14608828
 0.14837619 0.15076787 0.15298745 0.15491855 0.15763883 0.15898275
 0.16137193 0.16301956 0.16468743 0.16630469 0.16797003 0.16905073
 0.17065027 0.17178121 0.17300368 0.1744261  0.1756258  0.17676475
 0.17742534 0.17822513 0.17948557 0.18021197 0.18062025 0.18171876
 0.18274384 0.1832703  0.18404227 0.18475349 0.1852597  0.18562671
 0.18615823 0.18693113 0.18746014 0.18779677 0.18845232 0.18855863
 0.18908004 0.18956348 0.19000896 0.19005198 0.19037267 0.19090674
 0.19119529 0.19143572 0.19177236 0.19180021 0.19198751 0.19228872
 0.19277216 0.19272366 0.19318435 0.19322485 0.19357923 0.19344763
 0.19402729 0.19390073 0.19405007 0.19390579 0.19465504 0.19458416
 0.19450063 0.19441457 0.19490563 0.19483728 0.19470059 0.19505497
 0.19507775 0.19502409 0.19523419 0.19579361 0.19557085 0.19554301
 0.19570501 0.19582148 0.19590501 0.19596576 0.19611625 0.19598715
 0.19629345 0.19623523 0.19624029 0.19617954 0.19645039 0.1961947
 0.19659212 0.19639145 0.19654587 0.19662181 0.19655346 0.1967256
 0.19676863 0.19662687 0.19668509 0.19685719 0.19664916 0.19680611
 0.1969504  0.19703901 0.19678586 0.19669979 0.19697066 0.19737569
 0.19730228 0.19708919 0.19739297 0.19700312 0.19681832 0.19720311
 0.19723855 0.19740057 0.19733728 0.19761069 0.19734049 0.19722152
 0.19738607 0.19732025 0.1975329  0.19740379 0.19718102 0.19735063
 0.19752783 0.19732994 0.19745399 0.19729202 0.19750974 0.19754012
 0.19774771 0.19747936 0.19758569 0.19773252 0.19788307 0.19774129
 0.19794129 0.19745775 0.19754129 0.19778939 0.19752864 0.19783243
 0.19767041 0.19784535 0.19802509 0.1979137  0.1979694  0.19810355
 0.19814912 0.19784532 0.19795165 0.19801241 0.19810567 0.19807529
 0.19799427 0.19802972 0.19832087 0.19804998 0.19796137 0.19786263
 0.19797656 0.19793724 0.19818029 0.19840562 0.19806383 0.19820308
 0.19799041 0.19826633]
低温侧相对热浴温升 = 0.08868107394358556K
设定电流=4.021372694433754e-05,期望温差=0.2,晶中温度=250.03532888659242,温度差=0.19931378095045257
单次测量结束，时间=2256s	温度差=0.19931378095045257K	相对热导8.204412579206274e-05W/K	时间常数=12.53040924122693s	时间偏离=1.7398138950570237s
结束小循环
等待62.65秒降温缓和
新设定点数=200个，设定电流=4.028289e-05A
开始取REL
REL=-0.02080433701529018K，开始升温。。。
[0.00056848 0.00075847 0.00149308 0.00339041 0.00571077 0.00899614
 0.01312522 0.01804465 0.02312874 0.02869159 0.03428232 0.04031888
 0.04567908 0.05191576 0.05782162 0.06332637 0.06928457 0.07486531
 0.08010406 0.08553281 0.09071077 0.09544794 0.10028645 0.10486288
 0.10901748 0.11349634 0.11749133 0.1214914  0.12507347 0.12876447
 0.13223001 0.13505463 0.1376874  0.1411277  0.14403088 0.14683784
 0.1492344  0.15165882 0.15392618 0.15610487 0.15828356 0.16017067
 0.16190352 0.1638137  0.16525515 0.16686386 0.16858657 0.17008127
 0.17153291 0.17267547 0.17392274 0.17553402 0.17658287 0.17743918
 0.17832081 0.18005116 0.18040331 0.18092773 0.18217166 0.18268937
 0.18378636 0.18434119 0.18507083 0.18580807 0.18625395 0.18695066
 0.18744215 0.18790071 0.18850253 0.18909792 0.18936141 0.18987066
 0.19005814 0.19055979 0.1908993  0.19107665 0.19151242 0.19204606
 0.19231462 0.19267945 0.19280613 0.19307468 0.19352566 0.19336097
 0.19384995 0.19419451 0.19440451 0.19434877 0.19443998 0.19486563
 0.1948935  0.19506325 0.19517473 0.19550664 0.19546862 0.19599091
 0.19563619 0.19610239 0.19611252 0.19639883 0.19632028 0.1964267
 0.19671553 0.19709052 0.19667033 0.19659179 0.19684769 0.19680462
 0.19687303 0.19746338 0.19724802 0.19719988 0.19703519 0.19734663
 0.19737961 0.19732893 0.19761525 0.19738721 0.1977394  0.19785089
 0.19733907 0.1977394  0.19757977 0.1977242  0.19790918 0.19776729
 0.19823857 0.19792945 0.19789651 0.19797505 0.19770141 0.19832961
 0.19930261 0.19940903 0.20005772 0.19949774 0.19938625 0.19888455
 0.19870971 0.19866917 0.19889763 0.19859863 0.19858343 0.19864171
 0.19835027 0.19846429 0.19851751 0.19851751 0.19852004 0.1986715
 0.19864363 0.19847386 0.19855747 0.19860309 0.19879059 0.19858027
 0.19852453 0.19901611 0.19903524 0.19894909 0.19881479 0.19891361
 0.19894655 0.19885533 0.19897952 0.19899726 0.19870585 0.19885169
 0.1987934  0.19908735 0.19882635 0.19905441 0.19941171 0.19864896
 0.1989885  0.19902397 0.19875071 0.19927273 0.19928287 0.19894584
 0.19894077 0.19909788 0.19924992 0.19900665 0.19913587 0.19932128
 0.19920978 0.19903492 0.19942011 0.19933141 0.19938463 0.19914642
 0.19924525 0.19949867 0.19928816 0.19905248 0.19924001 0.19955678
 0.19939459 0.19961253]
低温侧相对热浴温升 = 0.09023130117674713K
设定电流=4.028289354692348e-05,期望温差=0.2,晶中温度=248.81411601348313,温度差=0.2006476290318923
单次测量结束，时间=2420s	温度差=0.2006476290318923K	相对热导8.178376043390595e-05W/K	时间常数=12.556408270100599s	时间偏离=1.7421949763478732s
结束小循环
等待62.78秒降温缓和
新设定点数=200个，设定电流=4.021783e-05A
开始取REL
REL=-0.014264834938034973K，开始升温。。。
[0.0008614  0.00088422 0.00157893 0.00321429 0.00579284 0.00940332
 0.01313803 0.01814558 0.02317596 0.02839904 0.03442333 0.04016111
 0.04582282 0.05180147 0.0576432  0.06368017 0.06924899 0.07460654
 0.08029877 0.085456   0.09053211 0.09547383 0.09982731 0.10456112
 0.10881065 0.11308773 0.11708887 0.12119903 0.12491872 0.12793345
 0.13175202 0.1347871  0.13804278 0.1407533  0.1435044  0.14597405
 0.14854765 0.15132157 0.15328917 0.1557563  0.15761994 0.15942527
 0.16145119 0.16299784 0.16449639 0.16642853 0.16782565 0.16939013
 0.17055905 0.17169238 0.17301597 0.17384766 0.17549343 0.17621102
 0.17733685 0.17842972 0.17923352 0.17997394 0.18083606 0.18174137
 0.18229161 0.18306941 0.18388082 0.18450967 0.18497878 0.1855062
 0.1861883  0.18683743 0.18766914 0.18776552 0.18830443 0.1884515
 0.18874819 0.18946073 0.18999324 0.19005663 0.19019102 0.19073621
 0.19093653 0.19145014 0.19165807 0.19157946 0.19195729 0.19232752
 0.1924467  0.19244417 0.19281947 0.19316433 0.19312983 0.19323635
 0.19346204 0.19386777 0.19428871 0.19410106 0.19440536 0.19452708
 0.19451186 0.19469038 0.19494903 0.194949   0.19489321 0.19509608
 0.19523301 0.19490843 0.19525076 0.19548406 0.19547493 0.19548761
 0.19599478 0.19573367 0.19577171 0.19590864 0.19586807 0.196005
 0.19605065 0.19626672 0.19609935 0.19620586 0.19635041 0.19638586
 0.19660902 0.19670539 0.19646448 0.1969032  0.19670285 0.1966217
 0.19697927 0.1966851  0.19698181 0.19697423 0.19722021 0.19667245
 0.19691844 0.19688092 0.19695193 0.19719285 0.19715481 0.19725118
 0.19722328 0.197416   0.19721819 0.19713197 0.19711577 0.19704476
 0.19718425 0.19722989 0.19728569 0.1974201  0.19748604 0.19750882
 0.19744542 0.19734705 0.19741045 0.19769449 0.19758798 0.19744595
 0.19752204 0.1978847  0.19775789 0.19757277 0.19774324 0.19767222
 0.19787511 0.19815916 0.1975023  0.19758092 0.19795373 0.19789794
 0.19814395 0.19801766 0.197726   0.19781984 0.19767527 0.19780208
 0.19787817 0.19779447 0.19799483 0.19797201 0.19811253 0.19823426
 0.19822665 0.19807955 0.1977397  0.19799586 0.19824948 0.19800093
 0.19811252 0.19832564 0.19818361 0.19841694 0.19819629 0.19815571
 0.19826477 0.198351   0.19851332 0.19858941 0.19842606 0.19841591
 0.19814707 0.19855794]
低温侧相对热浴温升 = 0.08537942761492076K
设定电流=4.021783058845741e-05,期望温差=0.2,晶中温度=247.7499875787055,温度差=0.19935166161535553
单次测量结束，时间=2584s	温度差=0.19935166161535553K	相对热导8.205364629625994e-05W/K	时间常数=12.523721720940356s	时间偏离=1.7256775748492628s
结束小循环
等待62.62秒降温缓和
新设定点数=200个，设定电流=4.028318e-05A
开始取REL
REL=-0.008630339607086326K，开始升温。。。
[0.00123555 0.00101734 0.00153242 0.00305987 0.00570121 0.00927373
 0.01340954 0.01806296 0.02340398 0.02880129 0.03437587 0.04027016
 0.0460249  0.05220084 0.05822454 0.06378897 0.06943207 0.07507516
 0.08014908 0.08553076 0.09109006 0.09594144 0.10053655 0.10522047
 0.10942739 0.11359622 0.11765596 0.12138394 0.12512662 0.12861555
 0.1321806  0.13534982 0.13848098 0.14136601 0.14409114 0.14681378
 0.14933549 0.15179436 0.15402739 0.15647611 0.15839448 0.1604981
 0.16200032 0.16359897 0.16546398 0.16715129 0.16834899 0.16974714
 0.17158175 0.17278705 0.17395684 0.17515453 0.17632432 0.17753723
 0.1783822  0.17929062 0.1804807  0.18097805 0.18217321 0.18287102
 0.18366779 0.18413722 0.18478428 0.18520188 0.18593525 0.18690206
 0.18744256 0.18792215 0.18806679 0.1887164  0.18907166 0.18962992
 0.19009785 0.19002173 0.19074751 0.1911992  0.19119666 0.19147579
 0.19194271 0.1922396  0.19263546 0.19271529 0.19306041 0.19329895
 0.19321273 0.19343351 0.19378117 0.19391566 0.19401209 0.19444096
 0.19439274 0.19457545 0.19459068 0.19500431 0.19517939 0.19525298
 0.19540524 0.19560064 0.19566154 0.19554734 0.19599143 0.19603965
 0.1960701  0.19576558 0.19606756 0.19625789 0.19617922 0.19631372
 0.19661339 0.19639007 0.1966743  0.19662354 0.19678088 0.19659817
 0.19676818 0.19693313 0.19689761 0.19693927 0.19706616 0.19725141
 0.19714737 0.19730217 0.19744936 0.19729709 0.19744426 0.19720825
 0.19740472 0.19748847 0.197255   0.19737427 0.19740472 0.19739204
 0.19743518 0.19764074 0.19761034 0.19780241 0.19771613 0.19758924
 0.19768567 0.1977009  0.19787347 0.19785824 0.19742682 0.19782018
 0.1980275  0.19823814 0.19758845 0.19809602 0.19794121 0.19787015
 0.19773818 0.19787523 0.19807318 0.19775234 0.19766854 0.19798323
 0.19781573 0.19810251 0.19791471 0.1980949  0.19805175 0.19802637
 0.19816878 0.19821446 0.19793784 0.19795053 0.19825508 0.19808758
 0.19795561 0.19800383 0.19826523 0.19794653 0.1982054  0.1980988
 0.19836016 0.19810637 0.19825103 0.19802769 0.19801246 0.19782973
 0.19830032 0.19828256 0.19813536 0.19844245 0.19810485 0.1981886
 0.19837133 0.1982825  0.19828504 0.19838217 0.19832633 0.19832125
 0.19839739 0.19815882 0.19809794 0.19796342 0.19853447 0.19850401
 0.19858738 0.19824221]
低温侧相对热浴温升 = 0.08997215600121818K
设定电流=4.028317641301313e-05,期望温差=0.2,晶中温度=246.86685916723758,温度差=0.19982538427410182
单次测量结束，时间=2748s	温度差=0.19982538427410182K	相对热导8.212864729028784e-05W/K	时间常数=12.437232106811258s	时间偏离=1.7345095133506774s
结束小循环
等待62.19秒降温缓和
新设定点数=200个，设定电流=4.030077e-05A
开始取REL
REL=-0.0027636570498527496K，开始升温。。。
[0.00087366 0.00101837 0.00181557 0.00296567 0.00582437 0.00959705
 0.01332402 0.01813761 0.02332694 0.02899611 0.03458148 0.04053499
 0.04599516 0.05185243 0.0577097  0.06346795 0.06921097 0.07479912
 0.08028825 0.08550825 0.09042614 0.09547604 0.10012478 0.10466944
 0.10896528 0.11312909 0.11733607 0.12135009 0.12453897 0.1279081
 0.13130812 0.13451738 0.13751337 0.14036971 0.14315242 0.14563046
 0.1483827  0.15027424 0.15268626 0.15491046 0.15684261 0.15881542
 0.16046578 0.16257824 0.16418289 0.16531529 0.16682601 0.16837227
 0.16982966 0.17054312 0.17222907 0.1735519  0.17464114 0.17549424
 0.17649462 0.17702781 0.17804849 0.17896307 0.17984918 0.1806845
 0.18128876 0.182086   0.18260903 0.18341643 0.18378458 0.184333
 0.18503942 0.18547105 0.1857732  0.18623276 0.18649679 0.18721788
 0.18762158 0.18804814 0.18815224 0.18868798 0.18901043 0.18940398
 0.18976706 0.18987116 0.18985083 0.1904018  0.19048559 0.19030024
 0.19098313 0.19136146 0.19112786 0.1916433  0.19161791 0.19227554
 0.19195058 0.19228574 0.19224004 0.19243156 0.19270578 0.19262961
 0.19283274 0.19289622 0.19296732 0.19304603 0.19321874 0.19329238
 0.19318319 0.19319335 0.19332285 0.19360215 0.19384083 0.19374688
 0.19354121 0.19375958 0.1938586  0.19394457 0.19403598 0.1938684
 0.19397758 0.19408423 0.19408423 0.19425943 0.19411724 0.19415786
 0.1940393  0.19410532 0.19425767 0.19436178 0.19479598 0.19435924
 0.19419927 0.19451921 0.19467156 0.19451995 0.19440056 0.19444373
 0.19455037 0.1944742  0.19456561 0.19454784 0.19476113 0.19465448
 0.19477891 0.19495158 0.1948906  0.1946062  0.19504296 0.19514961
 0.19500487 0.19500995 0.19505057 0.19520114 0.19478724 0.19511735
 0.19489388 0.19508179 0.19521891 0.19499291 0.19523415 0.19517828
 0.19521493 0.19503718 0.19515906 0.19486196 0.19519457 0.19529106
 0.19517425 0.19526059 0.19504475 0.19524645 0.19516773 0.19506108
 0.19498236 0.19517789 0.19507121 0.19528197 0.19512708 0.19547242
 0.1951187  0.19521774 0.19535232 0.19513394 0.19514664 0.19516695
 0.19493589 0.19550215 0.19519236 0.19523813 0.19525845 0.19516703
 0.19548446 0.19525083 0.19554286 0.19519496 0.19547683 0.19578664
 0.19558061 0.19533936 0.19550189 0.19558569 0.19574059 0.19529873
 0.19539777 0.19561108]
低温侧相对热浴温升 = 0.08518242340252463K
设定电流=4.0300773126564854e-05,期望温差=0.2,晶中温度=246.180487300303,温度差=0.19689208598340757
单次测量结束，时间=2911s	温度差=0.19689208598340757K	相对热导8.34276321702893e-05W/K	时间常数=12.284133861128536s	时间偏离=1.721280843296383s
结束小循环
等待61.42秒降温缓和
新设定点数=200个，设定电流=4.061760e-05A
开始取REL
REL=0.0020990678232395204K，开始升温。。。
[0.00092247 0.00066085 0.00148128 0.00316785 0.00572058 0.00915724
 0.01339401 0.01813636 0.02340186 0.0290687  0.03498192 0.04092308
 0.04692266 0.05247011 0.05875418 0.06441085 0.07026353 0.07595071
 0.08103338 0.08635988 0.09169401 0.09640581 0.10089917 0.10557796
 0.1099875  0.11406696 0.11780347 0.12178129 0.12560668 0.12895455
 0.13239133 0.13564775 0.13856127 0.1414062  0.14403689 0.14660244
 0.14935087 0.15131949 0.15381138 0.15580539 0.15790101 0.1597477
 0.16135307 0.16342647 0.16484639 0.16658891 0.16758718 0.16902234
 0.17070638 0.17174783 0.17317792 0.17406442 0.17513076 0.17626871
 0.17721615 0.17854207 0.17929139 0.1802236  0.18087131 0.18163079
 0.18190511 0.18266185 0.1837211  0.18412245 0.18480576 0.18518932
 0.1859717  0.18623079 0.18668295 0.18750089 0.18756548 0.18773059
 0.18828435 0.18863236 0.18910229 0.18953666 0.18967129 0.19005994
 0.19024537 0.19076656 0.19078688 0.19116538 0.19106377 0.19138892
 0.19169375 0.19172424 0.19222721 0.19236184 0.19254116 0.19253608
 0.19261229 0.19285107 0.19286885 0.19321178 0.19324735 0.19351153
 0.19339468 0.19365042 0.19379267 0.19363772 0.19406193 0.19415846
 0.19384601 0.19405177 0.19406193 0.19433373 0.19442377 0.19452029
 0.19448981 0.19471081 0.19482512 0.19483528 0.19470827 0.19468033
 0.19531538 0.19493012 0.19510794 0.19495806 0.19521714 0.19521206
 0.19516126 0.19532637 0.19533145 0.19524763 0.19516465 0.19533231
 0.19546949 0.19537804 0.19535771 0.19586069 0.19554823 0.19563714
 0.19559142 0.19589626 0.19577432 0.19559396 0.195754   0.19579464
 0.1956575  0.19553556 0.19583786 0.19594709 0.19581105 0.19546811
 0.19578565 0.19602952 0.19586948 0.19610827 0.19576025 0.19604985
 0.19585933 0.19613368 0.19605239 0.1959457  0.19570437 0.19609812
 0.1964055  0.19618449 0.19608291 0.19602702 0.19651196 0.19617918
 0.19630365 0.19643321 0.19628333 0.19605724 0.19593784 0.19612583
 0.19613856 0.19592998 0.19624753 0.19618148 0.19646092 0.19628817
 0.19650411 0.19630342 0.19567848 0.19656762 0.19622459 0.19631604
 0.19641258 0.19638717 0.19638209 0.19649133 0.19620427 0.19642528
 0.19637193 0.19650911 0.1963135  0.19660565 0.19637955 0.19657008
 0.19624491 0.19639734 0.19619157 0.19668186 0.19625508 0.19639734
 0.19647095 0.19638458]
低温侧相对热浴温升 = 0.08865298086290307K
设定电流=4.0617598790898715e-05,期望温差=0.2,晶中温度=245.7088366754094,温度差=0.19779804210219776
单次测量结束，时间=3074s	温度差=0.19779804210219776K	相对热导8.435821061359812e-05W/K	时间常数=12.246464305783055s	时间偏离=1.7152603419865673s
结束小循环
等待61.23秒降温缓和
新设定点数=200个，设定电流=4.084306e-05A
开始取REL
REL=0.0067111705916542246K，开始升温。。。
[0.0004911  0.00061561 0.00132451 0.002971   0.00560588 0.0093308
 0.01333778 0.01857198 0.02382143 0.02869736 0.03525282 0.04122134
 0.04712949 0.05299644 0.05876175 0.06495901 0.07058457 0.076078
 0.0819297  0.08692004 0.09190275 0.09684989 0.10160646 0.10620296
 0.11060635 0.11501481 0.11919969 0.12278491 0.12683765 0.12983338
 0.13341258 0.13654809 0.13968107 0.14252691 0.14517965 0.14788574
 0.15014455 0.15276426 0.15508667 0.15723216 0.15912771 0.16066498
 0.1628197  0.16417911 0.16616613 0.16769578 0.16885438 0.17065337
 0.1719452  0.17303273 0.1743642  0.17543902 0.17649352 0.17771318
 0.17881342 0.1792276  0.18024142 0.18110534 0.18188288 0.18267312
 0.18345319 0.18407573 0.18446195 0.18530809 0.18591538 0.18628128
 0.18709655 0.18748532 0.18778007 0.18820442 0.18851696 0.18900483
 0.18960705 0.19001106 0.18988401 0.19062344 0.1908039  0.19098686
 0.19115202 0.19122571 0.19202866 0.19181776 0.19251907 0.1924276
 0.19275563 0.19332988 0.19283443 0.19358655 0.19341885 0.1934595
 0.19388893 0.19372885 0.19415319 0.19415666 0.19417191 0.19462675
 0.19420503 0.19466749 0.19461413 0.194792   0.1948352  0.19503086
 0.19521751 0.19532424 0.19527342 0.19540809 0.19511846 0.19571052
 0.19584773 0.19580199 0.19548945 0.19546012 0.1958616  0.19563799
 0.19586669 0.19595308 0.19602929 0.19583363 0.19579044 0.19608011
 0.19609399 0.1961321  0.19633539 0.19601776 0.19629727 0.19603554
 0.19620324 0.19637349 0.19632013 0.19655    0.19631368 0.19651951
 0.19634671 0.19621712 0.19607228 0.19680156 0.19659062 0.19631873
 0.19662366 0.19644833 0.1967685  0.1971954  0.19639496 0.19659825
 0.19670751 0.19669989 0.19663634 0.19673017 0.19700206 0.19688772
 0.19682165 0.19658278 0.19677337 0.19650655 0.19684452 0.19637187
 0.19693089 0.19676572 0.19709606 0.19679367 0.19661834 0.19694105
 0.19673269 0.1967581  0.19662596 0.19668284 0.19695475 0.19695729
 0.19694205 0.19670318 0.19695221 0.19687343 0.19695221 0.19686581
 0.19690158 0.19688379 0.19655857 0.19685588 0.19708967 0.1969931
 0.19699056 0.19713795 0.19694228 0.1971274  0.19710453 0.19719856
 0.19677927 0.19692158 0.19706389 0.1969292  0.19691396 0.19680977
 0.19700055 0.19695735 0.19725466 0.19714793 0.19727251 0.19726488
 0.19703618 0.1966728 ]
低温侧相对热浴温升 = 0.08868016261216832K
设定电流=4.084305780678255e-05,期望温差=0.2,晶中温度=245.33416165945903,温度差=0.19857699181432412
单次测量结束，时间=3237s	温度差=0.19857699181432412K	相对热导8.496418431395803e-05W/K	时间常数=12.149969224887757s	时间偏离=1.7281266757261722s
结束小循环
等待60.75秒降温缓和
