
创建文件成功

新设定点数=200个，设定电流=1.000000e-05A
开始取REL
REL=2.707883422405347K，开始升温。。。
[-0.01461464  0.02885952  0.05519608  0.06102316  0.0610461   0.06221611
  0.0656573   0.061524    0.06287703  0.05870326  0.06184506  0.06028555
  0.06161565  0.05872612  0.06315215  0.0579464   0.05675097  0.0604189
  0.05097402  0.05973116  0.05842447  0.0607626   0.05902035  0.05803459
  0.05720931  0.0558834   0.06154398  0.05299583  0.05629591  0.05803763
  0.05521879  0.05668535  0.05705203  0.0575562   0.05318107  0.05583906
  0.0535706   0.05469337  0.05146255  0.05643482  0.05331856  0.05755759
  0.05377683  0.05495572  0.05392489  0.05710905  0.05759011  0.05261914
  0.05667381  0.05610111  0.06638667  0.04762638  0.05336013  0.0511856
  0.05587798  0.05075069  0.05569488  0.05116271  0.05514551  0.05576354
  0.05555752  0.05565737  0.05540564  0.05764825  0.05849494  0.05506238
  0.05927299  0.05714481  0.05792286  0.05833477  0.05965347  0.05979115
  0.06640212  0.05597097  0.06468648  0.06253619  0.06850666  0.0628107
  0.06926154  0.06559821  0.06653579  0.06404248  0.06868471  0.0730754
  0.06301342  0.07204633  0.06651224  0.07051416  0.06494525  0.06819135
  0.06311647  0.06755087  0.06551636  0.0661107   0.06252173  0.06572209
  0.06517346  0.06173295  0.06157298  0.06388097  0.06401809  0.06509178
  0.06266955  0.06504608  0.06182403  0.06662282  0.06357901  0.06351048
  0.05361898  0.04347617  0.02773657  0.05674819  0.06490355  0.06376134
  0.06769053  0.06608549  0.06482946  0.06798096  0.06638238  0.06462392
  0.06976223  0.06425885  0.05169854  0.04043993  0.05168854  0.00176251
 -0.01229987 -0.02083775 -0.02006158 -0.02601982 -0.02549477 -0.02597373
 -0.02684123 -0.02492903 -0.03013204 -0.02645798 -0.0296528  -0.0264808
 -0.02874    -0.03065689 -0.03118175 -0.02725614 -0.02916972 -0.02757274
 -0.02802902 -0.02793776 -0.03122299 -0.02720771 -0.02907847 -0.02588448
 -0.03078953 -0.0297894  -0.03170509 -0.02928768 -0.02867192 -0.02867192
 -0.03074726 -0.02999467 -0.02990343 -0.02643695 -0.03095777 -0.03230271
 -0.02849555 -0.0306841  -0.03241669 -0.02760644 -0.03043332 -0.0287691
 -0.03168717 -0.03233513 -0.03115016 -0.0314018  -0.03238166 -0.03249561
 -0.03124227 -0.03110555 -0.03174362 -0.03295137 -0.0322927  -0.03363677
 -0.03386456 -0.03334086 -0.03432042 -0.03365979 -0.03363701 -0.0328397
 -0.0350494  -0.03346139 -0.03487326 -0.03519207 -0.03230001 -0.03384911
 -0.0345095  -0.03419069 -0.03728771 -0.03496495 -0.0379083  -0.03813595
 -0.03451649 -0.03642865]
设定电流=1e-05,期望温差=1,设定温度=180,晶中温度=10.437730877216408,温度差=-0.007557262473664612
单次测量结束，时间=118s	设定温度=180	温度差=-0.007557262473664612K	相对热导-0.0001455553520647532V/W	时间常数=1s	时间偏离=0.5s
结束小循环
等待30秒降温缓和
新设定点数=200个，设定电流=nanA
开始取REL
