时间	热浴温度/K	样品电阻/Ω	参考电阻/Ω	磁场电压
0.4227421283721924	2024.16	2024.16	5.18311877e-05
0.845482349395752	2024.51	2024.51	5.3726913e-05
1.2722139358520508	2024.69	2024.69	5.60716925e-05
1.6949553489685059	2025.04	2025.04	5.60147616e-05
2.117694854736328	2024.95	2024.95	5.3820873e-05
2.541428327560425	2024.82	2024.82	5.37643402e-05
2.9701709747314453	2024.77	2024.77	5.36993642e-05
3.3959004878997803	2024.8	2024.8	5.36711038e-05
3.8186416625976562	2024.14	2024.14	5.36042824e-05
4.2503745555877686	2023.97	2023.97	5.23849179e-05
4.674113750457764	2023.96	2023.96	5.47008934e-05
5.096851110458374	2023.55	2023.55	5.16737648e-05
5.520585060119629	2023.71	2023.71	5.31023429e-05
5.947325229644775	2023.51	2023.51	5.44421475e-05
6.372061729431152	2023.11	2023.11	5.44175177e-05
6.794801235198975	2022.92	2022.92	5.70476984e-05
7.218538761138916	2022.97	2022.97	5.35636998e-05
7.642275810241699	2022.74	2022.74	5.349753e-05
8.066013813018799	2022.7	2022.7	5.35290955e-05
8.490752220153809	2022.57	2022.57	5.46157165e-05
8.949462890625	2022.1	2022.1	5.45288608e-05
9.375203371047974	2021.84	2021.84	5.25663268e-05
9.797938346862793	2021.75	2021.75	5.24777583e-05
10.221681118011475	2021.67	2021.67	5.25080692e-05
10.646414756774902	2021.88	2021.88	5.45942468e-05
11.075153589248657	2021.56	2021.56	5.45629349e-05
11.497888565063477	2021.44	2021.44	5.44666321e-05
11.921626806259155	2021.2	2021.2	5.44539419e-05
12.346365213394165	2021.22	2021.22	5.17263423e-05
12.775103569030762	2021.18	2021.18	5.4179675e-05
13.198839664459229	2021.09	2021.09	5.550983e-05
13.622572183609009	2020.72	2020.72	5.38456888e-05
14.045314073562622	2020.84	2020.84	5.54483881e-05
14.540010452270508	2020.86	2020.86	5.33575552e-05
14.963743925094604	2020.8	2020.8	5.48367701e-05
15.387481927871704	2020.87	2020.87	5.47737361e-05
15.818220853805542	2020.67	2020.67	5.47679344e-05
16.24295401573181	2020.43	2020.43	5.34174079e-05
16.66569232940674	2020.64	2020.64	5.3400787e-05
17.089433908462524	2020.44	2020.44	5.14717011e-05
17.512171030044556	2020.44	2020.44	5.57505577e-05
17.9359073638916	2020.2	2020.2	5.58033996e-05
18.359647750854492	2020.16	2020.16	5.42527584e-05
18.78438401222229	2020.19	2020.19	5.43179872e-05
19.2081196308136	2019.72	2019.72	5.42867351e-05
19.631856203079224	2019.68	2019.68	5.29368206e-05
20.054598331451416	2019.78	2019.78	5.71304013e-05
20.48132824897766	2019.69	2019.69	5.71975362e-05
20.904075622558594	2019.8	2019.8	5.45876932e-05
21.335800647735596	2019.81	2019.81	5.27785723e-05
21.75853991508484	2019.68	2019.68	5.2874245e-05
22.183278799057007	2019.58	2019.58	5.51422598e-05
22.607015132904053	2019.51	2019.51	5.40825273e-05
23.03775453567505	2019.37	2019.37	5.27135351e-05
23.462488174438477	2019.46	2019.46	5.31175989e-05
23.88622498512268	2019.72	2019.72	5.18373802e-05
24.308967113494873	2019.54	2019.54	5.31719967e-05
24.732717990875244	2019.34	2019.34	5.57545069e-05
25.155435800552368	2019.23	2019.23	5.56657938e-05
25.58617377281189	2019.33	2019.33	5.3682852e-05
26.008907556533813	2019.3	2019.3	5.37115687e-05
26.43264603614807	2019.29	2019.29	5.37401648e-05
26.855412244796753	2019.21	2019.21	5.6687934e-05
27.282145738601685	2019.13	2019.13	5.8689436e-05
27.7059223651886	2019.44	2019.44	5.73571116e-05
28.129647970199585	2019.46	2019.46	5.57505064e-05
28.552390813827515	2019.21	2019.21	5.56905362e-05
29.047815084457397	2019.27	2019.27	5.41255676e-05
29.470555067062378	2019.39	2019.39	5.95839139e-05
29.894293785095215	2019.05	2019.05	5.51773296e-05
30.36899757385254	2019.32	2019.32	5.5211283e-05
30.792733669281006	2019.17	2019.17	5.51392753e-05
31.21647047996521	2019.2	2019.2	5.32883627e-05
31.639214038848877	2019.14	2019.14	5.49787957e-05
32.061975717544556	2018.99	2018.99	5.77349915e-05
32.489710569381714	2019.14	2019.14	5.34799009e-05
32.91444635391235	2018.86	2018.86	5.46404304e-05
33.3381872177124	2018.92	2018.92	5.46478e-05
33.761924028396606	2018.85	2018.85	5.59961531e-05
34.190659046173096	2018.97	2018.97	5.86053163e-05
34.616395235061646	2018.93	2018.93	5.35449968e-05
35.03913378715515	2018.98	2018.98	5.35836421e-05
35.461872577667236	2018.97	2018.97	5.46859026e-05
35.889610290527344	2018.84	2018.84	5.47328825e-05
36.320340394973755	2018.85	2018.85	5.66795628e-05
36.743077993392944	2018.94	2018.94	5.67331133e-05
37.16682052612305	2018.94	2018.94	5.29077917e-05
37.59055042266846	2018.78	2018.78	5.40409413e-05
38.01429295539856	2018.94	2018.94	5.40289762e-05
38.43702983856201	2018.64	2018.64	5.39597307e-05
38.86076831817627	2018.92	2018.92	5.64625455e-05
39.37145161628723	2018.89	2018.89	5.42841029e-05
39.79619026184082	2018.55	2018.55	5.41908668e-05
40.2209267616272	2018.59	2018.59	5.56967304e-05
40.64566493034363	2018.75	2018.75	5.56833179e-05
41.068403244018555	2018.64	2018.64	5.57754804e-05
41.495134353637695	2018.79	2018.79	5.40329562e-05
41.919875383377075	2018.72	2018.72	5.28950669e-05
42.34960961341858	2019.03	2019.03	5.42810629e-05
42.7723491191864	2018.66	2018.66	5.42025782e-05
43.19508647918701	2018.55	2018.55	5.42164008e-05
43.61784791946411	2018.65	2018.65	5.6291728e-05
44.041608810424805	2018.63	2018.63	5.29161507e-05
44.4643452167511	2018.57	2018.57	5.29265358e-05
44.960039138793945	2018.5	2018.5	5.43986387e-05
45.38377785682678	2018.58	2018.58	5.44316633e-05
45.8065185546875	2018.59	2018.59	5.45201349e-05
46.23025465011597	2018.73	2018.73	5.45769811e-05
46.65298914909363	2018.85	2018.85	5.31705293e-05
47.076730489730835	2018.66	2018.66	5.31924452e-05
47.50047183036804	2018.64	2018.64	5.49780715e-05
47.92420768737793	2018.33	2018.33	5.59780965e-05
48.35293960571289	2018.16	2018.16	5.59079584e-05
48.77667832374573	2018.37	2018.37	5.33601323e-05
49.20041561126709	2018.36	2018.36	5.34251321e-05
49.62415528297424	2018.64	2018.64	5.48573352e-05
50.04689145088196	2018.41	2018.41	5.36818144e-05
50.46962761878967	2018.42	2018.42	5.49054609e-05
50.902364015579224	2018.45	2018.45	5.35112483e-05
51.33709096908569	2018.56	2018.56	5.14627115e-05
51.76083040237427	2018.51	2018.51	5.26081986e-05
52.18357253074646	2018.43	2018.43	5.58756775e-05
52.60730767250061	2018.42	2018.42	5.58757378e-05
53.03005051612854	2018.78	2018.78	5.48042725e-05
53.453789472579956	2018.84	2018.84	5.27760957e-05
53.877522706985474	2018.54	2018.54	5.27770727e-05
54.30425786972046	2018.33	2018.33	5.56873965e-05
54.72999095916748	2018.54	2018.54	5.57600042e-05
55.153730392456055	2018.76	2018.76	5.4565643e-05
55.57747149467468	2019.1	2019.1	5.46031304e-05
56.00221109390259	2019.39	2019.39	5.22150857e-05
56.42594647407532	2019.41	2019.41	5.39041869e-05
56.84968566894531	2019.57	2019.57	5.39372115e-05
57.272419452667236	2019.85	2019.85	5.38790506e-05
57.71314811706543	2020.16	2020.16	5.56485301e-05
58.13588738441467	2020.42	2020.42	5.41789279e-05
58.55962061882019	2020.63	2020.63	5.24397719e-05
58.983362913131714	2020.73	2020.73	5.49848812e-05
59.4061017036438	2021.09	2021.09	5.50690106e-05
59.82983899116516	2021.47	2021.47	5.50522932e-05
60.26057267189026	2021.44	2021.44	5.21841151e-05
60.68431067466736	2021.6	2021.6	5.21563374e-05
61.10705089569092	2022.07	2022.07	5.54691527e-05
61.53078579902649	2022.46	2022.46	5.69850493e-05
61.955524921417236	2022.65	2022.65	5.56890085e-05
62.37826681137085	2022.91	2022.91	5.46301248e-05
62.80400061607361	2022.92	2022.92	5.3058975e-05
63.232746601104736	2023.04	2023.04	5.30567918e-05
63.656474113464355	2023.0	2023.0	5.59875319e-05
64.08020877838135	2023.06	2023.06	5.5894284e-05
64.50494956970215	2022.91	2022.91	5.39017277e-05
64.9366762638092	2023.1	2023.1	5.24532559e-05
65.35941934585571	2023.12	2023.12	5.39077275e-05
65.78315711021423	2023.25	2023.25	5.19098532e-05
66.20690369606018	2022.94	2022.94	5.34215266e-05
66.62964344024658	2022.91	2022.91	5.59300868e-05
67.0523829460144	2022.82	2022.82	5.37674518e-05
67.48411440849304	2022.82	2022.82	5.22819639e-05
67.9078586101532	2022.67	2022.67	5.23314645e-05
68.33058834075928	2022.47	2022.47	5.53912976e-05
68.75435209274292	2022.71	2022.71	5.70596505e-05
69.17908573150635	2022.7	2022.7	5.40349343e-05
69.60482406616211	2022.54	2022.54	5.23071193e-05
70.02856516838074	2022.88	2022.88	5.23455956e-05
70.45230436325073	2023.15	2023.15	5.41776223e-05
70.87604141235352	2023.45	2023.45	5.4261269e-05
71.38572430610657	2023.66	2023.66	5.43455792e-05
71.81446051597595	2023.61	2023.61	5.16789304e-05
72.2451901435852	2023.91	2023.91	5.31994317e-05
72.66793298721313	2023.89	2023.89	5.31588047e-05
73.09066891670227	2023.52	2023.52	5.31886652e-05
73.51640725135803	2023.37	2023.37	5.64228369e-05
73.94014382362366	2023.58	2023.58	5.64224027e-05
74.36288213729858	2023.14	2023.14	5.31634384e-05
74.78562641143799	2023.09	2023.09	5.32246265e-05
75.21035599708557	2023.01	2023.01	5.42278802e-05
75.63409495353699	2022.86	2022.86	5.822893e-05
76.05683612823486	2022.61	2022.61	5.67664698e-05
76.47957730293274	2022.7	2022.7	5.14491076e-05
76.97826528549194	2022.48	2022.48	5.28290659e-05
77.40200161933899	2022.22	2022.22	5.2868495e-05
77.82473969459534	2022.18	2022.18	5.53374999e-05
78.24947714805603	2022.08	2022.08	5.65599347e-05
78.68220782279968	2022.03	2022.03	5.16365436e-05
79.17590403556824	2022.0	2022.0	5.1632322e-05
79.59964323043823	2021.79	2021.79	5.39220807e-05
80.0243763923645	2021.95	2021.95	5.38693832e-05
80.44813084602356	2022.09	2022.09	5.39210299e-05
80.87185621261597	2022.15	2022.15	5.2699639e-05
81.29559230804443	2022.15	2022.15	5.11798879e-05
81.71933150291443	2022.19	2022.19	5.37469405e-05
82.14206862449646	2021.95	2021.95	5.37207911e-05
82.56680560112	2022.03	2022.03	5.48251195e-05
82.98954486846924	2021.8	2021.8	5.62747932e-05
83.41630673408508	2021.94	2021.94	5.12491155e-05
83.83904480934143	2021.96	2021.96	5.12680883e-05
84.2627809047699	2022.13	2022.13	5.35888083e-05
84.68552327156067	2022.13	2022.13	5.35494395e-05
85.18123722076416	2022.1	2022.1	5.46020118e-05
85.60497951507568	2022.27	2022.27	5.24261988e-05
86.02771639823914	2022.26	2022.26	5.09573475e-05
86.45145606994629	2022.3	2022.3	5.37997642e-05
86.87422227859497	2022.57	2022.57	5.37974122e-05
87.29695677757263	2022.05	2022.05	5.47994106e-05
87.72069597244263	2021.95	2021.95	5.47976255e-05
88.14344000816345	2022.26	2022.26	4.94861935e-05
88.5671763420105	2022.49	2022.49	5.22114923e-05
88.98993849754333	2022.58	2022.58	5.41484507e-05
89.41667246818542	2022.23	2022.23	5.18770266e-05
89.8394103050232	2022.27	2022.27	5.45599895e-05
90.28513026237488	2022.37	2022.37	5.02788761e-05
90.70792436599731	2022.72	2022.72	5.03545502e-05
91.13165926933289	2022.97	2022.97	5.14881647e-05
91.5544011592865	2022.89	2022.89	5.15434185e-05
91.97913837432861	2023.29	2023.29	5.30345713e-05
92.4078688621521	2023.47	2023.47	5.18843854e-05
92.83061385154724	2023.36	2023.36	4.8859961e-05
93.26334524154663	2023.58	2023.58	5.07536186e-05
93.68611145019531	2023.74	2023.74	5.38337672e-05
94.1118574142456	2023.97	2023.97	5.37798764e-05
94.53458571434021	2024.04	2024.04	5.2240177e-05
94.95831990242004	2024.54	2024.54	5.22296835e-05
95.3820583820343	2024.31	2024.31	5.21813892e-05
95.80579328536987	2024.71	2024.71	5.60805612e-05
96.23054909706116	2025.11	2025.11	5.38015392e-05
96.65328812599182	2024.89	2024.89	5.26466498e-05
97.0860207080841	2025.19	2025.19	5.25799497e-05
97.50976085662842	2025.13	2025.13	4.96904949e-05
97.9334921836853	2025.36	2025.36	5.25582265e-05
98.3572359085083	2025.43	2025.43	5.25495301e-05
98.78097248077393	2025.56	2025.56	5.09342654e-05
99.20370531082153	2025.6	2025.6	5.21650214e-05
99.62744331359863	2025.7	2025.7	5.07809637e-05
100.05018591880798	2025.58	2025.58	5.07081605e-05
100.4739248752594	2025.53	2025.53	5.20458538e-05
100.89666104316711	2025.57	2025.57	5.50229951e-05
101.40934371948242	2025.88	2025.88	5.30279015e-05
101.83209800720215	2026.13	2026.13	5.40682397e-05
102.25581693649292	2026.38	2026.38	5.08604237e-05
102.67955493927002	2026.54	2026.54	5.33473842e-05
103.102299451828	2026.62	2026.62	5.70705278e-05
103.53202819824219	2026.81	2026.81	5.174815e-05
103.95976376533508	2026.79	2026.79	5.17514549e-05
104.3845043182373	2026.79	2026.79	5.16586055e-05
104.8072464466095	2026.75	2026.75	5.15952343e-05
105.23297905921936	2026.89	2026.89	5.3902786e-05
105.65671753883362	2026.92	2026.92	5.29009584e-05
106.07945561408997	2027.43	2027.43	5.28390347e-05
106.50319290161133	2027.55	2027.55	5.28341378e-05
106.99888515472412	2027.61	2027.61	5.28010169e-05
107.42162656784058	2027.74	2027.74	5.28750745e-05
107.8453619480133	2027.75	2027.75	5.695953e-05
108.26810050010681	2027.83	2027.83	5.46274405e-05
108.69183874130249	2027.85	2027.85	5.19538616e-05
109.11457967758179	2028.11	2028.11	5.31142972e-05
109.53931522369385	2028.21	2028.21	5.30648933e-05
109.96205282211304	2028.26	2028.26	5.58734827e-05
110.38579106330872	2028.31	2028.31	5.58720233e-05
110.81752300262451	2028.37	2028.37	5.08162705e-05
111.2422604560852	2028.57	2028.57	5.2917695e-05
111.66499900817871	2028.77	2028.77	5.10124627e-05
112.08873462677002	2028.57	2028.57	5.37940825e-05
112.51147699356079	2028.76	2028.76	5.50941583e-05
112.93922662734985	2029.02	2029.02	5.29473356e-05
113.36294913291931	2028.94	2028.94	5.14672957e-05
113.78668999671936	2028.81	2028.81	5.39630328e-05
114.21142363548279	2029.2	2029.2	5.39457607e-05
114.63815927505493	2029.29	2029.29	5.28472254e-05
115.06089520454407	2029.38	2029.38	5.7531542e-05
115.48463582992554	2029.42	2029.42	5.62356567e-05
115.90737557411194	2029.4	2029.4	0.000502309817
116.41705536842346	2029.43	2029.43	0.000761725219
116.84279489517212	2029.25	2029.25	0.00102083619
117.26753735542297	2029.32	2029.32	0.00128846654
117.69126915931702	2028.08	2028.08	0.00182388175
118.11500430107117	2025.92	2025.92	0.00208874592
118.5417411327362	2023.06	2023.06	0.00234852775
118.96648263931274	2017.15	2017.15	0.0026125387
119.38921618461609	2011.53	2011.53	0.00287664493
119.81195831298828	2006.22	2006.22	0.00314514813
120.24169111251831	2000.4	2000.4	0.00367557744
120.66642928123474	1994.6	1994.6	0.00393924346
121.0901665687561	1987.53	1987.53	0.00420223079
121.51290607452393	1981.74	1981.74	0.00446653426
122.00760006904602	1974.55	1974.55	0.00499987726
122.43233942985535	1968.35	1968.35	0.00525928799
122.8550717830658	1962.67	1962.67	0.00552728843
123.27781105041504	1955.18	1955.18	0.00579365108
123.70255064964294	1948.95	1948.95	0.00605181879
124.12528657913208	1942.87	1942.87	0.00631408896
124.54803323745728	1936.81	1936.81	0.00684432642
124.97276663780212	1929.89	1929.89	0.00710830486
125.39550042152405	1923.93	1923.93	0.00737799525
125.81824135780334	1917.92	1917.92	0.00764157783
126.60975360870361	1910.89	1910.89	0.00835591058
127.88895750045776	1901.54	1901.54	0.00930273763
129.1471791267395	1884.55	1884.55	0.0102153373
129.5699212551117	1870.2	1870.2	0.0104779628
130.0166459083557	1864.51	1864.51	0.0107421013
130.43938612937927	1859.78	1859.78	0.0110093246
130.86312103271484	1855.57	1855.57	0.0112750738
131.30184960365295	1850.54	1850.54	0.0115341482
131.7255883216858	1846.45	1846.45	0.012059292
132.15431785583496	1842.42	1842.42	0.012320007
132.57805967330933	1838.78	1838.78	0.0125860336
133.00280094146729	1834.28	1834.28	0.0128521402
133.42653584480286	1830.37	1830.37	0.0131182368
133.8542664051056	1826.64	1826.64	0.0136427893
134.27701044082642	1823.56	1823.56	0.0139021112
134.69974756240845	1819.67	1819.67	0.0141619614
135.13249850273132	1816.39	1816.39	0.0144262878
135.55621910095215	1813.24	1813.24	0.0146929569
135.98295044898987	1809.99	1809.99	0.015218027
136.40668749809265	1806.4	1806.4	0.0154806087
136.82942843437195	1803.38	1803.38	0.0157405618
137.2581684589386	1800.65	1800.65	0.0160029303
137.6819007396698	1798.28	1798.28	0.0162678521
138.1426362991333	1794.93	1794.93	0.016803004
138.5653748512268	1792.43	1792.43	0.0170641892
138.98911571502686	1789.44	1789.44	0.0173254234
139.41284918785095	1787.02	1787.02	0.0175846816
139.83858442306519	1784.56	1784.56	0.0178452842
140.2613241672516	1782.29	1782.29	0.0181083434
140.68506598472595	1779.8	1779.8	0.0186472476
141.10779547691345	1777.44	1777.44	0.01891038
141.53153800964355	1775.05	1775.05	0.0191683506
141.95927357673645	1772.82	1772.82	0.0194314797
142.38201475143433	1770.98	1770.98	0.0196921691
142.8187415599823	1768.68	1768.68	0.0202198759
143.24148201942444	1766.72	1766.72	0.0204831149
143.66521859169006	1764.78	1764.78	0.0207473274
144.08895587921143	1762.8	1762.8	0.0210074571
144.51369071006775	1761.13	1761.13	0.0212691997
144.93643760681152	1759.27	1759.27	0.0215296335
145.36017203330994	1757.64	1757.64	0.022062994
145.78293180465698	1755.59	1755.59	0.0223282258
146.20666933059692	1753.94	1753.94	0.0225950806
146.6304087638855	1752.27	1752.27	0.0228531158
147.05814266204834	1750.96	1750.96	0.023112573
147.49187445640564	1749.51	1749.51	0.0236359588
147.9146113395691	1747.44	1747.44	0.0238997353
148.33834838867188	1745.99	1745.99	0.0241673227
148.7621066570282	1744.63	1744.63	0.0244340532
149.18682432174683	1742.74	1742.74	0.024691832
149.60956239700317	1741.64	1741.64	0.0249516787
150.03329849243164	1740.21	1740.21	0.0254799113
150.46003437042236	1738.98	1738.98	0.0257426244
150.88277626037598	1737.55	1737.55	0.0260097435
151.30651688575745	1735.99	1735.99	0.026275234
151.7292492389679	1734.98	1734.98	0.0265334969
152.15998792648315	1733.72	1733.72	0.0270862644
152.58272457122803	1732.72	1732.72	0.0271438031
153.00646352767944	1731.63	1731.63	0.0271439346
153.4601788520813	1731.98	1731.98	0.0271439418
153.88392543792725	1734.33	1734.33	0.0271440921
154.31365370750427	1736.33	1736.33	0.0271443099
154.73639583587646	1738.84	1738.84	0.0271443303
155.16212701797485	1741.14	1741.14	0.0271443778
155.58586835861206	1744.52	1744.52	0.0271443157
156.02759194374084	1747.36	1747.36	0.0271442837
156.46732091903687	1750.03	1750.03	0.0271443676
156.89107823371887	1753.15	1753.15	0.0271444252
157.3138189315796	1755.88	1755.88	0.027144428
157.7375545501709	1758.43	1758.43	0.0271443891
158.1622929573059	1761.21	1761.21	0.0271444379
158.58705234527588	1763.82	1763.82	0.0271445409
159.02277779579163	1767.14	1767.14	0.0271447936
159.447514295578	1769.51	1769.51	0.0271449695
159.87225461006165	1771.92	1771.92	0.0271449509
160.29699087142944	1775.04	1775.04	0.0271449396
160.72272968292236	1777.42	1777.42	0.0271450293
161.14746522903442	1780.03	1780.03	0.0271450166
161.57022094726562	1782.4	1782.4	0.0271451148
162.01092910766602	1785.42	1785.42	0.0271450371
162.4516580104828	1787.59	1787.59	0.0271450969
162.8804109096527	1789.83	1789.83	0.0271451736
163.32911610603333	1792.85	1792.85	0.0271450791
163.75984573364258	1795.03	1795.03	0.0271452293
164.18358755111694	1797.14	1797.14	0.0271452293
164.63231325149536	1799.95	1799.95	0.0271453501
165.0570456981659	1801.9	1801.9	0.0271453864
165.47977924346924	1803.93	1803.93	0.0271455157
165.90451884269714	1806.74	1806.74	0.027145426
166.32926511764526	1808.56	1808.56	0.0271455034
166.75200176239014	1810.52	1810.52	0.027145555
167.1767327785492	1812.6	1812.6	0.0271456695
167.60047268867493	1815.14	1815.14	0.0271457242
168.02620792388916	1817.15	1817.15	0.0271456718
168.44994616508484	1818.88	1818.88	0.0271457652
168.87268495559692	1820.88	1820.88	0.0271458914
169.29742407798767	1823.24	1823.24	0.0271458991
169.72016096115112	1825.04	1825.04	0.0271461208
170.1439003944397	1826.93	1826.93	0.0271461713
170.57163381576538	1828.6	1828.6	0.0271462624
171.00936269760132	1830.26	1830.26	0.0271463861
171.44909238815308	1832.41	1832.41	0.0271464314
171.8718273639679	1834.56	1834.56	0.027146403
172.2945692539215	1835.99	1835.99	0.0271463623
172.7183039188385	1838.22	1838.22	0.0271464006
173.14104461669922	1839.97	1839.97	0.0271463259
173.63673877716064	1842.05	1842.05	0.0271463539
174.059472322464	1843.56	1843.56	0.0271464807
174.48221898078918	1845.13	1845.13	0.0271462963
174.90595483779907	1847.2	1847.2	0.02714639
175.32969760894775	1848.65	1848.65	0.0271464994
175.75242638587952	1849.98	1849.98	0.0271465657
176.17716550827026	1851.79	1851.79	0.0271466225
176.5999002456665	1853.9	1853.9	0.0271466498
177.0276370048523	1855.24	1855.24	0.0271465537
177.45138549804688	1856.44	1856.44	0.027146701
177.87711381912231	1857.97	1857.97	0.0271467309
178.30085277557373	1859.82	1859.82	0.0271467886
178.72359204292297	1861.55	1861.55	0.0271466598
179.1473240852356	1863.2	1863.2	0.0271467583
179.64103055000305	1864.91	1864.91	0.0271466095
180.06375813484192	1866.33	1866.33	0.0271466569
180.48649835586548	1867.71	1867.71	0.0271466722
180.91023659706116	1869.57	1869.57	0.0271466811
181.33297848701477	1870.57	1870.57	0.0271465749
181.75671696662903	1871.8	1871.8	0.0271465374
182.18144989013672	1873.19	1873.19	0.027146486
182.6051869392395	1874.38	1874.38	0.0271464303
183.03092312812805	1876.25	1876.25	0.0271465172
183.45566320419312	1877.28	1877.28	0.0271464819
183.88339495658875	1878.8	1878.8	0.0271466081
184.30613684654236	1880.12	1880.12	0.0271465439
184.72888112068176	1881.46	1881.46	0.0271463899
185.16360592842102	1882.84	1882.84	0.0271465146
185.58734822273254	1883.97	1883.97	0.0271466565
186.01507592201233	1885.44	1885.44	0.0271466867
186.4398148059845	1886.57	1886.57	0.027146632
186.86455512046814	1887.62	1887.62	0.02714657
187.28728771209717	1888.96	1888.96	0.0271465034
187.71003007888794	1890.39	1890.39	0.0271466285
188.13376760482788	1891.45	1891.45	0.0271466137
188.55650663375854	1892.59	1892.59	0.0271465242
188.983243227005	1893.88	1893.88	0.0271466265
189.4069812297821	1894.77	1894.77	0.0271466558
189.83770990371704	1896.29	1896.29	0.0271465251
190.26145339012146	1897.4	1897.4	0.0271465338
190.68418979644775	1898.55	1898.55	0.0271466347
191.10892629623413	1899.8	1899.8	0.0271466365
191.53166341781616	1900.8	1900.8	0.0271464185
191.9553999900818	1901.9	1901.9	0.0271467433
192.38414764404297	1902.94	1902.94	0.0271466654
192.80887722969055	1903.95	1903.95	0.0271467949
193.23161387443542	1905.21	1905.21	0.0271469037
193.65435242652893	1906.17	1906.17	0.0271469411
194.16303396224976	1907.71	1907.71	0.0271468947
194.5887701511383	1908.65	1908.65	0.0271468804
195.0255036354065	1909.55	1909.55	0.0271470701
195.45126008987427	1910.72	1910.72	0.0271468232
195.8739984035492	1911.99	1911.99	0.0271468971
196.30573344230652	1912.84	1912.84	0.0271469253
196.7544503211975	1913.95	1913.95	0.0271467348
197.178213596344	1914.94	1914.94	0.0271468221
197.60095286369324	1916.09	1916.09	0.0271468799
198.02768754959106	1916.87	1916.87	0.0271469997
198.45142698287964	1917.71	1917.71	0.0271470823
198.87416911125183	1918.68	1918.68	0.0271470232
199.2979063987732	1919.42	1919.42	0.0271469677
199.72164368629456	1920.4	1920.4	0.0271469789
200.14437818527222	1921.37	1921.37	0.0271469416
200.5681164264679	1922.34	1922.34	0.0271470217
201.0078513622284	1923.12	1923.12	0.0271469652
201.44957375526428	1924.08	1924.08	0.0271468844
201.87331295013428	1924.74	1924.74	0.0271468152
202.29605078697205	1925.54	1925.54	0.0271468522
202.71879053115845	1926.76	1926.76	0.0271467746
203.1465368270874	1927.44	1927.44	0.0271466475
203.5702621936798	1928.0	1928.0	0.0271466595
204.0099959373474	1928.98	1928.98	0.0271467352
204.43972086906433	1929.97	1929.97	0.0271467258
204.86246371269226	1930.81	1930.81	0.0271467787
205.3591570854187	1931.66	1931.66	0.0271466393
205.7818911075592	1932.76	1932.76	0.0271465771
206.20462822914124	1933.68	1933.68	0.0271467614
206.62737345695496	1934.39	1934.39	0.0271469121
207.05010795593262	1935.09	1935.09	0.0271468543
207.47386741638184	1935.81	1935.81	0.0271468497
207.8986086845398	1936.54	1936.54	0.0271468617
208.32134437561035	1937.28	1937.28	0.0271468112
208.74508023262024	1938.13	1938.13	0.0271469152
209.1688253879547	1938.89	1938.89	0.0271470678
209.664541721344	1939.83	1939.83	0.0271470367
210.08728122711182	1940.47	1940.47	0.0271470105
210.51101803779602	1941.34	1941.34	0.0271470298
210.93375539779663	1942.15	1942.15	0.0271470692
211.3584930896759	1942.85	1942.85	0.0271470351
211.78123092651367	1943.52	1943.52	0.0271467662
212.20496702194214	1943.94	1943.94	0.027146585
212.6277072429657	1944.68	1944.68	0.0271466421
213.0504448413849	1945.41	1945.41	0.0271467524
213.47418475151062	1945.82	1945.82	0.0271466288
213.8969225883484	1946.74	1946.74	0.0271467226
214.32065892219543	1947.33	1947.33	0.0271467451
214.76937794685364	1948.2	1948.2	0.0271467068
215.19311809539795	1948.69	1948.69	0.0271467475
215.6178584098816	1949.58	1949.58	0.0271470257
216.04359316825867	1950.34	1950.34	0.0271471264
216.46633100509644	1950.76	1950.76	0.0271470357
216.89008450508118	1951.51	1951.51	0.027146964
217.3128044605255	1952.1	1952.1	0.0271468236
217.73657822608948	1952.95	1952.95	0.0271468034
218.15931582450867	1953.34	1953.34	0.0271466237
218.59104347229004	1953.94	1953.94	0.0271466602
219.01878118515015	1954.4	1954.4	0.02714649
219.4555082321167	1955.03	1955.03	0.027146407
219.8782513141632	1955.41	1955.41	0.0271463318
220.3030138015747	1956.23	1956.23	0.0271462215
220.72575116157532	1956.82	1956.82	0.0271462764
221.17348194122314	1957.66	1957.66	0.0271464475
221.59721040725708	1957.99	1957.99	0.0271465597
222.02594876289368	1958.73	1958.73	0.0271465899
222.44968271255493	1959.63	1959.63	0.0271466842
222.8724229335785	1959.83	1959.83	0.0271466534
223.29716634750366	1960.27	1960.27	0.0271468643
223.7199046611786	1960.61	1960.61	0.0271469696
224.1436333656311	1961.46	1961.46	0.0271470371
224.5663764476776	1962.17	1962.17	0.0271470929
224.99013233184814	1962.48	1962.48	0.0271469737
225.41284775733948	1963.07	1963.07	0.0271469513
225.83658957481384	1963.38	1963.38	0.0271469981
226.25933051109314	1964.04	1964.04	0.0271471343
226.68306279182434	1964.36	1964.36	0.0271470534
227.11579942703247	1965.01	1965.01	0.0271469556
227.53953218460083	1965.33	1965.33	0.027146814
227.96227717399597	1966.06	1966.06	0.0271468392
228.38601183891296	1966.76	1966.76	0.0271469396
228.81674814224243	1967.07	1967.07	0.0271470311
229.2394881248474	1967.18	1967.18	0.0271470293
229.66321849822998	1968.04	1968.04	0.0271471385
230.09495639801025	1968.45	1968.45	0.027147159
230.51769638061523	1968.77	1968.77	0.0271471358
230.9404354095459	1969.67	1969.67	0.0271473353
231.3661811351776	1970.04	1970.04	0.0271475157
231.7889153957367	1970.36	1970.36	0.0271474352
232.2166383266449	1970.66	1970.66	0.0271474651
232.64138078689575	1971.26	1971.26	0.0271473574
233.06511759757996	1971.88	1971.88	0.0271473166
233.48785543441772	1971.98	1971.98	0.0271472017
233.9185893535614	1972.27	1972.27	0.0271472937
234.34533429145813	1972.74	1972.74	0.0271472968
234.78205609321594	1973.39	1973.39	0.0271471842
235.27674460411072	1974.05	1974.05	0.0271472291
235.70048642158508	1974.14	1974.14	0.027147213
236.12422561645508	1974.58	1974.58	0.027147151
236.5469605922699	1975.23	1975.23	0.0271471514
236.97072172164917	1975.34	1975.34	0.0271470363
237.39346194267273	1975.61	1975.61	0.0271471446
237.81719708442688	1975.86	1975.86	0.0271472515
238.2399387359619	1976.45	1976.45	0.0271472739
238.66270112991333	1976.83	1976.83	0.0271471554
239.09143733978271	1977.18	1977.18	0.0271470145
239.51717233657837	1977.57	1977.57	0.0271469835
239.93990898132324	1978.0	1978.0	0.0271469457
240.36364936828613	1978.23	1978.23	0.027147059
240.78838729858398	1978.43	1978.43	0.0271470363
241.21811985969543	1978.85	1978.85	0.0271468917
241.64085817337036	1979.16	1979.16	0.0271467625
242.0645968914032	1980.04	1980.04	0.0271468068
242.48833632469177	1980.08	1980.08	0.0271469334
242.91707038879395	1980.33	1980.33	0.0271469943
243.340806722641	1980.74	1980.74	0.0271470054
243.7635419368744	1981.51	1981.51	0.0271469336
244.18728256225586	1981.58	1981.58	0.0271471187
244.68097853660583	1982.1	1982.1	0.0271471324
245.10371255874634	1982.4	1982.4	0.0271471794
245.5264790058136	1982.57	1982.57	0.0271472578
245.9502136707306	1983.08	1983.08	0.0271472791
246.373952627182	1983.51	1983.51	0.0271473764
246.79768872261047	1983.96	1983.96	0.0271473977
247.22143125534058	1984.14	1984.14	0.0271473824
247.6451644897461	1984.5	1984.5	0.0271474222
248.0699028968811	1984.9	1984.9	0.0271474032
248.49363946914673	1985.21	1985.21	0.0271473557
248.92237758636475	1985.08	1985.08	0.0271472808
249.3461480140686	1985.71	1985.71	0.0271472853
249.76887965202332	1986.08	1986.08	0.0271473463
250.19261956214905	1986.39	1986.39	0.0271471998
250.68831610679626	1986.5	1986.5	0.0271471648
251.12604522705078	1986.51	1986.51	0.027147166
251.54878282546997	1986.97	1986.97	0.0271471001
251.97351694107056	1987.39	1987.39	0.0271472878
252.3962709903717	1987.46	1987.46	0.027147338
252.8899531364441	1988.0	1988.0	0.0271473422
253.3136920928955	1988.27	1988.27	0.0271472952
253.73643136024475	1988.58	1988.58	0.0271473108
254.16816186904907	1989.02	1989.02	0.0271473558
254.59089708328247	1989.19	1989.19	0.027147177
255.01363968849182	1989.53	1989.53	0.0271471915
255.44437313079834	1989.77	1989.77	0.0271468584
255.86711144447327	1989.81	1989.81	0.0271468414
256.289856672287	1990.14	1990.14	0.0271468915
256.713586807251	1990.42	1990.42	0.0271468338
257.1373248100281	1990.89	1990.89	0.0271468456
257.5600678920746	1991.38	1991.38	0.0271469199
257.98380041122437	1991.54	1991.54	0.027146901
258.40654134750366	1991.48	1991.48	0.0271469688
258.83927154541016	1991.8	1991.8	0.0271469016
259.26300573349	1992.16	1992.16	0.0271469931
259.6857445240021	1992.16	1992.16	0.0271470587
260.1094958782196	1992.48	1992.48	0.0271471863
260.5322244167328	1992.89	1992.89	0.027147152
260.95596408843994	1993.03	1993.03	0.0271470411
261.3806986808777	1993.52	1993.52	0.0271472092
261.8044366836548	1993.65	1993.65	0.0271472467
262.23316860198975	1993.84	1993.84	0.027147242
262.655907869339	1994.17	1994.17	0.0271472241
263.07865953445435	1994.4	1994.4	0.0271472446
263.5103826522827	1994.64	1994.64	0.0271473979
263.93411588668823	1994.91	1994.91	0.0271473318
264.35685753822327	1995.28	1995.28	0.0271473158
264.78059816360474	1995.33	1995.33	0.0271472743
265.2033348083496	1995.4	1995.4	0.0271470296
265.63406920433044	1995.68	1995.68	0.0271470374
266.05681467056274	1995.71	1995.71	0.0271472396
266.4815425872803	1995.94	1995.94	0.0271473896
266.90628123283386	1996.29	1996.29	0.0271471529
267.3340129852295	1996.68	1996.68	0.0271472243
267.75675344467163	1996.95	1996.95	0.0271472137
268.1874887943268	1997.15	1997.15	0.0271471661
268.61122703552246	1996.94	1996.94	0.0271473008
269.03397583961487	1997.17	1997.17	0.0271472682
269.45769786834717	1997.39	1997.39	0.0271472272
269.8804397583008	1997.63	1997.63	0.0271471771
270.3032076358795	1997.92	1997.92	0.0271470107
270.7988941669464	1998.16	1998.16	0.0271468661
271.22163581848145	1998.36	1998.36	0.0271469073
271.64438366889954	1998.64	1998.64	0.0271470709
272.0671417713165	1998.76	1998.76	0.0271470715
272.4988708496094	1998.84	1998.84	0.0271469452
272.9226107597351	1998.57	1998.57	0.0271471863
273.34937381744385	1998.86	1998.86	0.0271471314
273.77310705184937	1999.08	1999.08	0.027147122
274.19585633277893	1999.49	1999.49	0.0271471445
274.619580745697	1999.54	1999.54	0.0271472156
275.04233717918396	1999.63	1999.63	0.0271470219
275.4660875797272	1999.57	1999.57	0.0271470395
275.8908381462097	1999.68	1999.68	0.0271471031
276.31456089019775	2000.06	2000.06	0.0271470434
276.7382972240448	2000.27	2000.27	0.0271469942
277.16103529930115	2000.23	2000.23	0.0271470938
277.58377838134766	2000.65	2000.65	0.0271470487
278.0075087547302	2000.59	2000.59	0.0271468802
278.520220041275	2000.78	2000.78	0.0271469365
278.9429614543915	2000.99	2000.99	0.0271468526
279.3656988143921	2001.05	2001.05	0.027146756
279.78943371772766	2001.18	2001.18	0.0271467177
280.21217250823975	2001.2	2001.2	0.0271467473
280.7068681716919	2001.56	2001.56	0.0271466731
281.14060163497925	2001.85	2001.85	0.0271466992
281.56334018707275	2001.71	2001.71	0.0271467639
282.0280511379242	2001.82	2001.82	0.0271466835
282.45178866386414	2001.92	2001.92	0.0271466948
282.8745231628418	2002.26	2002.26	0.0271467068
283.29826498031616	2002.4	2002.4	0.0271468897
283.7210068702698	2002.47	2002.47	0.027146856
284.14873909950256	2002.48	2002.48	0.0271468865
284.57147693634033	2002.48	2002.48	0.0271470787
284.99521684646606	2002.67	2002.67	0.0271470447
285.45492672920227	2002.62	2002.62	0.0271470047
285.87767338752747	2002.76	2002.76	0.0271470979
286.3014304637909	2002.58	2002.58	0.027147196
286.7241687774658	2002.81	2002.81	0.027147136
287.15090703964233	2002.75	2002.75	0.0271471287
287.5736508369446	2003.07	2003.07	0.0271470156
287.99638175964355	2003.11	2003.11	0.0271469429
288.45009779930115	2003.36	2003.36	0.0271470571
288.87183809280396	2003.2	2003.2	0.0271470822
289.2975769042969	2003.3	2003.3	0.0271472439
289.7213158607483	2003.52	2003.52	0.0271471816
290.14905190467834	2003.34	2003.34	0.0271472126
290.5727894306183	2003.46	2003.46	0.027147279
290.99652647972107	2003.5	2003.5	0.0271473625
291.4582407474518	2003.62	2003.62	0.0271473147
291.8809792995453	2003.45	2003.45	0.0271473359
292.30373072624207	2003.63	2003.63	0.0271473478
292.7274544239044	2003.83	2003.83	0.0271472729
293.15118956565857	2004.12	2004.12	0.0271474541
293.57492995262146	2003.99	2003.99	0.0271473962
294.0016670227051	2003.98	2003.98	0.0271473689
294.45038890838623	2004.17	2004.17	0.0271471195
294.874125957489	2004.09	2004.09	0.0271472158
295.29786491394043	2004.25	2004.25	0.0271472256
295.72060322761536	2004.55	2004.55	0.0271473298
296.2292847633362	2004.51	2004.51	0.0271472776
296.65402913093567	2004.29	2004.29	0.0271471118
297.0767662525177	2004.33	2004.33	0.0271471546
297.50052547454834	2004.62	2004.62	0.0271472487
297.9232656955719	2004.43	2004.43	0.0271473379
298.4189541339874	2004.65	2004.65	0.0271473363
298.8416950702667	2004.84	2004.84	0.0271472934
299.26443243026733	2004.71	2004.71	0.0271471275
299.68816804885864	2004.79	2004.79	0.0271471026
300.11490392684937	2004.96	2004.96	0.0271472051
300.5506374835968	2004.85	2004.85	0.0271472676
300.9733738899231	2004.8	2004.8	0.0271473749
301.3971107006073	2004.58	2004.58	0.0271472443
301.81987023353577	2005.08	2005.08	0.0271471706
302.2466285228729	2005.21	2005.21	0.02714714
302.67134714126587	2005.03	2005.03	0.027147105
303.09408950805664	2005.15	2005.15	0.0271471636
303.5178234577179	2005.03	2005.03	0.0271471499
303.94155740737915	2005.15	2005.15	0.0271471474
304.3643021583557	2005.22	2005.22	0.0271472522
304.7880389690399	2005.29	2005.29	0.027147235
305.2197675704956	2005.23	2005.23	0.0271473725
305.64250922203064	2005.5	2005.5	0.0271474095
306.06726241111755	2005.62	2005.62	0.0271474279
306.4900276660919	2005.78	2005.78	0.0271474348
306.91476464271545	2005.56	2005.56	0.0271474253
307.3374981880188	2005.36	2005.36	0.0271474409
307.76623821258545	2005.44	2005.44	0.027147274
308.18897342681885	2005.7	2005.7	0.0271472428
308.61171770095825	2005.61	2005.61	0.027147201
309.03844571113586	2005.49	2005.49	0.0271472155
309.46218395233154	2005.71	2005.71	0.0271471753
309.89192271232605	2005.98	2005.98	0.0271472684
310.3146650791168	2005.87	2005.87	0.0271473485
310.7383944988251	2006.11	2006.11	0.0271473633
311.16413497924805	2006.07	2006.07	0.0271473819
311.5878734588623	2005.85	2005.85	0.0271473133
312.0206022262573	2005.89	2005.89	0.027147226
312.4503402709961	2005.78	2005.78	0.0271472098
312.87307715415955	2005.77	2005.77	0.0271472655
313.2958164215088	2006.0	2006.0	0.0271472493
313.7195553779602	2006.16	2006.16	0.0271473302
314.14229249954224	2006.24	2006.24	0.027147401
314.5660297870636	2006.15	2006.15	0.0271473976
314.9917676448822	2006.08	2006.08	0.0271474178
315.44947957992554	2006.34	2006.34	0.0271474087
315.8722240924835	2006.32	2006.32	0.0271474588
316.29496240615845	2006.32	2006.32	0.0271473338
316.717702627182	2006.3	2006.3	0.027147366
317.14243745803833	2006.07	2006.07	0.0271473111
317.56617069244385	2006.28	2006.28	0.0271470919
317.99191069602966	2006.28	2006.28	0.0271470407
318.44762897491455	2006.14	2006.14	0.0271469636
318.8713674545288	2006.35	2006.35	0.0271468879
319.2941062450409	2006.27	2006.27	0.027146895
319.7178440093994	2006.23	2006.23	0.027146964
320.14058017730713	2006.54	2006.54	0.027146868
320.5663182735443	2006.45	2006.45	0.0271468386
320.9890534877777	2006.47	2006.47	0.0271469189
321.41279339790344	2006.61	2006.61	0.0271472318
321.8355474472046	2006.62	2006.62	0.0271473059
322.2592749595642	2006.73	2006.73	0.027147299
322.6840090751648	2006.77	2006.77	0.0271472814
323.13273429870605	2006.49	2006.49	0.0271472375
323.55646896362305	2006.75	2006.75	0.027147266
323.9792060852051	2006.74	2006.74	0.0271471142
324.4039604663849	2006.53	2006.53	0.0271470004
324.82769799232483	2006.61	2006.61	0.0271468651
325.2504332065582	2006.61	2006.61	0.0271467219
325.68716382980347	2006.83	2006.83	0.0271466737
326.1378834247589	2006.94	2006.94	0.027146678
326.6346037387848	2006.62	2006.62	0.0271467951
327.0593523979187	2006.73	2006.73	0.0271468829
327.49008417129517	2006.94	2006.94	0.0271468406
327.9378345012665	2006.92	2006.92	0.0271471916
328.3605787754059	2006.94	2006.94	0.0271472649
328.7843129634857	2006.76	2006.76	0.0271474264
329.20805048942566	2006.61	2006.61	0.0271475664
329.63078713417053	2006.75	2006.75	0.0271475094
330.05652117729187	2006.59	2006.59	0.0271472649
330.4792640209198	2006.71	2006.71	0.0271472934
330.90300273895264	2006.95	2006.95	0.0271472773
331.3267705440521	2007.24	2007.24	0.0271472109
331.75053000450134	2007.28	2007.28	0.0271470569
332.17627000808716	2007.16	2007.16	0.0271469913
332.60000443458557	2007.37	2007.37	0.0271468125
333.03073287010193	2007.29	2007.29	0.0271469821
333.45348024368286	2007.21	2007.21	0.0271470124
333.8772134780884	2007.04	2007.04	0.0271470778
334.2999520301819	2007.17	2007.17	0.0271471875
334.7227141857147	2007.15	2007.15	0.027147397
335.14644861221313	2007.34	2007.34	0.0271473862
335.5691900253296	2007.3	2007.3	0.0271474215
335.99392914772034	2007.24	2007.24	0.0271473779
336.4516432285309	2007.48	2007.48	0.0271475225
336.8763780593872	2007.36	2007.36	0.0271473322
337.29913687705994	2007.28	2007.28	0.0271473603
337.72285556793213	2007.43	2007.43	0.0271473212
338.1455969810486	2007.26	2007.26	0.0271472211
338.64730525016785	2007.3	2007.3	0.0271470515
339.1430022716522	2007.61	2007.61	0.0271469736
339.56574034690857	2007.42	2007.42	0.0271470083
339.9894804954529	2007.48	2007.48	0.027146847
340.41421246528625	2007.36	2007.36	0.0271468615
340.8369560241699	2007.53	2007.53	0.0271470147
341.2606921195984	2007.51	2007.51	0.0271470117
341.6834337711334	2007.71	2007.71	0.0271470171
342.10818791389465	2007.52	2007.52	0.027147098
342.5319221019745	2007.71	2007.71	0.0271471678
342.9556653499603	2007.72	2007.72	0.0271471407
343.3823981285095	2007.6	2007.6	0.0271471732
343.80613350868225	2007.52	2007.52	0.0271470824
344.2288706302643	2007.56	2007.56	0.0271470863
344.653612613678	2007.74	2007.74	0.0271471894
345.0823426246643	2007.68	2007.68	0.027147093
345.5060818195343	2007.79	2007.79	0.0271471603
345.92882227897644	2007.87	2007.87	0.0271470998
346.35258626937866	2007.99	2007.99	0.027147064
346.84827637672424	2007.8	2007.8	0.0271471133
347.2750325202942	2007.81	2007.81	0.0271472611
347.6997513771057	2007.72	2007.72	0.0271472608
348.1324803829193	2007.9	2007.9	0.0271471649
348.5552227497101	2007.65	2007.65	0.0271471794
349.07392477989197	2007.94	2007.94	0.027147034
349.4966666698456	2008.03	2008.03	0.0271470431
349.91940999031067	2008.15	2008.15	0.0271471011
350.343141078949	2007.97	2007.97	0.0271471173
350.7678780555725	2008.17	2008.17	0.027147123
351.1926157474518	2008.42	2008.42	0.0271471678
351.6153619289398	2008.01	2008.01	0.0271472557
352.0391058921814	2007.75	2007.75	0.0271473837
352.46183156967163	2007.83	2007.83	0.0271473798
352.8895654678345	2008.01	2008.01	0.027147531
353.31230211257935	2008.21	2008.21	0.0271475466
353.7490394115448	2008.05	2008.05	0.0271475177
354.17177724838257	2007.97	2007.97	0.0271474141
354.5955114364624	2008.06	2008.06	0.0271472701
355.0192542076111	2007.95	2007.95	0.0271472522
355.4439854621887	2008.13	2008.13	0.0271470926
355.8667242527008	2008.03	2008.03	0.0271470073
356.29048681259155	2007.89	2007.89	0.0271469565
356.71422576904297	2008.21	2008.21	0.0271468523
357.14195942878723	2008.08	2008.08	0.0271467922
357.5656969547272	2008.04	2008.04	0.0271467977
357.9914367198944	2008.06	2008.06	0.0271468849
358.42716789245605	2008.21	2008.21	0.0271466481
358.8499093055725	2008.14	2008.14	0.0269681516
359.27464270591736	2008.04	2008.04	0.0267143281
359.6983778476715	2008.37	2008.37	0.0264569767
360.13010692596436	2009.51	2009.51	0.0261958432
360.5538492202759	2011.58	2011.58	0.0259304236
360.9755873680115	2016.58	2016.58	0.025399117
361.3993217945099	2023.94	2023.94	0.0251371274
361.8230628967285	2034.59	2034.59	0.0248814589
362.2457985877991	2043.38	2043.38	0.0246225411
362.66853880882263	2051.75	2051.75	0.0243577043
363.09327578544617	2059.09	2059.09	0.0238263377
363.51601672172546	2066.8	2066.8	0.0235593406
363.9397521018982	2075.89	2075.89	0.0232974012
364.3644905090332	2083.06	2083.06	0.0230374965
364.79322266578674	2089.93	2089.93	0.0227793713
365.2159605026245	2096.69	2096.69	0.0225193681
365.63971853256226	2104.87	2104.87	0.0219885368
366.0644347667694	2112.05	2112.05	0.0217238499
366.4881782531738	2119.04	2119.04	0.0214647613
366.911913394928	2125.69	2125.69	0.021205717
367.3586347103119	2134.2	2134.2	0.0209429739
367.78237652778625	2141.08	2141.08	0.020418338
368.20412039756775	2148.06	2148.06	0.0201517518
368.6288514137268	2156.82	2156.82	0.019887046
369.0515892505646	2163.9	2163.9	0.0196233092
369.4753246307373	2171.29	2171.29	0.0193626506
369.9120593070984	2178.82	2178.82	0.0191049183
370.33579111099243	2187.35	2187.35	0.0185768153
370.7595317363739	2194.51	2194.51	0.0183102377
371.18327045440674	2201.74	2201.74	0.0180449934
371.60900950431824	2209.31	2209.31	0.0177817118
372.04273748397827	2218.73	2218.73	0.0175229304
372.4754681587219	2226.51	2226.51	0.0170038847
372.9012098312378	2234.13	2234.13	0.0167385026
373.3239424228668	2243.64	2243.64	0.0164755626
373.7466869354248	2251.43	2251.43	0.0162081067
374.1704227924347	2259.23	2259.23	0.0159409073
374.66711688041687	2269.54	2269.54	0.0154221753
375.0898654460907	2277.52	2277.52	0.0151625012
375.5136125087738	2285.67	2285.67	0.0148994003
375.93833017349243	2295.79	2295.79	0.0146353742
376.3610665798187	2303.91	2303.91	0.014367199
376.78580713272095	2312.25	2312.25	0.0138427643
377.209543466568	2320.89	2320.89	0.0135829093
377.6322777271271	2332.0	2332.0	0.0133289122
378.05601501464844	2340.48	2340.48	0.0130656958
378.48075699806213	2349.09	2349.09	0.0127974773
378.9054889678955	2357.78	2357.78	0.0122678374
379.3292315006256	2366.89	2366.89	0.0120080558
379.7539689540863	2378.3	2378.3	0.0117464302
380.177707195282	2387.51	2387.51	0.0114886577
380.60644245147705	2396.58	2396.58	0.0112258821
381.0511829853058	2405.48	2405.48	0.0106957305
381.47489953041077	2417.46	2417.46	0.0104309578
381.97059750556946	2429.19	2429.19	0.0101685662
383.0229461193085	2439.02	2439.02	0.00925689786
384.3051538467407	2466.02	2466.02	0.00831202428
385.6713299751282	2495.97	2495.97	0.0073202324
386.38791060447693	2531.17	2531.17	0.00680146539
386.812646150589	2549.22	2549.22	0.00653725007
387.2403829097748	2562.47	2562.47	0.00627650007
387.663122177124	2572.5	2572.5	0.00601671906
388.089857339859	2582.45	2582.45	0.00575552364
388.514600276947	2592.5	2592.5	0.00548962479
388.93833017349243	2602.34	2602.34	0.00495711706
389.36206793785095	2614.65	2614.65	0.00469212504
389.78480863571167	2624.5	2624.5	0.00443036809
390.2115442752838	2634.14	2634.14	0.00416740947
390.63527941703796	2642.99	2642.99	0.00390524183
391.05801916122437	2654.16	2654.16	0.00363960743
391.48075914382935	2662.17	2662.17	0.00310803023
391.9054956436157	2669.11	2669.11	0.00284434577
392.3292338848114	2676.08	2676.08	0.0025861073
392.7809536457062	2683.09	2683.09	0.00232606314
393.27764797210693	2688.29	2688.29	0.001795627
393.7014100551605	2691.56	2691.56	0.00152645899
394.1241524219513	2693.36	2693.36	0.00125651919
394.5468897819519	2693.46	2693.46	0.000991857628
394.96965646743774	2691.31	2691.31	0.000728204142
395.3924045562744	2687.18	2687.18	0.000469406025
395.81713366508484	2681.46	2681.46	7.79918848e-05
396.2408697605133	2673.11	2673.11	7.57276293e-05
396.6656005382538	2660.41	2660.41	7.57295953e-05
397.08834314346313	2648.69	2648.69	7.57033862e-05
397.5190794467926	2636.59	2636.59	7.35506972e-05
397.9478087425232	2621.85	2621.85	7.34455474e-05
398.37054800987244	2609.78	2609.78	7.34625055e-05
398.7942864894867	2599.15	2599.15	7.15926765e-05
399.2260227203369	2588.2	2588.2	7.15988015e-05
399.6507668495178	2573.53	2573.53	7.16192914e-05
400.07449436187744	2562.25	2562.25	7.00140813e-05
400.4982295036316	2551.4	2551.4	7.00283377e-05
400.921972990036	2540.27	2540.27	6.99755336e-05
401.34570574760437	2527.5	2527.5	6.71265022e-05
401.7684426307678	2516.59	2516.59	6.88302716e-05
402.19118785858154	2506.25	2506.25	6.76694987e-05
402.6179220676422	2495.98	2495.98	6.63650767e-05
403.0406596660614	2486.34	2486.34	7.03325053e-05
403.46440148353577	2473.89	2473.89	6.79505327e-05
403.88913464546204	2464.0	2464.0	6.57920547e-05
404.38282799720764	2452.29	2452.29	6.58664242e-05
404.8095655441284	2442.95	2442.95	6.5988315e-05
405.23230051994324	2433.74	2433.74	6.59901001e-05
405.65704679489136	2422.77	2422.77	6.59792329e-05
406.0807752609253	2413.88	2413.88	6.38748013e-05
406.50451707839966	2404.72	2404.72	6.38964376e-05
406.9282503128052	2396.26	2396.26	6.38530519e-05
407.3519923686981	2385.52	2385.52	6.47277563e-05
407.77472949028015	2377.2	2377.2	6.47138135e-05
408.19846391677856	2369.21	2369.21	6.27983215e-05
408.625205039978	2361.23	2361.23	6.28654543e-05
409.04794120788574	2351.36	2351.36	6.28132533e-05
409.47267746925354	2344.01	2344.01	6.12714905e-05
409.8954200744629	2336.39	2336.39	6.58565569e-05
410.3251531124115	2328.82	2328.82	6.37694821e-05
410.7528874874115	2319.48	2319.48	6.13589253e-05
411.17662262916565	2312.27	2312.27	6.12933725e-05
411.6013581752777	2305.46	2305.46	6.12869439e-05
412.0380883216858	2298.77	2298.77	6.29189244e-05
412.46082854270935	2290.18	2290.18	6.28967197e-05
412.88756823539734	2283.74	2283.74	5.95315288e-05
413.31030559539795	2276.98	2276.98	5.94752149e-05
413.7360408306122	2270.91	2270.91	5.94518989e-05
414.1607987880707	2262.93	2262.93	5.93744882e-05
414.58553409576416	2257.05	2257.05	6.20649715e-05
415.00927352905273	2251.3	2251.3	6.04443049e-05
415.43301129341125	2245.29	2245.29	5.90778889e-05
415.86275362968445	2238.2	2238.2	5.90454201e-05
416.2854790687561	2232.48	2232.48	5.8987092e-05
416.71821784973145	2226.96	2226.96	5.89402824e-05
417.14494824409485	2221.74	2221.74	6.17226473e-05
417.6076624393463	2215.02	2215.02	6.0452601e-05
418.0324194431305	2210.24	2210.24	5.81911225e-05
418.4571659564972	2203.82	2203.82	5.82477258e-05
418.8958957195282	2198.92	2198.92	6.14765984e-05
419.3905882835388	2193.15	2193.15	6.13879364e-05
419.81432700157166	2188.62	2188.62	5.88834364e-05
420.24405813217163	2184.02	2184.02	5.57196582e-05
420.6697988510132	2178.58	2178.58	5.57925924e-05
421.09559082984924	2174.05	2174.05	5.69092489e-05
421.51932740211487	2169.79	2169.79	5.90790618e-05
421.9440686702728	2165.92	2165.92	5.91014956e-05
422.36780524253845	2160.91	2160.91	5.59882543e-05
422.7925374507904	2157.0	2157.0	5.45522459e-05
423.29525423049927	2152.3	2152.3	5.80079051e-05
423.7179927825928	2148.51	2148.51	5.68961021e-05
424.1417303085327	2144.73	2144.73	5.94756346e-05
424.56646513938904	2140.64	2140.64	5.95443598e-05
424.9902048110962	2137.13	2137.13	5.7433916e-05
425.41394448280334	2133.77	2133.77	5.72695457e-05
425.83868050575256	2130.38	2130.38	5.73312148e-05
426.26241660118103	2126.56	2126.56	5.7374599e-05
426.6851589679718	2123.32	2123.32	5.88642558e-05
427.10893082618713	2120.37	2120.37	5.54358547e-05
427.5366621017456	2117.32	2117.32	5.41128597e-05
427.9603979587555	2114.21	2114.21	5.71550565e-05
428.38513565063477	2111.22	2111.22	5.57752533e-05
428.81787061691284	2108.69	2108.69	5.76191722e-05
429.24560260772705	2106.41	2106.41	5.76368298e-05
429.6693437099457	2103.09	2103.09	5.387923e-05
430.0930836200714	2100.65	2100.65	5.67762137e-05
430.5158197879791	2098.3	2098.3	5.67222156e-05
430.9405572414398	2095.91	2095.91	5.6718742e-05
431.3653211593628	2092.91	2092.91	5.66853686e-05
431.7900583744049	2090.76	2090.76	5.51615702e-05
432.21479511260986	2088.44	2088.44	5.50871525e-05
432.63753271102905	2086.46	2086.46	5.64103884e-05
433.061270236969	2084.33	2084.33	5.63593454e-05
433.48700404167175	2082.27	2082.27	5.63698025e-05
433.91374135017395	2080.39	2080.39	5.63866158e-05
434.33747816085815	2078.64	2078.64	5.37128977e-05
434.765212059021	2076.41	2076.41	5.704119e-05
435.18795466423035	2074.21	2074.21	5.44159228e-05
435.6106960773468	2072.98	2072.98	5.44925959e-05
436.03742504119873	2071.08	2071.08	5.74520912e-05
436.46316623687744	2069.76	2069.76	5.59326199e-05
436.887900352478	2067.88	2067.88	5.33802267e-05
437.3116433620453	2065.89	2065.89	5.76907825e-05
437.7393777370453	2064.51	2064.51	5.57859556e-05
438.16514015197754	2062.66	2062.66	5.56943507e-05
438.58888244628906	2061.65	2061.65	5.39999316e-05
439.0116205215454	2060.3	2060.3	5.39789661e-05
439.4473478794098	2059.14	2059.14	5.40553344e-05
439.8710880279541	2057.47	2057.47	5.59915541e-05
440.2948236465454	2056.33	2056.33	5.2997252e-05
440.7185637950897	2055.25	2055.25	5.41324524e-05
441.14729857444763	2053.89	2053.89	5.42310286e-05
441.57203578948975	2052.9	2052.9	5.41800218e-05
441.99477458000183	2051.67	2051.67	5.70975785e-05
442.4195075035095	2050.45	2050.45	5.35514743e-05
442.84325075149536	2049.89	2049.89	5.47101943e-05
443.2679874897003	2048.87	2048.87	5.47917039e-05
443.69372272491455	2047.81	2047.81	5.47054663e-05
444.1294569969177	2046.98	2046.98	5.35509919e-05
444.55219292640686	2046.04	2046.04	5.67041527e-05
444.9759268760681	2044.63	2044.63	5.46607434e-05
445.4006676673889	2044.01	2044.01	5.28062125e-05
445.8264045715332	2043.39	2043.39	5.39428604e-05
446.25014567375183	2042.48	2042.48	5.38767909e-05
446.6798737049103	2041.22	2041.22	5.59581249e-05
447.10361528396606	2040.64	2040.64	5.2559819e-05
447.5263514518738	2039.78	2039.78	5.26590827e-05
447.94909143447876	2039.14	2039.14	5.38468706e-05
448.3718283176422	2038.35	2038.35	5.37843332e-05
448.7955672740936	2038.13	2038.13	5.2540521e-05
449.21830582618713	2037.42	2037.42	5.51686585e-05
449.6430416107178	2036.41	2036.41	5.28533917e-05
450.06578063964844	2035.67	2035.67	5.40480545e-05
450.48951840400696	2035.18	2035.18	5.28669002e-05
450.9122564792633	2034.96	2034.96	5.27838226e-05
451.40794944763184	2034.17	2034.17	5.56930829e-05
451.8326849937439	2033.82	2033.82	5.56785974e-05
452.256422996521	2033.5	2033.5	5.42523714e-05
452.68016028404236	2032.7	2032.7	5.22498487e-05
453.1038966178894	2032.1	2032.1	5.22683627e-05
453.5336389541626	2031.73	2031.73	5.65169838e-05
453.957417011261	2031.27	2031.27	5.51190897e-05
454.381144285202	2030.83	2030.83	5.25092851e-05
454.80488204956055	2030.46	2030.46	5.25896369e-05
455.2296175956726	2030.05	2030.05	5.26084041e-05
455.6523540019989	2029.63	2029.63	5.25791557e-05
456.076092004776	2029.35	2029.35	5.53066415e-05
456.49982953071594	2029.18	2029.18	5.32245148e-05
456.9225723743439	2028.64	2028.64	5.12730015e-05
457.3493070602417	2028.46	2028.46	5.12263729e-05
457.77204728126526	2028.11	2028.11	5.37963267e-05
458.19578409194946	2027.51	2027.51	5.38062531e-05
458.619521856308	2027.29	2027.29	5.56075341e-05
459.0512533187866	2027.1	2027.1	5.44137399e-05
459.4749894142151	2026.82	2026.82	5.4337308e-05
459.89773511886597	2026.67	2026.67	5.29976335e-05
460.322466135025	2026.22	2026.22	5.29343363e-05
460.74822759628296	2025.93	2025.93	5.51227912e-05
461.17196559906006	2025.85	2025.85	5.51436571e-05
461.5967037677765	2025.61	2025.61	5.21913162e-05
462.02543807029724	2025.34	2025.34	5.22604872e-05
462.45617055892944	2025.03	2025.03	5.33526893e-05
462.8809051513672	2024.82	2024.82	5.33252139e-05
463.3036494255066	2024.41	2024.41	5.46269553e-05
463.7273848056793	2024.21	2024.21	5.28520288e-05
464.15312123298645	2024.31	2024.31	5.13770597e-05
464.5758638381958	2023.91	2023.91	5.24289169e-05
465.00259590148926	2023.47	2023.47	5.25056624e-05
465.452317237854	2023.35	2023.35	5.47526519e-05
465.8780505657196	2023.48	2023.48	5.374009e-05
466.30079221725464	2023.18	2023.18	5.27358745e-05
466.7235357761383	2023.05	2023.05	5.27256587e-05
467.150271654129	2022.92	2022.92	5.27572108e-05
467.5730082988739	2022.88	2022.88	5.26956263e-05
467.99774265289307	2022.65	2022.65	5.51066568e-05
468.4534561634064	2022.66	2022.66	5.26607299e-05
468.87819361686707	2022.51	2022.51	5.26446644e-05
469.3029351234436	2022.36	2022.36	5.26123042e-05
469.725688457489	2022.13	2022.13	5.26621531e-05
470.15240573883057	2021.83	2021.83	5.2744121e-05
470.5801422595978	2021.96	2021.96	5.49452417e-05
471.0038833618164	2021.56	2021.56	5.2185398e-05
471.4576005935669	2021.76	2021.76	5.22204706e-05
471.88034176826477	2021.66	2021.66	5.39908248e-05
472.30407428741455	2021.38	2021.38	5.53551271e-05
472.72781443595886	2021.15	2021.15	5.26427449e-05
473.15255641937256	2021.19	2021.19	5.26209382e-05
473.5762906074524	2021.27	2021.27	5.25471961e-05
474.00901913642883	2021.03	2021.03	5.25477871e-05
474.46773958206177	2020.79	2020.79	5.39648571e-05
474.89047861099243	2021.05	2021.05	5.29642981e-05
475.3132200241089	2020.61	2020.61	5.30261961e-05
475.73795318603516	2020.55	2020.55	5.19949397e-05
476.163690328598	2020.59	2020.59	5.19583219e-05
476.5874276161194	2020.85	2020.85	5.40344881e-05
477.0161590576172	2020.79	2020.79	5.29111082e-05
477.45888900756836	2020.59	2020.59	5.2937486e-05
477.8826265335083	2020.33	2020.33	0.000101745206
478.30536460876465	2020.25	2020.25	0.000364368721
478.7291028499603	2020.24	2020.24	0.000627559115
479.1568374633789	2019.87	2019.87	0.00115720981
479.5795724391937	2019.58	2019.58	0.00142222205
480.00531339645386	2018.92	2018.92	0.00169058766
480.45703053474426	2017.36	2017.36	0.00195645105
480.87976837158203	2013.68	2013.68	0.00221909363
481.3105034828186	2009.27	2009.27	0.00248153562
481.733252286911	2004.33	2004.33	0.00300347089
482.1559829711914	1999.08	1999.08	0.0032709395
482.57872438430786	1993.06	1993.06	0.00354071427
483.0024583339691	1986.25	1986.25	0.00380502628
483.45718002319336	1980.77	1980.77	0.00407246142
483.87991738319397	1973.23	1973.23	0.00459608693
484.30365443229675	1967.57	1967.57	0.00485985583
484.7263958454132	1962.13	1962.13	0.005127682
485.22108602523804	1954.11	1954.11	0.00539447126
485.6518359184265	1948.24	1948.24	0.0056631095
486.0765562057495	1942.79	1942.79	0.00618675343
486.4992980957031	1935.2	1935.2	0.00644824277
486.92303466796875	1929.28	1929.28	0.00671022372
487.34677243232727	1923.67	1923.67	0.00697559049
487.76950669288635	1917.9	1917.9	0.00724324394
488.19224739074707	1910.58	1910.58	0.00777399015
488.6149880886078	1905.34	1905.34	0.00803079998
489.5324149131775	1899.98	1899.98	0.00874581318
490.8316161632538	1886.82	1886.82	0.0097034949
492.0868356227875	1872.06	1872.06	0.0106175623
492.53455662727356	1857.52	1857.52	0.0108823403
492.95829463005066	1853.2	1853.2	0.0111530408
493.38203740119934	1848.86	1848.86	0.011417265
493.8047707080841	1843.35	1843.35	0.0116747241
494.2375066280365	1839.31	1839.31	0.0119347268
494.6602427959442	1835.77	1835.77	0.0124613262
495.08397936820984	1832.0	1832.0	0.0127244283
495.5077211856842	1827.68	1827.68	0.012992346
495.93046045303345	1824.35	1824.35	0.0132564228
496.353196144104	1820.94	1820.94	0.0135133638
496.77593779563904	1817.41	1817.41	0.0140336
497.1996741294861	1813.4	1813.4	0.0142964967
497.62341117858887	1810.22	1810.22	0.0145624316
498.0451476573944	1807.14	1807.14	0.0148309978
498.4738857746124	1804.35	1804.35	0.0150943598
498.90561866760254	1801.76	1801.76	0.0153512765
499.32935309410095	1798.26	1798.26	0.0158715763
499.7520911693573	1795.54	1795.54	0.016135842
500.17583322525024	1793.03	1793.03	0.0164026131
500.598571062088	1789.75	1789.75	0.0166684185
501.0292999744415	1787.34	1787.34	0.0169341151
501.4590353965759	1784.7	1784.7	0.0174541649
501.8827757835388	1782.56	1782.56	0.0177130099
502.30651593208313	1779.7	1779.7	0.0179742184
502.7292537689209	1777.65	1777.65	0.0182400815
503.1529920101166	1775.45	1775.45	0.0185068783
503.5867257118225	1773.33	1773.33	0.0190323147
504.025452375412	1770.56	1770.56	0.0192930591
504.45918321609497	1768.59	1768.59	0.0195531563
504.88191771507263	1766.65	1766.65	0.0198147837
505.3046555519104	1764.2	1764.2	0.0200795944
505.7373914718628	1762.42	1762.42	0.0206081421
506.1601309776306	1760.69	1760.69	0.0208681082
506.58387184143066	1758.79	1758.79	0.0211279689
507.0136032104492	1756.74	1756.74	0.021387875
507.4553282260895	1755.25	1755.25	0.0216503944
507.88706135749817	1753.4	1753.4	0.022178204
508.30980372428894	1751.31	1751.31	0.0224438422
508.73453664779663	1749.85	1749.85	0.0227051338
509.1572811603546	1748.32	1748.32	0.0229629819
509.58100962638855	1746.57	1746.57	0.0232248408
510.02173829078674	1744.91	1744.91	0.0234869051
510.4544734954834	1743.38	1743.38	0.0240178354
510.8792099952698	1742.34	1742.34	0.0242860142
511.30194878578186	1740.87	1740.87	0.0245476245
511.7276875972748	1738.98	1738.98	0.0248044657
512.1504201889038	1737.82	1737.82	0.02506627
512.5781605243683	1736.66	1736.66	0.025592636
513.008889913559	1735.31	1735.31	0.025856611
513.4546220302582	1733.9	1733.9	0.0261256193
513.8783569335938	1732.5	1732.5	0.026389742
514.30109333992	1731.37	1731.37	0.0266482875
514.723842382431	1729.99	1729.99	0.0271418696
515.1475675106049	1729.1	1729.1	0.0271419697
515.6582555770874	1728.93	1728.93	0.0271421935
516.0819873809814	1729.66	1729.66	0.0271423347
516.5087282657623	1731.61	1731.61	0.0271428002
516.9314656257629	1734.67	1734.67	0.0271429593
517.3552007675171	1737.21	1737.21	0.0271432174
517.7819390296936	1739.78	1739.78	0.0271434578
518.20667719841	1742.52	1742.52	0.0271437103
518.6314098834991	1746.01	1746.01	0.0271439318
519.0541534423828	1748.57	1748.57	0.0271441888
519.481883764267	1751.08	1751.08	0.0271443126
519.9056224822998	1754.07	1754.07	0.0271444033
520.3283598423004	1757.33	1757.33	0.0271443038
520.7531018257141	1760.06	1760.06	0.0271443212
521.2477922439575	1763.08	1763.08	0.0271443767
521.6705367565155	1765.61	1765.61	0.02714445
522.0942673683167	1768.44	1768.44	0.0271444544
522.5200071334839	1771.38	1771.38	0.0271444517
522.9437434673309	1773.8	1773.8	0.0271445602
523.366480588913	1776.14	1776.14	0.0271447558
523.7902216911316	1778.43	1778.43	0.0271450444
524.2149589061737	1781.48	1781.48	0.0271451926
524.6376934051514	1783.67	1783.67	0.0271452795
525.0634338855743	1786.02	1786.02	0.0271453001
525.4951682090759	1788.29	1788.29	0.0271453074
525.918904542923	1790.92	1790.92	0.0271456335
526.3426425457001	1793.15	1793.15	0.0271455796
526.7653810977936	1794.97	1794.97	0.0271456412
527.1921145915985	1797.26	1797.26	0.0271456463
527.6148569583893	1800.17	1800.17	0.0271455602
528.037591457367	1802.0	1802.0	0.0271454744
528.4623303413391	1804.05	1804.05	0.0271456527
528.8900718688965	1806.11	1806.11	0.0271456474
529.3138043880463	1808.7	1808.7	0.0271455702
529.7365429401398	1810.68	1810.68	0.0271455678
530.1682767868042	1812.51	1812.51	0.0271455841
530.592009305954	1814.42	1814.42	0.0271456517
531.0227448940277	1816.91	1816.91	0.0271456383
531.4574749469757	1818.94	1818.94	0.0271458
531.9521718025208	1821.57	1821.57	0.0271458532
532.3749105930328	1823.09	1823.09	0.0271459704
532.7986481189728	1824.9	1824.9	0.0271460908
533.2213914394379	1826.75	1826.75	0.0271461308
533.6451210975647	1828.42	1828.42	0.027146161
534.067859172821	1830.19	1830.19	0.0271461502
534.4945976734161	1832.13	1832.13	0.0271462137
534.9173340797424	1834.28	1834.28	0.0271462656
535.3420746326447	1836.07	1836.07	0.0271462349
535.764814376831	1838.0	1838.0	0.027146248
536.1955590248108	1839.68	1839.68	0.0271462604
536.6182873249054	1841.31	1841.31	0.0271463308
537.0450186729431	1843.49	1843.49	0.0271463277
537.468757390976	1845.03	1845.03	0.0271462994
537.8954944610596	1846.29	1846.29	0.0271463598
538.3192324638367	1847.7	1847.7	0.0271464272
538.7419700622559	1849.74	1849.74	0.027146426
539.1727120876312	1851.45	1851.45	0.0271465055
539.5954432487488	1853.02	1853.02	0.0271465336
540.0271732807159	1854.65	1854.65	0.0271463759
540.4559061527252	1856.43	1856.43	0.0271463338
540.8796482086182	1857.54	1857.54	0.0271464283
541.3103778362274	1858.97	1858.97	0.0271465233
541.7631015777588	1860.68	1860.68	0.0271464597
542.2587912082672	1862.51	1862.51	0.0271464518
542.6835322380066	1864.04	1864.04	0.0271463479
543.1212573051453	1865.48	1865.48	0.0271463888
543.5439977645874	1867.39	1867.39	0.0271464945
543.966735124588	1868.52	1868.52	0.0271465456
544.4644312858582	1869.97	1869.97	0.0271466159
544.8871650695801	1871.36	1871.36	0.027146674
545.3109073638916	1872.76	1872.76	0.0271466534
545.7336444854736	1874.27	1874.27	0.0271466271
546.160394191742	1875.74	1875.74	0.0271466622
546.5831215381622	1877.1	1877.1	0.0271467338
547.0058543682098	1878.22	1878.22	0.027146784
547.4295952320099	1879.49	1879.49	0.0271470637
547.8533329963684	1881.07	1881.07	0.0271471484
548.2760674953461	1882.23	1882.23	0.0271471208
548.7038052082062	1883.26	1883.26	0.0271472263
549.1405560970306	1884.58	1884.58	0.0271471379
549.572292804718	1886.03	1886.03	0.0271471143
550.0689854621887	1887.32	1887.32	0.0271471614
550.4917452335358	1888.61	1888.61	0.0271471426
550.9164922237396	1889.73	1889.73	0.0271471532
551.3412249088287	1891.34	1891.34	0.0271469201
551.7649617195129	1892.38	1892.38	0.0271467519
552.1886982917786	1893.3	1893.3	0.0271467937
552.6114327907562	1894.6	1894.6	0.0271468099
553.035174369812	1896.11	1896.11	0.0271468529
553.4579129219055	1896.95	1896.95	0.027146758
553.8806533813477	1897.94	1897.94	0.0271468326
554.3104095458984	1899.04	1899.04	0.0271467357
554.733148097992	1899.9	1899.9	0.0271468876
555.1569039821625	1901.21	1901.21	0.0271469734
555.5796422958374	1902.38	1902.38	0.0271469474
556.0073726177216	1903.34	1903.34	0.0271470318
556.4311106204987	1904.56	1904.56	0.0271472207
556.8538579940796	1905.31	1905.31	0.0271471589
557.2785878181458	1906.04	1906.04	0.0271471111
557.707334280014	1907.35	1907.35	0.0271470984
558.1410565376282	1908.43	1908.43	0.0271470254
558.5757873058319	1909.4	1909.4	0.0271469645
559.0714807510376	1910.28	1910.28	0.0271468989
559.4942193031311	1911.44	1911.44	0.02714677
559.9179580211639	1912.36	1912.36	0.0271466898
560.3407015800476	1913.77	1913.77	0.0271466126
560.763435125351	1914.46	1914.46	0.0271469132
561.1861741542816	1915.18	1915.18	0.0271468525
561.6119174957275	1916.24	1916.24	0.0271469784
562.0346653461456	1917.29	1917.29	0.0271470803
562.4583840370178	1918.13	1918.13	0.027147012
562.8851220607758	1919.06	1919.06	0.027147221
563.3108596801758	1919.84	1919.84	0.0271472993
563.7336001396179	1920.84	1920.84	0.0271473515
564.1593329906464	1921.54	1921.54	0.0271472977
564.5840702056885	1922.28	1922.28	0.0271473262
565.0118021965027	1923.06	1923.06	0.0271472598
565.4355432987213	1923.7	1923.7	0.0271471962
565.8582854270935	1924.67	1924.67	0.0271471615
566.2830190658569	1925.71	1925.71	0.0271470917
566.7057540416718	1926.33	1926.33	0.0271470145
567.1434853076935	1927.12	1927.12	0.0271469822
567.5662322044373	1928.09	1928.09	0.0271470345
567.990960597992	1928.97	1928.97	0.0271469211
568.4137001037598	1929.65	1929.65	0.0271471019
568.8374400138855	1930.61	1930.61	0.0271471159
569.2601766586304	1931.32	1931.32	0.027147159
569.6829154491425	1931.88	1931.88	0.027147195
570.192599773407	1932.77	1932.77	0.0271471424
570.6163380146027	1933.55	1933.55	0.0271471362
571.0400795936584	1934.18	1934.18	0.0271469716
571.464813709259	1934.93	1934.93	0.0271467879
571.8875617980957	1935.85	1935.85	0.027146819
572.3812429904938	1936.8	1936.8	0.0271467389
572.8039793968201	1937.29	1937.29	0.027146842
573.2277266979218	1937.97	1937.97	0.0271467544
573.6594531536102	1938.75	1938.75	0.0271466587
574.0821933746338	1939.28	1939.28	0.0271466204
574.504932641983	1939.89	1939.89	0.0271468552
574.9286692142487	1940.51	1940.51	0.0271469941
575.3524043560028	1941.25	1941.25	0.0271468577
575.7751634120941	1941.92	1941.92	0.0271469225
576.1998817920685	1942.58	1942.58	0.0271469486
576.6236364841461	1943.14	1943.14	0.0271470226
577.0473585128784	1943.65	1943.65	0.0271472002
577.4700970649719	1944.48	1944.48	0.0271473127
577.8928406238556	1944.81	1944.81	0.0271473524
578.3365578651428	1945.66	1945.66	0.0271473203
578.7612943649292	1946.62	1946.62	0.0271474796
579.18403673172	1947.41	1947.41	0.0271475106
579.6077728271484	1947.93	1947.93	0.0271475492
580.0315146446228	1948.0	1948.0	0.0271474194
580.4552500247955	1948.51	1948.51	0.0271473588
580.878987789154	1949.21	1949.21	0.0271473824
581.3017301559448	1949.81	1949.81	0.0271472982
581.7254643440247	1950.41	1950.41	0.0271472831
582.1482086181641	1950.8	1950.8	0.0271472339
582.5729386806488	1951.65	1951.65	0.027147104
583.0066735744476	1952.08	1952.08	0.0271469935
583.4294066429138	1952.69	1952.69	0.0271470337
583.8531467914581	1953.19	1953.19	0.0271471521
584.276885509491	1953.7	1953.7	0.0271471349
584.7026224136353	1954.44	1954.44	0.0271470174
585.1343553066254	1954.49	1954.49	0.0271471347
585.557089805603	1955.22	1955.22	0.027147303
585.980829000473	1955.75	1955.75	0.0271474106
586.4035732746124	1956.37	1956.37	0.0271474638
586.8273038864136	1956.9	1956.9	0.0271474271
587.2500419616699	1957.37	1957.37	0.0271474809
587.683779001236	1958.04	1958.04	0.0271474798
588.1085152626038	1958.36	1958.36	0.0271474368
588.5322523117065	1958.54	1958.54	0.0271472901
588.9549894332886	1959.27	1959.27	0.0271472108
589.3807291984558	1959.85	1959.85	0.0271472509
589.8034648895264	1960.14	1960.14	0.027147288
590.2272534370422	1960.67	1960.67	0.0271470846
590.6509885787964	1961.22	1961.22	0.0271470545
591.0737268924713	1961.66	1961.66	0.0271469993
591.4964647293091	1962.1	1962.1	0.0271469111
591.9961588382721	1962.28	1962.28	0.0271470638
592.4188942909241	1962.74	1962.74	0.0271471713
592.8416318893433	1963.48	1963.48	0.0271471454
593.2663731575012	1964.01	1964.01	0.0271470507
593.6901109218597	1964.38	1964.38	0.0271470738
594.1228401660919	1964.48	1964.48	0.027147274
594.5465807914734	1964.87	1964.87	0.0271474388
594.9703190326691	1965.5	1965.5	0.0271474961
595.3930673599243	1966.2	1966.2	0.0271474164
595.8168115615845	1966.39	1966.39	0.0271473661
596.2395322322845	1966.68	1966.68	0.0271471343
596.6672687530518	1967.1	1967.1	0.0271470465
597.090009689331	1967.62	1967.62	0.0271470413
597.5137450695038	1968.12	1968.12	0.027147073
597.9364814758301	1968.38	1968.38	0.0271469994
598.3612253665924	1968.68	1968.68	0.0271470374
598.7849607467651	1968.95	1968.95	0.0271470449
599.2077000141144	1969.27	1969.27	0.0271471571
599.634435415268	1969.74	1969.74	0.0271472715
600.0671622753143	1970.14	1970.14	0.0271471952
600.4908993244171	1970.8	1970.8	0.0271472294
600.9136419296265	1971.22	1971.22	0.027147298
601.3433744907379	1971.38	1971.38	0.027147289
601.7661120891571	1971.8	1971.8	0.0271472414
602.1888523101807	1972.04	1972.04	0.0271473717
602.6115908622742	1972.2	1972.2	0.027147444
603.0393235683441	1972.6	1972.6	0.0271473707
603.462061882019	1973.24	1973.24	0.0271474281
603.884801864624	1973.58	1973.58	0.0271474204
604.3085386753082	1974.0	1974.0	0.0271474132
604.7362766265869	1974.11	1974.11	0.0271472637
605.1590144634247	1974.42	1974.42	0.0271472517
605.5827527046204	1975.0	1975.0	0.0271473485
606.0144832134247	1975.14	1975.14	0.0271471388
606.4582090377808	1975.49	1975.49	0.0271471665
606.8809463977814	1975.64	1975.64	0.0271471162
607.3046844005585	1975.77	1975.77	0.0271472399
607.8063726425171	1976.18	1976.18	0.0271473407
608.303067445755	1976.88	1976.88	0.0271475228
608.7258112430573	1977.03	1977.03	0.0271474824
609.1515414714813	1977.15	1977.15	0.0271473335
609.5742924213409	1977.52	1977.52	0.0271474051
609.9980187416077	1977.8	1977.8	0.0271475614
610.4207556247711	1978.29	1978.29	0.0271476966
610.8444991111755	1978.65	1978.65	0.0271477602
611.2672367095947	1979.09	1979.09	0.0271475852
611.6899743080139	1979.23	1979.23	0.0271475781
612.123706817627	1979.3	1979.3	0.0271473506
612.5474467277527	1979.67	1979.67	0.0271473948
612.9711771011353	1980.06	1980.06	0.0271473996
613.3939225673676	1980.34	1980.34	0.0271473423
613.8186535835266	1980.76	1980.76	0.0271472433
614.2423911094666	1980.89	1980.89	0.0271471611
614.6661283969879	1981.12	1981.12	0.0271471419
615.0888714790344	1981.41	1981.41	0.0271471339
615.5136079788208	1981.55	1981.55	0.0271472455
615.9433507919312	1981.76	1981.76	0.0271472228
616.3660788536072	1982.02	1982.02	0.0271472711
616.7888171672821	1982.34	1982.34	0.0271470262
617.2125532627106	1982.4	1982.4	0.0271471415
617.7222423553467	1982.73	1982.73	0.0271471087
618.1479752063751	1983.08	1983.08	0.0271469023
618.5737111568451	1983.19	1983.19	0.027147009
618.9974524974823	1983.44	1983.44	0.0271469517
619.4201908111572	1983.93	1983.93	0.0271470184
619.8469259738922	1984.29	1984.29	0.0271470291
620.2716660499573	1984.31	1984.31	0.0271469805
620.694403886795	1984.43	1984.43	0.0271472167
621.1181390285492	1984.84	1984.84	0.0271470446
621.5468752384186	1984.95	1984.95	0.0271472341
621.9696123600006	1985.13	1985.13	0.0271472351
622.3933491706848	1985.53	1985.53	0.0271473107
622.816089630127	1985.8	1985.8	0.0271474952
623.3117830753326	1986.13	1986.13	0.0271474572
623.7345314025879	1986.29	1986.29	0.027147587
624.1612577438354	1986.46	1986.46	0.0271474597
624.5860183238983	1986.86	1986.86	0.0271475886
625.0087521076202	1986.85	1986.85	0.0271476848
625.431492805481	1987.13	1987.13	0.0271476156
625.8552482128143	1987.04	1987.04	0.0271475115
626.2779738903046	1987.47	1987.47	0.0271474417
626.7017052173615	1987.64	1987.64	0.0271474523
627.1414365768433	1987.85	1987.85	0.0271474307
627.575168132782	1988.14	1988.14	0.027147547
627.9979312419891	1988.3	1988.3	0.027147406
628.4206664562225	1988.06	1988.06	0.0271474664
628.9173612594604	1988.59	1988.59	0.0271474064
629.3401000499725	1988.67	1988.67	0.0271473775
629.7638375759125	1988.88	1988.88	0.0271473937
630.1865818500519	1988.95	1988.95	0.0271475099
630.6113121509552	1989.27	1989.27	0.0271476753
631.0340502262115	1989.47	1989.47	0.0271475913
631.457790851593	1989.76	1989.76	0.0271476498
631.8805270195007	1990.15	1990.15	0.0271476201
632.3032875061035	1990.03	1990.03	0.0271476281
632.7270286083221	1990.14	1990.14	0.027147701
633.159764289856	1990.43	1990.43	0.0271476484
633.5835244655609	1990.66	1990.66	0.0271475598
634.016256570816	1990.91	1990.91	0.027147324
634.4399971961975	1990.93	1990.93	0.0271473649
634.8637309074402	1991.18	1991.18	0.027147346
635.2864727973938	1991.32	1991.32	0.0271472639
635.7102074623108	1991.4	1991.4	0.0271472712
636.1459350585938	1991.57	1991.57	0.0271474122
636.5686783790588	1991.69	1991.69	0.0271473885
636.9924125671387	1992.21	1992.21	0.0271473608
637.4151501655579	1992.33	1992.33	0.0271475449
637.8388910293579	1992.33	1992.33	0.0271475508
638.26162981987	1992.22	1992.22	0.0271474526
638.6983609199524	1992.56	1992.56	0.0271474305
639.1370878219604	1992.62	1992.62	0.0271473995
639.5598270893097	1992.8	1992.8	0.0271472787
639.9835641384125	1993.19	1993.19	0.0271472497
640.4063055515289	1993.41	1993.41	0.0271472327
640.8290400505066	1993.68	1993.68	0.0271473946
641.258775472641	1993.77	1993.77	0.0271473107
641.6825132369995	1993.77	1993.77	0.0271472922
642.1072480678558	1994.03	1994.03	0.0271473214
642.5299899578094	1994.24	1994.24	0.0271472429
642.9587242603302	1994.25	1994.25	0.0271473686
643.3814585208893	1994.52	1994.52	0.0271475537
643.8051996231079	1994.39	1994.39	0.0271475332
644.2279362678528	1994.32	1994.32	0.0271474769
644.7386240959167	1994.76	1994.76	0.0271475342
645.1703550815582	1994.95	1994.95	0.0271477535
645.5930891036987	1994.92	1994.92	0.0271479091
646.0168316364288	1995.12	1995.12	0.0271480082
646.4395699501038	1995.36	1995.36	0.0271479043
646.8663039207458	1995.49	1995.49	0.0271478898
647.2900409698486	1995.64	1995.64	0.0271479249
647.7137792110443	1995.72	1995.72	0.0271480791
648.1455323696136	1995.95	1995.95	0.0271479033
648.5692665576935	1996.16	1996.16	0.0271479167
648.9920125007629	1996.31	1996.31	0.0271479551
649.4157445430756	1996.24	1996.24	0.0271477897
649.8424987792969	1996.36	1996.36	0.0271477092
650.2672204971313	1996.29	1996.29	0.0271477223
650.6899797916412	1996.5	1996.5	0.0271476917
651.1127166748047	1996.6	1996.6	0.0271475681
651.5384571552277	1996.58	1996.58	0.0271476522
651.9641947746277	1996.99	1996.99	0.0271476603
652.3879327774048	1997.16	1997.16	0.0271475432
652.8106694221497	1997.43	1997.43	0.0271477903
653.2344102859497	1997.65	1997.65	0.0271477331
653.7450909614563	1997.62	1997.62	0.027147761
654.167829990387	1997.44	1997.44	0.0271478367
654.5915641784668	1997.82	1997.82	0.0271478316
655.0143196582794	1997.77	1997.77	0.0271476666
655.4380474090576	1997.89	1997.89	0.027147695
655.931734085083	1998.1	1998.1	0.0271476652
656.3554763793945	1998.09	1998.09	0.0271475645
656.778210401535	1998.2	1998.2	0.0271475514
657.2029514312744	1998.46	1998.46	0.0271475965
657.6266896724701	1998.56	1998.56	0.0271475722
658.0504269599915	1998.55	1998.55	0.0271474037
658.4741652011871	1998.91	1998.91	0.0271473791
658.8969039916992	1998.86	1998.86	0.0271473887
659.3206374645233	1998.73	1998.73	0.027147397
659.7443771362305	1998.83	1998.83	0.0271473655
660.1731128692627	1998.71	1998.71	0.0271473079
660.5958549976349	1999.25	1999.25	0.0271472745
661.0185952186584	1999.71	1999.71	0.0271473649
661.4423277378082	1999.71	1999.71	0.0271474901
661.937023639679	1999.61	1999.61	0.0271475417
662.3607609272003	1999.64	1999.64	0.0271474298
662.7834947109222	1999.55	1999.55	0.0271475824
663.2072372436523	1999.79	1999.79	0.0271474381
663.6319737434387	1999.77	1999.77	0.0271473946
664.0547151565552	2000.07	2000.07	0.0271474962
664.4794526100159	2000.17	2000.17	0.0271474845
664.9021880626678	2000.5	2000.5	0.0271474461
665.3249261379242	2000.36	2000.36	0.0271473528
665.7486646175385	2000.6	2000.6	0.0271473869
666.1764016151428	2000.39	2000.39	0.0271474141
666.5991361141205	2000.53	2000.53	0.0271474
667.0228769779205	2000.6	2000.6	0.0271474449
667.446614742279	2000.59	2000.59	0.0271475506
667.9413077831268	2001.0	2001.0	0.0271475081
668.3650467395782	2000.85	2000.85	0.0271475247
668.7887823581696	2001.09	2001.09	0.0271474223
669.2205159664154	2001.16	2001.16	0.0271474519
669.6442537307739	2001.19	2001.19	0.0271474567
670.0669894218445	2001.45	2001.45	0.027147464
670.4907305240631	2001.42	2001.42	0.0271474488
670.9134731292725	2001.45	2001.45	0.0271474436
671.3372082710266	2001.76	2001.76	0.0271474088
671.7599406242371	2001.75	2001.75	0.0271473887
672.184700012207	2001.92	2001.92	0.0271474063
672.6074388027191	2001.97	2001.97	0.0271475148
673.0311725139618	2001.86	2001.86	0.0271474506
673.4539120197296	2002.05	2002.05	0.0271473392
673.8906433582306	2002.23	2002.23	0.0271473004
674.3143813610077	2001.94	2001.94	0.0271472165
674.7371213436127	2002.23	2002.23	0.0271472892
675.1608593463898	2002.62	2002.62	0.0271473816
675.5836205482483	2002.47	2002.47	0.0271474134
676.0063586235046	2002.39	2002.39	0.0271475421
676.430097579956	2002.34	2002.34	0.0271476529
676.8528413772583	2002.54	2002.54	0.0271477539
677.2835683822632	2002.58	2002.58	0.0271478318
677.7073073387146	2002.63	2002.63	0.0271478348
678.147038936615	2002.9	2002.9	0.0271478843
678.5747721195221	2003.07	2003.07	0.0271477567
678.9985074996948	2002.96	2002.96	0.0271033195
679.4222428798676	2003.24	2003.24	0.0268770371
679.8459937572479	2003.28	2003.28	0.0266193046
680.2707185745239	2003.91	2003.91	0.0263612769
680.6944546699524	2005.03	2005.03	0.0260969614
681.1262066364288	2008.5	2008.5	0.0255647148
681.5489449501038	2014.73	2014.73	0.0252996311
681.9726831912994	2022.96	2022.96	0.0250398838
682.3954222202301	2031.7	2031.7	0.0247800421
682.8181602954865	2042.25	2042.25	0.0245228692
683.2529170513153	2050.54	2050.54	0.0239897288
683.763601064682	2060.44	2060.44	0.0237228589
684.1873381137848	2067.56	2067.56	0.0234591806
684.6110761165619	2074.41	2074.41	0.0231987949
685.0488057136536	2083.33	2083.33	0.022679999
685.4725432395935	2090.19	2090.19	0.0224188416
685.8952848911285	2096.94	2096.94	0.0221530282
686.3190257549286	2105.06	2105.06	0.0218876922
686.7427544593811	2112.28	2112.28	0.0216246109
687.1664950847626	2119.36	2119.36	0.0213618826
687.5902292728424	2126.24	2126.24	0.0208409997
688.0149703025818	2134.54	2134.54	0.0205782127
688.4387083053589	2141.37	2141.37	0.0203122761
688.8614447116852	2148.7	2148.7	0.0200480503
689.2871787548065	2156.18	2156.18	0.0197853831
689.7179207801819	2163.08	2163.08	0.0192645557
690.1526479721069	2171.94	2171.94	0.0190051456
690.5763854980469	2179.21	2179.21	0.0187449329
690.999119758606	2186.72	2186.72	0.0184776542
691.4218623638153	2195.96	2195.96	0.0182115322
691.8445971012115	2203.2	2203.2	0.0179476561
692.2693390846252	2210.82	2210.82	0.0174238771
692.6930758953094	2218.54	2218.54	0.0171660057
693.1178133487701	2227.98	2227.98	0.0169087582
693.5415525436401	2235.55	2235.55	0.0166424043
693.9642896652222	2243.45	2243.45	0.0163706363
694.3900306224823	2251.31	2251.31	0.0158423802
694.8137609958649	2259.48	2259.48	0.0155786439
695.2375037670135	2269.32	2269.32	0.0153192648
695.6602399349213	2277.27	2277.27	0.0150601677
696.155933380127	2287.42	2287.42	0.0147946628
696.5786762237549	2296.14	2296.14	0.0142640839
697.0024092197418	2304.08	2304.08	0.0140010113
697.4261472225189	2314.66	2314.66	0.0137423882
697.8488857746124	2322.83	2322.83	0.0134836141
698.2726242542267	2331.7	2331.7	0.0132230605
698.7073516845703	2340.39	2340.39	0.0126914548
699.1490831375122	2351.41	2351.41	0.0124277118
699.5728192329407	2360.56	2360.56	0.0121624801
699.9965581893921	2369.58	2369.58	0.0119002923
700.4192957878113	2380.7	2380.7	0.0116416581
700.8520274162292	2390.0	2390.0	0.0113824633
701.2747666835785	2399.47	2399.47	0.0108519244
701.6985137462616	2408.36	2408.36	0.0105865605
702.1362292766571	2420.51	2420.51	0.0103237889
702.559966802597	2430.5	2430.5	0.0100644754
703.5843336582184	2439.99	2439.99	0.00912267126
704.3018941879272	2463.64	2463.64	0.00860211233
704.7256309986115	2484.1	2484.1	0.00833669225
705.1533660888672	2494.32	2494.32	0.00807673912
705.5771045684814	2504.58	2504.58	0.00781654936
705.9998443126678	2514.75	2514.75	0.00755917417
706.4225838184357	2524.59	2524.59	0.00729284264
706.8463187217712	2537.35	2537.35	0.00675868701
707.2700526714325	2547.8	2547.8	0.00649601651
707.7007899284363	2558.38	2558.38	0.00623270725
708.1375198364258	2570.72	2570.72	0.00597191281
708.5612578392029	2581.03	2581.03	0.00571301392
708.9919891357422	2590.81	2590.81	0.00544404375
709.4157290458679	2600.87	2600.87	0.00490959378
709.8684492111206	2613.57	2613.57	0.00464338597
710.3651587963104	2625.33	2625.33	0.0043818124
710.7969012260437	2634.58	2634.58	0.00412182283
711.2216506004333	2643.32	2643.32	0.00359465439
711.6703732013702	2653.47	2653.47	0.00332603149
712.0951097011566	2661.4	2661.4	0.0030604931
712.5178525447845	2668.53	2668.53	0.00279773191
712.942587852478	2676.32	2676.32	0.0025371223
713.3663265705109	2681.16	2681.16	0.00201821822
713.7890651226044	2684.67	2684.67	0.00174844409
714.2128052711487	2687.58	2687.58	0.00148595077
714.6375396251678	2689.1	2689.1	0.00121822317
715.0602791309357	2688.27	2688.27	0.000952948441
715.4920105934143	2685.76	2685.76	0.00043644744
715.9157493114471	2681.37	2681.37	0.000165425886
716.3394882678986	2672.66	2672.66	7.46417999e-05
716.7632236480713	2663.85	2663.85	7.47206797e-05
717.1879632472992	2652.85	2652.85	7.6212279e-05
717.6116967201233	2640.88	2640.88	7.38597566e-05
718.0354335308075	2628.79	2628.79	7.75364698e-05
718.460170507431	2614.15	2614.15	7.38798987e-05
718.8839132785797	2602.22	2602.22	7.21312698e-05
719.3126444816589	2590.56	2590.56	7.3519264e-05
719.7353827953339	2579.24	2579.24	7.34413491e-05
720.1761150360107	2565.2	2565.2	7.33789328e-05
720.6738023757935	2551.45	2551.45	7.15588489e-05
721.0975420475006	2540.64	2540.64	6.84562455e-05
721.5212805271149	2530.27	2530.27	7.11605906e-05
721.9440217018127	2516.96	2516.96	7.10699633e-05
722.3687558174133	2506.74	2506.74	7.09041347e-05
722.7955014705658	2496.24	2496.24	6.91973991e-05
723.2262330055237	2486.12	2486.12	6.76743205e-05
723.6769471168518	2473.97	2473.97	6.75984078e-05
724.1016840934753	2464.14	2464.14	6.7626076e-05
724.5274243354797	2454.73	2454.73	6.76479066e-05
724.951155424118	2443.05	2443.05	6.75579789e-05
725.3738939762115	2433.83	2433.83	6.7535123e-05
725.7976386547089	2424.55	2424.55	6.58854147e-05
726.2313675880432	2415.61	2415.61	6.58648255e-05
726.6551055908203	2405.09	2405.09	6.75971203e-05
727.0778427124023	2396.25	2396.25	6.64479366e-05
727.5025787353516	2387.53	2387.53	6.64852175e-05
727.9253175258636	2379.02	2379.02	6.41979344e-05
728.349057674408	2369.18	2369.18	6.42609296e-05
728.7717957496643	2361.38	2361.38	6.42339851e-05
729.2085220813751	2353.42	2353.42	6.42537894e-05
729.6412544250488	2345.94	2345.94	6.4376197e-05
730.0639925003052	2335.98	2335.98	6.33117967e-05
730.4897327423096	2328.89	2328.89	6.22423371e-05
730.9214622974396	2321.56	2321.56	6.22189627e-05
731.3472068309784	2312.89	2312.89	6.22845269e-05
731.7749354839325	2306.56	2306.56	6.42807268e-05
732.1976752281189	2299.41	2299.41	6.42619355e-05
732.6324031352997	2292.64	2292.64	6.25675049e-05
733.0561411380768	2284.67	2284.67	6.03530833e-05
733.4798822402954	2278.14	2278.14	6.24024864e-05
733.9036214351654	2271.53	2271.53	6.36036529e-05
734.3283576965332	2265.49	2265.49	6.24407201e-05
734.75111079216	2257.82	2257.82	6.03822494e-05
735.1788313388824	2251.7	2251.7	6.03092556e-05
735.6015696525574	2245.7	2245.7	6.03854577e-05
736.024307012558	2239.96	2239.96	6.1918715e-05
736.4490427970886	2233.02	2233.02	5.95145728e-05
736.8717968463898	2227.81	2227.81	5.95901346e-05
737.297518491745	2222.38	2222.38	5.96237841e-05
737.7202632427216	2217.08	2217.08	5.96389318e-05
738.1539866924286	2210.87	2210.87	5.95841975e-05
738.5777287483215	2205.75	2205.75	6.10014567e-05
739.0024611949921	2200.81	2200.81	6.08209862e-05
739.4261994361877	2195.86	2195.86	6.07050186e-05
739.8499410152435	2189.96	2189.96	5.79949828e-05
740.2726809978485	2185.33	2185.33	6.02419683e-05
740.7054240703583	2180.97	2180.97	6.19513779e-05
741.1511378288269	2176.94	2176.94	5.71953198e-05
741.5758731365204	2171.59	2171.59	5.88639746e-05
742.0006103515625	2167.13	2167.13	5.88034881e-05
742.4263467788696	2163.15	2163.15	5.73454806e-05
742.8520863056183	2158.1	2158.1	6.00181023e-05
743.2768170833588	2154.27	2154.27	5.99364727e-05
743.7015540599823	2150.84	2150.84	5.70164173e-05
744.1302878856659	2147.15	2147.15	5.70570739e-05
744.5540308952332	2142.68	2142.68	5.70999618e-05
744.980762720108	2138.96	2138.96	5.7168576e-05
745.4045042991638	2135.75	2135.75	5.94096044e-05
745.8422434329987	2132.53	2132.53	5.94846125e-05
746.278960943222	2128.59	2128.59	5.73920704e-05
746.7096955776215	2125.62	2125.62	5.74461404e-05
747.1414330005646	2122.54	2122.54	5.73834709e-05
747.5691654682159	2118.77	2118.77	6.03278166e-05
748.0059082508087	2115.83	2115.83	6.03204233e-05
748.4306275844574	2113.1	2113.1	5.53974783e-05
748.8623616695404	2109.88	2109.88	5.70104104e-05
749.2950923442841	2107.3	2107.3	5.54786496e-05
749.7258322238922	2104.65	2104.65	6.01429216e-05
750.1675567626953	2101.36	2101.36	6.01146504e-05
750.5912919044495	2098.89	2098.89	5.67960242e-05
751.0879883766174	2096.23	2096.23	5.53007482e-05
751.5137248039246	2093.98	2093.98	5.66509821e-05
751.939462184906	2091.62	2091.62	5.65726573e-05
752.3631987571716	2089.19	2089.19	5.78004056e-05
752.7879362106323	2087.07	2087.07	5.67410786e-05
753.2116732597351	2085.05	2085.05	5.66506806e-05
753.6344103813171	2083.13	2083.13	5.66215289e-05
754.05814909935	2080.57	2080.57	5.55254396e-05
754.4808866977692	2078.58	2078.58	5.70230673e-05
754.9036312103271	2077.03	2077.03	5.6940458e-05
755.3283641338348	2075.4	2075.4	5.39546098e-05
755.7541234493256	2073.31	2073.31	5.60151297e-05
756.1768636703491	2071.3	2071.3	5.6072034e-05
756.6006021499634	2069.41	2069.41	5.60121627e-05
757.0343351364136	2067.94	2067.94	5.7475923e-05
757.4570686817169	2066.4	2066.4	5.48095012e-05
757.8818099498749	2065.39	2065.39	5.47821828e-05
758.3055446147919	2063.8	2063.8	5.48174857e-05
758.7312905788422	2062.32	2062.32	5.4864765e-05
759.1640157699585	2060.6	2060.6	5.65423185e-05
759.5907480716705	2059.28	2059.28	5.66204987e-05
760.0134902000427	2058.42	2058.42	5.41306998e-05
760.4442229270935	2057.29	2057.29	5.42247765e-05
760.8689603805542	2055.53	2055.53	5.56712653e-05
761.2947247028351	2054.54	2054.54	5.56379645e-05
761.7264876365662	2053.39	2053.39	5.85711177e-05
762.1512293815613	2052.52	2052.52	5.50057282e-05
762.575962305069	2051.05	2051.05	5.33784435e-05
762.9997177124023	2050.16	2050.16	5.48315658e-05
763.4384503364563	2049.25	2049.25	5.47687998e-05
763.8621900081635	2047.88	2047.88	5.47129448e-05
764.2869231700897	2046.99	2046.99	5.65690769e-05
764.7126641273499	2046.39	2046.39	5.29111962e-05
765.1394197940826	2045.51	2045.51	5.45577786e-05
765.5631346702576	2044.28	2044.28	5.56152965e-05
765.985871553421	2043.62	2043.62	5.56647597e-05
766.4166052341461	2042.8	2042.8	5.58267658e-05
766.8393425941467	2042.1	2042.1	5.46170046e-05
767.263087272644	2041.24	2041.24	5.34517808e-05
767.6868324279785	2040.31	2040.31	5.6174938e-05
768.1335413455963	2039.66	2039.66	5.62008211e-05
768.5652797222137	2039.06	2039.06	5.50945039e-05
768.9890158176422	2038.43	2038.43	5.55947987e-05
769.4127504825592	2037.95	2037.95	5.36989067e-05
769.8364963531494	2037.32	2037.32	5.37563658e-05
770.2602281570435	2036.73	2036.73	5.48776388e-05
770.6859662532806	2036.0	2036.0	5.47973721e-05
771.1166968345642	2035.28	2035.28	5.48045605e-05
771.541433095932	2034.99	2034.99	5.47563643e-05
771.9651741981506	2034.41	2034.41	5.30749856e-05
772.3899118900299	2033.99	2033.99	5.4230681e-05
772.8136472702026	2033.51	2033.51	5.54275047e-05
773.2413866519928	2033.0	2033.0	5.54683556e-05
773.665118932724	2032.41	2032.41	5.66808941e-05
774.0878574848175	2031.76	2031.76	5.40670109e-05
774.51460313797	2031.66	2031.66	5.52315108e-05
774.9393303394318	2031.12	2031.12	5.81441476e-05
775.3640730381012	2030.32	2030.32	5.62895111e-05
775.8008019924164	2029.88	2029.88	5.48933053e-05
776.2235543727875	2029.89	2029.89	5.49540812e-05
776.6482741832733	2029.78	2029.78	5.37213561e-05
777.0710198879242	2029.58	2029.58	5.52186225e-05
777.4967513084412	2028.97	2028.97	5.52343984e-05
777.9194896221161	2028.46	2028.46	5.51987217e-05
778.3432281017303	2028.47	2028.47	5.39024779e-05
778.7669665813446	2028.01	2028.01	5.392145e-05
779.189709186554	2027.72	2027.72	5.3903298e-05
779.6124446392059	2027.52	2027.52	5.38740739e-05
780.046172618866	2027.22	2027.22	5.51223748e-05
780.479905128479	2026.76	2026.76	5.51000724e-05
780.9036407470703	2026.58	2026.58	5.50888406e-05
781.3273792266846	2026.23	2026.23	5.24416585e-05
781.7511215209961	2026.26	2026.26	5.50274394e-05
782.174857378006	2025.97	2025.97	5.71989213e-05
782.5975959300995	2025.58	2025.58	5.57512265e-05
783.0293247699738	2025.18	2025.18	5.44232985e-05
783.4590630531311	2024.88	2024.88	5.27025402e-05
783.9097938537598	2024.69	2024.69	5.69372974e-05
784.4084753990173	2024.53	2024.53	5.6868127e-05
784.8322145938873	2024.45	2024.45	5.40590717e-05
785.2549498081207	2024.39	2024.39	5.39629809e-05
785.6786911487579	2024.3	2024.3	5.39145073e-05
786.1014335155487	2023.91	2023.91	5.38043412e-05
786.5261681079865	2023.83	2023.83	5.37441804e-05
786.9509024620056	2023.77	2023.77	5.51675716e-05
787.3736433982849	2023.72	2023.72	5.37632882e-05
787.7973804473877	2023.78	2023.78	5.38366076e-05
788.2221157550812	2023.5	2023.5	5.37819347e-05
788.648853302002	2023.3	2023.3	5.37999901e-05
789.0715887546539	2022.85	2022.85	5.72326642e-05
789.4953291416168	2022.64	2022.64	5.71908604e-05
789.919065952301	2022.68	2022.68	5.25909491e-05
790.3457980155945	2022.44	2022.44	5.37096163e-05
790.7695360183716	2022.31	2022.31	5.47176832e-05
791.1922752857208	2022.45	2022.45	5.61570371e-05
791.6160140037537	2022.35	2022.35	5.60923293e-05
792.1226990222931	2022.25	2022.25	5.31384578e-05
792.5534331798553	2021.87	2021.87	5.31717947e-05
792.9771738052368	2022.09	2022.09	5.32379619e-05
793.3999087810516	2021.91	2021.91	5.33040446e-05
793.8246469497681	2021.81	2021.81	5.57051078e-05
794.2503905296326	2021.7	2021.7	5.31578038e-05
794.6751229763031	2021.47	2021.47	5.30592291e-05
795.0988578796387	2021.58	2021.58	5.3096776e-05
795.5215954780579	2021.39	2021.39	5.31367472e-05
795.9533476829529	2021.53	2021.53	5.57761549e-05
796.3800685405731	2021.33	2021.33	5.49967666e-05
796.8038039207458	2021.48	2021.48	5.49646841e-05
797.2265470027924	2021.2	2021.2	5.48792192e-05
797.6542813777924	2021.26	2021.26	5.25560825e-05
798.0810143947601	2020.99	2020.99	5.42822671e-05
798.5047550201416	2020.75	2020.75	5.66631318e-05
798.9284913539886	2021.01	2021.01	5.46232378e-05
799.3522250652313	2020.9	2020.9	5.28375919e-05
799.7759673595428	2020.83	2020.83	5.28979336e-05
800.198716878891	2020.97	2020.97	5.47287725e-05
800.6224410533905	2020.64	2020.64	5.47251662e-05
801.119136095047	2020.74	2020.74	5.50644329e-05
801.5418748855591	2020.61	2020.61	5.18027494e-05
801.9676089286804	2020.62	2020.62	5.34429487e-05
802.3903479576111	2020.34	2020.34	5.58867694e-05
802.8130829334259	2020.27	2020.27	5.43013374e-05
803.2438185214996	2020.22	2020.22	5.5415723e-05
803.6675550937653	2020.32	2020.32	5.33059346e-05
804.091295003891	2020.16	2020.16	5.32636966e-05
804.5170297622681	2020.06	2020.06	5.44335271e-05
804.946789264679	2020.59	2020.59	5.43418145e-05
805.3705294132233	2020.38	2020.38	5.42781439e-05
805.793267250061	2020.14	2020.14	5.53886776e-05
806.2160086631775	2020.11	2020.11	5.36732025e-05
806.6397440433502	2020.27	2020.27	5.36432066e-05
807.0634956359863	2019.97	2019.97	5.3705261e-05
807.4872355461121	2020.02	2020.02	5.37041151e-05
807.9099724292755	2019.84	2019.84	5.66490389e-05
808.3327124118805	2020.08	2020.08	5.40320204e-05
808.7724411487579	2019.92	2019.92	5.23971377e-05
809.1991765499115	2019.76	2019.76	5.53711626e-05
