
创建文件成功

---------------------少女祈禱中。。。--------------------
新温度循环
开始检查温度稳定性
稳定检测中(0/3)，变动=0.010149359034460858，绝对误差=0.004886760674862183
，热浴温度表
[1.723125162247702, 1.726289775699383, 1.733763722284651, 1.7410154920425616, 1.7475179849088323, 1.7534027048953005, 1.7592031745635581, 1.7639872816475803, 1.7681572528178777, 1.7719035891898824, 1.7753544249801891, 1.7785506152741015, 1.7812170723347365, 1.7842566741614143, 1.7863279467225324, 1.7881992864756802, 1.7898462728151754, 1.7917723339639213, 1.7930361244451227, 1.7941408063815265, 1.7954085835347104, 1.7963088471500228, 1.7973026930663323, 1.798182066587629, 1.7987611610188958, 1.7990392841758625, 1.799665435963324, 1.8001528019149564, 1.8004314379137007, 1.8006869444988987, 1.800965777466771, 1.801151723247482, 1.8009890181891794, 1.8012679625807126, 1.8014539826784461, 1.8015004948515734, 1.8015004948515734, 1.8015004948515734, 1.801593527778128, 1.8015470098847126, 1.801593527778128, 1.8014539826784461, 1.8012214647036435, 1.8010587446421624, 1.8011052325159487, 1.8008263481301487, 1.8007101766526512, 1.8008728217191823, 1.8007334095202758, 1.8006172523205495, 1.8005475665658512, 1.8007798773972665, 1.8004082143238276, 1.800384991447391, 1.8001528019149564, 1.7999438923046593, 1.800338547834707, 1.7999438923046593, 1.800013522425241, 1.7999438923046593, 1.799897475788215, 1.799804651307585, 1.799897475788215, 1.79985106212261]
输出功率表
[24.3, 21.1, 19.6, 18.3, 17.3, 16.6, 15.3, 14.5, 13.8, 13.3, 12.3, 12.0, 11.4, 11.1, 10.6, 10.4, 9.8, 9.9, 9.3, 9.1, 8.9, 8.5, 8.3, 8.2, 8.1, 7.9, 7.7, 7.4, 7.6, 7.2, 7.4, 7.2, 7.2, 6.8, 7.0, 6.7, 7.1, 6.7, 6.8, 6.8, 6.7, 6.7, 6.9, 6.5, 6.8, 6.7, 6.7, 6.9, 6.6, 6.8, 6.6, 6.5, 6.7, 6.7, 6.9, 6.5, 6.6, 6.6, 6.7, 6.7, 6.6, 6.6, 6.6, 6.9]
稳定检测中(1/3)，变动=5.770030389315985e-05，绝对误差=6.115137584668877e-05
，热浴温度表
[1.7997582433428723, 1.799665435963324, 1.799665435963324, 1.7995262462647172, 1.799456661030297, 1.7995958379087609, 1.7994798553963123, 1.799456661030297, 1.7996886367395601, 1.7995262462647172, 1.799340699880784, 1.7995958379087609, 1.7995958379087609, 1.7994798553963123, 1.799294320404619, 1.799340699880784, 1.7992711317343286, 1.7994102744344789, 1.7993638906867238, 1.7994334673763663, 1.7994798553963123, 1.799549442767173, 1.7994102744344789, 1.7993638906867238, 1.799224756529163, 1.7994102744344789, 1.7993175097867606, 1.7993175097867606, 1.7993175097867606, 1.7994102744344789, 1.7994102744344789, 1.7992479437758542, 1.7992711317343286, 1.7994334673763663, 1.799340699880784, 1.79950305047444, 1.799456661030297, 1.7995262462647172, 1.799387082204611, 1.7993638906867238, 1.799294320404619, 1.799294320404619, 1.7994102744344789, 1.7993175097867606, 1.7993175097867606, 1.7994334673763663, 1.799387082204611, 1.799456661030297, 1.7993638906867238, 1.7993175097867606, 1.799340699880784, 1.7993175097867606, 1.799224756529163, 1.799387082204611, 1.7994102744344789, 1.7993638906867238, 1.79950305047444, 1.799387082204611, 1.7993175097867606, 1.7993638906867238, 1.79950305047444, 1.799549442767173, 1.799549442767173, 1.7995262462647172]
输出功率表
[6.6, 6.7, 6.7, 6.8, 6.8, 6.9, 6.8, 6.4, 6.8, 6.8, 6.6, 6.7, 6.8, 6.8, 6.7, 6.7, 7.0, 6.8, 6.8, 6.7, 6.7, 6.8, 6.8, 6.9, 6.7, 6.9, 6.8, 7.0, 6.9, 6.9, 7.0, 6.9, 6.9, 7.1, 6.8, 6.8, 6.8, 6.9, 6.9, 6.8, 7.0, 6.7, 7.0, 6.9, 7.1, 6.8, 6.8, 6.8, 6.8, 6.9, 7.0, 7.1, 6.9, 7.1, 7.1, 6.9, 6.9, 7.1, 7.0, 7.1, 7.0, 7.0, 7.0, 6.9]
稳定检测中(2/3)，变动=5.432161954577413e-05，绝对误差=5.0705554418617315e-05
，热浴温度表
[1.799572639981842, 1.799387082204611, 1.7993638906867238, 1.7993175097867606, 1.799456661030297, 1.7994798553963123, 1.7995262462647172, 1.7993638906867238, 1.7993175097867606, 1.7992015699942223, 1.799456661030297, 1.7995262462647172, 1.7994102744344789, 1.799572639981842, 1.799549442767173, 1.799387082204611, 1.799340699880784, 1.799456661030297, 1.799549442767173, 1.799549442767173, 1.7994798553963123, 1.7993638906867238, 1.799340699880784, 1.799456661030297, 1.7994334673763663, 1.799387082204611, 1.7993175097867606, 1.799340699880784, 1.7994102744344789, 1.79950305047444, 1.7995958379087609, 1.7995958379087609, 1.7994334673763663, 1.799340699880784, 1.79950305047444, 1.7997582433428723, 1.799572639981842, 1.7994102744344789, 1.7993175097867606, 1.7994102744344789, 1.799572639981842, 1.7996422358994701, 1.7993175097867606, 1.7996190365479585, 1.7994334673763663, 1.799387082204611, 1.7994334673763663, 1.799387082204611, 1.7994798553963123, 1.7991320146595688, 1.7993175097867606, 1.79950305047444, 1.799387082204611, 1.7994334673763663, 1.7994334673763663, 1.7993638906867238, 1.799340699880784, 1.7993638906867238, 1.799387082204611, 1.7994798553963123, 1.7995262462647172, 1.7996190365479585, 1.799572639981842, 1.7994798553963123]
输出功率表
[7.0, 7.1, 7.0, 7.0, 7.1, 7.1, 7.1, 6.8, 7.1, 7.1, 7.0, 6.9, 6.9, 7.0, 7.3, 6.9, 7.1, 6.9, 7.0, 7.0, 7.1, 7.0, 7.0, 6.9, 7.2, 7.1, 7.0, 7.2, 7.1, 7.0, 6.9, 7.0, 7.2, 6.9, 7.0, 6.9, 7.1, 7.0, 7.1, 7.0, 7.0, 7.2, 7.0, 7.1, 7.2, 7.2, 7.2, 7.2, 7.5, 7.3, 7.0, 7.2, 7.1, 7.2, 7.4, 7.2, 7.2, 7.3, 7.2, 7.1, 7.0, 7.1, 7.3, 7.1]
稳定检测中(3/3)，变动=5.3559245376960395e-05，绝对误差=4.998515294080573e-05
，热浴温度表
[1.7994798553963123, 1.7994102744344789, 1.7994798553963123, 1.799456661030297, 1.7992711317343286, 1.7991783841709987, 1.7991320146595688, 1.7995262462647172, 1.7995958379087609, 1.799387082204611, 1.7994798553963123, 1.7996190365479585, 1.799572639981842, 1.7995958379087609, 1.7993638906867238, 1.7995262462647172, 1.7995958379087609, 1.7996422358994701, 1.7994334673763663, 1.7991551990594594, 1.799456661030297, 1.799549442767173, 1.7994334673763663, 1.799572639981842, 1.79950305047444, 1.799456661030297, 1.7992711317343286, 1.799456661030297, 1.799340699880784, 1.799340699880784, 1.7994102744344789, 1.7994102744344789, 1.7994334673763663, 1.7994102744344789, 1.7994102744344789, 1.799340699880784, 1.7995262462647172, 1.7994102744344789, 1.799549442767173, 1.7994334673763663, 1.7994102744344789, 1.7995262462647172, 1.799456661030297, 1.7993638906867238, 1.7994334673763663, 1.799549442767173, 1.7995958379087609, 1.799340699880784, 1.799456661030297, 1.7995262462647172, 1.7994798553963123, 1.7994798553963123, 1.7994102744344789, 1.799456661030297, 1.7994798553963123, 1.7992711317343286, 1.799340699880784, 1.7994102744344789, 1.7994102744344789, 1.79950305047444, 1.7996422358994701, 1.799387082204611, 1.799456661030297, 1.799456661030297]
输出功率表
[7.3, 7.2, 7.2, 7.3, 7.4, 7.3, 7.3, 7.1, 7.1, 7.1, 7.3, 7.2, 7.3, 7.1, 7.2, 7.1, 7.1, 7.3, 7.5, 7.2, 7.2, 7.2, 7.1, 7.1, 7.1, 7.4, 7.1, 7.3, 7.2, 7.3, 7.3, 7.4, 7.2, 7.2, 7.1, 7.3, 7.3, 7.1, 7.4, 7.4, 7.2, 7.3, 7.3, 7.3, 7.3, 7.2, 7.3, 7.4, 7.3, 7.2, 7.2, 7.4, 7.4, 7.4, 7.4, 7.1, 7.3, 7.4, 7.2, 7.1, 7.2, 7.3, 7.5, 7.3]
394.7883849143982	1.8	25222.453999999998	867.60365	25989.553	24896.143500000002
---------------------少女祈禱中。。。--------------------
新温度循环
开始检查温度稳定性
