
创建文件成功

---------------------少女祈禱中。。。--------------------
新温度循环
开始检查温度稳定性
稳定检测中(0/3)，变动=0.003320885314047815，绝对误差=0.002554821091236919
，热浴温度表
[1.7799730462186667, 1.7798600557071436, 1.7799278479604166, 1.78037995380481, 1.7809002143663581, 1.7814434818123095, 1.7821911204514118, 1.7830756590243437, 1.783893086203771, 1.7848023876255594, 1.7856672485431615, 1.7865103108941582, 1.7874227980859396, 1.7882906909323448, 1.7892282292768922, 1.790075307008468, 1.7908774771794334, 1.7915198305641375, 1.7923005698250214, 1.7930131274730026, 1.7935652488852543, 1.7942329364297938, 1.7947168042023725, 1.7952471115310797, 1.7957316313819451, 1.796124090012191, 1.7965167530620927, 1.7969096206929733, 1.797256438625666, 1.797510873149168, 1.7977422517375454, 1.7979737012895936, 1.7982052218382862, 1.7984599764823423, 1.7986221378427842, 1.7987611610188958, 1.7989002097942088, 1.7990161033337333, 1.7990161033337333, 1.7991783841709987, 1.7992479437758542, 1.7993175097867606, 1.7994334673763663, 1.7994334673763663, 1.799549442767173, 1.799549442767173, 1.799549442767173, 1.799549442767173, 1.799572639981842, 1.7995958379087609, 1.7996190365479585, 1.7995958379087609, 1.7996190365479585, 1.799711838228206, 1.799711838228206, 1.799665435963324, 1.799665435963324, 1.7996886367395601, 1.7996886367395601, 1.7996422358994701, 1.799572639981842, 1.7995958379087609, 1.7995958379087609, 1.7996190365479585]
输出功率表
[9.9, 10.5, 10.9, 11.5, 11.9, 12.0, 12.4, 12.5, 12.7, 12.8, 12.8, 12.8, 12.8, 12.9, 12.9, 12.8, 12.8, 12.7, 12.6, 12.7, 12.7, 12.6, 12.5, 12.4, 12.4, 12.3, 12.2, 12.1, 12.1, 12.1, 12.1, 12.0, 11.9, 11.8, 11.9, 11.8, 11.8, 11.8, 11.7, 11.8, 11.7, 11.7, 11.7, 11.6, 11.7, 11.7, 11.7, 11.6, 11.7, 11.6, 11.6, 11.5, 11.6, 11.5, 11.6, 11.6, 11.6, 11.5, 11.6, 11.6, 11.6, 11.6, 11.6, 11.6]
稳定检测中(1/3)，变动=2.191520404039157e-05，绝对误差=6.040662795216192e-06
，热浴温度表
[1.799572639981842, 1.7995958379087609, 1.799572639981842, 1.7996190365479585, 1.7996422358994701, 1.799572639981842, 1.799572639981842, 1.7996422358994701, 1.7996190365479585, 1.7995958379087609, 1.799549442767173, 1.799549442767173, 1.7995262462647172, 1.7995262462647172, 1.7995262462647172, 1.799549442767173, 1.79950305047444, 1.7995262462647172, 1.799549442767173, 1.79950305047444, 1.79950305047444, 1.799549442767173, 1.7995262462647172, 1.7994798553963123, 1.79950305047444, 1.7994798553963123, 1.799549442767173, 1.799572639981842, 1.799549442767173, 1.799456661030297, 1.7995262462647172, 1.7994798553963123, 1.7995262462647172, 1.799456661030297, 1.79950305047444, 1.799456661030297, 1.7994798553963123, 1.7995262462647172, 1.79950305047444, 1.799572639981842, 1.7995262462647172, 1.7994798553963123, 1.7995958379087609, 1.7995958379087609, 1.799549442767173, 1.7995262462647172, 1.7994798553963123, 1.7994798553963123, 1.7995262462647172, 1.799549442767173, 1.799572639981842, 1.79950305047444, 1.799456661030297, 1.7995262462647172, 1.7995262462647172, 1.7994798553963123, 1.79950305047444, 1.7995262462647172, 1.7995262462647172, 1.7995262462647172, 1.7995262462647172, 1.799549442767173, 1.799572639981842, 1.79950305047444]
输出功率表
[11.6, 11.6, 11.5, 11.5, 11.6, 11.6, 11.5, 11.6, 11.6, 11.6, 11.6, 11.6, 11.6, 11.7, 11.6, 11.7, 11.6, 11.6, 11.6, 11.6, 11.6, 11.5, 11.6, 11.6, 11.6, 11.6, 11.6, 11.6, 11.6, 11.6, 11.7, 11.6, 11.6, 11.6, 11.6, 11.7, 11.7, 11.7, 11.6, 11.6, 11.7, 11.7, 11.6, 11.6, 11.7, 11.6, 11.6, 11.6, 11.6, 11.6, 11.6, 11.6, 11.6, 11.6, 11.7, 11.7, 11.6, 11.7, 11.6, 11.6, 11.7, 11.6, 11.6, 11.6]
稳定检测中(2/3)，变动=1.3739488934062135e-05，绝对误差=1.2704376464875093e-05
，热浴温度表
[1.7994798553963123, 1.799456661030297, 1.79950305047444, 1.7995262462647172, 1.79950305047444, 1.7995262462647172, 1.7994798553963123, 1.7995262462647172, 1.7995262462647172, 1.7994798553963123, 1.79950305047444, 1.79950305047444, 1.79950305047444, 1.7995262462647172, 1.7995262462647172, 1.79950305047444, 1.7995262462647172, 1.7995262462647172, 1.7995262462647172, 1.799549442767173, 1.7995262462647172, 1.799549442767173, 1.7995262462647172, 1.7995262462647172, 1.799549442767173, 1.799549442767173, 1.79950305047444, 1.7994798553963123, 1.7995262462647172, 1.799549442767173, 1.79950305047444, 1.799549442767173, 1.7995262462647172, 1.799549442767173, 1.7995262462647172, 1.7994798553963123, 1.7995262462647172, 1.79950305047444, 1.7994798553963123, 1.79950305047444, 1.7995262462647172, 1.799549442767173, 1.79950305047444, 1.799549442767173, 1.799549442767173, 1.799549442767173, 1.7995958379087609, 1.7995262462647172, 1.7995262462647172, 1.7995262462647172, 1.79950305047444, 1.799572639981842, 1.7995262462647172, 1.79950305047444, 1.79950305047444, 1.799572639981842, 1.799549442767173, 1.7995262462647172, 1.79950305047444, 1.79950305047444, 1.7994334673763663, 1.79950305047444, 1.79950305047444, 1.7995262462647172]
输出功率表
[11.7, 11.7, 11.6, 11.6, 11.7, 11.7, 11.6, 11.7, 11.7, 11.7, 11.7, 11.7, 11.7, 11.7, 11.6, 11.6, 11.7, 11.7, 11.7, 11.7, 11.7, 11.7, 11.7, 11.6, 11.7, 11.7, 11.7, 11.7, 11.7, 11.7, 11.7, 11.7, 11.7, 11.7, 11.8, 11.7, 11.7, 11.7, 11.7, 11.7, 11.7, 11.6, 11.6, 11.7, 11.6, 11.6, 11.7, 11.8, 11.7, 11.7, 11.6, 11.6, 11.7, 11.7, 11.7, 11.7, 11.7, 11.7, 11.6, 11.8, 11.7, 11.8, 11.8, 11.7]
稳定检测中(3/3)，变动=1.6580752912430522e-05，绝对误差=1.342477794255564e-05
，热浴温度表
[1.7995262462647172, 1.7995262462647172, 1.7994798553963123, 1.7994798553963123, 1.7994798553963123, 1.799456661030297, 1.7994798553963123, 1.799549442767173, 1.79950305047444, 1.799456661030297, 1.7995262462647172, 1.7995262462647172, 1.79950305047444, 1.799572639981842, 1.799572639981842, 1.799549442767173, 1.799549442767173, 1.79950305047444, 1.79950305047444, 1.799549442767173, 1.79950305047444, 1.79950305047444, 1.79950305047444, 1.79950305047444, 1.7995262462647172, 1.799549442767173, 1.79950305047444, 1.79950305047444, 1.799549442767173, 1.79950305047444, 1.799456661030297, 1.7994798553963123, 1.7995262462647172, 1.799549442767173, 1.7995262462647172, 1.7995262462647172, 1.7995262462647172, 1.799549442767173, 1.7994798553963123, 1.79950305047444, 1.79950305047444, 1.7995262462647172, 1.79950305047444, 1.79950305047444, 1.7995262462647172, 1.799549442767173, 1.799549442767173, 1.79950305047444, 1.7995262462647172, 1.799549442767173, 1.7994798553963123, 1.79950305047444, 1.7994102744344789, 1.7994798553963123, 1.799549442767173, 1.7995262462647172, 1.7995958379087609, 1.79950305047444, 1.799549442767173, 1.799549442767173, 1.799549442767173, 1.799549442767173, 1.799572639981842, 1.799549442767173]
输出功率表
[11.8, 11.7, 11.7, 11.7, 11.7, 11.8, 11.7, 11.7, 11.8, 11.7, 11.7, 11.8, 11.7, 11.8, 11.7, 11.7, 11.7, 11.7, 11.7, 11.8, 11.8, 11.7, 11.7, 11.7, 11.8, 11.7, 11.7, 11.7, 11.7, 11.8, 11.7, 11.7, 11.7, 11.8, 11.7, 11.8, 11.7, 11.8, 11.8, 11.8, 11.7, 11.8, 11.7, 11.7, 11.7, 11.7, 11.8, 11.8, 11.7, 11.8, 11.7, 11.8, 11.8, 11.7, 11.8, 11.7, 11.8, 11.8, 11.8, 11.8, 11.8, 11.8, 11.8, 11.8]
395.1892514228821	1.8	25205.135	867.58015	25979.964	24808.15
---------------------少女祈禱中。。。--------------------
新温度循环
开始检查温度稳定性
稳定检测中(0/3)，变动=0.05475557520910584，绝对误差=0.02746939503978951
，热浴温度表
[1.7996422358994701, 1.8163192870693636, 1.8473390609211293, 1.8756428839242634, 1.9027410730063918, 1.9284830697228177, 1.9528620810180264, 1.9760656952395848, 2.000819700601076, 2.021750781330203, 2.041793518939572, 2.0608678686707957, 2.079155559627008, 2.096793952178789, 2.11353002921936, 2.131544819806366, 2.1469303872851415, 2.161789888034548, 2.1758745246835165, 2.1895109995526325, 2.2026751818892256, 2.2152300869821264, 2.2288298723370996, 2.240452104362933, 2.250256908128842, 2.257596396679494, 2.262810252605525, 2.2664207046172655, 2.2688881182821903, 2.270523166894518, 2.2711619645322023, 2.2712019030054194, 2.2708025903936186, 2.2700044456984223, 2.2691670826356902, 2.268091508499953, 2.266659218818066, 2.2653083956798588, 2.263880114546584, 2.2625330694685046, 2.2611878538429115, 2.2599629250646145, 2.258542328247523, 2.2571237703100135, 2.25586453809472, 2.254685465209819, 2.2536647408644614, 2.2526450723040856, 2.2517439366018714, 2.250961010033367, 2.250178705671162, 2.2493970227876976, 2.248811168033462, 2.2480695861237714, 2.2474845216959873, 2.246860836731257, 2.246549142687691, 2.2461596642025152, 2.2457703401545728, 2.245420080480748, 2.2451088434513875, 2.2449532619461463, 2.2446810536593356, 2.2444866653990627]
输出功率表
[100.0, 100.0, 100.0, 100.0, 100.0, 100.0, 100.0, 100.0, 100.0, 100.0, 100.0, 100.0, 100.0, 100.0, 100.0, 100.0, 100.0, 100.0, 100.0, 100.0, 100.0, 100.0, 97.7, 87.3, 79.2, 73.7, 69.2, 65.4, 62.6, 60.0, 58.4, 56.8, 55.7, 54.6, 54.1, 53.6, 53.1, 52.7, 52.8, 52.8, 52.5, 52.8, 52.4, 52.9, 53.2, 53.0, 53.2, 53.5, 53.4, 53.6, 53.8, 53.9, 54.3, 54.3, 54.7, 54.4, 54.7, 54.7, 55.1, 55.0, 55.0, 55.3, 55.1, 55.5]
稳定检测中(1/3)，变动=9.661044650749664e-05，绝对误差=3.9391838512457246e-05
，热浴温度表
[2.2443311825203995, 2.244098004404846, 2.2439037316484343, 2.2439425831210515, 2.2437483411486023, 2.2435929752694697, 2.243631814431375, 2.243554137646001, 2.2434764670140055, 2.243359972602033, 2.2432434920311337, 2.243359972602033, 2.2431658460054886, 2.2431658460054886, 2.243204668249541, 2.2431658460054886, 2.243282317350352, 2.2431658460054886, 2.2431658460054886, 2.243204668249541, 2.243127025298883, 2.243127025298883, 2.2430882061296344, 2.24301057240286, 2.24297175784515, 2.243049388497655, 2.2431658460054886, 2.2431658460054886, 2.243127025298883, 2.2430882061296344, 2.243049388497655, 2.243049388497655, 2.243049388497655, 2.24301057240286, 2.2430882061296344, 2.2430882061296344, 2.243127025298883, 2.243049388497655, 2.2430882061296344, 2.2431658460054886, 2.2430882061296344, 2.2430882061296344, 2.2430882061296344, 2.243049388497655, 2.243127025298883, 2.2430882061296344, 2.243204668249541, 2.2430882061296344, 2.2430882061296344, 2.243127025298883, 2.243127025298883, 2.24301057240286, 2.243049388497655, 2.243049388497655, 2.24301057240286, 2.2430882061296344, 2.2430882061296344, 2.2430882061296344, 2.2431658460054886, 2.243127025298883, 2.243049388497655, 2.243127025298883, 2.243204668249541, 2.2430882061296344]
输出功率表
[55.5, 55.6, 55.5, 55.4, 55.7, 55.5, 55.7, 55.7, 55.7, 55.7, 55.7, 55.9, 55.8, 55.9, 55.7, 55.7, 56.0, 56.0, 55.9, 56.0, 56.0, 55.8, 56.0, 56.0, 55.9, 55.9, 55.8, 56.0, 55.9, 55.9, 56.0, 55.8, 55.8, 55.9, 55.9, 55.7, 56.2, 55.9, 55.7, 56.0, 55.9, 55.9, 56.0, 55.8, 55.9, 55.8, 55.8, 55.9, 55.9, 55.8, 56.0, 55.9, 55.7, 55.9, 56.0, 55.8, 56.1, 56.0, 55.9, 55.9, 55.7, 56.0, 56.0, 56.1]
稳定检测中(2/3)，变动=1.783633904448165e-05，绝对误差=2.7219757282520956e-06
，热浴温度表
[2.24297175784515, 2.243049388497655, 2.2431658460054886, 2.243204668249541, 2.243127025298883, 2.2430882061296344, 2.2430882061296344, 2.243049388497655, 2.243049388497655, 2.2430882061296344, 2.2430882061296344, 2.24301057240286, 2.24301057240286, 2.2430882061296344, 2.2430882061296344, 2.2431658460054886, 2.2430882061296344, 2.243049388497655, 2.243127025298883, 2.243127025298883, 2.2431658460054886, 2.243127025298883, 2.2430882061296344, 2.243127025298883, 2.243127025298883, 2.243049388497655, 2.243049388497655, 2.243204668249541, 2.243127025298883, 2.2430882061296344, 2.2430882061296344, 2.2430882061296344, 2.2431658460054886, 2.2430882061296344, 2.2431658460054886, 2.2430882061296344, 2.243127025298883, 2.243127025298883, 2.243049388497655, 2.2431658460054886, 2.243127025298883, 2.243127025298883, 2.2430882061296344, 2.243127025298883, 2.2430882061296344, 2.24301057240286, 2.243049388497655, 2.243049388497655, 2.24301057240286, 2.2430882061296344, 2.243127025298883, 2.243127025298883, 2.2431658460054886, 2.243049388497655, 2.243127025298883, 2.243127025298883, 2.243049388497655, 2.2430882061296344, 2.2430882061296344, 2.243127025298883, 2.24301057240286, 2.243049388497655, 2.243127025298883, 2.2431658460054886]
输出功率表
[55.9, 55.7, 55.9, 55.8, 55.9, 55.8, 55.8, 56.0, 56.0, 56.0, 56.0, 56.0, 55.7, 56.1, 55.9, 55.9, 56.0, 55.7, 55.8, 56.0, 55.8, 56.2, 55.8, 55.9, 56.1, 56.0, 55.6, 55.9, 56.1, 56.0, 55.9, 55.9, 56.0, 55.9, 55.9, 56.0, 56.0, 55.9, 55.8, 55.9, 55.7, 55.9, 55.8, 55.9, 55.9, 55.8, 55.9, 56.1, 56.1, 55.8, 56.0, 55.8, 56.2, 55.9, 56.0, 55.9, 55.9, 56.1, 55.9, 55.9, 56.0, 55.9, 56.2, 55.9]
稳定检测中(3/3)，变动=1.9952633276137697e-05，绝对误差=9.684100556852527e-07
，热浴温度表
[2.243127025298883, 2.243204668249541, 2.243204668249541, 2.243127025298883, 2.2430882061296344, 2.2430882061296344, 2.2430882061296344, 2.2430882061296344, 2.243127025298883, 2.243204668249541, 2.2431658460054886, 2.243204668249541, 2.2430882061296344, 2.24301057240286, 2.243049388497655, 2.2431658460054886, 2.243049388497655, 2.2430882061296344, 2.2431658460054886, 2.2431658460054886, 2.2430882061296344, 2.243049388497655, 2.243049388497655, 2.243049388497655, 2.2430882061296344, 2.24301057240286, 2.243049388497655, 2.243127025298883, 2.243049388497655, 2.243049388497655, 2.243127025298883, 2.2430882061296344, 2.243204668249541, 2.243049388497655, 2.2430882061296344, 2.243204668249541, 2.243204668249541, 2.2430882061296344, 2.243049388497655, 2.2431658460054886, 2.2431658460054886, 2.243049388497655, 2.2430882061296344, 2.243049388497655, 2.243049388497655, 2.2430882061296344, 2.2430882061296344, 2.2431658460054886, 2.243049388497655, 2.243049388497655, 2.2430882061296344, 2.2431658460054886, 2.243204668249541, 2.2430882061296344, 2.2430882061296344, 2.243127025298883, 2.2431658460054886, 2.243049388497655, 2.2430882061296344, 2.2431658460054886, 2.2430882061296344, 2.2431658460054886, 2.243127025298883, 2.243049388497655]
输出功率表
[55.9, 55.8, 56.1, 55.8, 55.8, 55.8, 56.1, 55.8, 55.8, 55.8, 55.8, 55.9, 56.1, 56.0, 55.8, 55.8, 56.0, 56.1, 55.9, 56.1, 56.2, 55.9, 56.1, 55.9, 55.9, 56.1, 55.9, 56.1, 56.2, 56.0, 55.7, 55.9, 56.0, 56.1, 55.8, 56.0, 55.8, 55.9, 55.8, 56.0, 56.1, 56.0, 56.1, 56.0, 55.9, 56.0, 55.8, 55.9, 56.0, 55.8, 55.8, 55.8, 56.0, 56.1, 55.9, 55.9, 56.1, 55.9, 55.7, 56.0, 56.1, 56.0, 55.8, 56.0]
789.3475275039673	2.25	22256.813	719.7776000000001	22978.6625	22001.465999999997
---------------------少女祈禱中。。。--------------------
新温度循环
开始检查温度稳定性
稳定检测中(0/3)，变动=0.030419795554194044，绝对误差=0.005867650523142171
，热浴温度表
[2.248498854831853, 2.3787108889247213, 2.5212694772933886, 2.6155891148547163, 2.6768137513601657, 2.718262232668608, 2.7476233376148285, 2.7717538180896604, 2.7876157971396784, 2.7997860390692955, 2.808989911571539, 2.816129608328776, 2.821299846065327, 2.8249962405679465, 2.8279869740054426, 2.8296804315634825, 2.8303975572772417, 2.830788883059874, 2.830723653940919, 2.8300063488985048, 2.829093985636462, 2.8279869740054426, 2.8266858107642636, 2.8253859467164464, 2.823827822187852, 2.822336369593688, 2.8207171648842935, 2.819293933094633, 2.818001439196623, 2.8163231207001505, 2.8150980301941444, 2.8139384860432277, 2.812651320642017, 2.811622509491639, 2.8104018583709944, 2.8096315143091664, 2.808605102837352, 2.8078999178206705, 2.807195117759541, 2.806490702353741, 2.8059146483739736, 2.805210931573314, 2.8046354487744893, 2.804251936233935, 2.8038685377637025, 2.803357517162329, 2.8031659366733837, 2.802846699151601, 2.8027190262902595, 2.8023998994896284, 2.802080851741934, 2.8020170516762835, 2.8017618830191826, 2.801570539705873, 2.801570539705873, 2.8015067649201484, 2.8012516973648554, 2.801442993293408, 2.8011241825366424, 2.80106042985911, 2.800996680339002, 2.800996680339002, 2.8011241825366424, 2.80106042985911]
输出功率表
[100.0, 52.6, 39.5, 32.3, 27.7, 24.4, 21.9, 19.8, 18.3, 17.2, 16.2, 15.4, 14.8, 14.2, 13.8, 13.5, 13.1, 12.9, 12.7, 12.6, 12.5, 12.4, 12.3, 12.3, 12.2, 12.2, 12.2, 12.3, 12.2, 12.2, 12.2, 12.2, 12.3, 12.3, 12.3, 12.4, 12.4, 12.5, 12.5, 12.5, 12.5, 12.5, 12.6, 12.6, 12.6, 12.6, 12.6, 12.6, 12.6, 12.7, 12.7, 12.7, 12.7, 12.7, 12.7, 12.7, 12.7, 12.8, 12.7, 12.7, 12.7, 12.7, 12.6, 12.7]
稳定检测中(1/3)，变动=2.096099072678875e-05，绝对误差=1.6890244191088664e-06
，热浴温度表
[2.8011241825366424, 2.800932933976082, 2.80106042985911, 2.800932933976082, 2.800932933976082, 2.8008691907701366, 2.800932933976082, 2.800932933976082, 2.800932933976082, 2.8011241825366424, 2.800932933976082, 2.8011241825366424, 2.80106042985911, 2.800932933976082, 2.8008691907701366, 2.800805450720942, 2.800805450720942, 2.800805450720942, 2.80106042985911, 2.800932933976082, 2.80106042985911, 2.800932933976082, 2.800996680339002, 2.800932933976082, 2.80106042985911, 2.800932933976082, 2.800996680339002, 2.80106042985911, 2.800932933976082, 2.8008691907701366, 2.8011241825366424, 2.800932933976082, 2.8008691907701366, 2.800805450720942, 2.800996680339002, 2.800932933976082, 2.800932933976082, 2.800996680339002, 2.8008691907701366, 2.800996680339002, 2.800996680339002, 2.800996680339002, 2.800932933976082, 2.800996680339002, 2.800996680339002, 2.80106042985911, 2.80106042985911, 2.800932933976082, 2.800996680339002, 2.8008691907701366, 2.800996680339002, 2.800996680339002, 2.80106042985911, 2.800996680339002, 2.800996680339002, 2.80106042985911, 2.800932933976082, 2.800805450720942, 2.800996680339002, 2.800932933976082, 2.800932933976082, 2.800996680339002, 2.800996680339002, 2.80106042985911]
输出功率表
[12.8, 12.7, 12.7, 12.7, 12.7, 12.7, 12.7, 12.7, 12.7, 12.7, 12.7, 12.7, 12.7, 12.7, 12.8, 12.7, 12.8, 12.7, 12.7, 12.7, 12.8, 12.7, 12.7, 12.7, 12.8, 12.7, 12.7, 12.7, 12.8, 12.7, 12.7, 12.7, 12.8, 12.7, 12.7, 12.7, 12.7, 12.8, 12.8, 12.8, 12.7, 12.7, 12.8, 12.7, 12.7, 12.7, 12.7, 12.7, 12.8, 12.8, 12.8, 12.7, 12.7, 12.8, 12.7, 12.8, 12.8, 12.7, 12.7, 12.7, 12.8, 12.7, 12.7, 12.7]
稳定检测中(2/3)，变动=2.1777639903570004e-05，绝对误差=3.6776432522886176e-07
，热浴温度表
[2.800996680339002, 2.800996680339002, 2.800932933976082, 2.800996680339002, 2.800932933976082, 2.8012516973648554, 2.8008691907701366, 2.800932933976082, 2.800932933976082, 2.8008691907701366, 2.800932933976082, 2.80106042985911, 2.80106042985911, 2.80106042985911, 2.800932933976082, 2.800932933976082, 2.8008691907701366, 2.8008691907701366, 2.80106042985911, 2.800932933976082, 2.800932933976082, 2.800932933976082, 2.8008691907701366, 2.80106042985911, 2.800996680339002, 2.800996680339002, 2.80106042985911, 2.80106042985911, 2.800996680339002, 2.800932933976082, 2.801187938371819, 2.800996680339002, 2.800932933976082, 2.800932933976082, 2.800932933976082, 2.800996680339002, 2.800996680339002, 2.8008691907701366, 2.800932933976082, 2.800932933976082, 2.800932933976082, 2.80106042985911, 2.80106042985911, 2.800996680339002, 2.8008691907701366, 2.800996680339002, 2.8011241825366424, 2.8008691907701366, 2.800932933976082, 2.800932933976082, 2.800932933976082, 2.8011241825366424, 2.8011241825366424, 2.80106042985911, 2.80106042985911, 2.800932933976082, 2.80106042985911, 2.800932933976082, 2.800996680339002, 2.8008691907701366, 2.800805450720942, 2.800932933976082, 2.800932933976082, 2.800932933976082]
输出功率表
[12.7, 12.7, 12.8, 12.8, 12.7, 12.8, 12.7, 12.7, 12.7, 12.8, 12.7, 12.8, 12.8, 12.7, 12.8, 12.8, 12.7, 12.7, 12.8, 12.7, 12.8, 12.7, 12.7, 12.8, 12.7, 12.7, 12.8, 12.7, 12.7, 12.7, 12.8, 12.7, 12.8, 12.7, 12.8, 12.7, 12.7, 12.8, 12.7, 12.7, 12.7, 12.7, 12.7, 12.7, 12.7, 12.7, 12.7, 12.7, 12.7, 12.7, 12.8, 12.7, 12.7, 12.7, 12.7, 12.6, 12.8, 12.7, 12.8, 12.8, 12.7, 12.7, 12.7, 12.8]
稳定检测中(3/3)，变动=2.3127517858411823e-05，绝对误差=3.195848848646472e-06
，热浴温度表
[2.800932933976082, 2.800996680339002, 2.800996680339002, 2.801187938371819, 2.8011241825366424, 2.800932933976082, 2.800805450720942, 2.800932933976082, 2.8008691907701366, 2.800996680339002, 2.800996680339002, 2.800996680339002, 2.80106042985911, 2.800932933976082, 2.800932933976082, 2.8011241825366424, 2.8011241825366424, 2.801187938371819, 2.80106042985911, 2.800932933976082, 2.800996680339002, 2.800805450720942, 2.800996680339002, 2.800805450720942, 2.8008691907701366, 2.80106042985911, 2.8011241825366424, 2.8008691907701366, 2.80106042985911, 2.800996680339002, 2.800805450720942, 2.800996680339002, 2.800996680339002, 2.800996680339002, 2.800996680339002, 2.800996680339002, 2.80106042985911, 2.800932933976082, 2.8011241825366424, 2.800996680339002, 2.8011241825366424, 2.800996680339002, 2.800932933976082, 2.8008691907701366, 2.800932933976082, 2.800932933976082, 2.800996680339002, 2.800996680339002, 2.80106042985911, 2.800996680339002, 2.80106042985911, 2.80106042985911, 2.800996680339002, 2.800996680339002, 2.80106042985911, 2.800932933976082, 2.800996680339002, 2.800996680339002, 2.80106042985911, 2.800932933976082, 2.8008691907701366, 2.8008691907701366, 2.800996680339002, 2.8008691907701366]
输出功率表
[12.7, 12.7, 12.6, 12.7, 12.8, 12.8, 12.7, 12.8, 12.7, 12.8, 12.7, 12.7, 12.7, 12.8, 12.7, 12.7, 12.7, 12.7, 12.7, 12.8, 12.8, 12.7, 12.8, 12.7, 12.7, 12.7, 12.7, 12.7, 12.8, 12.8, 12.7, 12.8, 12.7, 12.7, 12.7, 12.7, 12.7, 12.7, 12.8, 12.7, 12.7, 12.7, 12.8, 12.7, 12.7, 12.7, 12.7, 12.8, 12.7, 12.7, 12.7, 12.8, 12.7, 12.7, 12.7, 12.7, 12.7, 12.6, 12.7, 12.7, 12.7, 12.7, 12.7, 12.8]
1183.2792551517487	2.8125	19931.176999999996	607.7424	20606.267000000003	19770.9225
---------------------少女祈禱中。。。--------------------
新温度循环
开始检查温度稳定性
稳定检测中(0/3)，变动=0.03223735419331106，绝对误差=0.006620479274778505
，热浴温度表
[2.8043158470678304, 2.892622846084592, 3.020517312901771, 3.147312655240633, 3.2541517449170514, 3.3312832293078047, 3.3867364849667703, 3.4317340013164213, 3.4620268165619046, 3.4853645759503475, 3.503900908183565, 3.51809177979598, 3.5293843335307655, 3.538346755399336, 3.5460960964534305, 3.5506151130062977, 3.5537749181458635, 3.5562013439297497, 3.5571517399248833, 3.5573630097651514, 3.5569404958097777, 3.5563069177719306, 3.554723984663748, 3.5529317396216142, 3.551036087360532, 3.548721994652055, 3.5465159722183244, 3.5439982468166042, 3.5414841869268963, 3.5388692643379813, 3.5365714092203557, 3.534172379629373, 3.5319848783136267, 3.5294882797976705, 3.527514375652186, 3.5252316342920498, 3.5233661935461655, 3.5216062503584227, 3.520054859294733, 3.5181950436523035, 3.5168530994482188, 3.515512207352407, 3.514172366217756, 3.5131424336225803, 3.512113121699266, 3.5112901186947263, 3.5104675123210844, 3.509645302312454, 3.5092343458619877, 3.5083100557360827, 3.5077967776268495, 3.5072836540107337, 3.5068732663093964, 3.506770684823024, 3.5064629774091425, 3.506052787276865, 3.5058477292383876, 3.505950255172418, 3.5056426958794886, 3.505540188453599, 3.5053351921063434, 3.505437687196056, 3.505232703183946, 3.505232703183946]
输出功率表
[100.0, 100.0, 100.0, 76.6, 63.7, 55.2, 48.6, 43.9, 40.5, 37.4, 35.1, 33.0, 31.2, 29.9, 28.6, 27.6, 26.6, 26.1, 25.5, 24.9, 24.3, 24.0, 23.8, 23.6, 23.4, 23.1, 23.2, 23.0, 22.9, 23.0, 23.0, 23.0, 23.0, 23.1, 23.3, 23.2, 23.2, 23.4, 23.5, 23.5, 23.6, 23.7, 23.7, 23.7, 23.9, 23.8, 23.9, 23.8, 24.1, 24.1, 24.1, 24.2, 24.1, 24.2, 24.2, 24.3, 24.1, 24.4, 24.2, 24.4, 24.3, 24.3, 24.3, 24.2]
稳定检测中(1/3)，变动=4.4682454954017456e-05，绝对误差=2.265447725126319e-05
，热浴温度表
[3.505232703183946, 3.505232703183946, 3.5051302204283465, 3.5050277438390367, 3.5051302204283465, 3.505232703183946, 3.5050277438390367, 3.5050277438390367, 3.505232703183946, 3.5051302204283465, 3.5051302204283465, 3.505437687196056, 3.5053351921063434, 3.505437687196056, 3.505437687196056, 3.505437687196056, 3.505437687196056, 3.5053351921063434, 3.505540188453599, 3.505437687196056, 3.5053351921063434, 3.5053351921063434, 3.505232703183946, 3.505437687196056, 3.505437687196056, 3.5058477292383876, 3.5056426958794886, 3.505540188453599, 3.5056426958794886, 3.505745209474245, 3.5056426958794886, 3.505540188453599, 3.505745209474245, 3.505540188453599, 3.5053351921063434, 3.5058477292383876, 3.5056426958794886, 3.505540188453599, 3.505745209474245, 3.5058477292383876, 3.505950255172418, 3.505745209474245, 3.5056426958794886, 3.5053351921063434, 3.505437687196056, 3.505540188453599, 3.5056426958794886, 3.505437687196056, 3.505540188453599, 3.5056426958794886, 3.505745209474245, 3.5058477292383876, 3.506155325552246, 3.5056426958794886, 3.5056426958794886, 3.5056426958794886, 3.505745209474245, 3.5056426958794886, 3.505745209474245, 3.505745209474245, 3.5056426958794886, 3.505540188453599, 3.505540188453599, 3.5056426958794886]
输出功率表
[24.3, 24.4, 24.4, 24.2, 24.4, 24.4, 24.4, 24.3, 24.4, 24.4, 24.4, 24.5, 24.3, 24.5, 24.3, 24.4, 24.5, 24.3, 24.5, 24.4, 24.4, 24.4, 24.3, 24.3, 24.3, 24.5, 24.4, 24.4, 24.4, 24.3, 24.5, 24.4, 24.4, 24.5, 24.3, 24.4, 24.3, 24.3, 24.3, 24.3, 24.4, 24.4, 24.5, 24.3, 24.4, 24.4, 24.4, 24.4, 24.4, 24.3, 24.4, 24.3, 24.3, 24.3, 24.4, 24.3, 24.4, 24.4, 24.3, 24.4, 24.5, 24.4, 24.3, 24.4]
稳定检测中(2/3)，变动=2.826198806718711e-05，绝对误差=3.151095451470793e-06
，热浴温度表
[3.5053351921063434, 3.505540188453599, 3.5056426958794886, 3.505745209474245, 3.5056426958794886, 3.505950255172418, 3.5056426958794886, 3.5056426958794886, 3.505232703183946, 3.505540188453599, 3.505540188453599, 3.5056426958794886, 3.5056426958794886, 3.505950255172418, 3.5056426958794886, 3.5056426958794886, 3.505540188453599, 3.505745209474245, 3.5058477292383876, 3.5056426958794886, 3.5058477292383876, 3.505745209474245, 3.5058477292383876, 3.505540188453599, 3.505540188453599, 3.505745209474245, 3.5056426958794886, 3.5056426958794886, 3.505540188453599, 3.5056426958794886, 3.505745209474245, 3.5056426958794886, 3.5056426958794886, 3.505540188453599, 3.505745209474245, 3.505437687196056, 3.5053351921063434, 3.505745209474245, 3.505437687196056, 3.505745209474245, 3.505540188453599, 3.5056426958794886, 3.505745209474245, 3.505437687196056, 3.505437687196056, 3.5056426958794886, 3.505540188453599, 3.505540188453599, 3.505540188453599, 3.5058477292383876, 3.505745209474245, 3.5058477292383876, 3.505745209474245, 3.505437687196056, 3.505950255172418, 3.5058477292383876, 3.5058477292383876, 3.505540188453599, 3.5056426958794886, 3.5056426958794886, 3.5058477292383876, 3.5056426958794886, 3.505745209474245, 3.505745209474245]
输出功率表
[24.3, 24.4, 24.3, 24.3, 24.3, 24.4, 24.4, 24.5, 24.4, 24.4, 24.4, 24.4, 24.2, 24.4, 24.4, 24.4, 24.4, 24.3, 24.3, 24.3, 24.4, 24.5, 24.4, 24.4, 24.4, 24.4, 24.3, 24.4, 24.4, 24.4, 24.4, 24.4, 24.3, 24.4, 24.3, 24.5, 24.5, 24.4, 24.4, 24.4, 24.3, 24.4, 24.4, 24.4, 24.4, 24.4, 24.5, 24.5, 24.4, 24.4, 24.3, 24.4, 24.3, 24.3, 24.4, 24.3, 24.4, 24.4, 24.4, 24.4, 24.3, 24.3, 24.4, 24.4]
稳定检测中(3/3)，变动=2.0849642672117936e-05，绝对误差=1.496173361034371e-07
，热浴温度表
[3.505745209474245, 3.505540188453599, 3.505437687196056, 3.505540188453599, 3.5056426958794886, 3.505745209474245, 3.505540188453599, 3.5056426958794886, 3.5056426958794886, 3.505745209474245, 3.5056426958794886, 3.505745209474245, 3.5056426958794886, 3.5056426958794886, 3.505540188453599, 3.505540188453599, 3.505437687196056, 3.505745209474245, 3.505540188453599, 3.505540188453599, 3.5056426958794886, 3.505745209474245, 3.505745209474245, 3.5056426958794886, 3.505745209474245, 3.5056426958794886, 3.505437687196056, 3.505540188453599, 3.5056426958794886, 3.5058477292383876, 3.5058477292383876, 3.505745209474245, 3.505745209474245, 3.5056426958794886, 3.505745209474245, 3.505540188453599, 3.505540188453599, 3.5058477292383876, 3.505745209474245, 3.5056426958794886, 3.505540188453599, 3.505540188453599, 3.505540188453599, 3.5056426958794886, 3.5056426958794886, 3.505540188453599, 3.5056426958794886, 3.505540188453599, 3.5056426958794886, 3.5058477292383876, 3.505540188453599, 3.505437687196056, 3.505437687196056, 3.5056426958794886, 3.505745209474245, 3.5056426958794886, 3.5058477292383876, 3.5056426958794886, 3.505745209474245, 3.5056426958794886, 3.505540188453599, 3.505437687196056, 3.5056426958794886, 3.505540188453599]
输出功率表
[24.4, 24.5, 24.4, 24.4, 24.4, 24.5, 24.4, 24.3, 24.5, 24.5, 24.4, 24.4, 24.3, 24.4, 24.5, 24.4, 24.4, 24.4, 24.3, 24.3, 24.3, 24.4, 24.4, 24.5, 24.4, 24.5, 24.4, 24.4, 24.4, 24.4, 24.3, 24.4, 24.3, 24.3, 24.4, 24.4, 24.4, 24.4, 24.4, 24.5, 24.3, 24.5, 24.4, 24.4, 24.5, 24.4, 24.4, 24.3, 24.3, 24.5, 24.4, 24.5, 24.4, 24.5, 24.4, 24.3, 24.5, 24.4, 24.4, 24.4, 24.4, 24.4, 24.4, 24.4]
1577.0096983909607	3.515625	18077.669500000004	520.7188500000001	18712.2355	17984.398
---------------------少女祈禱中。。。--------------------
新温度循环
开始检查温度稳定性
稳定检测中(0/3)，变动=0.03977217199269147，绝对误差=0.00902532490733128
，热浴温度表
[3.5058477292383876, 3.5592655966784097, 3.637999720848942, 3.7186328322808646, 3.794763790445035, 3.8660842586818354, 3.9326270315987233, 3.9957465250734376, 4.062848478851352, 4.119267654524125, 4.172738706227681, 4.223863590334958, 4.27257037110579, 4.319271704804054, 4.369847133377044, 4.410691100659021, 4.445188842283015, 4.47219912581518, 4.492792461834802, 4.508993204112662, 4.521388289216379, 4.529916117742599, 4.536418063351076, 4.540018976697941, 4.542079118778756, 4.541907371385232, 4.541048822327829, 4.538646550006551, 4.534876501514057, 4.530599685799165, 4.525648324733029, 4.5201968668108226, 4.514248840480363, 4.508146628112744, 4.50172267782471, 4.494811395563468, 4.488088432105634, 4.48155225076724, 4.475368268189446, 4.469200786893734, 4.46338181644347, 4.456915089572184, 4.451292229426703, 4.4455183401461404, 4.439923311600416, 4.434997854944764, 4.430246649257718, 4.425995339822041, 4.421588894240998, 4.418004751383891, 4.414263722060655, 4.41117794543722, 4.4080963576312495, 4.405180815579445, 4.402915761927775, 4.401137664650699, 4.399360962954116, 4.397263021810764, 4.396134166834428, 4.394844736784663, 4.393556042106125, 4.3925900033416285, 4.391946207005301, 4.391463480193454]
输出功率表
[100.0, 100.0, 100.0, 100.0, 100.0, 100.0, 100.0, 100.0, 100.0, 100.0, 100.0, 100.0, 100.0, 100.0, 91.7, 82.6, 75.6, 70.2, 64.7, 60.6, 57.0, 53.7, 50.6, 48.5, 46.4, 44.6, 43.2, 41.7, 40.4, 39.6, 39.0, 38.3, 37.9, 37.5, 37.2, 37.1, 37.0, 36.9, 37.0, 37.0, 37.2, 37.4, 37.6, 37.8, 38.0, 38.4, 38.7, 39.2, 39.3, 39.5, 40.0, 40.2, 40.6, 40.8, 40.9, 41.2, 41.6, 41.8, 41.8, 42.3, 42.3, 42.5, 42.6, 42.8]
稳定检测中(0/3)，变动=0.0002759676946942595，绝对误差=0.0002268027846060069
，热浴温度表
[4.391141719654799, 4.391141719654799, 4.390659164828443, 4.390176713153389, 4.390015918845697, 4.390015918845697, 4.390015918845697, 4.390659164828443, 4.3904983361436445, 4.390176713153389, 4.3904983361436445, 4.390980856582901, 4.391141719654799, 4.391463480193454, 4.391624377662439, 4.391785286599349, 4.392107138881383, 4.392750981109409, 4.392911970352894, 4.392911970352894, 4.392911970352894, 4.3933950069487, 4.393556042106125, 4.393717088744819, 4.394200297559634, 4.394039216470462, 4.394039216470462, 4.394522494196252, 4.394522494196252, 4.394683609745931, 4.394683609745931, 4.39500587531358, 4.39500587531358, 4.395167025333777, 4.39500587531358, 4.395328186846379, 4.39500587531358, 4.3954893598524905, 4.395328186846379, 4.395167025333777, 4.395328186846379, 4.395167025333777, 4.3954893598524905, 4.395650544353243, 4.395811740349736, 4.395811740349736, 4.395328186846379, 4.395328186846379, 4.395650544353243, 4.395811740349736, 4.395811740349736, 4.3954893598524905, 4.395650544353243, 4.395972947843094, 4.3954893598524905, 4.3954893598524905, 4.395328186846379, 4.395972947843094, 4.395650544353243, 4.3954893598524905, 4.395328186846379, 4.395650544353243, 4.395811740349736, 4.3954893598524905]
输出功率表
[42.8, 43.3, 43.3, 43.2, 43.3, 43.3, 43.4, 43.5, 43.7, 43.6, 43.4, 43.4, 43.5, 43.5, 43.7, 43.8, 43.7, 43.6, 43.7, 43.7, 43.7, 43.4, 43.7, 43.6, 43.7, 43.7, 43.7, 43.6, 43.5, 43.6, 43.4, 43.5, 43.5, 43.6, 43.6, 43.4, 43.4, 43.6, 43.5, 43.4, 43.4, 43.3, 43.4, 43.5, 43.4, 43.6, 43.4, 43.5, 43.2, 43.4, 43.3, 43.5, 43.4, 43.5, 43.4, 43.6, 43.5, 43.4, 43.6, 43.6, 43.5, 43.4, 43.7, 43.1]
稳定检测中(1/3)，变动=3.1427507697133645e-05，绝对误差=2.5704525506366954e-06
，热浴温度表
[4.395972947843094, 4.395972947843094, 4.395972947843094, 4.395811740349736, 4.395811740349736, 4.395328186846379, 4.395650544353243, 4.3954893598524905, 4.395650544353243, 4.395328186846379, 4.395650544353243, 4.3954893598524905, 4.3954893598524905, 4.395650544353243, 4.3954893598524905, 4.395811740349736, 4.3954893598524905, 4.3954893598524905, 4.395650544353243, 4.3954893598524905, 4.395328186846379, 4.3954893598524905, 4.395328186846379, 4.395167025333777, 4.3954893598524905, 4.3954893598524905, 4.395650544353243, 4.3954893598524905, 4.3954893598524905, 4.3954893598524905, 4.3954893598524905, 4.3954893598524905, 4.395650544353243, 4.395328186846379, 4.395328186846379, 4.395650544353243, 4.395167025333777, 4.395328186846379, 4.395167025333777, 4.3954893598524905, 4.395650544353243, 4.395650544353243, 4.395811740349736, 4.395811740349736, 4.395650544353243, 4.395328186846379, 4.395811740349736, 4.395811740349736, 4.395650544353243, 4.39500587531358, 4.3954893598524905, 4.3954893598524905, 4.395167025333777, 4.39500587531358, 4.3954893598524905, 4.395328186846379, 4.3954893598524905, 4.395972947843094, 4.395650544353243, 4.395811740349736, 4.395811740349736, 4.395650544353243, 4.395328186846379, 4.395167025333777]
输出功率表
[43.4, 43.4, 43.4, 43.2, 43.6, 43.4, 43.4, 43.4, 43.5, 43.4, 43.6, 43.5, 43.3, 43.4, 43.2, 43.5, 43.4, 43.6, 43.4, 43.6, 43.6, 43.5, 43.6, 43.3, 43.4, 43.5, 43.3, 43.4, 43.4, 43.5, 43.5, 43.2, 43.4, 43.4, 43.3, 43.6, 43.3, 43.7, 43.2, 43.4, 43.5, 43.6, 43.4, 43.4, 43.5, 43.3, 43.4, 43.4, 43.5, 43.4, 43.5, 43.6, 43.6, 43.5, 43.8, 43.4, 43.3, 43.5, 43.4, 43.4, 43.4, 43.5, 43.5, 43.5]
稳定检测中(2/3)，变动=2.744905818183624e-05，绝对误差=8.406392991037353e-07
，热浴温度表
[4.395328186846379, 4.395811740349736, 4.395650544353243, 4.3954893598524905, 4.395650544353243, 4.395650544353243, 4.3954893598524905, 4.395328186846379, 4.395972947843094, 4.395811740349736, 4.395650544353243, 4.3954893598524905, 4.395328186846379, 4.3954893598524905, 4.3954893598524905, 4.395328186846379, 4.3954893598524905, 4.395650544353243, 4.395650544353243, 4.3954893598524905, 4.3954893598524905, 4.39500587531358, 4.394844736784663, 4.395328186846379, 4.395650544353243, 4.3954893598524905, 4.395328186846379, 4.395328186846379, 4.395650544353243, 4.395811740349736, 4.395650544353243, 4.3954893598524905, 4.395650544353243, 4.395650544353243, 4.3954893598524905, 4.3954893598524905, 4.3954893598524905, 4.395811740349736, 4.395650544353243, 4.395328186846379, 4.3954893598524905, 4.395328186846379, 4.395328186846379, 4.395811740349736, 4.395811740349736, 4.395650544353243, 4.3954893598524905, 4.395328186846379, 4.395167025333777, 4.3954893598524905, 4.3954893598524905, 4.3954893598524905, 4.3954893598524905, 4.395650544353243, 4.395811740349736, 4.3954893598524905, 4.3954893598524905, 4.395650544353243, 4.3954893598524905, 4.395811740349736, 4.395167025333777, 4.3954893598524905, 4.395650544353243, 4.3954893598524905]
输出功率表
[43.4, 43.5, 43.6, 43.5, 43.3, 43.5, 43.6, 43.3, 43.6, 43.4, 43.4, 43.5, 43.2, 43.5, 43.5, 43.7, 43.6, 43.4, 43.5, 43.5, 43.3, 43.5, 43.5, 43.5, 43.4, 43.5, 43.6, 43.4, 43.4, 43.3, 43.4, 43.4, 43.5, 43.4, 43.4, 43.5, 43.4, 43.4, 43.5, 43.5, 43.5, 43.5, 43.4, 43.5, 43.4, 43.7, 43.5, 43.5, 43.5, 43.6, 43.6, 43.5, 43.4, 43.5, 43.5, 43.4, 43.4, 43.4, 43.4, 43.7, 43.3, 43.6, 43.5, 43.4]
稳定检测中(3/3)，变动=3.084889098206171e-05，绝对误差=1.2351366028113333e-06
，热浴温度表
[4.395650544353243, 4.395167025333777, 4.395328186846379, 4.3954893598524905, 4.395650544353243, 4.395650544353243, 4.395328186846379, 4.395650544353243, 4.395650544353243, 4.395167025333777, 4.395328186846379, 4.395650544353243, 4.395972947843094, 4.3954893598524905, 4.395811740349736, 4.395811740349736, 4.395650544353243, 4.395328186846379, 4.395328186846379, 4.395650544353243, 4.3954893598524905, 4.395167025333777, 4.395167025333777, 4.395328186846379, 4.3954893598524905, 4.395650544353243, 4.395650544353243, 4.395650544353243, 4.3954893598524905, 4.395328186846379, 4.395328186846379, 4.395811740349736, 4.395811740349736, 4.395972947843094, 4.395328186846379, 4.395167025333777, 4.395328186846379, 4.395167025333777, 4.3954893598524905, 4.395650544353243, 4.3954893598524905, 4.395972947843094, 4.395650544353243, 4.3954893598524905, 4.3954893598524905, 4.395811740349736, 4.395811740349736, 4.395650544353243, 4.3954893598524905, 4.3954893598524905, 4.3954893598524905, 4.395328186846379, 4.395167025333777, 4.395328186846379, 4.395328186846379, 4.395167025333777, 4.3954893598524905, 4.395650544353243, 4.395650544353243, 4.395650544353243, 4.395811740349736, 4.3954893598524905, 4.395167025333777, 4.395167025333777]
输出功率表
[43.5, 43.6, 43.3, 43.2, 43.4, 43.5, 43.2, 43.5, 43.7, 43.4, 43.3, 43.2, 43.6, 43.5, 43.5, 43.4, 43.5, 43.5, 43.5, 43.6, 43.4, 43.8, 43.5, 43.4, 43.4, 43.4, 43.5, 43.5, 43.4, 43.5, 43.3, 43.3, 43.4, 43.5, 43.5, 43.5, 43.4, 43.4, 43.5, 43.3, 43.4, 43.5, 43.5, 43.5, 43.4, 43.5, 43.3, 43.4, 43.3, 43.6, 43.4, 43.4, 43.5, 43.5, 43.4, 43.4, 43.6, 43.5, 43.4, 43.4, 43.4, 43.6, 43.5, 43.4]
2024.9591188430786	4.39453125	16588.693499999998	451.63699999999994	17188.6615	16542.785
---------------------少女祈禱中。。。--------------------
新温度循环
开始检查温度稳定性
稳定检测中(0/3)，变动=0.04063971655402912，绝对误差=0.04101311659066037
，热浴温度表
[4.396134166834428, 4.420773820531517, 4.459565907909646, 4.500541248443178, 4.540362208499854, 4.577379358331528, 4.613388706195425, 4.652103695726939, 4.685422629353226, 4.716615023284447, 4.747645826537089, 4.777743561955821, 4.806483656548773, 4.8345865970876565, 4.865353196080927, 4.891343167177528, 4.917197726739252, 4.941495806986102, 4.965818242998597, 4.989340267971996, 5.015147137405816, 5.0376475740787265, 5.059494897362323, 5.080457954794441, 5.100942106681208, 5.121581776090743, 5.14281349869041, 5.161581645038103, 5.180257884477154, 5.198173154377294, 5.215757885945471, 5.232779929032641, 5.249453856178412, 5.268273873672326, 5.2844729000987565, 5.300304651827781, 5.315530799936775, 5.330605885742047, 5.345760560959549, 5.359585723324337, 5.375366097350437, 5.389333712699674, 5.402176676164074, 5.415794738206527, 5.428514248029715, 5.441530679483866, 5.453391897717881, 5.46700618116356, 5.479459604031738, 5.491228377114789, 5.502797220093336, 5.513173410458865, 5.524082437717872, 5.533785088913569, 5.542769268271812, 5.549525037032625, 5.555542894748581, 5.560064170665017, 5.563333747121327, 5.566606860717111, 5.568370773372522, 5.570387932170388, 5.571144713070315, 5.572406434637398]
输出功率表
[100.0, 100.0, 100.0, 100.0, 100.0, 100.0, 100.0, 100.0, 100.0, 100.0, 100.0, 100.0, 100.0, 100.0, 100.0, 100.0, 100.0, 100.0, 100.0, 100.0, 100.0, 100.0, 100.0, 100.0, 100.0, 100.0, 100.0, 100.0, 100.0, 100.0, 100.0, 100.0, 100.0, 100.0, 100.0, 100.0, 100.0, 100.0, 100.0, 100.0, 100.0, 100.0, 100.0, 100.0, 100.0, 100.0, 100.0, 100.0, 100.0, 100.0, 99.3, 96.5, 93.7, 91.3, 89.2, 87.4, 85.6, 84.1, 81.9, 80.8, 79.0, 78.7, 77.3, 76.3]
稳定检测中(0/3)，变动=0.0020969571908974255，绝对误差=0.0013347308750000888
，热浴温度表
[5.572154048306387, 5.571901682986516, 5.5706401714724425, 5.569127050536091, 5.568118722940213, 5.567110730926834, 5.5653475519516435, 5.563082115726035, 5.560566952403386, 5.558807582023622, 5.556295971063214, 5.553786446607656, 5.551028376865995, 5.548272825936813, 5.546770858710199, 5.543769167734785, 5.541270041256163, 5.539521886118349, 5.537774745821968, 5.534782006971439, 5.533037617292422, 5.531045268141918, 5.52905423953093, 5.527313171835068, 5.525573113504818, 5.523834063760827, 5.522840773584964, 5.521103307189461, 5.51986287608632, 5.519118863817425, 5.517135734010182, 5.516144661331396, 5.515153916609614, 5.515401572051995, 5.514163499700267, 5.513668414130104, 5.512678488668512, 5.512678488668512, 5.512183648741008, 5.511936259470173, 5.511441542303084, 5.511441542303084, 5.5109469069537464, 5.5109469069537464, 5.510699619955099, 5.511194214402318, 5.5109469069537464, 5.510452353404132, 5.510452353404132, 5.510452353404132, 5.510699619955099, 5.5109469069537464, 5.511441542303084, 5.511441542303084, 5.512183648741008, 5.511936259470173, 5.511936259470173, 5.512183648741008, 5.512183648741008, 5.512431058473031, 5.512431058473031, 5.512431058473031, 5.512925939329711, 5.512925939329711]
输出功率表
[75.8, 74.5, 74.1, 73.1, 72.7, 72.3, 71.9, 71.7, 70.7, 71.4, 71.0, 70.8, 70.7, 70.6, 70.6, 71.0, 70.6, 70.9, 71.5, 70.8, 71.0, 71.5, 71.5, 71.5, 71.9, 72.2, 72.3, 72.3, 72.4, 72.8, 72.9, 72.9, 72.7, 73.3, 73.1, 73.8, 73.7, 74.0, 73.8, 74.6, 74.3, 74.7, 74.6, 74.5, 74.6, 74.5, 75.1, 75.0, 75.0, 74.8, 74.7, 74.9, 74.9, 75.0, 75.1, 75.2, 75.1, 75.0, 74.9, 75.0, 75.0, 75.3, 75.1, 75.0]
